

================================================================
== Vitis HLS Report for 'ecg_classify_trained_Pipeline_VITIS_LOOP_41_23'
================================================================
* Date:           Wed Jul 16 22:38:39 2025

* Version:        2024.1.2 (Build 5096458 on Sep  5 2024)
* Project:        ecg_fpga_project
* Solution:       solution1 (Vivado IP Flow Target)
* Product family: zynq
* Target device:  xc7z020-clg400-1


================================================================
== Performance Estimates
================================================================
+ Timing: 
    * Summary: 
    +--------+----------+----------+------------+
    |  Clock |  Target  | Estimated| Uncertainty|
    +--------+----------+----------+------------+
    |ap_clk  |  10.00 ns|  7.300 ns|     2.70 ns|
    +--------+----------+----------+------------+

+ Latency: 
    * Summary: 
    +---------+---------+----------+----------+-----+-----+-----------------------------------------------+
    |  Latency (cycles) |  Latency (absolute) |  Interval |                    Pipeline                   |
    |   min   |   max   |    min   |    max   | min | max |                      Type                     |
    +---------+---------+----------+----------+-----+-----+-----------------------------------------------+
    |       56|       56|  0.560 us|  0.560 us|   47|   47|  loop auto-rewind stp(delay=0 clock cycles(s))|
    +---------+---------+----------+----------+-----+-----+-----------------------------------------------+

    + Detail: 
        * Instance: 
        N/A

        * Loop: 
        +-------------------+---------+---------+----------+-----------+-----------+------+----------+
        |                   |  Latency (cycles) | Iteration|  Initiation Interval  | Trip |          |
        |     Loop Name     |   min   |   max   |  Latency |  achieved |   target  | Count| Pipelined|
        +-------------------+---------+---------+----------+-----------+-----------+------+----------+
        |- VITIS_LOOP_41_2  |       54|       54|        10|          1|          1|    46|       yes|
        +-------------------+---------+---------+----------+-----------+-----------+------+----------+

============================================================
+ Verbose Summary: Synthesis Manager
============================================================
InlineROM: 1
ExposeGlobal: 0
============================================================
+ Verbose Summary: CDFG Model
============================================================
IsTopModel: 0
ResetActiveHigh: 1
IsCombinational: 0
IsDatapathOnly: 0
HasWiredReturn: 1
HasMFsm: 2
HasVarLatency: 1
IsPipeline: 0
IsRtlPipelined: 0
IsInstanceOverlapped: 0
IsDontTouch: 0
HasImplIP: 0
IsGatedGlobalClock: 0

+ Individual pipeline summary: 
  * Pipeline-0: initiation interval (II) = 1, depth = 10


============================================================
+ Verbose Summary: Schedule
============================================================
* Number of FSM states : 10
* Pipeline : 1
  Pipeline-0 : II = 1, D = 10, States = { 1 2 3 4 5 6 7 8 9 10 }
* Dataflow Pipeline: 0

* FSM state transitions: 
1 --> 2 
2 --> 3 
3 --> 4 
4 --> 5 
5 --> 6 
6 --> 7 
7 --> 8 
8 --> 9 
9 --> 10 
10 --> 

* FSM state operations: 

State 1 <SV = 0> <Delay = 5.00>
ST_1 : Operation 13 [1/1] (0.00ns)   --->   "%shiftreg = alloca i32 1"   --->   Operation 13 'alloca' 'shiftreg' <Predicate = true> <Delay = 0.00>
ST_1 : Operation 14 [1/1] (0.00ns)   --->   "%sum = alloca i32 1" [hls_source/ecg_trained_classifier.cpp:39]   --->   Operation 14 'alloca' 'sum' <Predicate = true> <Delay = 0.00>
ST_1 : Operation 15 [1/1] (0.00ns)   --->   "%j = alloca i32 1" [hls_source/ecg_trained_classifier.cpp:41]   --->   Operation 15 'alloca' 'j' <Predicate = true> <Delay = 0.00>
ST_1 : Operation 16 [1/1] (0.00ns)   --->   "%tmp_117_read = read i5 @_ssdm_op_Read.ap_auto.i5, i5 %tmp_117"   --->   Operation 16 'read' 'tmp_117_read' <Predicate = true> <Delay = 0.00>
ST_1 : Operation 17 [1/1] (0.00ns)   --->   "%p_cast_cast_read = read i62 @_ssdm_op_Read.ap_auto.i62, i62 %p_cast_cast"   --->   Operation 17 'read' 'p_cast_cast_read' <Predicate = true> <Delay = 0.00>
ST_1 : Operation 18 [1/1] (0.00ns)   --->   "%sext_ln39_11_read = read i24 @_ssdm_op_Read.ap_auto.i24, i24 %sext_ln39_11"   --->   Operation 18 'read' 'sext_ln39_11_read' <Predicate = true> <Delay = 0.00>
ST_1 : Operation 19 [1/1] (0.00ns)   --->   "%p_cast_cast_cast = sext i62 %p_cast_cast_read"   --->   Operation 19 'sext' 'p_cast_cast_cast' <Predicate = true> <Delay = 0.00>
ST_1 : Operation 20 [1/1] (0.00ns)   --->   "%sext_ln39_11_cast = sext i24 %sext_ln39_11_read"   --->   Operation 20 'sext' 'sext_ln39_11_cast' <Predicate = true> <Delay = 0.00>
ST_1 : Operation 21 [1/1] (0.00ns)   --->   "%specinterface_ln0 = specinterface void @_ssdm_op_SpecInterface, i32 %gmem0, void @empty, i32 0, i32 0, void @empty_0, i32 64, i32 0, void @empty_1, void @empty_2, void @empty_0, i32 16, i32 16, i32 16, i32 16, void @empty_0, void @empty_0, i32 4294967295, i32 0, i32 0"   --->   Operation 21 'specinterface' 'specinterface_ln0' <Predicate = true> <Delay = 0.00>
ST_1 : Operation 22 [1/1] (1.58ns)   --->   "%store_ln41 = store i6 0, i6 %j" [hls_source/ecg_trained_classifier.cpp:41]   --->   Operation 22 'store' 'store_ln41' <Predicate = true> <Delay = 1.58>
ST_1 : Operation 23 [1/1] (1.58ns)   --->   "%store_ln39 = store i32 %sext_ln39_11_cast, i32 %sum" [hls_source/ecg_trained_classifier.cpp:39]   --->   Operation 23 'store' 'store_ln39' <Predicate = true> <Delay = 1.58>
ST_1 : Operation 24 [1/1] (1.58ns)   --->   "%store_ln0 = store i16 0, i16 %shiftreg"   --->   Operation 24 'store' 'store_ln0' <Predicate = true> <Delay = 1.58>
ST_1 : Operation 25 [1/1] (0.00ns)   --->   "%br_ln0 = br void %for.body4.3"   --->   Operation 25 'br' 'br_ln0' <Predicate = true> <Delay = 0.00>
ST_1 : Operation 26 [1/1] (0.00ns)   --->   "%j_10 = load i6 %j" [hls_source/ecg_trained_classifier.cpp:41]   --->   Operation 26 'load' 'j_10' <Predicate = true> <Delay = 0.00>
ST_1 : Operation 27 [1/1] (1.82ns)   --->   "%icmp_ln41 = icmp_eq  i6 %j_10, i6 46" [hls_source/ecg_trained_classifier.cpp:41]   --->   Operation 27 'icmp' 'icmp_ln41' <Predicate = true> <Delay = 1.82> <CoreInst = "Cmp">   --->   Core 9 'Cmp' <Latency = 0> <II = 1> <Delay = 1.82> <FuncUnit> <Opcode : 'seteq' 'setne' 'setle' 'setge' 'setlt' 'setgt'> <InPorts = 2> <OutPorts = 1>
ST_1 : Operation 28 [1/1] (1.82ns)   --->   "%add_ln41 = add i6 %j_10, i6 1" [hls_source/ecg_trained_classifier.cpp:41]   --->   Operation 28 'add' 'add_ln41' <Predicate = true> <Delay = 1.82> <CoreInst = "Adder">   --->   Core 1 'Adder' <Latency = 0> <II = 1> <Delay = 1.82> <FuncUnit> <Opcode : 'add' 'sub'> <InPorts = 2> <OutPorts = 1>
ST_1 : Operation 29 [1/1] (0.00ns)   --->   "%br_ln41 = br i1 %icmp_ln41, void %for.body4.3.split_ifconv, void %for.end.3.exitStub" [hls_source/ecg_trained_classifier.cpp:41]   --->   Operation 29 'br' 'br_ln41' <Predicate = true> <Delay = 0.00>
ST_1 : Operation 30 [1/1] (0.00ns)   --->   "%trunc_ln41 = trunc i6 %j_10" [hls_source/ecg_trained_classifier.cpp:41]   --->   Operation 30 'trunc' 'trunc_ln41' <Predicate = (!icmp_ln41)> <Delay = 0.00>
ST_1 : Operation 31 [1/1] (0.00ns)   --->   "%add_ln43_s = bitconcatenate i13 @_ssdm_op_BitConcatenate.i13.i6.i5.i2, i6 %j_10, i5 %tmp_117_read, i2 3" [hls_source/ecg_trained_classifier.cpp:43]   --->   Operation 31 'bitconcatenate' 'add_ln43_s' <Predicate = (!icmp_ln41)> <Delay = 0.00>
ST_1 : Operation 32 [1/1] (0.00ns)   --->   "%zext_ln43 = zext i13 %add_ln43_s" [hls_source/ecg_trained_classifier.cpp:43]   --->   Operation 32 'zext' 'zext_ln43' <Predicate = (!icmp_ln41)> <Delay = 0.00>
ST_1 : Operation 33 [1/1] (0.00ns)   --->   "%dense_weights_addr = getelementptr i32 %dense_weights, i64 0, i64 %zext_ln43" [hls_source/ecg_trained_classifier.cpp:43]   --->   Operation 33 'getelementptr' 'dense_weights_addr' <Predicate = (!icmp_ln41)> <Delay = 0.00>
ST_1 : Operation 34 [2/2] (3.25ns)   --->   "%dense_weights_load = load i13 %dense_weights_addr" [hls_source/ecg_trained_classifier.cpp:43]   --->   Operation 34 'load' 'dense_weights_load' <Predicate = (!icmp_ln41)> <Delay = 3.25> <CoreInst = "ROM">   --->   Core 94 'ROM' <Latency = 1> <II = 1> <Delay = 3.25> <Storage> <Opcode : 'load'> <Ports = 0> <Width = 32> <Depth = 5888> <ROM>
ST_1 : Operation 35 [1/1] (1.58ns)   --->   "%store_ln41 = store i6 %add_ln41, i6 %j" [hls_source/ecg_trained_classifier.cpp:41]   --->   Operation 35 'store' 'store_ln41' <Predicate = (!icmp_ln41)> <Delay = 1.58>

State 2 <SV = 1> <Delay = 3.25>
ST_2 : Operation 36 [1/2] (3.25ns)   --->   "%dense_weights_load = load i13 %dense_weights_addr" [hls_source/ecg_trained_classifier.cpp:43]   --->   Operation 36 'load' 'dense_weights_load' <Predicate = (!icmp_ln41)> <Delay = 3.25> <CoreInst = "ROM">   --->   Core 94 'ROM' <Latency = 1> <II = 1> <Delay = 3.25> <Storage> <Opcode : 'load'> <Ports = 0> <Width = 32> <Depth = 5888> <ROM>

State 3 <SV = 2> <Delay = 4.43>
ST_3 : Operation 37 [2/2] (4.43ns)   --->   "%pf = fpext i32 %dense_weights_load" [hls_source/ecg_trained_classifier.cpp:43]   --->   Operation 37 'fpext' 'pf' <Predicate = (!icmp_ln41)> <Delay = 4.43> <CoreInst = "Float2Double">   --->   Core 64 'Float2Double' <Latency = 1> <II = 1> <Delay = 4.43> <FuncUnit> <Opcode : 'fpext'> <InPorts = 1> <OutPorts = 1>

State 4 <SV = 3> <Delay = 4.43>
ST_4 : Operation 38 [1/2] (4.43ns)   --->   "%pf = fpext i32 %dense_weights_load" [hls_source/ecg_trained_classifier.cpp:43]   --->   Operation 38 'fpext' 'pf' <Predicate = (!icmp_ln41)> <Delay = 4.43> <CoreInst = "Float2Double">   --->   Core 64 'Float2Double' <Latency = 1> <II = 1> <Delay = 4.43> <FuncUnit> <Opcode : 'fpext'> <InPorts = 1> <OutPorts = 1>
ST_4 : Operation 39 [1/1] (0.00ns)   --->   "%bitcast_ln716 = bitcast i64 %pf" [hls_source/ecg_trained_classifier.cpp:43]   --->   Operation 39 'bitcast' 'bitcast_ln716' <Predicate = (!icmp_ln41)> <Delay = 0.00>
ST_4 : Operation 40 [1/1] (0.00ns)   --->   "%trunc_ln43 = trunc i64 %bitcast_ln716" [hls_source/ecg_trained_classifier.cpp:43]   --->   Operation 40 'trunc' 'trunc_ln43' <Predicate = (!icmp_ln41)> <Delay = 0.00>
ST_4 : Operation 41 [1/1] (0.00ns)   --->   "%tmp = bitselect i1 @_ssdm_op_BitSelect.i1.i64.i32, i64 %bitcast_ln716, i32 63" [hls_source/ecg_trained_classifier.cpp:43]   --->   Operation 41 'bitselect' 'tmp' <Predicate = (!icmp_ln41)> <Delay = 0.00>
ST_4 : Operation 42 [1/1] (0.00ns)   --->   "%tmp_s = partselect i11 @_ssdm_op_PartSelect.i11.i64.i32.i32, i64 %bitcast_ln716, i32 52, i32 62" [hls_source/ecg_trained_classifier.cpp:43]   --->   Operation 42 'partselect' 'tmp_s' <Predicate = (!icmp_ln41)> <Delay = 0.00>
ST_4 : Operation 43 [1/1] (0.00ns)   --->   "%trunc_ln43_1 = trunc i64 %bitcast_ln716" [hls_source/ecg_trained_classifier.cpp:43]   --->   Operation 43 'trunc' 'trunc_ln43_1' <Predicate = (!icmp_ln41)> <Delay = 0.00>

State 5 <SV = 4> <Delay = 5.74>
ST_5 : Operation 44 [1/1] (0.00ns)   --->   "%zext_ln43_1 = zext i11 %tmp_s" [hls_source/ecg_trained_classifier.cpp:43]   --->   Operation 44 'zext' 'zext_ln43_1' <Predicate = (!icmp_ln41)> <Delay = 0.00>
ST_5 : Operation 45 [1/1] (0.00ns)   --->   "%zext_ln43_18_cast = bitconcatenate i53 @_ssdm_op_BitConcatenate.i53.i1.i52, i1 1, i52 %trunc_ln43_1" [hls_source/ecg_trained_classifier.cpp:43]   --->   Operation 45 'bitconcatenate' 'zext_ln43_18_cast' <Predicate = (!icmp_ln41)> <Delay = 0.00>
ST_5 : Operation 46 [1/1] (0.00ns)   --->   "%zext_ln43_2 = zext i53 %zext_ln43_18_cast" [hls_source/ecg_trained_classifier.cpp:43]   --->   Operation 46 'zext' 'zext_ln43_2' <Predicate = (!icmp_ln41)> <Delay = 0.00>
ST_5 : Operation 47 [1/1] (3.23ns)   --->   "%sub_ln43 = sub i54 0, i54 %zext_ln43_2" [hls_source/ecg_trained_classifier.cpp:43]   --->   Operation 47 'sub' 'sub_ln43' <Predicate = (!icmp_ln41 & tmp)> <Delay = 3.23> <CoreInst = "Adder">   --->   Core 1 'Adder' <Latency = 0> <II = 1> <Delay = 3.23> <FuncUnit> <Opcode : 'add' 'sub'> <InPorts = 2> <OutPorts = 1>
ST_5 : Operation 48 [1/1] (0.94ns)   --->   "%select_ln43 = select i1 %tmp, i54 %sub_ln43, i54 %zext_ln43_2" [hls_source/ecg_trained_classifier.cpp:43]   --->   Operation 48 'select' 'select_ln43' <Predicate = (!icmp_ln41)> <Delay = 0.94> <CoreInst = "Sel">   --->   Core 73 'Sel' <Latency = 0> <II = 1> <Delay = 0.94> <FuncUnit> <Opcode : 'select'> <InPorts = 3> <OutPorts = 1>
ST_5 : Operation 49 [1/1] (3.49ns)   --->   "%icmp_ln43 = icmp_eq  i63 %trunc_ln43, i63 0" [hls_source/ecg_trained_classifier.cpp:43]   --->   Operation 49 'icmp' 'icmp_ln43' <Predicate = (!icmp_ln41)> <Delay = 3.49> <CoreInst = "Cmp">   --->   Core 9 'Cmp' <Latency = 0> <II = 1> <Delay = 3.49> <FuncUnit> <Opcode : 'seteq' 'setne' 'setle' 'setge' 'setlt' 'setgt'> <InPorts = 2> <OutPorts = 1>
ST_5 : Operation 50 [1/1] (1.54ns)   --->   "%sub_ln43_1 = sub i12 1075, i12 %zext_ln43_1" [hls_source/ecg_trained_classifier.cpp:43]   --->   Operation 50 'sub' 'sub_ln43_1' <Predicate = (!icmp_ln41)> <Delay = 1.54> <CoreInst = "Adder">   --->   Core 1 'Adder' <Latency = 0> <II = 1> <Delay = 1.54> <FuncUnit> <Opcode : 'add' 'sub'> <InPorts = 2> <OutPorts = 1>
ST_5 : Operation 51 [1/1] (0.00ns)   --->   "%trunc_ln43_2 = trunc i12 %sub_ln43_1" [hls_source/ecg_trained_classifier.cpp:43]   --->   Operation 51 'trunc' 'trunc_ln43_2' <Predicate = (!icmp_ln41)> <Delay = 0.00>
ST_5 : Operation 52 [1/1] (1.54ns)   --->   "%icmp_ln43_1 = icmp_sgt  i12 %sub_ln43_1, i12 8" [hls_source/ecg_trained_classifier.cpp:43]   --->   Operation 52 'icmp' 'icmp_ln43_1' <Predicate = (!icmp_ln41)> <Delay = 1.54> <CoreInst = "Cmp">   --->   Core 9 'Cmp' <Latency = 0> <II = 1> <Delay = 1.54> <FuncUnit> <Opcode : 'seteq' 'setne' 'setle' 'setge' 'setlt' 'setgt'> <InPorts = 2> <OutPorts = 1>
ST_5 : Operation 53 [1/1] (1.63ns)   --->   "%add_ln43 = add i11 %trunc_ln43_2, i11 2040" [hls_source/ecg_trained_classifier.cpp:43]   --->   Operation 53 'add' 'add_ln43' <Predicate = (!icmp_ln41)> <Delay = 1.63> <CoreInst = "Adder">   --->   Core 1 'Adder' <Latency = 0> <II = 1> <Delay = 1.63> <FuncUnit> <Opcode : 'add' 'sub'> <InPorts = 2> <OutPorts = 1>
ST_5 : Operation 54 [1/1] (1.63ns)   --->   "%sub_ln43_2 = sub i11 8, i11 %trunc_ln43_2" [hls_source/ecg_trained_classifier.cpp:43]   --->   Operation 54 'sub' 'sub_ln43_2' <Predicate = (!icmp_ln41)> <Delay = 1.63> <CoreInst = "Adder">   --->   Core 1 'Adder' <Latency = 0> <II = 1> <Delay = 1.63> <FuncUnit> <Opcode : 'add' 'sub'> <InPorts = 2> <OutPorts = 1>
ST_5 : Operation 55 [1/1] (0.69ns)   --->   "%select_ln43_1 = select i1 %icmp_ln43_1, i11 %add_ln43, i11 %sub_ln43_2" [hls_source/ecg_trained_classifier.cpp:43]   --->   Operation 55 'select' 'select_ln43_1' <Predicate = (!icmp_ln41)> <Delay = 0.69> <CoreInst = "Sel">   --->   Core 73 'Sel' <Latency = 0> <II = 1> <Delay = 0.69> <FuncUnit> <Opcode : 'select'> <InPorts = 3> <OutPorts = 1>
ST_5 : Operation 56 [1/1] (1.54ns)   --->   "%icmp_ln43_2 = icmp_eq  i12 %sub_ln43_1, i12 8" [hls_source/ecg_trained_classifier.cpp:43]   --->   Operation 56 'icmp' 'icmp_ln43_2' <Predicate = (!icmp_ln41)> <Delay = 1.54> <CoreInst = "Cmp">   --->   Core 9 'Cmp' <Latency = 0> <II = 1> <Delay = 1.54> <FuncUnit> <Opcode : 'seteq' 'setne' 'setle' 'setge' 'setlt' 'setgt'> <InPorts = 2> <OutPorts = 1>
ST_5 : Operation 57 [1/1] (0.00ns)   --->   "%trunc_ln43_3 = trunc i54 %select_ln43" [hls_source/ecg_trained_classifier.cpp:43]   --->   Operation 57 'trunc' 'trunc_ln43_3' <Predicate = (!icmp_ln41)> <Delay = 0.00>
ST_5 : Operation 58 [1/1] (0.00ns)   --->   "%tmp_22 = partselect i7 @_ssdm_op_PartSelect.i7.i11.i32.i32, i11 %select_ln43_1, i32 4, i32 10" [hls_source/ecg_trained_classifier.cpp:43]   --->   Operation 58 'partselect' 'tmp_22' <Predicate = (!icmp_ln41)> <Delay = 0.00>
ST_5 : Operation 59 [1/1] (1.87ns)   --->   "%icmp_ln43_4 = icmp_eq  i7 %tmp_22, i7 0" [hls_source/ecg_trained_classifier.cpp:43]   --->   Operation 59 'icmp' 'icmp_ln43_4' <Predicate = (!icmp_ln41)> <Delay = 1.87> <CoreInst = "Cmp">   --->   Core 9 'Cmp' <Latency = 0> <II = 1> <Delay = 1.87> <FuncUnit> <Opcode : 'seteq' 'setne' 'setle' 'setge' 'setlt' 'setgt'> <InPorts = 2> <OutPorts = 1>

State 6 <SV = 5> <Delay = 7.30>
ST_6 : Operation 60 [1/1] (0.00ns)   --->   "%gmem0_addr = getelementptr i32 %gmem0, i64 %p_cast_cast_cast"   --->   Operation 60 'getelementptr' 'gmem0_addr' <Predicate = (!icmp_ln41)> <Delay = 0.00>
ST_6 : Operation 61 [1/1] (1.63ns)   --->   "%icmp_ln43_3 = icmp_ult  i11 %select_ln43_1, i11 54" [hls_source/ecg_trained_classifier.cpp:43]   --->   Operation 61 'icmp' 'icmp_ln43_3' <Predicate = (!icmp_ln41)> <Delay = 1.63> <CoreInst = "Cmp">   --->   Core 9 'Cmp' <Latency = 0> <II = 1> <Delay = 1.63> <FuncUnit> <Opcode : 'seteq' 'setne' 'setle' 'setge' 'setlt' 'setgt'> <InPorts = 2> <OutPorts = 1>
ST_6 : Operation 62 [1/1] (0.00ns)   --->   "%zext_ln43_4 = zext i11 %select_ln43_1" [hls_source/ecg_trained_classifier.cpp:43]   --->   Operation 62 'zext' 'zext_ln43_4' <Predicate = (!icmp_ln41)> <Delay = 0.00>
ST_6 : Operation 63 [1/1] (4.61ns)   --->   "%ashr_ln43 = ashr i54 %select_ln43, i54 %zext_ln43_4" [hls_source/ecg_trained_classifier.cpp:43]   --->   Operation 63 'ashr' 'ashr_ln43' <Predicate = (!icmp_ln41)> <Delay = 4.61> <CoreInst = "Shifter">   --->   Core 75 'Shifter' <Latency = 0> <II = 1> <Delay = 4.61> <FuncUnit> <Opcode : 'shl' 'lshr' 'ashr'> <InPorts = 2> <OutPorts = 1>
ST_6 : Operation 64 [1/1] (0.00ns) (grouped into LUT with out node select_ln43_3)   --->   "%trunc_ln43_4 = trunc i54 %ashr_ln43" [hls_source/ecg_trained_classifier.cpp:43]   --->   Operation 64 'trunc' 'trunc_ln43_4' <Predicate = (!icmp_ln41)> <Delay = 0.00>
ST_6 : Operation 65 [1/1] (0.00ns) (grouped into LUT with out node select_ln43_3)   --->   "%select_ln43_2 = select i1 %tmp, i16 65535, i16 0" [hls_source/ecg_trained_classifier.cpp:43]   --->   Operation 65 'select' 'select_ln43_2' <Predicate = (!icmp_ln41)> <Delay = 0.00> <CoreInst = "Sel">   --->   Core 73 'Sel' <Latency = 0> <II = 1> <Delay = 0.99> <FuncUnit> <Opcode : 'select'> <InPorts = 3> <OutPorts = 1>
ST_6 : Operation 66 [1/1] (0.99ns) (out node of the LUT)   --->   "%select_ln43_3 = select i1 %icmp_ln43_3, i16 %trunc_ln43_4, i16 %select_ln43_2" [hls_source/ecg_trained_classifier.cpp:43]   --->   Operation 66 'select' 'select_ln43_3' <Predicate = (!icmp_ln41)> <Delay = 0.99> <CoreInst = "Sel">   --->   Core 73 'Sel' <Latency = 0> <II = 1> <Delay = 0.80> <FuncUnit> <Opcode : 'select'> <InPorts = 3> <OutPorts = 1>
ST_6 : Operation 67 [1/1] (0.00ns)   --->   "%select_ln43_1cast = zext i11 %select_ln43_1" [hls_source/ecg_trained_classifier.cpp:43]   --->   Operation 67 'zext' 'select_ln43_1cast' <Predicate = (!icmp_ln41 & icmp_ln43_4)> <Delay = 0.00>
ST_6 : Operation 68 [1/1] (3.98ns)   --->   "%shl_ln43 = shl i16 %trunc_ln43_3, i16 %select_ln43_1cast" [hls_source/ecg_trained_classifier.cpp:43]   --->   Operation 68 'shl' 'shl_ln43' <Predicate = (!icmp_ln41 & icmp_ln43_4)> <Delay = 3.98> <CoreInst = "Shifter">   --->   Core 75 'Shifter' <Latency = 0> <II = 1> <Delay = 3.98> <FuncUnit> <Opcode : 'shl' 'lshr' 'ashr'> <InPorts = 2> <OutPorts = 1>
ST_6 : Operation 69 [1/1] (0.80ns)   --->   "%select_ln43_4 = select i1 %icmp_ln43_4, i16 %shl_ln43, i16 0" [hls_source/ecg_trained_classifier.cpp:43]   --->   Operation 69 'select' 'select_ln43_4' <Predicate = (!icmp_ln41)> <Delay = 0.80> <CoreInst = "Sel">   --->   Core 73 'Sel' <Latency = 0> <II = 1> <Delay = 0.80> <FuncUnit> <Opcode : 'select'> <InPorts = 3> <OutPorts = 1>
ST_6 : Operation 70 [1/1] (7.30ns)   --->   "%gmem0_addr_read = read i32 @_ssdm_op_Read.m_axi.p1i32, i32 %gmem0_addr" [hls_source/ecg_trained_classifier.cpp:43]   --->   Operation 70 'read' 'gmem0_addr_read' <Predicate = (!icmp_ln41 & !trunc_ln41)> <Delay = 7.30> <CoreInst = "m_axi">   --->   Core 111 'm_axi' <Latency = 0> <II = 1> <Delay = 1.00> <Adapter> <Opcode : 'read' 'write' 'readreq' 'writereq' 'writeresp'>

State 7 <SV = 6> <Delay = 3.73>
ST_7 : Operation 71 [1/1] (0.00ns)   --->   "%shiftreg_load = load i16 %shiftreg" [hls_source/ecg_trained_classifier.cpp:41]   --->   Operation 71 'load' 'shiftreg_load' <Predicate = (!icmp_ln41)> <Delay = 0.00>
ST_7 : Operation 72 [1/1] (0.00ns)   --->   "%zext_ln41 = zext i16 %shiftreg_load" [hls_source/ecg_trained_classifier.cpp:41]   --->   Operation 72 'zext' 'zext_ln41' <Predicate = (!icmp_ln41)> <Delay = 0.00>
ST_7 : Operation 73 [1/1] (0.00ns)   --->   "%specpipeline_ln42 = specpipeline void @_ssdm_op_SpecPipeline, i32 4294967295, i32 0, i32 0, i32 0, void @empty_0" [hls_source/ecg_trained_classifier.cpp:42]   --->   Operation 73 'specpipeline' 'specpipeline_ln42' <Predicate = (!icmp_ln41)> <Delay = 0.00>
ST_7 : Operation 74 [1/1] (0.00ns)   --->   "%speclooptripcount_ln39 = speclooptripcount void @_ssdm_op_SpecLoopTripCount, i64 46, i64 46, i64 46" [hls_source/ecg_trained_classifier.cpp:39]   --->   Operation 74 'speclooptripcount' 'speclooptripcount_ln39' <Predicate = (!icmp_ln41)> <Delay = 0.00>
ST_7 : Operation 75 [1/1] (0.00ns)   --->   "%specloopname_ln41 = specloopname void @_ssdm_op_SpecLoopName, void @empty_19" [hls_source/ecg_trained_classifier.cpp:41]   --->   Operation 75 'specloopname' 'specloopname_ln41' <Predicate = (!icmp_ln41)> <Delay = 0.00>
ST_7 : Operation 76 [1/1] (0.00ns) (grouped into LUT with out node and_ln43)   --->   "%xor_ln43 = xor i1 %icmp_ln43, i1 1" [hls_source/ecg_trained_classifier.cpp:43]   --->   Operation 76 'xor' 'xor_ln43' <Predicate = (!icmp_ln41)> <Delay = 0.00> <CoreInst = "LogicGate">   --->   Core 74 'LogicGate' <Latency = 0> <II = 1> <Delay = 0.97> <FuncUnit> <Opcode : 'and' 'or' 'xor'> <InPorts = 2> <OutPorts = 1>
ST_7 : Operation 77 [1/1] (0.97ns) (out node of the LUT)   --->   "%and_ln43 = and i1 %icmp_ln43_2, i1 %xor_ln43" [hls_source/ecg_trained_classifier.cpp:43]   --->   Operation 77 'and' 'and_ln43' <Predicate = (!icmp_ln41)> <Delay = 0.97> <CoreInst = "LogicGate">   --->   Core 74 'LogicGate' <Latency = 0> <II = 1> <Delay = 0.97> <FuncUnit> <Opcode : 'and' 'or' 'xor'> <InPorts = 2> <OutPorts = 1>
ST_7 : Operation 78 [1/1] (0.00ns) (grouped into LUT with out node and_ln43_1)   --->   "%or_ln43 = or i1 %icmp_ln43, i1 %icmp_ln43_2" [hls_source/ecg_trained_classifier.cpp:43]   --->   Operation 78 'or' 'or_ln43' <Predicate = (!icmp_ln41)> <Delay = 0.00> <CoreInst = "LogicGate">   --->   Core 74 'LogicGate' <Latency = 0> <II = 1> <Delay = 0.97> <FuncUnit> <Opcode : 'and' 'or' 'xor'> <InPorts = 2> <OutPorts = 1>
ST_7 : Operation 79 [1/1] (0.00ns) (grouped into LUT with out node and_ln43_1)   --->   "%xor_ln43_1 = xor i1 %or_ln43, i1 1" [hls_source/ecg_trained_classifier.cpp:43]   --->   Operation 79 'xor' 'xor_ln43_1' <Predicate = (!icmp_ln41)> <Delay = 0.00> <CoreInst = "LogicGate">   --->   Core 74 'LogicGate' <Latency = 0> <II = 1> <Delay = 0.97> <FuncUnit> <Opcode : 'and' 'or' 'xor'> <InPorts = 2> <OutPorts = 1>
ST_7 : Operation 80 [1/1] (0.97ns) (out node of the LUT)   --->   "%and_ln43_1 = and i1 %icmp_ln43_1, i1 %xor_ln43_1" [hls_source/ecg_trained_classifier.cpp:43]   --->   Operation 80 'and' 'and_ln43_1' <Predicate = (!icmp_ln41)> <Delay = 0.97> <CoreInst = "LogicGate">   --->   Core 74 'LogicGate' <Latency = 0> <II = 1> <Delay = 0.97> <FuncUnit> <Opcode : 'and' 'or' 'xor'> <InPorts = 2> <OutPorts = 1>
ST_7 : Operation 81 [1/1] (0.00ns)   --->   "%sel_tmp = bitconcatenate i3 @_ssdm_op_BitConcatenate.i3.i1.i1.i1, i1 %icmp_ln43, i1 %and_ln43, i1 %and_ln43_1" [hls_source/ecg_trained_classifier.cpp:43]   --->   Operation 81 'bitconcatenate' 'sel_tmp' <Predicate = (!icmp_ln41)> <Delay = 0.00>
ST_7 : Operation 82 [1/1] (1.70ns)   --->   "%ref_tmp_i_i32_1 = sparsemux i16 @_ssdm_op_SparseMux.ap_auto.4i16.i16.i3, i3 4, i16 0, i3 2, i16 %trunc_ln43_3, i3 1, i16 %select_ln43_3, i3 0, i16 %select_ln43_4, i16 0, i3 %sel_tmp" [hls_source/ecg_trained_classifier.cpp:43]   --->   Operation 82 'sparsemux' 'ref_tmp_i_i32_1' <Predicate = (!icmp_ln41)> <Delay = 1.70> <CoreInst = "SparseMux">   --->   Core 132 'SparseMux' <Latency = 0> <II = 1> <Delay = 1.70> <FuncUnit> <Opcode : 'sparsemux'> <InPorts = 2> <OutPorts = 1>
ST_7 : Operation 83 [1/1] (1.58ns)   --->   "%br_ln43 = br i1 %trunc_ln41, void, void %_ZN13ap_fixed_baseILi16ELi8ELb1EL9ap_q_mode5EL9ap_o_mode3ELi0EEC2Ed.exit1436._crit_edge" [hls_source/ecg_trained_classifier.cpp:43]   --->   Operation 83 'br' 'br_ln43' <Predicate = (!icmp_ln41)> <Delay = 1.58>
ST_7 : Operation 84 [1/1] (1.58ns)   --->   "%br_ln43 = br void %_ZN13ap_fixed_baseILi16ELi8ELb1EL9ap_q_mode5EL9ap_o_mode3ELi0EEC2Ed.exit1436._crit_edge" [hls_source/ecg_trained_classifier.cpp:43]   --->   Operation 84 'br' 'br_ln43' <Predicate = (!icmp_ln41 & !trunc_ln41)> <Delay = 1.58>
ST_7 : Operation 85 [1/1] (0.00ns)   --->   "%empty_38 = phi i32 %gmem0_addr_read, void, i32 %zext_ln41, void %for.body4.3.split_ifconv" [hls_source/ecg_trained_classifier.cpp:43]   --->   Operation 85 'phi' 'empty_38' <Predicate = (!icmp_ln41)> <Delay = 0.00>
ST_7 : Operation 86 [1/1] (0.00ns)   --->   "%trunc_ln43_6 = trunc i32 %empty_38" [hls_source/ecg_trained_classifier.cpp:43]   --->   Operation 86 'trunc' 'trunc_ln43_6' <Predicate = (!icmp_ln41)> <Delay = 0.00>
ST_7 : Operation 87 [1/1] (0.00ns)   --->   "%trunc_ln43_s = partselect i16 @_ssdm_op_PartSelect.i16.i32.i32.i32, i32 %empty_38, i32 16, i32 31" [hls_source/ecg_trained_classifier.cpp:43]   --->   Operation 87 'partselect' 'trunc_ln43_s' <Predicate = (!icmp_ln41)> <Delay = 0.00>
ST_7 : Operation 88 [1/1] (0.00ns)   --->   "%sext_ln43_1 = sext i16 %trunc_ln43_6" [hls_source/ecg_trained_classifier.cpp:43]   --->   Operation 88 'sext' 'sext_ln43_1' <Predicate = (!icmp_ln41)> <Delay = 0.00>
ST_7 : Operation 89 [1/1] (0.00ns)   --->   "%sext_ln43_2 = sext i16 %ref_tmp_i_i32_1" [hls_source/ecg_trained_classifier.cpp:43]   --->   Operation 89 'sext' 'sext_ln43_2' <Predicate = (!icmp_ln41)> <Delay = 0.00>
ST_7 : Operation 90 [3/3] (1.05ns) (grouped into DSP with root node sum_27)   --->   "%mul_ln43 = mul i32 %sext_ln43_1, i32 %sext_ln43_2" [hls_source/ecg_trained_classifier.cpp:43]   --->   Operation 90 'mul' 'mul_ln43' <Predicate = (!icmp_ln41)> <Delay = 1.05> <CoreInst = "DSP48">   --->   Core 116 'DSP48' <Latency = 3> <II = 1> <Delay = 2.15> <IPBlock> <Opcode : '' 'add' 'sub' 'mul' 'select'> <InPorts = 0> <OutPorts = 1> <Sync> <CReg>
ST_7 : Operation 91 [1/1] (1.58ns)   --->   "%store_ln43 = store i16 %trunc_ln43_s, i16 %shiftreg" [hls_source/ecg_trained_classifier.cpp:43]   --->   Operation 91 'store' 'store_ln43' <Predicate = (!icmp_ln41)> <Delay = 1.58>

State 8 <SV = 7> <Delay = 1.05>
ST_8 : Operation 92 [2/3] (1.05ns) (grouped into DSP with root node sum_27)   --->   "%mul_ln43 = mul i32 %sext_ln43_1, i32 %sext_ln43_2" [hls_source/ecg_trained_classifier.cpp:43]   --->   Operation 92 'mul' 'mul_ln43' <Predicate = (!icmp_ln41)> <Delay = 1.05> <CoreInst = "DSP48">   --->   Core 116 'DSP48' <Latency = 3> <II = 1> <Delay = 2.15> <IPBlock> <Opcode : '' 'add' 'sub' 'mul' 'select'> <InPorts = 0> <OutPorts = 1> <Sync> <CReg>

State 9 <SV = 8> <Delay = 2.10>
ST_9 : Operation 93 [1/1] (0.00ns)   --->   "%sum_26 = load i32 %sum"   --->   Operation 93 'load' 'sum_26' <Predicate = true> <Delay = 0.00>
ST_9 : Operation 94 [1/1] (0.00ns)   --->   "%empty = trunc i32 %sum_26"   --->   Operation 94 'trunc' 'empty' <Predicate = true> <Delay = 0.00>
ST_9 : Operation 95 [1/1] (0.00ns)   --->   "%specbitsmap_ln0 = specbitsmap void @_ssdm_op_SpecBitsMap, i32 %gmem0"   --->   Operation 95 'specbitsmap' 'specbitsmap_ln0' <Predicate = true> <Delay = 0.00>
ST_9 : Operation 96 [1/3] (0.00ns) (grouped into DSP with root node sum_27)   --->   "%mul_ln43 = mul i32 %sext_ln43_1, i32 %sext_ln43_2" [hls_source/ecg_trained_classifier.cpp:43]   --->   Operation 96 'mul' 'mul_ln43' <Predicate = (!icmp_ln41)> <Delay = 0.00> <CoreInst = "DSP48">   --->   Core 116 'DSP48' <Latency = 3> <II = 1> <Delay = 2.15> <IPBlock> <Opcode : '' 'add' 'sub' 'mul' 'select'> <InPorts = 0> <OutPorts = 1> <Sync> <CReg>
ST_9 : Operation 97 [2/2] (2.10ns) (root node of the DSP)   --->   "%sum_27 = add i32 %mul_ln43, i32 %sum_26" [hls_source/ecg_trained_classifier.cpp:43]   --->   Operation 97 'add' 'sum_27' <Predicate = (!icmp_ln41)> <Delay = 2.10> <CoreInst = "DSP48">   --->   Core 116 'DSP48' <Latency = 3> <II = 1> <Delay = 2.15> <IPBlock> <Opcode : '' 'add' 'sub' 'mul' 'select'> <InPorts = 0> <OutPorts = 1> <Sync> <CReg>
ST_9 : Operation 101 [1/1] (0.00ns)   --->   "%write_ln0 = write void @_ssdm_op_Write.ap_auto.i24P0A, i24 %sum_49_out, i24 %empty"   --->   Operation 101 'write' 'write_ln0' <Predicate = (icmp_ln41)> <Delay = 0.00>
ST_9 : Operation 102 [1/1] (1.58ns)   --->   "%ret_ln0 = ret"   --->   Operation 102 'ret' 'ret_ln0' <Predicate = (icmp_ln41)> <Delay = 1.58>

State 10 <SV = 9> <Delay = 3.68>
ST_10 : Operation 98 [1/2] (2.10ns) (root node of the DSP)   --->   "%sum_27 = add i32 %mul_ln43, i32 %sum_26" [hls_source/ecg_trained_classifier.cpp:43]   --->   Operation 98 'add' 'sum_27' <Predicate = true> <Delay = 2.10> <CoreInst = "DSP48">   --->   Core 116 'DSP48' <Latency = 3> <II = 1> <Delay = 2.15> <IPBlock> <Opcode : '' 'add' 'sub' 'mul' 'select'> <InPorts = 0> <OutPorts = 1> <Sync> <CReg>
ST_10 : Operation 99 [1/1] (1.58ns)   --->   "%store_ln39 = store i32 %sum_27, i32 %sum" [hls_source/ecg_trained_classifier.cpp:39]   --->   Operation 99 'store' 'store_ln39' <Predicate = true> <Delay = 1.58>
ST_10 : Operation 100 [1/1] (0.00ns)   --->   "%br_ln41 = br void %for.body4.3" [hls_source/ecg_trained_classifier.cpp:41]   --->   Operation 100 'br' 'br_ln41' <Predicate = true> <Delay = 0.00>


============================================================
+ Verbose Summary: Timing violations
============================================================
Target clock period: 10.000ns, clock uncertainty: 2.700ns.

 <State 1>: 5.001ns
The critical path consists of the following:
	'store' operation 0 bit ('store_ln41', hls_source/ecg_trained_classifier.cpp:41) of constant 0 on local variable 'j', hls_source/ecg_trained_classifier.cpp:41 [16]  (1.588 ns)
	'load' operation 6 bit ('j', hls_source/ecg_trained_classifier.cpp:41) on local variable 'j', hls_source/ecg_trained_classifier.cpp:41 [22]  (0.000 ns)
	'icmp' operation 1 bit ('icmp_ln41', hls_source/ecg_trained_classifier.cpp:41) [25]  (1.825 ns)
	'store' operation 0 bit ('store_ln41', hls_source/ecg_trained_classifier.cpp:41) of variable 'add_ln41', hls_source/ecg_trained_classifier.cpp:41 on local variable 'j', hls_source/ecg_trained_classifier.cpp:41 [90]  (1.588 ns)

 <State 2>: 3.254ns
The critical path consists of the following:
	'load' operation 32 bit ('dense_weights_load', hls_source/ecg_trained_classifier.cpp:43) on array 'dense_weights' [39]  (3.254 ns)

 <State 3>: 4.436ns
The critical path consists of the following:
	'fpext' operation 64 bit ('pf', hls_source/ecg_trained_classifier.cpp:43) [40]  (4.436 ns)

 <State 4>: 4.436ns
The critical path consists of the following:
	'fpext' operation 64 bit ('pf', hls_source/ecg_trained_classifier.cpp:43) [40]  (4.436 ns)

 <State 5>: 5.748ns
The critical path consists of the following:
	'sub' operation 12 bit ('sub_ln43_1', hls_source/ecg_trained_classifier.cpp:43) [52]  (1.547 ns)
	'add' operation 11 bit ('add_ln43', hls_source/ecg_trained_classifier.cpp:43) [55]  (1.639 ns)
	'select' operation 11 bit ('select_ln43_1', hls_source/ecg_trained_classifier.cpp:43) [57]  (0.692 ns)
	'icmp' operation 1 bit ('icmp_ln43_4', hls_source/ecg_trained_classifier.cpp:43) [67]  (1.870 ns)

 <State 6>: 7.300ns
The critical path consists of the following:
	'getelementptr' operation 32 bit ('gmem0_addr') [30]  (0.000 ns)
	bus read operation ('gmem0_addr_read', hls_source/ecg_trained_classifier.cpp:43) on port 'gmem0' (hls_source/ecg_trained_classifier.cpp:43) [80]  (7.300 ns)

 <State 7>: 3.735ns
The critical path consists of the following:
	'xor' operation 1 bit ('xor_ln43', hls_source/ecg_trained_classifier.cpp:43) [71]  (0.000 ns)
	'and' operation 1 bit ('and_ln43', hls_source/ecg_trained_classifier.cpp:43) [72]  (0.978 ns)
	'sparsemux' operation 16 bit ('ref_tmp_i_i32_1', hls_source/ecg_trained_classifier.cpp:43) [77]  (1.707 ns)
	'mul' operation 32 bit of DSP[89] ('mul_ln43', hls_source/ecg_trained_classifier.cpp:43) [88]  (1.050 ns)

 <State 8>: 1.050ns
The critical path consists of the following:
	'mul' operation 32 bit of DSP[89] ('mul_ln43', hls_source/ecg_trained_classifier.cpp:43) [88]  (1.050 ns)

 <State 9>: 2.100ns
The critical path consists of the following:
	'load' operation 32 bit ('sum') on local variable 'sum', hls_source/ecg_trained_classifier.cpp:39 [21]  (0.000 ns)
	'add' operation 32 bit of DSP[89] ('sum', hls_source/ecg_trained_classifier.cpp:43) [89]  (2.100 ns)

 <State 10>: 3.688ns
The critical path consists of the following:
	'add' operation 32 bit of DSP[89] ('sum', hls_source/ecg_trained_classifier.cpp:43) [89]  (2.100 ns)
	'store' operation 0 bit ('store_ln39', hls_source/ecg_trained_classifier.cpp:39) of variable 'sum', hls_source/ecg_trained_classifier.cpp:43 on local variable 'sum', hls_source/ecg_trained_classifier.cpp:39 [91]  (1.588 ns)


============================================================
+ Verbose Summary: Binding
============================================================
N/A
* FSMD analyzer results:
  - Output states:
 - Input state : 
  - Chain level:
	State 1
	State 2
	State 3
	State 4
	State 5
	State 6
	State 7
	State 8
	State 9
	State 10


============================================================
+ Verbose Summary: Datapath Resource usage 
============================================================
N/A
