D:\Git\Project\FPGA\ecg_fpga_project\solution1\.autopilot\db\ecg_trained_classifier.pp.0.cpp:1313:7: warning: Added loop label VITIS_LOOP_1223_1:   [xilinx-label-all-loops]
      for (i = 0; i < __N - 1; ++i) {
      ^~~
      VITIS_LOOP_1223_1: 
D:\Git\Project\FPGA\ecg_fpga_project\solution1\.autopilot\db\ecg_trained_classifier.pp.0.cpp:1313:7: note: FIX-IT applied suggested code changes
D:\Git\Project\FPGA\ecg_fpga_project\solution1\.autopilot\db\ecg_trained_classifier.pp.0.cpp:2287:5: warning: Added loop label VITIS_LOOP_676_1:   [xilinx-label-all-loops]
    for (unsigned i = low; i != high; ++i) {
    ^~~
    VITIS_LOOP_676_1: 
D:\Git\Project\FPGA\ecg_fpga_project\solution1\.autopilot\db\ecg_trained_classifier.pp.0.cpp:2287:5: note: FIX-IT applied suggested code changes
D:\Git\Project\FPGA\ecg_fpga_project\solution1\.autopilot\db\ecg_trained_classifier.pp.0.cpp:2301:5: warning: Added loop label VITIS_LOOP_690_1:   [xilinx-label-all-loops]
    for (unsigned i = low; i != high; ++i) {
    ^~~
    VITIS_LOOP_690_1: 
D:\Git\Project\FPGA\ecg_fpga_project\solution1\.autopilot\db\ecg_trained_classifier.pp.0.cpp:2301:5: note: FIX-IT applied suggested code changes
D:\Git\Project\FPGA\ecg_fpga_project\solution1\.autopilot\db\ecg_trained_classifier.pp.0.cpp:2315:5: warning: Added loop label VITIS_LOOP_704_1:   [xilinx-label-all-loops]
    for (unsigned i = low; i != high; ++i) {
    ^~~
    VITIS_LOOP_704_1: 
D:\Git\Project\FPGA\ecg_fpga_project\solution1\.autopilot\db\ecg_trained_classifier.pp.0.cpp:2315:5: note: FIX-IT applied suggested code changes
D:\Git\Project\FPGA\ecg_fpga_project\solution1\.autopilot\db\ecg_trained_classifier.pp.0.cpp:3944:7: warning: Added loop label VITIS_LOOP_1247_1:   [xilinx-label-all-loops]
      for (i = 0; i < __N - 1; ++i) {
      ^~~
      VITIS_LOOP_1247_1: 
D:\Git\Project\FPGA\ecg_fpga_project\solution1\.autopilot\db\ecg_trained_classifier.pp.0.cpp:3944:7: note: FIX-IT applied suggested code changes
D:\Git\Project\FPGA\ecg_fpga_project\solution1\.autopilot\db\ecg_trained_classifier.pp.0.cpp:12688:72: error: Invalid Directive: for current device, ROM_1P + LUTRAM is invalid combination for BIND_STORAGE's option 'type + impl' [clang-diagnostic-error]
#pragma HLS BIND_STORAGE variable=fourth_order_double::sin_cos_K0 type=ROM_1P impl=LUTRAM
                                                                       ^
D:\Git\Project\FPGA\ecg_fpga_project\solution1\.autopilot\db\ecg_trained_classifier.pp.0.cpp:12689:72: error: Invalid Directive: for current device, ROM_1P + LUTRAM is invalid combination for BIND_STORAGE's option 'type + impl' [clang-diagnostic-error]
#pragma HLS BIND_STORAGE variable=fourth_order_double::sin_cos_K1 type=ROM_1P impl=LUTRAM
                                                                       ^
D:\Git\Project\FPGA\ecg_fpga_project\solution1\.autopilot\db\ecg_trained_classifier.pp.0.cpp:12690:72: error: Invalid Directive: for current device, ROM_1P + LUTRAM is invalid combination for BIND_STORAGE's option 'type + impl' [clang-diagnostic-error]
#pragma HLS BIND_STORAGE variable=fourth_order_double::sin_cos_K2 type=ROM_1P impl=LUTRAM
                                                                       ^
D:\Git\Project\FPGA\ecg_fpga_project\solution1\.autopilot\db\ecg_trained_classifier.pp.0.cpp:12691:72: error: Invalid Directive: for current device, ROM_1P + LUTRAM is invalid combination for BIND_STORAGE's option 'type + impl' [clang-diagnostic-error]
#pragma HLS BIND_STORAGE variable=fourth_order_double::sin_cos_K3 type=ROM_1P impl=LUTRAM
                                                                       ^
D:\Git\Project\FPGA\ecg_fpga_project\solution1\.autopilot\db\ecg_trained_classifier.pp.0.cpp:12692:72: error: Invalid Directive: for current device, ROM_1P + LUTRAM is invalid combination for BIND_STORAGE's option 'type + impl' [clang-diagnostic-error]
#pragma HLS BIND_STORAGE variable=fourth_order_double::sin_cos_K4 type=ROM_1P impl=LUTRAM
                                                                       ^
D:\Git\Project\FPGA\ecg_fpga_project\solution1\.autopilot\db\ecg_trained_classifier.pp.0.cpp:12722:68: error: Invalid Directive: for current device, ROM_1P + LUTRAM is invalid combination for BIND_STORAGE's option 'type + impl' [clang-diagnostic-error]
#pragma HLS BIND_STORAGE variable=fourth_order_double::cos_K0 type=ROM_1P impl=LUTRAM
                                                                   ^
D:\Git\Project\FPGA\ecg_fpga_project\solution1\.autopilot\db\ecg_trained_classifier.pp.0.cpp:12723:68: error: Invalid Directive: for current device, ROM_1P + LUTRAM is invalid combination for BIND_STORAGE's option 'type + impl' [clang-diagnostic-error]
#pragma HLS BIND_STORAGE variable=fourth_order_double::cos_K1 type=ROM_1P impl=LUTRAM
                                                                   ^
D:\Git\Project\FPGA\ecg_fpga_project\solution1\.autopilot\db\ecg_trained_classifier.pp.0.cpp:12724:68: error: Invalid Directive: for current device, ROM_1P + LUTRAM is invalid combination for BIND_STORAGE's option 'type + impl' [clang-diagnostic-error]
#pragma HLS BIND_STORAGE variable=fourth_order_double::cos_K2 type=ROM_1P impl=LUTRAM
                                                                   ^
D:\Git\Project\FPGA\ecg_fpga_project\solution1\.autopilot\db\ecg_trained_classifier.pp.0.cpp:12725:68: error: Invalid Directive: for current device, ROM_1P + LUTRAM is invalid combination for BIND_STORAGE's option 'type + impl' [clang-diagnostic-error]
#pragma HLS BIND_STORAGE variable=fourth_order_double::cos_K3 type=ROM_1P impl=LUTRAM
                                                                   ^
D:\Git\Project\FPGA\ecg_fpga_project\solution1\.autopilot\db\ecg_trained_classifier.pp.0.cpp:12726:68: error: Invalid Directive: for current device, ROM_1P + LUTRAM is invalid combination for BIND_STORAGE's option 'type + impl' [clang-diagnostic-error]
#pragma HLS BIND_STORAGE variable=fourth_order_double::cos_K4 type=ROM_1P impl=LUTRAM
                                                                   ^
D:\Git\Project\FPGA\ecg_fpga_project\solution1\.autopilot\db\ecg_trained_classifier.pp.0.cpp:12727:68: error: Invalid Directive: for current device, ROM_1P + LUTRAM is invalid combination for BIND_STORAGE's option 'type + impl' [clang-diagnostic-error]
#pragma HLS BIND_STORAGE variable=fourth_order_double::sin_K0 type=ROM_1P impl=LUTRAM
                                                                   ^
D:\Git\Project\FPGA\ecg_fpga_project\solution1\.autopilot\db\ecg_trained_classifier.pp.0.cpp:12728:68: error: Invalid Directive: for current device, ROM_1P + LUTRAM is invalid combination for BIND_STORAGE's option 'type + impl' [clang-diagnostic-error]
#pragma HLS BIND_STORAGE variable=fourth_order_double::sin_K1 type=ROM_1P impl=LUTRAM
                                                                   ^
D:\Git\Project\FPGA\ecg_fpga_project\solution1\.autopilot\db\ecg_trained_classifier.pp.0.cpp:12729:68: error: Invalid Directive: for current device, ROM_1P + LUTRAM is invalid combination for BIND_STORAGE's option 'type + impl' [clang-diagnostic-error]
#pragma HLS BIND_STORAGE variable=fourth_order_double::sin_K2 type=ROM_1P impl=LUTRAM
                                                                   ^
D:\Git\Project\FPGA\ecg_fpga_project\solution1\.autopilot\db\ecg_trained_classifier.pp.0.cpp:12730:68: error: Invalid Directive: for current device, ROM_1P + LUTRAM is invalid combination for BIND_STORAGE's option 'type + impl' [clang-diagnostic-error]
#pragma HLS BIND_STORAGE variable=fourth_order_double::sin_K3 type=ROM_1P impl=LUTRAM
                                                                   ^
D:\Git\Project\FPGA\ecg_fpga_project\solution1\.autopilot\db\ecg_trained_classifier.pp.0.cpp:12731:68: error: Invalid Directive: for current device, ROM_1P + LUTRAM is invalid combination for BIND_STORAGE's option 'type + impl' [clang-diagnostic-error]
#pragma HLS BIND_STORAGE variable=fourth_order_double::sin_K4 type=ROM_1P impl=LUTRAM
                                                                   ^
D:\Git\Project\FPGA\ecg_fpga_project\solution1\.autopilot\db\ecg_trained_classifier.pp.0.cpp:12781:71: error: Invalid Directive: for current device, ROM_1P + LUTRAM is invalid combination for BIND_STORAGE's option 'type + impl' [clang-diagnostic-error]
#pragma HLS BIND_STORAGE variable=second_order_float::sin_cos_K0 type=ROM_1P impl=LUTRAM
                                                                      ^
D:\Git\Project\FPGA\ecg_fpga_project\solution1\.autopilot\db\ecg_trained_classifier.pp.0.cpp:12782:71: error: Invalid Directive: for current device, ROM_1P + LUTRAM is invalid combination for BIND_STORAGE's option 'type + impl' [clang-diagnostic-error]
#pragma HLS BIND_STORAGE variable=second_order_float::sin_cos_K1 type=ROM_1P impl=LUTRAM
                                                                      ^
D:\Git\Project\FPGA\ecg_fpga_project\solution1\.autopilot\db\ecg_trained_classifier.pp.0.cpp:12783:71: error: Invalid Directive: for current device, ROM_1P + LUTRAM is invalid combination for BIND_STORAGE's option 'type + impl' [clang-diagnostic-error]
#pragma HLS BIND_STORAGE variable=second_order_float::sin_cos_K2 type=ROM_1P impl=LUTRAM
                                                                      ^
D:\Git\Project\FPGA\ecg_fpga_project\solution1\.autopilot\db\ecg_trained_classifier.pp.0.cpp:12810:67: error: Invalid Directive: for current device, ROM_1P + LUTRAM is invalid combination for BIND_STORAGE's option 'type + impl' [clang-diagnostic-error]
#pragma HLS BIND_STORAGE variable=second_order_float::cos_K0 type=ROM_1P impl=LUTRAM
                                                                  ^
D:\Git\Project\FPGA\ecg_fpga_project\solution1\.autopilot\db\ecg_trained_classifier.pp.0.cpp:12811:67: error: Invalid Directive: for current device, ROM_1P + LUTRAM is invalid combination for BIND_STORAGE's option 'type + impl' [clang-diagnostic-error]
#pragma HLS BIND_STORAGE variable=second_order_float::cos_K1 type=ROM_1P impl=LUTRAM
                                                                  ^
D:\Git\Project\FPGA\ecg_fpga_project\solution1\.autopilot\db\ecg_trained_classifier.pp.0.cpp:12812:67: error: Invalid Directive: for current device, ROM_1P + LUTRAM is invalid combination for BIND_STORAGE's option 'type + impl' [clang-diagnostic-error]
#pragma HLS BIND_STORAGE variable=second_order_float::cos_K2 type=ROM_1P impl=LUTRAM
                                                                  ^
D:\Git\Project\FPGA\ecg_fpga_project\solution1\.autopilot\db\ecg_trained_classifier.pp.0.cpp:12813:67: error: Invalid Directive: for current device, ROM_1P + LUTRAM is invalid combination for BIND_STORAGE's option 'type + impl' [clang-diagnostic-error]
#pragma HLS BIND_STORAGE variable=second_order_float::sin_K0 type=ROM_1P impl=LUTRAM
                                                                  ^
D:\Git\Project\FPGA\ecg_fpga_project\solution1\.autopilot\db\ecg_trained_classifier.pp.0.cpp:12814:67: error: Invalid Directive: for current device, ROM_1P + LUTRAM is invalid combination for BIND_STORAGE's option 'type + impl' [clang-diagnostic-error]
#pragma HLS BIND_STORAGE variable=second_order_float::sin_K1 type=ROM_1P impl=LUTRAM
                                                                  ^
D:\Git\Project\FPGA\ecg_fpga_project\solution1\.autopilot\db\ecg_trained_classifier.pp.0.cpp:12815:67: error: Invalid Directive: for current device, ROM_1P + LUTRAM is invalid combination for BIND_STORAGE's option 'type + impl' [clang-diagnostic-error]
#pragma HLS BIND_STORAGE variable=second_order_float::sin_K2 type=ROM_1P impl=LUTRAM
                                                                  ^
D:\Git\Project\FPGA\ecg_fpga_project\solution1\.autopilot\db\ecg_trained_classifier.pp.0.cpp:12851:73: error: Invalid Directive: for current device, ROM_1P + LUTRAM is invalid combination for BIND_STORAGE's option 'type + impl' [clang-diagnostic-error]
#pragma HLS BIND_STORAGE variable=first_order_fixed_16::sin_cos_K0 type=ROM_1P impl=LUTRAM
                                                                        ^
D:\Git\Project\FPGA\ecg_fpga_project\solution1\.autopilot\db\ecg_trained_classifier.pp.0.cpp:12852:73: error: Invalid Directive: for current device, ROM_1P + LUTRAM is invalid combination for BIND_STORAGE's option 'type + impl' [clang-diagnostic-error]
#pragma HLS BIND_STORAGE variable=first_order_fixed_16::sin_cos_K1 type=ROM_1P impl=LUTRAM
                                                                        ^
D:\Git\Project\FPGA\ecg_fpga_project\solution1\.autopilot\db\ecg_trained_classifier.pp.0.cpp:13126:5: warning: Added loop label VITIS_LOOP_61_1:   [xilinx-label-all-loops]
    for (int n=0; n<Nmax; n++){
    ^~~
    VITIS_LOOP_61_1: 
D:\Git\Project\FPGA\ecg_fpga_project\solution1\.autopilot\db\ecg_trained_classifier.pp.0.cpp:13126:5: note: FIX-IT applied suggested code changes
D:\Git\Project\FPGA\ecg_fpga_project\solution1\.autopilot\db\ecg_trained_classifier.pp.0.cpp:13172:5: warning: Added loop label VITIS_LOOP_117_1:   [xilinx-label-all-loops]
    for (int n=0; n<Nmax; n++){
    ^~~
    VITIS_LOOP_117_1: 
D:\Git\Project\FPGA\ecg_fpga_project\solution1\.autopilot\db\ecg_trained_classifier.pp.0.cpp:13172:5: note: FIX-IT applied suggested code changes
D:\Git\Project\FPGA\ecg_fpga_project\solution1\.autopilot\db\ecg_trained_classifier.pp.0.cpp:13335:9: warning: Added loop label VITIS_LOOP_289_1:   [xilinx-label-all-loops]
        for(int i=0;i<W-1;i++){
        ^~~
        VITIS_LOOP_289_1: 
D:\Git\Project\FPGA\ecg_fpga_project\solution1\.autopilot\db\ecg_trained_classifier.pp.0.cpp:13335:9: note: FIX-IT applied suggested code changes
D:\Git\Project\FPGA\ecg_fpga_project\solution1\.autopilot\db\ecg_trained_classifier.pp.0.cpp:13487:9: warning: Added loop label VITIS_LOOP_449_1:   [xilinx-label-all-loops]
        for(int i=0;i<W-1;i++){
        ^~~
        VITIS_LOOP_449_1: 
D:\Git\Project\FPGA\ecg_fpga_project\solution1\.autopilot\db\ecg_trained_classifier.pp.0.cpp:13487:9: note: FIX-IT applied suggested code changes
D:\Git\Project\FPGA\ecg_fpga_project\solution1\.autopilot\db\ecg_trained_classifier.pp.0.cpp:13667:5: warning: Added loop label VITIS_LOOP_629_1:   [xilinx-label-all-loops]
    for(int i=0;i<W+1;i++){
    ^~~
    VITIS_LOOP_629_1: 
D:\Git\Project\FPGA\ecg_fpga_project\solution1\.autopilot\db\ecg_trained_classifier.pp.0.cpp:13667:5: note: FIX-IT applied suggested code changes
D:\Git\Project\FPGA\ecg_fpga_project\solution1\.autopilot\db\ecg_trained_classifier.pp.0.cpp:13671:5: warning: Added loop label VITIS_LOOP_633_2:   [xilinx-label-all-loops]
    for(int i=0;i<W+1;i++){
    ^~~
    VITIS_LOOP_633_2: 
D:\Git\Project\FPGA\ecg_fpga_project\solution1\.autopilot\db\ecg_trained_classifier.pp.0.cpp:13671:5: note: FIX-IT applied suggested code changes
D:\Git\Project\FPGA\ecg_fpga_project\solution1\.autopilot\db\ecg_trained_classifier.pp.0.cpp:13781:5: warning: Added loop label VITIS_LOOP_743_1:   [xilinx-label-all-loops]
    for (int n=0; n<Nmax; n++){
    ^~~
    VITIS_LOOP_743_1: 
D:\Git\Project\FPGA\ecg_fpga_project\solution1\.autopilot\db\ecg_trained_classifier.pp.0.cpp:13781:5: note: FIX-IT applied suggested code changes
D:\Git\Project\FPGA\ecg_fpga_project\solution1\.autopilot\db\ecg_trained_classifier.pp.0.cpp:13871:7: warning: Added loop label VITIS_LOOP_840_1:   [xilinx-label-all-loops]
      for(int i=0;i<W-1;i++){
      ^~~
      VITIS_LOOP_840_1: 
D:\Git\Project\FPGA\ecg_fpga_project\solution1\.autopilot\db\ecg_trained_classifier.pp.0.cpp:13871:7: note: FIX-IT applied suggested code changes
D:\Git\Project\FPGA\ecg_fpga_project\solution1\.autopilot\db\ecg_trained_classifier.pp.0.cpp:13890:7: warning: Added loop label VITIS_LOOP_859_2:   [xilinx-label-all-loops]
      for(int i=0;i<W-1;i++){
      ^~~
      VITIS_LOOP_859_2: 
D:\Git\Project\FPGA\ecg_fpga_project\solution1\.autopilot\db\ecg_trained_classifier.pp.0.cpp:13890:7: note: FIX-IT applied suggested code changes
D:\Git\Project\FPGA\ecg_fpga_project\solution1\.autopilot\db\ecg_trained_classifier.pp.0.cpp:14180:5: warning: Added loop label VITIS_LOOP_1173_1:   [xilinx-label-all-loops]
    for(int i=0; i<Nmax; i++) {
    ^~~
    VITIS_LOOP_1173_1: 
D:\Git\Project\FPGA\ecg_fpga_project\solution1\.autopilot\db\ecg_trained_classifier.pp.0.cpp:14180:5: note: FIX-IT applied suggested code changes
D:\Git\Project\FPGA\ecg_fpga_project\solution1\.autopilot\db\ecg_trained_classifier.pp.0.cpp:14263:5: warning: Added loop label VITIS_LOOP_1256_1:   [xilinx-label-all-loops]
    for(int i=0; i<Nmax; i++) {
    ^~~
    VITIS_LOOP_1256_1: 
D:\Git\Project\FPGA\ecg_fpga_project\solution1\.autopilot\db\ecg_trained_classifier.pp.0.cpp:14263:5: note: FIX-IT applied suggested code changes
D:\Git\Project\FPGA\ecg_fpga_project\solution1\.autopilot\db\ecg_trained_classifier.pp.0.cpp:14669:13: warning: Added loop label VITIS_LOOP_68_1:   [xilinx-label-all-loops]
            for (int j = 3; j >= I_+1; j--) {
            ^~~
            VITIS_LOOP_68_1: 
D:\Git\Project\FPGA\ecg_fpga_project\solution1\.autopilot\db\ecg_trained_classifier.pp.0.cpp:14669:13: note: FIX-IT applied suggested code changes
D:\Git\Project\FPGA\ecg_fpga_project\solution1\.autopilot\db\ecg_trained_classifier.pp.0.cpp:14675:17: warning: Added loop label VITIS_LOOP_74_2:   [xilinx-label-all-loops]
                for (int j = 3; j >= I_+1; j--){
                ^~~
                VITIS_LOOP_74_2: 
D:\Git\Project\FPGA\ecg_fpga_project\solution1\.autopilot\db\ecg_trained_classifier.pp.0.cpp:14675:17: note: FIX-IT applied suggested code changes
D:\Git\Project\FPGA\ecg_fpga_project\solution1\.autopilot\db\ecg_trained_classifier.pp.0.cpp:14679:17: warning: Added loop label VITIS_LOOP_78_3:   [xilinx-label-all-loops]
                for (int j = I_; j >= 0; j--){
                ^~~
                VITIS_LOOP_78_3: 
D:\Git\Project\FPGA\ecg_fpga_project\solution1\.autopilot\db\ecg_trained_classifier.pp.0.cpp:14679:17: note: FIX-IT applied suggested code changes
D:\Git\Project\FPGA\ecg_fpga_project\solution1\.autopilot\db\ecg_trained_classifier.pp.0.cpp:14727:13: warning: Added loop label VITIS_LOOP_145_4:   [xilinx-label-all-loops]
            for (int j = 9; j >= I_+4; j--) {
            ^~~
            VITIS_LOOP_145_4: 
D:\Git\Project\FPGA\ecg_fpga_project\solution1\.autopilot\db\ecg_trained_classifier.pp.0.cpp:14727:13: note: FIX-IT applied suggested code changes
D:\Git\Project\FPGA\ecg_fpga_project\solution1\.autopilot\db\ecg_trained_classifier.pp.0.cpp:14733:17: warning: Added loop label VITIS_LOOP_151_5:   [xilinx-label-all-loops]
                for (int j = 9; j >= I_+4; j--){
                ^~~
                VITIS_LOOP_151_5: 
D:\Git\Project\FPGA\ecg_fpga_project\solution1\.autopilot\db\ecg_trained_classifier.pp.0.cpp:14733:17: note: FIX-IT applied suggested code changes
D:\Git\Project\FPGA\ecg_fpga_project\solution1\.autopilot\db\ecg_trained_classifier.pp.0.cpp:14737:17: warning: Added loop label VITIS_LOOP_155_6:   [xilinx-label-all-loops]
                for (int j = I_+3; j >= 0; j--){
                ^~~
                VITIS_LOOP_155_6: 
D:\Git\Project\FPGA\ecg_fpga_project\solution1\.autopilot\db\ecg_trained_classifier.pp.0.cpp:14737:17: note: FIX-IT applied suggested code changes
D:\Git\Project\FPGA\ecg_fpga_project\solution1\.autopilot\db\ecg_trained_classifier.pp.0.cpp:14752:9: warning: Added loop label VITIS_LOOP_170_7:   [xilinx-label-all-loops]
        for (int j = 14; j < 22; j++){
        ^~~
        VITIS_LOOP_170_7: 
D:\Git\Project\FPGA\ecg_fpga_project\solution1\.autopilot\db\ecg_trained_classifier.pp.0.cpp:14752:9: note: FIX-IT applied suggested code changes
D:\Git\Project\FPGA\ecg_fpga_project\solution1\.autopilot\db\ecg_trained_classifier.pp.0.cpp:14760:17: warning: Added loop label VITIS_LOOP_178_8:   [xilinx-label-all-loops]
                for (int j = 0; j < 22; j++){
                ^~~
                VITIS_LOOP_178_8: 
D:\Git\Project\FPGA\ecg_fpga_project\solution1\.autopilot\db\ecg_trained_classifier.pp.0.cpp:14760:17: note: FIX-IT applied suggested code changes
D:\Git\Project\FPGA\ecg_fpga_project\solution1\.autopilot\db\ecg_trained_classifier.pp.0.cpp:14825:13: warning: Added loop label VITIS_LOOP_243_9:   [xilinx-label-all-loops]
            for (int j = 21; j >= I_+10; j--) {
            ^~~
            VITIS_LOOP_243_9: 
D:\Git\Project\FPGA\ecg_fpga_project\solution1\.autopilot\db\ecg_trained_classifier.pp.0.cpp:14825:13: note: FIX-IT applied suggested code changes
D:\Git\Project\FPGA\ecg_fpga_project\solution1\.autopilot\db\ecg_trained_classifier.pp.0.cpp:14831:17: warning: Added loop label VITIS_LOOP_249_10:   [xilinx-label-all-loops]
                for (int j = 21; j >= I_+10; j--) {
                ^~~
                VITIS_LOOP_249_10: 
D:\Git\Project\FPGA\ecg_fpga_project\solution1\.autopilot\db\ecg_trained_classifier.pp.0.cpp:14831:17: note: FIX-IT applied suggested code changes
D:\Git\Project\FPGA\ecg_fpga_project\solution1\.autopilot\db\ecg_trained_classifier.pp.0.cpp:14835:17: warning: Added loop label VITIS_LOOP_253_11:   [xilinx-label-all-loops]
                for (int j = I_+9; j >= 0; j--) {
                ^~~
                VITIS_LOOP_253_11: 
D:\Git\Project\FPGA\ecg_fpga_project\solution1\.autopilot\db\ecg_trained_classifier.pp.0.cpp:14835:17: note: FIX-IT applied suggested code changes
D:\Git\Project\FPGA\ecg_fpga_project\solution1\.autopilot\db\ecg_trained_classifier.pp.0.cpp:14850:9: warning: Added loop label VITIS_LOOP_268_12:   [xilinx-label-all-loops]
        for (int j = 27; j < 46; j++){
        ^~~
        VITIS_LOOP_268_12: 
D:\Git\Project\FPGA\ecg_fpga_project\solution1\.autopilot\db\ecg_trained_classifier.pp.0.cpp:14850:9: note: FIX-IT applied suggested code changes
D:\Git\Project\FPGA\ecg_fpga_project\solution1\.autopilot\db\ecg_trained_classifier.pp.0.cpp:14858:17: warning: Added loop label VITIS_LOOP_276_13:   [xilinx-label-all-loops]
                for (int j = 0; j < 46; j++) {
                ^~~
                VITIS_LOOP_276_13: 
D:\Git\Project\FPGA\ecg_fpga_project\solution1\.autopilot\db\ecg_trained_classifier.pp.0.cpp:14858:17: note: FIX-IT applied suggested code changes
D:\Git\Project\FPGA\ecg_fpga_project\solution1\.autopilot\db\ecg_trained_classifier.pp.0.cpp:15087:13: warning: Added loop label VITIS_LOOP_505_14:   [xilinx-label-all-loops]
            for (int j = 45; j >= I_+22; j--) {
            ^~~
            VITIS_LOOP_505_14: 
D:\Git\Project\FPGA\ecg_fpga_project\solution1\.autopilot\db\ecg_trained_classifier.pp.0.cpp:15087:13: note: FIX-IT applied suggested code changes
D:\Git\Project\FPGA\ecg_fpga_project\solution1\.autopilot\db\ecg_trained_classifier.pp.0.cpp:15093:17: warning: Added loop label VITIS_LOOP_511_15:   [xilinx-label-all-loops]
                for (int j = 45; j >= I_+22; j--){
                ^~~
                VITIS_LOOP_511_15: 
D:\Git\Project\FPGA\ecg_fpga_project\solution1\.autopilot\db\ecg_trained_classifier.pp.0.cpp:15093:17: note: FIX-IT applied suggested code changes
D:\Git\Project\FPGA\ecg_fpga_project\solution1\.autopilot\db\ecg_trained_classifier.pp.0.cpp:15097:17: warning: Added loop label VITIS_LOOP_515_16:   [xilinx-label-all-loops]
                for (int j = I_+21; j >= 0; j--) {
                ^~~
                VITIS_LOOP_515_16: 
D:\Git\Project\FPGA\ecg_fpga_project\solution1\.autopilot\db\ecg_trained_classifier.pp.0.cpp:15097:17: note: FIX-IT applied suggested code changes
D:\Git\Project\FPGA\ecg_fpga_project\solution1\.autopilot\db\ecg_trained_classifier.pp.0.cpp:15107:9: warning: Added loop label VITIS_LOOP_525_17:   [xilinx-label-all-loops]
        for (int j = 32-F_; j < 32+I_; j++){
        ^~~
        VITIS_LOOP_525_17: 
D:\Git\Project\FPGA\ecg_fpga_project\solution1\.autopilot\db\ecg_trained_classifier.pp.0.cpp:15107:9: note: FIX-IT applied suggested code changes
D:\Git\Project\FPGA\ecg_fpga_project\solution1\.autopilot\db\ecg_trained_classifier.pp.0.cpp:15111:9: warning: Added loop label VITIS_LOOP_529_18:   [xilinx-label-all-loops]
        for (int j = 32+I_; j <= 64; j++){
        ^~~
        VITIS_LOOP_529_18: 
D:\Git\Project\FPGA\ecg_fpga_project\solution1\.autopilot\db\ecg_trained_classifier.pp.0.cpp:15111:9: note: FIX-IT applied suggested code changes
D:\Git\Project\FPGA\ecg_fpga_project\solution1\.autopilot\db\ecg_trained_classifier.pp.0.cpp:15121:9: warning: Added loop label VITIS_LOOP_539_19:   [xilinx-label-all-loops]
        for (int j = 37; j < 64; j++) {
        ^~~
        VITIS_LOOP_539_19: 
D:\Git\Project\FPGA\ecg_fpga_project\solution1\.autopilot\db\ecg_trained_classifier.pp.0.cpp:15121:9: note: FIX-IT applied suggested code changes
D:\Git\Project\FPGA\ecg_fpga_project\solution1\.autopilot\db\ecg_trained_classifier.pp.0.cpp:15129:17: warning: Added loop label VITIS_LOOP_547_20:   [xilinx-label-all-loops]
                for (int j = 0; j < 64; j++){
                ^~~
                VITIS_LOOP_547_20: 
D:\Git\Project\FPGA\ecg_fpga_project\solution1\.autopilot\db\ecg_trained_classifier.pp.0.cpp:15129:17: note: FIX-IT applied suggested code changes
D:\Git\Project\FPGA\ecg_fpga_project\solution1\.autopilot\db\ecg_trained_classifier.pp.0.cpp:15490:13: warning: Added loop label VITIS_LOOP_908_21:   [xilinx-label-all-loops]
            for (int j = 63; j >= I_+31; j--) {
            ^~~
            VITIS_LOOP_908_21: 
D:\Git\Project\FPGA\ecg_fpga_project\solution1\.autopilot\db\ecg_trained_classifier.pp.0.cpp:15490:13: note: FIX-IT applied suggested code changes
D:\Git\Project\FPGA\ecg_fpga_project\solution1\.autopilot\db\ecg_trained_classifier.pp.0.cpp:15496:17: warning: Added loop label VITIS_LOOP_914_22:   [xilinx-label-all-loops]
                for (int j = 63; j >= I_+31; j--) {
                ^~~
                VITIS_LOOP_914_22: 
D:\Git\Project\FPGA\ecg_fpga_project\solution1\.autopilot\db\ecg_trained_classifier.pp.0.cpp:15496:17: note: FIX-IT applied suggested code changes
D:\Git\Project\FPGA\ecg_fpga_project\solution1\.autopilot\db\ecg_trained_classifier.pp.0.cpp:15500:17: warning: Added loop label VITIS_LOOP_918_23:   [xilinx-label-all-loops]
                for (int j = I_+30; j >= 0; j--) {
                ^~~
                VITIS_LOOP_918_23: 
D:\Git\Project\FPGA\ecg_fpga_project\solution1\.autopilot\db\ecg_trained_classifier.pp.0.cpp:15500:17: note: FIX-IT applied suggested code changes
D:\Git\Project\FPGA\ecg_fpga_project\solution1\.autopilot\db\ecg_trained_classifier.pp.0.cpp:15616:13: warning: Added loop label VITIS_LOOP_1034_1:   [xilinx-label-all-loops]
            for (int j = 4; j >= I_+1; j--) {
            ^~~
            VITIS_LOOP_1034_1: 
D:\Git\Project\FPGA\ecg_fpga_project\solution1\.autopilot\db\ecg_trained_classifier.pp.0.cpp:15616:13: note: FIX-IT applied suggested code changes
D:\Git\Project\FPGA\ecg_fpga_project\solution1\.autopilot\db\ecg_trained_classifier.pp.0.cpp:15622:17: warning: Added loop label VITIS_LOOP_1040_2:   [xilinx-label-all-loops]
                for (int j = 4; j >= I_+1; j--) {
                ^~~
                VITIS_LOOP_1040_2: 
D:\Git\Project\FPGA\ecg_fpga_project\solution1\.autopilot\db\ecg_trained_classifier.pp.0.cpp:15622:17: note: FIX-IT applied suggested code changes
D:\Git\Project\FPGA\ecg_fpga_project\solution1\.autopilot\db\ecg_trained_classifier.pp.0.cpp:15626:17: warning: Added loop label VITIS_LOOP_1044_3:   [xilinx-label-all-loops]
                for (int j = I_; j >= 0; j--) {
                ^~~
                VITIS_LOOP_1044_3: 
D:\Git\Project\FPGA\ecg_fpga_project\solution1\.autopilot\db\ecg_trained_classifier.pp.0.cpp:15626:17: note: FIX-IT applied suggested code changes
D:\Git\Project\FPGA\ecg_fpga_project\solution1\.autopilot\db\ecg_trained_classifier.pp.0.cpp:15713:13: warning: Added loop label VITIS_LOOP_1131_4:   [xilinx-label-all-loops]
            for (int j = 10; j >= I_+4; j--) {
            ^~~
            VITIS_LOOP_1131_4: 
D:\Git\Project\FPGA\ecg_fpga_project\solution1\.autopilot\db\ecg_trained_classifier.pp.0.cpp:15713:13: note: FIX-IT applied suggested code changes
D:\Git\Project\FPGA\ecg_fpga_project\solution1\.autopilot\db\ecg_trained_classifier.pp.0.cpp:15719:17: warning: Added loop label VITIS_LOOP_1137_5:   [xilinx-label-all-loops]
                for (int j = 10; j >= I_+4; j--) {
                ^~~
                VITIS_LOOP_1137_5: 
D:\Git\Project\FPGA\ecg_fpga_project\solution1\.autopilot\db\ecg_trained_classifier.pp.0.cpp:15719:17: note: FIX-IT applied suggested code changes
D:\Git\Project\FPGA\ecg_fpga_project\solution1\.autopilot\db\ecg_trained_classifier.pp.0.cpp:15723:17: warning: Added loop label VITIS_LOOP_1141_6:   [xilinx-label-all-loops]
                for (int j = I_+3; j >= 0; j--) {
                ^~~
                VITIS_LOOP_1141_6: 
D:\Git\Project\FPGA\ecg_fpga_project\solution1\.autopilot\db\ecg_trained_classifier.pp.0.cpp:15723:17: note: FIX-IT applied suggested code changes
D:\Git\Project\FPGA\ecg_fpga_project\solution1\.autopilot\db\ecg_trained_classifier.pp.0.cpp:15742:9: warning: Added loop label VITIS_LOOP_1160_7:   [xilinx-label-all-loops]
        for (int j = wf+3; j < w-1; j++) {
        ^~~
        VITIS_LOOP_1160_7: 
D:\Git\Project\FPGA\ecg_fpga_project\solution1\.autopilot\db\ecg_trained_classifier.pp.0.cpp:15742:9: note: FIX-IT applied suggested code changes
D:\Git\Project\FPGA\ecg_fpga_project\solution1\.autopilot\db\ecg_trained_classifier.pp.0.cpp:15749:17: warning: Added loop label VITIS_LOOP_1167_8:   [xilinx-label-all-loops]
                for (int j = 0; j < 22; j++) {
                ^~~
                VITIS_LOOP_1167_8: 
D:\Git\Project\FPGA\ecg_fpga_project\solution1\.autopilot\db\ecg_trained_classifier.pp.0.cpp:15749:17: note: FIX-IT applied suggested code changes
D:\Git\Project\FPGA\ecg_fpga_project\solution1\.autopilot\db\ecg_trained_classifier.pp.0.cpp:15865:13: warning: Added loop label VITIS_LOOP_1283_9:   [xilinx-label-all-loops]
            for (int j = 22; j >= I_+10; j--) {
            ^~~
            VITIS_LOOP_1283_9: 
D:\Git\Project\FPGA\ecg_fpga_project\solution1\.autopilot\db\ecg_trained_classifier.pp.0.cpp:15865:13: note: FIX-IT applied suggested code changes
D:\Git\Project\FPGA\ecg_fpga_project\solution1\.autopilot\db\ecg_trained_classifier.pp.0.cpp:15871:17: warning: Added loop label VITIS_LOOP_1289_10:   [xilinx-label-all-loops]
                for (int j = 22; j >= I_+10; j--){
                ^~~
                VITIS_LOOP_1289_10: 
D:\Git\Project\FPGA\ecg_fpga_project\solution1\.autopilot\db\ecg_trained_classifier.pp.0.cpp:15871:17: note: FIX-IT applied suggested code changes
D:\Git\Project\FPGA\ecg_fpga_project\solution1\.autopilot\db\ecg_trained_classifier.pp.0.cpp:15875:17: warning: Added loop label VITIS_LOOP_1293_11:   [xilinx-label-all-loops]
                for (int j = I_+9; j >= 0; j--) {
                ^~~
                VITIS_LOOP_1293_11: 
D:\Git\Project\FPGA\ecg_fpga_project\solution1\.autopilot\db\ecg_trained_classifier.pp.0.cpp:15875:17: note: FIX-IT applied suggested code changes
D:\Git\Project\FPGA\ecg_fpga_project\solution1\.autopilot\db\ecg_trained_classifier.pp.0.cpp:15895:9: warning: Added loop label VITIS_LOOP_1313_12:   [xilinx-label-all-loops]
        for (int j = wf+4; j < w-1; j++){
        ^~~
        VITIS_LOOP_1313_12: 
D:\Git\Project\FPGA\ecg_fpga_project\solution1\.autopilot\db\ecg_trained_classifier.pp.0.cpp:15895:9: note: FIX-IT applied suggested code changes
D:\Git\Project\FPGA\ecg_fpga_project\solution1\.autopilot\db\ecg_trained_classifier.pp.0.cpp:15902:17: warning: Added loop label VITIS_LOOP_1320_13:   [xilinx-label-all-loops]
                for (int j = 0; j < 46; j++) {
                ^~~
                VITIS_LOOP_1320_13: 
D:\Git\Project\FPGA\ecg_fpga_project\solution1\.autopilot\db\ecg_trained_classifier.pp.0.cpp:15902:17: note: FIX-IT applied suggested code changes
D:\Git\Project\FPGA\ecg_fpga_project\solution1\.autopilot\db\ecg_trained_classifier.pp.0.cpp:16164:13: warning: Added loop label VITIS_LOOP_1582_14:   [xilinx-label-all-loops]
            for (int j = 46; j >= I_+22; j--) {
            ^~~
            VITIS_LOOP_1582_14: 
D:\Git\Project\FPGA\ecg_fpga_project\solution1\.autopilot\db\ecg_trained_classifier.pp.0.cpp:16164:13: note: FIX-IT applied suggested code changes
D:\Git\Project\FPGA\ecg_fpga_project\solution1\.autopilot\db\ecg_trained_classifier.pp.0.cpp:16170:17: warning: Added loop label VITIS_LOOP_1588_15:   [xilinx-label-all-loops]
                for (int j = 46; j >= I_+22; j--) {
                ^~~
                VITIS_LOOP_1588_15: 
D:\Git\Project\FPGA\ecg_fpga_project\solution1\.autopilot\db\ecg_trained_classifier.pp.0.cpp:16170:17: note: FIX-IT applied suggested code changes
D:\Git\Project\FPGA\ecg_fpga_project\solution1\.autopilot\db\ecg_trained_classifier.pp.0.cpp:16174:17: warning: Added loop label VITIS_LOOP_1592_16:   [xilinx-label-all-loops]
                for (int j = I_+21; j >= 0; j--) {
                ^~~
                VITIS_LOOP_1592_16: 
D:\Git\Project\FPGA\ecg_fpga_project\solution1\.autopilot\db\ecg_trained_classifier.pp.0.cpp:16174:17: note: FIX-IT applied suggested code changes
D:\Git\Project\FPGA\ecg_fpga_project\solution1\.autopilot\db\ecg_trained_classifier.pp.0.cpp:16198:9: warning: Added loop label VITIS_LOOP_1616_17:   [xilinx-label-all-loops]
        for (int j = wf+5; j < w-1; j++){
        ^~~
        VITIS_LOOP_1616_17: 
D:\Git\Project\FPGA\ecg_fpga_project\solution1\.autopilot\db\ecg_trained_classifier.pp.0.cpp:16198:9: note: FIX-IT applied suggested code changes
D:\Git\Project\FPGA\ecg_fpga_project\solution1\.autopilot\db\ecg_trained_classifier.pp.0.cpp:16205:17: warning: Added loop label VITIS_LOOP_1623_18:   [xilinx-label-all-loops]
                for (int j = 0; j < 64; j++) {
                ^~~
                VITIS_LOOP_1623_18: 
D:\Git\Project\FPGA\ecg_fpga_project\solution1\.autopilot\db\ecg_trained_classifier.pp.0.cpp:16205:17: note: FIX-IT applied suggested code changes
D:\Git\Project\FPGA\ecg_fpga_project\solution1\.autopilot\db\ecg_trained_classifier.pp.0.cpp:16635:13: warning: Added loop label VITIS_LOOP_2053_19:   [xilinx-label-all-loops]
            for (int j = 64; j >= I_+31; j--) {
            ^~~
            VITIS_LOOP_2053_19: 
D:\Git\Project\FPGA\ecg_fpga_project\solution1\.autopilot\db\ecg_trained_classifier.pp.0.cpp:16635:13: note: FIX-IT applied suggested code changes
D:\Git\Project\FPGA\ecg_fpga_project\solution1\.autopilot\db\ecg_trained_classifier.pp.0.cpp:16641:17: warning: Added loop label VITIS_LOOP_2059_20:   [xilinx-label-all-loops]
                for (int j = 64; j >= I_+31; j--) {
                ^~~
                VITIS_LOOP_2059_20: 
D:\Git\Project\FPGA\ecg_fpga_project\solution1\.autopilot\db\ecg_trained_classifier.pp.0.cpp:16641:17: note: FIX-IT applied suggested code changes
D:\Git\Project\FPGA\ecg_fpga_project\solution1\.autopilot\db\ecg_trained_classifier.pp.0.cpp:16645:17: warning: Added loop label VITIS_LOOP_2063_21:   [xilinx-label-all-loops]
                for (int j = I_+30; j >= 0; j--) {
                ^~~
                VITIS_LOOP_2063_21: 
D:\Git\Project\FPGA\ecg_fpga_project\solution1\.autopilot\db\ecg_trained_classifier.pp.0.cpp:16645:17: note: FIX-IT applied suggested code changes
D:\Git\Project\FPGA\ecg_fpga_project\solution1\.autopilot\db\ecg_trained_classifier.pp.0.cpp:16775:13: warning: Added loop label VITIS_LOOP_2193_1:   [xilinx-label-all-loops]
            for(int j=3; j>=I+1; j--) {
            ^~~
            VITIS_LOOP_2193_1: 
D:\Git\Project\FPGA\ecg_fpga_project\solution1\.autopilot\db\ecg_trained_classifier.pp.0.cpp:16775:13: note: FIX-IT applied suggested code changes
D:\Git\Project\FPGA\ecg_fpga_project\solution1\.autopilot\db\ecg_trained_classifier.pp.0.cpp:16782:17: warning: Added loop label VITIS_LOOP_2200_2:   [xilinx-label-all-loops]
                for(int j=3; j>=I+1; j--) {
                ^~~
                VITIS_LOOP_2200_2: 
D:\Git\Project\FPGA\ecg_fpga_project\solution1\.autopilot\db\ecg_trained_classifier.pp.0.cpp:16782:17: note: FIX-IT applied suggested code changes
D:\Git\Project\FPGA\ecg_fpga_project\solution1\.autopilot\db\ecg_trained_classifier.pp.0.cpp:16786:17: warning: Added loop label VITIS_LOOP_2204_3:   [xilinx-label-all-loops]
                for(int j=I; j>=0; j--) {
                ^~~
                VITIS_LOOP_2204_3: 
D:\Git\Project\FPGA\ecg_fpga_project\solution1\.autopilot\db\ecg_trained_classifier.pp.0.cpp:16786:17: note: FIX-IT applied suggested code changes
D:\Git\Project\FPGA\ecg_fpga_project\solution1\.autopilot\db\ecg_trained_classifier.pp.0.cpp:16833:13: warning: Added loop label VITIS_LOOP_2251_4:   [xilinx-label-all-loops]
            for(int j=7; j>=3+I; j--) {
            ^~~
            VITIS_LOOP_2251_4: 
D:\Git\Project\FPGA\ecg_fpga_project\solution1\.autopilot\db\ecg_trained_classifier.pp.0.cpp:16833:13: note: FIX-IT applied suggested code changes
D:\Git\Project\FPGA\ecg_fpga_project\solution1\.autopilot\db\ecg_trained_classifier.pp.0.cpp:16840:17: warning: Added loop label VITIS_LOOP_2258_5:   [xilinx-label-all-loops]
                for(int j=7; j>=3+I; j--) {
                ^~~
                VITIS_LOOP_2258_5: 
D:\Git\Project\FPGA\ecg_fpga_project\solution1\.autopilot\db\ecg_trained_classifier.pp.0.cpp:16840:17: note: FIX-IT applied suggested code changes
D:\Git\Project\FPGA\ecg_fpga_project\solution1\.autopilot\db\ecg_trained_classifier.pp.0.cpp:16844:17: warning: Added loop label VITIS_LOOP_2262_6:   [xilinx-label-all-loops]
                for(int j=I+2; j>=0; j--) {
                ^~~
                VITIS_LOOP_2262_6: 
D:\Git\Project\FPGA\ecg_fpga_project\solution1\.autopilot\db\ecg_trained_classifier.pp.0.cpp:16844:17: note: FIX-IT applied suggested code changes
D:\Git\Project\FPGA\ecg_fpga_project\solution1\.autopilot\db\ecg_trained_classifier.pp.0.cpp:16862:9: warning: Added loop label VITIS_LOOP_2280_7:   [xilinx-label-all-loops]
        for(int j=11; j<16; j++) {
        ^~~
        VITIS_LOOP_2280_7: 
D:\Git\Project\FPGA\ecg_fpga_project\solution1\.autopilot\db\ecg_trained_classifier.pp.0.cpp:16862:9: note: FIX-IT applied suggested code changes
D:\Git\Project\FPGA\ecg_fpga_project\solution1\.autopilot\db\ecg_trained_classifier.pp.0.cpp:16917:13: warning: Added loop label VITIS_LOOP_2335_8:   [xilinx-label-all-loops]
            for(int j=15; j>=7+I; j--) {
            ^~~
            VITIS_LOOP_2335_8: 
D:\Git\Project\FPGA\ecg_fpga_project\solution1\.autopilot\db\ecg_trained_classifier.pp.0.cpp:16917:13: note: FIX-IT applied suggested code changes
D:\Git\Project\FPGA\ecg_fpga_project\solution1\.autopilot\db\ecg_trained_classifier.pp.0.cpp:16924:17: warning: Added loop label VITIS_LOOP_2342_9:   [xilinx-label-all-loops]
                for(int j=15; j>=7+I; j--) {
                ^~~
                VITIS_LOOP_2342_9: 
D:\Git\Project\FPGA\ecg_fpga_project\solution1\.autopilot\db\ecg_trained_classifier.pp.0.cpp:16924:17: note: FIX-IT applied suggested code changes
D:\Git\Project\FPGA\ecg_fpga_project\solution1\.autopilot\db\ecg_trained_classifier.pp.0.cpp:16928:17: warning: Added loop label VITIS_LOOP_2346_10:   [xilinx-label-all-loops]
                for(int j=6+I; j>=0; j--) {
                ^~~
                VITIS_LOOP_2346_10: 
D:\Git\Project\FPGA\ecg_fpga_project\solution1\.autopilot\db\ecg_trained_classifier.pp.0.cpp:16928:17: note: FIX-IT applied suggested code changes
D:\Git\Project\FPGA\ecg_fpga_project\solution1\.autopilot\db\ecg_trained_classifier.pp.0.cpp:16946:9: warning: Added loop label VITIS_LOOP_2364_11:   [xilinx-label-all-loops]
        for(int j=20; j<32; j++) {
        ^~~
        VITIS_LOOP_2364_11: 
D:\Git\Project\FPGA\ecg_fpga_project\solution1\.autopilot\db\ecg_trained_classifier.pp.0.cpp:16946:9: note: FIX-IT applied suggested code changes
D:\Git\Project\FPGA\ecg_fpga_project\solution1\.autopilot\db\ecg_trained_classifier.pp.0.cpp:17035:13: warning: Added loop label VITIS_LOOP_2453_12:   [xilinx-label-all-loops]
            for(int j=31; j>=I+15; j--) {
            ^~~
            VITIS_LOOP_2453_12: 
D:\Git\Project\FPGA\ecg_fpga_project\solution1\.autopilot\db\ecg_trained_classifier.pp.0.cpp:17035:13: note: FIX-IT applied suggested code changes
D:\Git\Project\FPGA\ecg_fpga_project\solution1\.autopilot\db\ecg_trained_classifier.pp.0.cpp:17042:17: warning: Added loop label VITIS_LOOP_2460_13:   [xilinx-label-all-loops]
                for(int j=31; j>=I+15; j--) {
                ^~~
                VITIS_LOOP_2460_13: 
D:\Git\Project\FPGA\ecg_fpga_project\solution1\.autopilot\db\ecg_trained_classifier.pp.0.cpp:17042:17: note: FIX-IT applied suggested code changes
D:\Git\Project\FPGA\ecg_fpga_project\solution1\.autopilot\db\ecg_trained_classifier.pp.0.cpp:17046:17: warning: Added loop label VITIS_LOOP_2464_14:   [xilinx-label-all-loops]
                for(int j=I+14; j>=0; j--) {
                ^~~
                VITIS_LOOP_2464_14: 
D:\Git\Project\FPGA\ecg_fpga_project\solution1\.autopilot\db\ecg_trained_classifier.pp.0.cpp:17046:17: note: FIX-IT applied suggested code changes
D:\Git\Project\FPGA\ecg_fpga_project\solution1\.autopilot\db\ecg_trained_classifier.pp.0.cpp:17056:9: warning: Added loop label VITIS_LOOP_2474_15:   [xilinx-label-all-loops]
        for(int j=32-F; j<32+I; j++) {
        ^~~
        VITIS_LOOP_2474_15: 
D:\Git\Project\FPGA\ecg_fpga_project\solution1\.autopilot\db\ecg_trained_classifier.pp.0.cpp:17056:9: note: FIX-IT applied suggested code changes
D:\Git\Project\FPGA\ecg_fpga_project\solution1\.autopilot\db\ecg_trained_classifier.pp.0.cpp:17060:9: warning: Added loop label VITIS_LOOP_2478_16:   [xilinx-label-all-loops]
        for(int j=32+I; j<=64; j++) {
        ^~~
        VITIS_LOOP_2478_16: 
D:\Git\Project\FPGA\ecg_fpga_project\solution1\.autopilot\db\ecg_trained_classifier.pp.0.cpp:17060:9: note: FIX-IT applied suggested code changes
D:\Git\Project\FPGA\ecg_fpga_project\solution1\.autopilot\db\ecg_trained_classifier.pp.0.cpp:17071:9: warning: Added loop label VITIS_LOOP_2489_17:   [xilinx-label-all-loops]
        for(int j=37; j<64; j++) {
        ^~~
        VITIS_LOOP_2489_17: 
D:\Git\Project\FPGA\ecg_fpga_project\solution1\.autopilot\db\ecg_trained_classifier.pp.0.cpp:17071:9: note: FIX-IT applied suggested code changes
D:\Git\Project\FPGA\ecg_fpga_project\solution1\.autopilot\db\ecg_trained_classifier.pp.0.cpp:17079:17: warning: Added loop label VITIS_LOOP_2497_18:   [xilinx-label-all-loops]
                for(int j=0; j<64; j++) {
                ^~~
                VITIS_LOOP_2497_18: 
D:\Git\Project\FPGA\ecg_fpga_project\solution1\.autopilot\db\ecg_trained_classifier.pp.0.cpp:17079:17: note: FIX-IT applied suggested code changes
D:\Git\Project\FPGA\ecg_fpga_project\solution1\.autopilot\db\ecg_trained_classifier.pp.0.cpp:17404:13: warning: Added loop label VITIS_LOOP_2822_19:   [xilinx-label-all-loops]
            for(int j=63; j>=I+31; j--) {
            ^~~
            VITIS_LOOP_2822_19: 
D:\Git\Project\FPGA\ecg_fpga_project\solution1\.autopilot\db\ecg_trained_classifier.pp.0.cpp:17404:13: note: FIX-IT applied suggested code changes
D:\Git\Project\FPGA\ecg_fpga_project\solution1\.autopilot\db\ecg_trained_classifier.pp.0.cpp:17411:17: warning: Added loop label VITIS_LOOP_2829_20:   [xilinx-label-all-loops]
                for(int j=63; j>=I+31; j--) {
                ^~~
                VITIS_LOOP_2829_20: 
D:\Git\Project\FPGA\ecg_fpga_project\solution1\.autopilot\db\ecg_trained_classifier.pp.0.cpp:17411:17: note: FIX-IT applied suggested code changes
D:\Git\Project\FPGA\ecg_fpga_project\solution1\.autopilot\db\ecg_trained_classifier.pp.0.cpp:17415:17: warning: Added loop label VITIS_LOOP_2833_21:   [xilinx-label-all-loops]
                for(int j=I+30; j>=0; j--) {
                ^~~
                VITIS_LOOP_2833_21: 
D:\Git\Project\FPGA\ecg_fpga_project\solution1\.autopilot\db\ecg_trained_classifier.pp.0.cpp:17415:17: note: FIX-IT applied suggested code changes
D:\Git\Project\FPGA\ecg_fpga_project\solution1\.autopilot\db\ecg_trained_classifier.pp.0.cpp:17503:4: warning: Added loop label VITIS_LOOP_2921_1:   [xilinx-label-all-loops]
   for(int j = 5; j>=I_+2; j--) {
   ^~~
   VITIS_LOOP_2921_1: 
D:\Git\Project\FPGA\ecg_fpga_project\solution1\.autopilot\db\ecg_trained_classifier.pp.0.cpp:17503:4: note: FIX-IT applied suggested code changes
D:\Git\Project\FPGA\ecg_fpga_project\solution1\.autopilot\db\ecg_trained_classifier.pp.0.cpp:17510:5: warning: Added loop label VITIS_LOOP_2928_2:   [xilinx-label-all-loops]
    for(int j = 5; j>=I_+2; j--) {
    ^~~
    VITIS_LOOP_2928_2: 
D:\Git\Project\FPGA\ecg_fpga_project\solution1\.autopilot\db\ecg_trained_classifier.pp.0.cpp:17510:5: note: FIX-IT applied suggested code changes
D:\Git\Project\FPGA\ecg_fpga_project\solution1\.autopilot\db\ecg_trained_classifier.pp.0.cpp:17514:5: warning: Added loop label VITIS_LOOP_2932_3:   [xilinx-label-all-loops]
    for(int j = I_+1; j>=0; j--) {
    ^~~
    VITIS_LOOP_2932_3: 
D:\Git\Project\FPGA\ecg_fpga_project\solution1\.autopilot\db\ecg_trained_classifier.pp.0.cpp:17514:5: note: FIX-IT applied suggested code changes
D:\Git\Project\FPGA\ecg_fpga_project\solution1\.autopilot\db\ecg_trained_classifier.pp.0.cpp:17529:3: warning: Added loop label VITIS_LOOP_2947_4:   [xilinx-label-all-loops]
  for(int j = 11; j >=7; j--) {
  ^~~
  VITIS_LOOP_2947_4: 
D:\Git\Project\FPGA\ecg_fpga_project\solution1\.autopilot\db\ecg_trained_classifier.pp.0.cpp:17529:3: note: FIX-IT applied suggested code changes
D:\Git\Project\FPGA\ecg_fpga_project\solution1\.autopilot\db\ecg_trained_classifier.pp.0.cpp:17561:4: warning: Added loop label VITIS_LOOP_2979_5:   [xilinx-label-all-loops]
   for(int j = 11; j >= I_+5; j--) {
   ^~~
   VITIS_LOOP_2979_5: 
D:\Git\Project\FPGA\ecg_fpga_project\solution1\.autopilot\db\ecg_trained_classifier.pp.0.cpp:17561:4: note: FIX-IT applied suggested code changes
D:\Git\Project\FPGA\ecg_fpga_project\solution1\.autopilot\db\ecg_trained_classifier.pp.0.cpp:17568:5: warning: Added loop label VITIS_LOOP_2986_6:   [xilinx-label-all-loops]
    for(int j = 11; j>= I_+5; j--) {
    ^~~
    VITIS_LOOP_2986_6: 
D:\Git\Project\FPGA\ecg_fpga_project\solution1\.autopilot\db\ecg_trained_classifier.pp.0.cpp:17568:5: note: FIX-IT applied suggested code changes
D:\Git\Project\FPGA\ecg_fpga_project\solution1\.autopilot\db\ecg_trained_classifier.pp.0.cpp:17572:5: warning: Added loop label VITIS_LOOP_2990_7:   [xilinx-label-all-loops]
    for(int j = I_+4; j>=0; j--) {
    ^~~
    VITIS_LOOP_2990_7: 
D:\Git\Project\FPGA\ecg_fpga_project\solution1\.autopilot\db\ecg_trained_classifier.pp.0.cpp:17572:5: note: FIX-IT applied suggested code changes
D:\Git\Project\FPGA\ecg_fpga_project\solution1\.autopilot\db\ecg_trained_classifier.pp.0.cpp:17587:3: warning: Added loop label VITIS_LOOP_3005_8:   [xilinx-label-all-loops]
  for(int j = 25; j>=15; j--) {
  ^~~
  VITIS_LOOP_3005_8: 
D:\Git\Project\FPGA\ecg_fpga_project\solution1\.autopilot\db\ecg_trained_classifier.pp.0.cpp:17587:3: note: FIX-IT applied suggested code changes
D:\Git\Project\FPGA\ecg_fpga_project\solution1\.autopilot\db\ecg_trained_classifier.pp.0.cpp:17637:4: warning: Added loop label VITIS_LOOP_3055_9:   [xilinx-label-all-loops]
   for(int j = 25; j>= I_+12; j--) {
   ^~~
   VITIS_LOOP_3055_9: 
D:\Git\Project\FPGA\ecg_fpga_project\solution1\.autopilot\db\ecg_trained_classifier.pp.0.cpp:17637:4: note: FIX-IT applied suggested code changes
D:\Git\Project\FPGA\ecg_fpga_project\solution1\.autopilot\db\ecg_trained_classifier.pp.0.cpp:17644:5: warning: Added loop label VITIS_LOOP_3062_10:   [xilinx-label-all-loops]
    for(int j = 25; j>=I_+12; j--) {
    ^~~
    VITIS_LOOP_3062_10: 
D:\Git\Project\FPGA\ecg_fpga_project\solution1\.autopilot\db\ecg_trained_classifier.pp.0.cpp:17644:5: note: FIX-IT applied suggested code changes
D:\Git\Project\FPGA\ecg_fpga_project\solution1\.autopilot\db\ecg_trained_classifier.pp.0.cpp:17648:5: warning: Added loop label VITIS_LOOP_3066_11:   [xilinx-label-all-loops]
    for(int j = I_+11; j>=0; j--) {
    ^~~
    VITIS_LOOP_3066_11: 
D:\Git\Project\FPGA\ecg_fpga_project\solution1\.autopilot\db\ecg_trained_classifier.pp.0.cpp:17648:5: note: FIX-IT applied suggested code changes
D:\Git\Project\FPGA\ecg_fpga_project\solution1\.autopilot\db\ecg_trained_classifier.pp.0.cpp:17663:3: warning: Added loop label VITIS_LOOP_3081_12:   [xilinx-label-all-loops]
  for(int j = 51; j >= 29; j--) {
  ^~~
  VITIS_LOOP_3081_12: 
D:\Git\Project\FPGA\ecg_fpga_project\solution1\.autopilot\db\ecg_trained_classifier.pp.0.cpp:17663:3: note: FIX-IT applied suggested code changes
D:\Git\Project\FPGA\ecg_fpga_project\solution1\.autopilot\db\ecg_trained_classifier.pp.0.cpp:17800:4: warning: Added loop label VITIS_LOOP_3218_13:   [xilinx-label-all-loops]
   for(int j = 51; j >= 25 + I_; j--) {
   ^~~
   VITIS_LOOP_3218_13: 
D:\Git\Project\FPGA\ecg_fpga_project\solution1\.autopilot\db\ecg_trained_classifier.pp.0.cpp:17800:4: note: FIX-IT applied suggested code changes
D:\Git\Project\FPGA\ecg_fpga_project\solution1\.autopilot\db\ecg_trained_classifier.pp.0.cpp:17807:5: warning: Added loop label VITIS_LOOP_3225_14:   [xilinx-label-all-loops]
    for(int j = 51; j>=25 + I_; j--) {
    ^~~
    VITIS_LOOP_3225_14: 
D:\Git\Project\FPGA\ecg_fpga_project\solution1\.autopilot\db\ecg_trained_classifier.pp.0.cpp:17807:5: note: FIX-IT applied suggested code changes
D:\Git\Project\FPGA\ecg_fpga_project\solution1\.autopilot\db\ecg_trained_classifier.pp.0.cpp:17811:5: warning: Added loop label VITIS_LOOP_3229_15:   [xilinx-label-all-loops]
    for(int j = 24 + I_; j >= 0; j--) {
    ^~~
    VITIS_LOOP_3229_15: 
D:\Git\Project\FPGA\ecg_fpga_project\solution1\.autopilot\db\ecg_trained_classifier.pp.0.cpp:17811:5: note: FIX-IT applied suggested code changes
D:\Git\Project\FPGA\ecg_fpga_project\solution1\.autopilot\db\ecg_trained_classifier.pp.0.cpp:17826:3: warning: Added loop label VITIS_LOOP_3244_16:   [xilinx-label-all-loops]
  for(int j = 63; j >= 36; j--) {
  ^~~
  VITIS_LOOP_3244_16: 
D:\Git\Project\FPGA\ecg_fpga_project\solution1\.autopilot\db\ecg_trained_classifier.pp.0.cpp:17826:3: note: FIX-IT applied suggested code changes
D:\Git\Project\FPGA\ecg_fpga_project\solution1\.autopilot\db\ecg_trained_classifier.pp.0.cpp:17986:4: warning: Added loop label VITIS_LOOP_3404_17:   [xilinx-label-all-loops]
   for(int j = 63; j >= 31 + I_; j--) {
   ^~~
   VITIS_LOOP_3404_17: 
D:\Git\Project\FPGA\ecg_fpga_project\solution1\.autopilot\db\ecg_trained_classifier.pp.0.cpp:17986:4: note: FIX-IT applied suggested code changes
D:\Git\Project\FPGA\ecg_fpga_project\solution1\.autopilot\db\ecg_trained_classifier.pp.0.cpp:17993:5: warning: Added loop label VITIS_LOOP_3411_18:   [xilinx-label-all-loops]
    for(int j = 63; j >= 31 + I_; j--) {
    ^~~
    VITIS_LOOP_3411_18: 
D:\Git\Project\FPGA\ecg_fpga_project\solution1\.autopilot\db\ecg_trained_classifier.pp.0.cpp:17993:5: note: FIX-IT applied suggested code changes
D:\Git\Project\FPGA\ecg_fpga_project\solution1\.autopilot\db\ecg_trained_classifier.pp.0.cpp:17997:5: warning: Added loop label VITIS_LOOP_3415_19:   [xilinx-label-all-loops]
    for(int j = 30 + I_; j >= 0; j--) {
    ^~~
    VITIS_LOOP_3415_19: 
D:\Git\Project\FPGA\ecg_fpga_project\solution1\.autopilot\db\ecg_trained_classifier.pp.0.cpp:17997:5: note: FIX-IT applied suggested code changes
D:\Git\Project\FPGA\ecg_fpga_project\solution1\.autopilot\db\ecg_trained_classifier.pp.0.cpp:18712:13: warning: Added loop label VITIS_LOOP_703_1:   [xilinx-label-all-loops]
            for (b_exp = I_-1; b_exp >= -F_; b_exp--) {
            ^~~
            VITIS_LOOP_703_1: 
D:\Git\Project\FPGA\ecg_fpga_project\solution1\.autopilot\db\ecg_trained_classifier.pp.0.cpp:18712:13: note: FIX-IT applied suggested code changes
D:\Git\Project\FPGA\ecg_fpga_project\solution1\.autopilot\db\ecg_trained_classifier.pp.0.cpp:18930:13: warning: Added loop label VITIS_LOOP_921_1:   [xilinx-label-all-loops]
            for (b_exp = I_-1; b_exp >= -F_; b_exp--) {
            ^~~
            VITIS_LOOP_921_1: 
D:\Git\Project\FPGA\ecg_fpga_project\solution1\.autopilot\db\ecg_trained_classifier.pp.0.cpp:18930:13: note: FIX-IT applied suggested code changes
D:\Git\Project\FPGA\ecg_fpga_project\solution1\.autopilot\db\ecg_trained_classifier.pp.0.cpp:19347:13: warning: Added loop label VITIS_LOOP_1345_1:   [xilinx-label-all-loops]
            for (b_exp = I_-1; b_exp >= -F_; b_exp--) {
            ^~~
            VITIS_LOOP_1345_1: 
D:\Git\Project\FPGA\ecg_fpga_project\solution1\.autopilot\db\ecg_trained_classifier.pp.0.cpp:19347:13: note: FIX-IT applied suggested code changes
D:\Git\Project\FPGA\ecg_fpga_project\solution1\.autopilot\db\ecg_trained_classifier.pp.0.cpp:19667:9: warning: Added loop label VITIS_LOOP_240_1:   [xilinx-label-all-loops]
        for ( int pos = msbr-1; pos >= 0; pos-- ) {
        ^~~
        VITIS_LOOP_240_1: 
D:\Git\Project\FPGA\ecg_fpga_project\solution1\.autopilot\db\ecg_trained_classifier.pp.0.cpp:19667:9: note: FIX-IT applied suggested code changes
D:\Git\Project\FPGA\ecg_fpga_project\solution1\.autopilot\db\ecg_trained_classifier.pp.0.cpp:19695:9: warning: Added loop label VITIS_LOOP_268_2:   [xilinx-label-all-loops]
        for ( int pos = -1; pos >= -F_-1; pos-- ) {
        ^~~
        VITIS_LOOP_268_2: 
D:\Git\Project\FPGA\ecg_fpga_project\solution1\.autopilot\db\ecg_trained_classifier.pp.0.cpp:19695:9: note: FIX-IT applied suggested code changes
D:\Git\Project\FPGA\ecg_fpga_project\solution1\.autopilot\db\ecg_trained_classifier.pp.0.cpp:20397:13: warning: Added loop label VITIS_LOOP_48_1:   [xilinx-label-all-loops]
            for (int j = 0; j < W_-1; j++){
            ^~~
            VITIS_LOOP_48_1: 
D:\Git\Project\FPGA\ecg_fpga_project\solution1\.autopilot\db\ecg_trained_classifier.pp.0.cpp:20397:13: note: FIX-IT applied suggested code changes
D:\Git\Project\FPGA\ecg_fpga_project\solution1\.autopilot\db\ecg_trained_classifier.pp.0.cpp:20450:5: warning: Added loop label VITIS_LOOP_109_2:   [xilinx-label-all-loops]
    for (int j = F_l+F_+I_m-1; j < F_l+W_+5; j++){
    ^~~
    VITIS_LOOP_109_2: 
D:\Git\Project\FPGA\ecg_fpga_project\solution1\.autopilot\db\ecg_trained_classifier.pp.0.cpp:20450:5: note: FIX-IT applied suggested code changes
D:\Git\Project\FPGA\ecg_fpga_project\solution1\.autopilot\db\ecg_trained_classifier.pp.0.cpp:20464:13: warning: Added loop label VITIS_LOOP_123_3:   [xilinx-label-all-loops]
            for (int j = WO_m-1; j >= W_-1; j--) {
            ^~~
            VITIS_LOOP_123_3: 
D:\Git\Project\FPGA\ecg_fpga_project\solution1\.autopilot\db\ecg_trained_classifier.pp.0.cpp:20464:13: note: FIX-IT applied suggested code changes
D:\Git\Project\FPGA\ecg_fpga_project\solution1\.autopilot\db\ecg_trained_classifier.pp.0.cpp:20494:13: warning: Added loop label VITIS_LOOP_153_4:   [xilinx-label-all-loops]
            for (int j = W_-2; j >= 0; j--){
            ^~~
            VITIS_LOOP_153_4: 
D:\Git\Project\FPGA\ecg_fpga_project\solution1\.autopilot\db\ecg_trained_classifier.pp.0.cpp:20494:13: note: FIX-IT applied suggested code changes
D:\Git\Project\FPGA\ecg_fpga_project\solution1\.autopilot\db\ecg_trained_classifier.pp.0.cpp:20579:12: warning: Added loop label VITIS_LOOP_281_1:   [xilinx-label-all-loops]
           for(int i = wf_log+we_log-2; i > WI_e - 2; --i) {
           ^~~
           VITIS_LOOP_281_1: 
D:\Git\Project\FPGA\ecg_fpga_project\solution1\.autopilot\db\ecg_trained_classifier.pp.0.cpp:20579:12: note: FIX-IT applied suggested code changes
D:\Git\Project\FPGA\ecg_fpga_project\solution1\.autopilot\db\ecg_trained_classifier.pp.0.cpp:20599:16: warning: Added loop label VITIS_LOOP_301_2:   [xilinx-label-all-loops]
               for (int j = WO_e-1; j >= W_-1; j--) {
               ^~~
               VITIS_LOOP_301_2: 
D:\Git\Project\FPGA\ecg_fpga_project\solution1\.autopilot\db\ecg_trained_classifier.pp.0.cpp:20599:16: note: FIX-IT applied suggested code changes
D:\Git\Project\FPGA\ecg_fpga_project\solution1\.autopilot\db\ecg_trained_classifier.pp.0.cpp:20613:20: warning: Added loop label VITIS_LOOP_315_3:   [xilinx-label-all-loops]
                   for(int i = 0; i < W_-1; ++i) {
                   ^~~
                   VITIS_LOOP_315_3: 
D:\Git\Project\FPGA\ecg_fpga_project\solution1\.autopilot\db\ecg_trained_classifier.pp.0.cpp:20613:20: note: FIX-IT applied suggested code changes
D:\Git\Project\FPGA\ecg_fpga_project\solution1\.autopilot\db\ecg_trained_classifier.pp.0.cpp:20706:12: warning: Added loop label VITIS_LOOP_433_1:   [xilinx-label-all-loops]
           for (int j =WO_d-1; j >= W_-1; j--) {
           ^~~
           VITIS_LOOP_433_1: 
D:\Git\Project\FPGA\ecg_fpga_project\solution1\.autopilot\db\ecg_trained_classifier.pp.0.cpp:20706:12: note: FIX-IT applied suggested code changes
D:\Git\Project\FPGA\ecg_fpga_project\solution1\.autopilot\db\ecg_trained_classifier.pp.0.cpp:20720:15: warning: Added loop label VITIS_LOOP_447_2:   [xilinx-label-all-loops]
              for(int i = 0; i < W_-1; ++i) {
              ^~~
              VITIS_LOOP_447_2: 
D:\Git\Project\FPGA\ecg_fpga_project\solution1\.autopilot\db\ecg_trained_classifier.pp.0.cpp:20720:15: note: FIX-IT applied suggested code changes
D:\Git\Project\FPGA\ecg_fpga_project\solution1\.autopilot\db\ecg_trained_classifier.pp.0.cpp:20840:13: warning: Added loop label VITIS_LOOP_33_1:   [xilinx-label-all-loops]
            for (int i = 0; i < W_-1; i++){
            ^~~
            VITIS_LOOP_33_1: 
D:\Git\Project\FPGA\ecg_fpga_project\solution1\.autopilot\db\ecg_trained_classifier.pp.0.cpp:20840:13: note: FIX-IT applied suggested code changes
D:\Git\Project\FPGA\ecg_fpga_project\solution1\.autopilot\db\ecg_trained_classifier.pp.0.cpp:20964:13: warning: Added loop label VITIS_LOOP_183_1:   [xilinx-label-all-loops]
            for (int i = 0; i < W_-1; i++){
            ^~~
            VITIS_LOOP_183_1: 
D:\Git\Project\FPGA\ecg_fpga_project\solution1\.autopilot\db\ecg_trained_classifier.pp.0.cpp:20964:13: note: FIX-IT applied suggested code changes
D:\Git\Project\FPGA\ecg_fpga_project\solution1\.autopilot\db\ecg_trained_classifier.pp.0.cpp:21019:13: warning: Added loop label VITIS_LOOP_248_1:   [xilinx-label-all-loops]
            for (int i = 0; i < W_-1; i++){
            ^~~
            VITIS_LOOP_248_1: 
D:\Git\Project\FPGA\ecg_fpga_project\solution1\.autopilot\db\ecg_trained_classifier.pp.0.cpp:21019:13: note: FIX-IT applied suggested code changes
D:\Git\Project\FPGA\ecg_fpga_project\solution1\.autopilot\db\ecg_trained_classifier.pp.0.cpp:21538:2: warning: Added loop label VITIS_LOOP_16_1:   [xilinx-label-all-loops]
 for (int i=0; i<W_;i++)
 ^~~
 VITIS_LOOP_16_1: 
D:\Git\Project\FPGA\ecg_fpga_project\solution1\.autopilot\db\ecg_trained_classifier.pp.0.cpp:21538:2: note: FIX-IT applied suggested code changes
D:\Git\Project\FPGA\ecg_fpga_project\solution1\.autopilot\db\ecg_trained_classifier.pp.0.cpp:21549:2: warning: Added loop label VITIS_LOOP_27_1:   [xilinx-label-all-loops]
 for (int i=0; i<W_;i++)
 ^~~
 VITIS_LOOP_27_1: 
D:\Git\Project\FPGA\ecg_fpga_project\solution1\.autopilot\db\ecg_trained_classifier.pp.0.cpp:21549:2: note: FIX-IT applied suggested code changes
D:\Git\Project\FPGA\ecg_fpga_project\solution1\.autopilot\db\ecg_trained_classifier.pp.0.cpp:21560:2: warning: Added loop label VITIS_LOOP_38_1:   [xilinx-label-all-loops]
 for (int i=0; i<I_;i++)
 ^~~
 VITIS_LOOP_38_1: 
D:\Git\Project\FPGA\ecg_fpga_project\solution1\.autopilot\db\ecg_trained_classifier.pp.0.cpp:21560:2: note: FIX-IT applied suggested code changes
D:\Git\Project\FPGA\ecg_fpga_project\solution1\.autopilot\db\ecg_trained_classifier.pp.0.cpp:21571:2: warning: Added loop label VITIS_LOOP_49_1:   [xilinx-label-all-loops]
 for (int i=0; i<I_;i++)
 ^~~
 VITIS_LOOP_49_1: 
D:\Git\Project\FPGA\ecg_fpga_project\solution1\.autopilot\db\ecg_trained_classifier.pp.0.cpp:21571:2: note: FIX-IT applied suggested code changes
D:\Git\Project\FPGA\ecg_fpga_project\solution1\.autopilot\db\ecg_trained_classifier.pp.0.cpp:21582:2: warning: Added loop label VITIS_LOOP_60_1:   [xilinx-label-all-loops]
 for (int i=0; i<W_;i++)
 ^~~
 VITIS_LOOP_60_1: 
D:\Git\Project\FPGA\ecg_fpga_project\solution1\.autopilot\db\ecg_trained_classifier.pp.0.cpp:21582:2: note: FIX-IT applied suggested code changes
D:\Git\Project\FPGA\ecg_fpga_project\solution1\.autopilot\db\ecg_trained_classifier.pp.0.cpp:21593:2: warning: Added loop label VITIS_LOOP_71_1:   [xilinx-label-all-loops]
 for (int i=0; i<W_;i++)
 ^~~
 VITIS_LOOP_71_1: 
D:\Git\Project\FPGA\ecg_fpga_project\solution1\.autopilot\db\ecg_trained_classifier.pp.0.cpp:21593:2: note: FIX-IT applied suggested code changes
D:\Git\Project\FPGA\ecg_fpga_project\solution1\.autopilot\db\ecg_trained_classifier.pp.0.cpp:21604:2: warning: Added loop label VITIS_LOOP_82_1:   [xilinx-label-all-loops]
 for (int i=0; i<I_;i++)
 ^~~
 VITIS_LOOP_82_1: 
D:\Git\Project\FPGA\ecg_fpga_project\solution1\.autopilot\db\ecg_trained_classifier.pp.0.cpp:21604:2: note: FIX-IT applied suggested code changes
D:\Git\Project\FPGA\ecg_fpga_project\solution1\.autopilot\db\ecg_trained_classifier.pp.0.cpp:21615:2: warning: Added loop label VITIS_LOOP_93_1:   [xilinx-label-all-loops]
 for (int i=0; i<I_;i++)
 ^~~
 VITIS_LOOP_93_1: 
D:\Git\Project\FPGA\ecg_fpga_project\solution1\.autopilot\db\ecg_trained_classifier.pp.0.cpp:21615:2: note: FIX-IT applied suggested code changes
D:\Git\Project\FPGA\ecg_fpga_project\solution1\.autopilot\db\ecg_trained_classifier.pp.0.cpp:23975:12: warning: Added loop label VITIS_LOOP_26_1:   [xilinx-label-all-loops]
           for(int i = 0; i < W_-1; ++i) {
           ^~~
           VITIS_LOOP_26_1: 
D:\Git\Project\FPGA\ecg_fpga_project\solution1\.autopilot\db\ecg_trained_classifier.pp.0.cpp:23975:12: note: FIX-IT applied suggested code changes
D:\Git\Project\FPGA\ecg_fpga_project\solution1\.autopilot\db\ecg_trained_classifier.pp.0.cpp:24039:7: warning: Added loop label VITIS_LOOP_40_1:   [xilinx-label-all-loops]
      for(int pos = msbr - 1 ; pos >= -F-1; pos--) {
      ^~~
      VITIS_LOOP_40_1: 
D:\Git\Project\FPGA\ecg_fpga_project\solution1\.autopilot\db\ecg_trained_classifier.pp.0.cpp:24039:7: note: FIX-IT applied suggested code changes
D:\Git\Project\FPGA\ecg_fpga_project\solution1\.autopilot\db\ecg_trained_classifier.pp.0.cpp:24156:9: warning: Added loop label VITIS_LOOP_49_1:   [xilinx-label-all-loops]
        for(int pos = msbr - 1; pos >= 0; pos--) {
        ^~~
        VITIS_LOOP_49_1: 
D:\Git\Project\FPGA\ecg_fpga_project\solution1\.autopilot\db\ecg_trained_classifier.pp.0.cpp:24156:9: note: FIX-IT applied suggested code changes
D:\Git\Project\FPGA\ecg_fpga_project\solution1\.autopilot\db\ecg_trained_classifier.pp.0.cpp:24181:5: warning: Added loop label VITIS_LOOP_81_2:   [xilinx-label-all-loops]
    for(int pos = -1; pos >= -F-1; pos--) {
    ^~~
    VITIS_LOOP_81_2: 
D:\Git\Project\FPGA\ecg_fpga_project\solution1\.autopilot\db\ecg_trained_classifier.pp.0.cpp:24181:5: note: FIX-IT applied suggested code changes
D:\Git\Project\FPGA\ecg_fpga_project\solution1\.autopilot\db\ecg_trained_classifier.pp.0.cpp:24251:8: warning: Added loop label VITIS_LOOP_169_3:   [xilinx-label-all-loops]
       for(int i = 0; i < W - 1; ++i) {
       ^~~
       VITIS_LOOP_169_3: 
D:\Git\Project\FPGA\ecg_fpga_project\solution1\.autopilot\db\ecg_trained_classifier.pp.0.cpp:24251:8: note: FIX-IT applied suggested code changes
D:\Git\Project\FPGA\ecg_fpga_project\solution1\.autopilot\db\ecg_trained_classifier.pp.0.cpp:28631:2: warning: Added loop label VITIS_LOOP_37_1:   [xilinx-label-all-loops]
 for(int i = 0; i < 128; i++) {
 ^~~
 VITIS_LOOP_37_1: 
D:\Git\Project\FPGA\ecg_fpga_project\solution1\.autopilot\db\ecg_trained_classifier.pp.0.cpp:28631:2: note: FIX-IT applied suggested code changes
D:\Git\Project\FPGA\ecg_fpga_project\solution1\.autopilot\db\ecg_trained_classifier.pp.0.cpp:28635:9: warning: Added loop label VITIS_LOOP_41_2:   [xilinx-label-all-loops]
        for(int j = 0; j < 46; j++) {
        ^~~
        VITIS_LOOP_41_2: 
D:\Git\Project\FPGA\ecg_fpga_project\solution1\.autopilot\db\ecg_trained_classifier.pp.0.cpp:28635:9: note: FIX-IT applied suggested code changes
D:\Git\Project\FPGA\ecg_fpga_project\solution1\.autopilot\db\ecg_trained_classifier.pp.0.cpp:28647:2: warning: Added loop label VITIS_LOOP_53_3:   [xilinx-label-all-loops]
 for(int i = 0; i < 64; i++) {
 ^~~
 VITIS_LOOP_53_3: 
D:\Git\Project\FPGA\ecg_fpga_project\solution1\.autopilot\db\ecg_trained_classifier.pp.0.cpp:28647:2: note: FIX-IT applied suggested code changes
D:\Git\Project\FPGA\ecg_fpga_project\solution1\.autopilot\db\ecg_trained_classifier.pp.0.cpp:28651:9: warning: Added loop label VITIS_LOOP_57_4:   [xilinx-label-all-loops]
        for(int j = 0; j < 128; j++) {
        ^~~
        VITIS_LOOP_57_4: 
D:\Git\Project\FPGA\ecg_fpga_project\solution1\.autopilot\db\ecg_trained_classifier.pp.0.cpp:28651:9: note: FIX-IT applied suggested code changes
D:\Git\Project\FPGA\ecg_fpga_project\solution1\.autopilot\db\ecg_trained_classifier.pp.0.cpp:28663:2: warning: Added loop label VITIS_LOOP_69_5:   [xilinx-label-all-loops]
 for(int i = 0; i < 32; i++) {
 ^~~
 VITIS_LOOP_69_5: 
D:\Git\Project\FPGA\ecg_fpga_project\solution1\.autopilot\db\ecg_trained_classifier.pp.0.cpp:28663:2: note: FIX-IT applied suggested code changes
D:\Git\Project\FPGA\ecg_fpga_project\solution1\.autopilot\db\ecg_trained_classifier.pp.0.cpp:28667:9: warning: Added loop label VITIS_LOOP_73_6:   [xilinx-label-all-loops]
        for(int j = 0; j < 64; j++) {
        ^~~
        VITIS_LOOP_73_6: 
D:\Git\Project\FPGA\ecg_fpga_project\solution1\.autopilot\db\ecg_trained_classifier.pp.0.cpp:28667:9: note: FIX-IT applied suggested code changes
D:\Git\Project\FPGA\ecg_fpga_project\solution1\.autopilot\db\ecg_trained_classifier.pp.0.cpp:28678:5: warning: Added loop label VITIS_LOOP_84_7:   [xilinx-label-all-loops]
    for(int i = 0; i < 6; i++) {
    ^~~
    VITIS_LOOP_84_7: 
D:\Git\Project\FPGA\ecg_fpga_project\solution1\.autopilot\db\ecg_trained_classifier.pp.0.cpp:28678:5: note: FIX-IT applied suggested code changes
D:\Git\Project\FPGA\ecg_fpga_project\solution1\.autopilot\db\ecg_trained_classifier.pp.0.cpp:28682:9: warning: Added loop label VITIS_LOOP_88_8:   [xilinx-label-all-loops]
        for(int j = 0; j < 32; j++) {
        ^~~
        VITIS_LOOP_88_8: 
D:\Git\Project\FPGA\ecg_fpga_project\solution1\.autopilot\db\ecg_trained_classifier.pp.0.cpp:28682:9: note: FIX-IT applied suggested code changes
D:\Git\Project\FPGA\ecg_fpga_project\solution1\.autopilot\db\ecg_trained_classifier.pp.0.cpp:28695:5: warning: Added loop label VITIS_LOOP_101_9:   [xilinx-label-all-loops]
    for(int i = 1; i < 6; i++) {
    ^~~
    VITIS_LOOP_101_9: 
D:\Git\Project\FPGA\ecg_fpga_project\solution1\.autopilot\db\ecg_trained_classifier.pp.0.cpp:28695:5: note: FIX-IT applied suggested code changes
