

================================================================
== Vitis HLS Report for 'ecg_classify_trained_Pipeline_VITIS_LOOP_73_67'
================================================================
* Date:           Wed Jul 16 22:38:40 2025

* Version:        2024.1.2 (Build 5096458 on Sep  5 2024)
* Project:        ecg_fpga_project
* Solution:       solution1 (Vivado IP Flow Target)
* Product family: zynq
* Target device:  xc7z020-clg400-1


================================================================
== Performance Estimates
================================================================
+ Timing: 
    * Summary: 
    +--------+----------+----------+------------+
    |  Clock |  Target  | Estimated| Uncertainty|
    +--------+----------+----------+------------+
    |ap_clk  |  10.00 ns|  5.748 ns|     2.70 ns|
    +--------+----------+----------+------------+

+ Latency: 
    * Summary: 
    +---------+---------+----------+----------+-----+-----+-----------------------------------------------+
    |  Latency (cycles) |  Latency (absolute) |  Interval |                    Pipeline                   |
    |   min   |   max   |    min   |    max   | min | max |                      Type                     |
    +---------+---------+----------+----------+-----+-----+-----------------------------------------------+
    |       74|       74|  0.740 us|  0.740 us|   65|   65|  loop auto-rewind stp(delay=0 clock cycles(s))|
    +---------+---------+----------+----------+-----+-----+-----------------------------------------------+

    + Detail: 
        * Instance: 
        N/A

        * Loop: 
        +-------------------+---------+---------+----------+-----------+-----------+------+----------+
        |                   |  Latency (cycles) | Iteration|  Initiation Interval  | Trip |          |
        |     Loop Name     |   min   |   max   |  Latency |  achieved |   target  | Count| Pipelined|
        +-------------------+---------+---------+----------+-----------+-----------+------+----------+
        |- VITIS_LOOP_73_6  |       72|       72|        10|          1|          1|    64|       yes|
        +-------------------+---------+---------+----------+-----------+-----------+------+----------+

============================================================
+ Verbose Summary: Synthesis Manager
============================================================
InlineROM: 1
ExposeGlobal: 0
============================================================
+ Verbose Summary: CDFG Model
============================================================
IsTopModel: 0
ResetActiveHigh: 1
IsCombinational: 0
IsDatapathOnly: 0
HasWiredReturn: 1
HasMFsm: 2
HasVarLatency: 1
IsPipeline: 0
IsRtlPipelined: 0
IsInstanceOverlapped: 0
IsDontTouch: 0
HasImplIP: 0
IsGatedGlobalClock: 0

+ Individual pipeline summary: 
  * Pipeline-0: initiation interval (II) = 1, depth = 10


============================================================
+ Verbose Summary: Schedule
============================================================
* Number of FSM states : 10
* Pipeline : 1
  Pipeline-0 : II = 1, D = 10, States = { 1 2 3 4 5 6 7 8 9 10 }
* Dataflow Pipeline: 0

* FSM state transitions: 
1 --> 2 
2 --> 3 
3 --> 4 
4 --> 5 
5 --> 6 
6 --> 7 
7 --> 8 
8 --> 9 
9 --> 10 
10 --> 

* FSM state operations: 

State 1 <SV = 0> <Delay = 5.04>
ST_1 : Operation 13 [1/1] (0.00ns)   --->   "%sum = alloca i32 1" [hls_source/ecg_trained_classifier.cpp:71]   --->   Operation 13 'alloca' 'sum' <Predicate = true> <Delay = 0.00>
ST_1 : Operation 14 [1/1] (0.00ns)   --->   "%j = alloca i32 1" [hls_source/ecg_trained_classifier.cpp:73]   --->   Operation 14 'alloca' 'j' <Predicate = true> <Delay = 0.00>
ST_1 : Operation 15 [1/1] (0.00ns)   --->   "%hidden2_63_read = read i16 @_ssdm_op_Read.ap_auto.i16, i16 %hidden2_63"   --->   Operation 15 'read' 'hidden2_63_read' <Predicate = true> <Delay = 0.00>
ST_1 : Operation 16 [1/1] (0.00ns)   --->   "%hidden2_62_read = read i16 @_ssdm_op_Read.ap_auto.i16, i16 %hidden2_62"   --->   Operation 16 'read' 'hidden2_62_read' <Predicate = true> <Delay = 0.00>
ST_1 : Operation 17 [1/1] (0.00ns)   --->   "%hidden2_61_read = read i16 @_ssdm_op_Read.ap_auto.i16, i16 %hidden2_61"   --->   Operation 17 'read' 'hidden2_61_read' <Predicate = true> <Delay = 0.00>
ST_1 : Operation 18 [1/1] (0.00ns)   --->   "%hidden2_60_read = read i16 @_ssdm_op_Read.ap_auto.i16, i16 %hidden2_60"   --->   Operation 18 'read' 'hidden2_60_read' <Predicate = true> <Delay = 0.00>
ST_1 : Operation 19 [1/1] (0.00ns)   --->   "%hidden2_59_read = read i16 @_ssdm_op_Read.ap_auto.i16, i16 %hidden2_59"   --->   Operation 19 'read' 'hidden2_59_read' <Predicate = true> <Delay = 0.00>
ST_1 : Operation 20 [1/1] (0.00ns)   --->   "%hidden2_58_read = read i16 @_ssdm_op_Read.ap_auto.i16, i16 %hidden2_58"   --->   Operation 20 'read' 'hidden2_58_read' <Predicate = true> <Delay = 0.00>
ST_1 : Operation 21 [1/1] (0.00ns)   --->   "%hidden2_57_read = read i16 @_ssdm_op_Read.ap_auto.i16, i16 %hidden2_57"   --->   Operation 21 'read' 'hidden2_57_read' <Predicate = true> <Delay = 0.00>
ST_1 : Operation 22 [1/1] (0.00ns)   --->   "%hidden2_56_read = read i16 @_ssdm_op_Read.ap_auto.i16, i16 %hidden2_56"   --->   Operation 22 'read' 'hidden2_56_read' <Predicate = true> <Delay = 0.00>
ST_1 : Operation 23 [1/1] (0.00ns)   --->   "%hidden2_55_read = read i16 @_ssdm_op_Read.ap_auto.i16, i16 %hidden2_55"   --->   Operation 23 'read' 'hidden2_55_read' <Predicate = true> <Delay = 0.00>
ST_1 : Operation 24 [1/1] (0.00ns)   --->   "%hidden2_54_read = read i16 @_ssdm_op_Read.ap_auto.i16, i16 %hidden2_54"   --->   Operation 24 'read' 'hidden2_54_read' <Predicate = true> <Delay = 0.00>
ST_1 : Operation 25 [1/1] (0.00ns)   --->   "%hidden2_53_read = read i16 @_ssdm_op_Read.ap_auto.i16, i16 %hidden2_53"   --->   Operation 25 'read' 'hidden2_53_read' <Predicate = true> <Delay = 0.00>
ST_1 : Operation 26 [1/1] (0.00ns)   --->   "%hidden2_52_read = read i16 @_ssdm_op_Read.ap_auto.i16, i16 %hidden2_52"   --->   Operation 26 'read' 'hidden2_52_read' <Predicate = true> <Delay = 0.00>
ST_1 : Operation 27 [1/1] (0.00ns)   --->   "%hidden2_51_read = read i16 @_ssdm_op_Read.ap_auto.i16, i16 %hidden2_51"   --->   Operation 27 'read' 'hidden2_51_read' <Predicate = true> <Delay = 0.00>
ST_1 : Operation 28 [1/1] (0.00ns)   --->   "%hidden2_50_read = read i16 @_ssdm_op_Read.ap_auto.i16, i16 %hidden2_50"   --->   Operation 28 'read' 'hidden2_50_read' <Predicate = true> <Delay = 0.00>
ST_1 : Operation 29 [1/1] (0.00ns)   --->   "%hidden2_49_read = read i16 @_ssdm_op_Read.ap_auto.i16, i16 %hidden2_49"   --->   Operation 29 'read' 'hidden2_49_read' <Predicate = true> <Delay = 0.00>
ST_1 : Operation 30 [1/1] (0.00ns)   --->   "%hidden2_48_read = read i16 @_ssdm_op_Read.ap_auto.i16, i16 %hidden2_48"   --->   Operation 30 'read' 'hidden2_48_read' <Predicate = true> <Delay = 0.00>
ST_1 : Operation 31 [1/1] (0.00ns)   --->   "%hidden2_47_read = read i16 @_ssdm_op_Read.ap_auto.i16, i16 %hidden2_47"   --->   Operation 31 'read' 'hidden2_47_read' <Predicate = true> <Delay = 0.00>
ST_1 : Operation 32 [1/1] (0.00ns)   --->   "%hidden2_46_read = read i16 @_ssdm_op_Read.ap_auto.i16, i16 %hidden2_46"   --->   Operation 32 'read' 'hidden2_46_read' <Predicate = true> <Delay = 0.00>
ST_1 : Operation 33 [1/1] (0.00ns)   --->   "%hidden2_45_read = read i16 @_ssdm_op_Read.ap_auto.i16, i16 %hidden2_45"   --->   Operation 33 'read' 'hidden2_45_read' <Predicate = true> <Delay = 0.00>
ST_1 : Operation 34 [1/1] (0.00ns)   --->   "%hidden2_44_read = read i16 @_ssdm_op_Read.ap_auto.i16, i16 %hidden2_44"   --->   Operation 34 'read' 'hidden2_44_read' <Predicate = true> <Delay = 0.00>
ST_1 : Operation 35 [1/1] (0.00ns)   --->   "%hidden2_43_read = read i16 @_ssdm_op_Read.ap_auto.i16, i16 %hidden2_43"   --->   Operation 35 'read' 'hidden2_43_read' <Predicate = true> <Delay = 0.00>
ST_1 : Operation 36 [1/1] (0.00ns)   --->   "%hidden2_42_read = read i16 @_ssdm_op_Read.ap_auto.i16, i16 %hidden2_42"   --->   Operation 36 'read' 'hidden2_42_read' <Predicate = true> <Delay = 0.00>
ST_1 : Operation 37 [1/1] (0.00ns)   --->   "%hidden2_41_read = read i16 @_ssdm_op_Read.ap_auto.i16, i16 %hidden2_41"   --->   Operation 37 'read' 'hidden2_41_read' <Predicate = true> <Delay = 0.00>
ST_1 : Operation 38 [1/1] (0.00ns)   --->   "%hidden2_40_read = read i16 @_ssdm_op_Read.ap_auto.i16, i16 %hidden2_40"   --->   Operation 38 'read' 'hidden2_40_read' <Predicate = true> <Delay = 0.00>
ST_1 : Operation 39 [1/1] (0.00ns)   --->   "%hidden2_39_read = read i16 @_ssdm_op_Read.ap_auto.i16, i16 %hidden2_39"   --->   Operation 39 'read' 'hidden2_39_read' <Predicate = true> <Delay = 0.00>
ST_1 : Operation 40 [1/1] (0.00ns)   --->   "%hidden2_38_read = read i16 @_ssdm_op_Read.ap_auto.i16, i16 %hidden2_38"   --->   Operation 40 'read' 'hidden2_38_read' <Predicate = true> <Delay = 0.00>
ST_1 : Operation 41 [1/1] (0.00ns)   --->   "%hidden2_37_read = read i16 @_ssdm_op_Read.ap_auto.i16, i16 %hidden2_37"   --->   Operation 41 'read' 'hidden2_37_read' <Predicate = true> <Delay = 0.00>
ST_1 : Operation 42 [1/1] (0.00ns)   --->   "%hidden2_36_read = read i16 @_ssdm_op_Read.ap_auto.i16, i16 %hidden2_36"   --->   Operation 42 'read' 'hidden2_36_read' <Predicate = true> <Delay = 0.00>
ST_1 : Operation 43 [1/1] (0.00ns)   --->   "%hidden2_35_read = read i16 @_ssdm_op_Read.ap_auto.i16, i16 %hidden2_35"   --->   Operation 43 'read' 'hidden2_35_read' <Predicate = true> <Delay = 0.00>
ST_1 : Operation 44 [1/1] (0.00ns)   --->   "%hidden2_34_read = read i16 @_ssdm_op_Read.ap_auto.i16, i16 %hidden2_34"   --->   Operation 44 'read' 'hidden2_34_read' <Predicate = true> <Delay = 0.00>
ST_1 : Operation 45 [1/1] (0.00ns)   --->   "%hidden2_33_read = read i16 @_ssdm_op_Read.ap_auto.i16, i16 %hidden2_33"   --->   Operation 45 'read' 'hidden2_33_read' <Predicate = true> <Delay = 0.00>
ST_1 : Operation 46 [1/1] (0.00ns)   --->   "%hidden2_32_read = read i16 @_ssdm_op_Read.ap_auto.i16, i16 %hidden2_32"   --->   Operation 46 'read' 'hidden2_32_read' <Predicate = true> <Delay = 0.00>
ST_1 : Operation 47 [1/1] (0.00ns)   --->   "%hidden2_31_read = read i16 @_ssdm_op_Read.ap_auto.i16, i16 %hidden2_31"   --->   Operation 47 'read' 'hidden2_31_read' <Predicate = true> <Delay = 0.00>
ST_1 : Operation 48 [1/1] (0.00ns)   --->   "%hidden2_30_read = read i16 @_ssdm_op_Read.ap_auto.i16, i16 %hidden2_30"   --->   Operation 48 'read' 'hidden2_30_read' <Predicate = true> <Delay = 0.00>
ST_1 : Operation 49 [1/1] (0.00ns)   --->   "%hidden2_29_read = read i16 @_ssdm_op_Read.ap_auto.i16, i16 %hidden2_29"   --->   Operation 49 'read' 'hidden2_29_read' <Predicate = true> <Delay = 0.00>
ST_1 : Operation 50 [1/1] (0.00ns)   --->   "%hidden2_28_read = read i16 @_ssdm_op_Read.ap_auto.i16, i16 %hidden2_28"   --->   Operation 50 'read' 'hidden2_28_read' <Predicate = true> <Delay = 0.00>
ST_1 : Operation 51 [1/1] (0.00ns)   --->   "%hidden2_27_read = read i16 @_ssdm_op_Read.ap_auto.i16, i16 %hidden2_27"   --->   Operation 51 'read' 'hidden2_27_read' <Predicate = true> <Delay = 0.00>
ST_1 : Operation 52 [1/1] (0.00ns)   --->   "%hidden2_26_read = read i16 @_ssdm_op_Read.ap_auto.i16, i16 %hidden2_26"   --->   Operation 52 'read' 'hidden2_26_read' <Predicate = true> <Delay = 0.00>
ST_1 : Operation 53 [1/1] (0.00ns)   --->   "%hidden2_25_read = read i16 @_ssdm_op_Read.ap_auto.i16, i16 %hidden2_25"   --->   Operation 53 'read' 'hidden2_25_read' <Predicate = true> <Delay = 0.00>
ST_1 : Operation 54 [1/1] (0.00ns)   --->   "%hidden2_24_read = read i16 @_ssdm_op_Read.ap_auto.i16, i16 %hidden2_24"   --->   Operation 54 'read' 'hidden2_24_read' <Predicate = true> <Delay = 0.00>
ST_1 : Operation 55 [1/1] (0.00ns)   --->   "%hidden2_23_read = read i16 @_ssdm_op_Read.ap_auto.i16, i16 %hidden2_23"   --->   Operation 55 'read' 'hidden2_23_read' <Predicate = true> <Delay = 0.00>
ST_1 : Operation 56 [1/1] (0.00ns)   --->   "%hidden2_22_read = read i16 @_ssdm_op_Read.ap_auto.i16, i16 %hidden2_22"   --->   Operation 56 'read' 'hidden2_22_read' <Predicate = true> <Delay = 0.00>
ST_1 : Operation 57 [1/1] (0.00ns)   --->   "%hidden2_21_read = read i16 @_ssdm_op_Read.ap_auto.i16, i16 %hidden2_21"   --->   Operation 57 'read' 'hidden2_21_read' <Predicate = true> <Delay = 0.00>
ST_1 : Operation 58 [1/1] (0.00ns)   --->   "%hidden2_20_read = read i16 @_ssdm_op_Read.ap_auto.i16, i16 %hidden2_20"   --->   Operation 58 'read' 'hidden2_20_read' <Predicate = true> <Delay = 0.00>
ST_1 : Operation 59 [1/1] (0.00ns)   --->   "%hidden2_19_read = read i16 @_ssdm_op_Read.ap_auto.i16, i16 %hidden2_19"   --->   Operation 59 'read' 'hidden2_19_read' <Predicate = true> <Delay = 0.00>
ST_1 : Operation 60 [1/1] (0.00ns)   --->   "%hidden2_18_read = read i16 @_ssdm_op_Read.ap_auto.i16, i16 %hidden2_18"   --->   Operation 60 'read' 'hidden2_18_read' <Predicate = true> <Delay = 0.00>
ST_1 : Operation 61 [1/1] (0.00ns)   --->   "%hidden2_17_read = read i16 @_ssdm_op_Read.ap_auto.i16, i16 %hidden2_17"   --->   Operation 61 'read' 'hidden2_17_read' <Predicate = true> <Delay = 0.00>
ST_1 : Operation 62 [1/1] (0.00ns)   --->   "%hidden2_16_read = read i16 @_ssdm_op_Read.ap_auto.i16, i16 %hidden2_16"   --->   Operation 62 'read' 'hidden2_16_read' <Predicate = true> <Delay = 0.00>
ST_1 : Operation 63 [1/1] (0.00ns)   --->   "%hidden2_15_read = read i16 @_ssdm_op_Read.ap_auto.i16, i16 %hidden2_15"   --->   Operation 63 'read' 'hidden2_15_read' <Predicate = true> <Delay = 0.00>
ST_1 : Operation 64 [1/1] (0.00ns)   --->   "%hidden2_14_read = read i16 @_ssdm_op_Read.ap_auto.i16, i16 %hidden2_14"   --->   Operation 64 'read' 'hidden2_14_read' <Predicate = true> <Delay = 0.00>
ST_1 : Operation 65 [1/1] (0.00ns)   --->   "%hidden2_13_read = read i16 @_ssdm_op_Read.ap_auto.i16, i16 %hidden2_13"   --->   Operation 65 'read' 'hidden2_13_read' <Predicate = true> <Delay = 0.00>
ST_1 : Operation 66 [1/1] (0.00ns)   --->   "%hidden2_12_read = read i16 @_ssdm_op_Read.ap_auto.i16, i16 %hidden2_12"   --->   Operation 66 'read' 'hidden2_12_read' <Predicate = true> <Delay = 0.00>
ST_1 : Operation 67 [1/1] (0.00ns)   --->   "%hidden2_11_read = read i16 @_ssdm_op_Read.ap_auto.i16, i16 %hidden2_11"   --->   Operation 67 'read' 'hidden2_11_read' <Predicate = true> <Delay = 0.00>
ST_1 : Operation 68 [1/1] (0.00ns)   --->   "%hidden2_10_read = read i16 @_ssdm_op_Read.ap_auto.i16, i16 %hidden2_10"   --->   Operation 68 'read' 'hidden2_10_read' <Predicate = true> <Delay = 0.00>
ST_1 : Operation 69 [1/1] (0.00ns)   --->   "%hidden2_9_read = read i16 @_ssdm_op_Read.ap_auto.i16, i16 %hidden2_9"   --->   Operation 69 'read' 'hidden2_9_read' <Predicate = true> <Delay = 0.00>
ST_1 : Operation 70 [1/1] (0.00ns)   --->   "%hidden2_8_read = read i16 @_ssdm_op_Read.ap_auto.i16, i16 %hidden2_8"   --->   Operation 70 'read' 'hidden2_8_read' <Predicate = true> <Delay = 0.00>
ST_1 : Operation 71 [1/1] (0.00ns)   --->   "%hidden2_7_read = read i16 @_ssdm_op_Read.ap_auto.i16, i16 %hidden2_7"   --->   Operation 71 'read' 'hidden2_7_read' <Predicate = true> <Delay = 0.00>
ST_1 : Operation 72 [1/1] (0.00ns)   --->   "%hidden2_6_read = read i16 @_ssdm_op_Read.ap_auto.i16, i16 %hidden2_6"   --->   Operation 72 'read' 'hidden2_6_read' <Predicate = true> <Delay = 0.00>
ST_1 : Operation 73 [1/1] (0.00ns)   --->   "%hidden2_5_read = read i16 @_ssdm_op_Read.ap_auto.i16, i16 %hidden2_5"   --->   Operation 73 'read' 'hidden2_5_read' <Predicate = true> <Delay = 0.00>
ST_1 : Operation 74 [1/1] (0.00ns)   --->   "%hidden2_4_read = read i16 @_ssdm_op_Read.ap_auto.i16, i16 %hidden2_4"   --->   Operation 74 'read' 'hidden2_4_read' <Predicate = true> <Delay = 0.00>
ST_1 : Operation 75 [1/1] (0.00ns)   --->   "%hidden2_3_read = read i16 @_ssdm_op_Read.ap_auto.i16, i16 %hidden2_3"   --->   Operation 75 'read' 'hidden2_3_read' <Predicate = true> <Delay = 0.00>
ST_1 : Operation 76 [1/1] (0.00ns)   --->   "%hidden2_2_read = read i16 @_ssdm_op_Read.ap_auto.i16, i16 %hidden2_2"   --->   Operation 76 'read' 'hidden2_2_read' <Predicate = true> <Delay = 0.00>
ST_1 : Operation 77 [1/1] (0.00ns)   --->   "%hidden2_1_read = read i16 @_ssdm_op_Read.ap_auto.i16, i16 %hidden2_1"   --->   Operation 77 'read' 'hidden2_1_read' <Predicate = true> <Delay = 0.00>
ST_1 : Operation 78 [1/1] (0.00ns)   --->   "%hidden2_read = read i16 @_ssdm_op_Read.ap_auto.i16, i16 %hidden2"   --->   Operation 78 'read' 'hidden2_read' <Predicate = true> <Delay = 0.00>
ST_1 : Operation 79 [1/1] (0.00ns)   --->   "%tmp_112_read = read i4 @_ssdm_op_Read.ap_auto.i4, i4 %tmp_112"   --->   Operation 79 'read' 'tmp_112_read' <Predicate = true> <Delay = 0.00>
ST_1 : Operation 80 [1/1] (0.00ns)   --->   "%sext_ln71_5_read = read i24 @_ssdm_op_Read.ap_auto.i24, i24 %sext_ln71_5"   --->   Operation 80 'read' 'sext_ln71_5_read' <Predicate = true> <Delay = 0.00>
ST_1 : Operation 81 [1/1] (0.00ns)   --->   "%sext_ln71_5_cast = sext i24 %sext_ln71_5_read"   --->   Operation 81 'sext' 'sext_ln71_5_cast' <Predicate = true> <Delay = 0.00>
ST_1 : Operation 82 [1/1] (1.58ns)   --->   "%store_ln73 = store i7 0, i7 %j" [hls_source/ecg_trained_classifier.cpp:73]   --->   Operation 82 'store' 'store_ln73' <Predicate = true> <Delay = 1.58>
ST_1 : Operation 83 [1/1] (1.58ns)   --->   "%store_ln71 = store i32 %sext_ln71_5_cast, i32 %sum" [hls_source/ecg_trained_classifier.cpp:71]   --->   Operation 83 'store' 'store_ln71' <Predicate = true> <Delay = 1.58>
ST_1 : Operation 84 [1/1] (0.00ns)   --->   "%br_ln0 = br void %for.body63.1"   --->   Operation 84 'br' 'br_ln0' <Predicate = true> <Delay = 0.00>
ST_1 : Operation 85 [1/1] (0.00ns)   --->   "%j_7 = load i7 %j" [hls_source/ecg_trained_classifier.cpp:73]   --->   Operation 85 'load' 'j_7' <Predicate = true> <Delay = 0.00>
ST_1 : Operation 86 [1/1] (1.87ns)   --->   "%icmp_ln73 = icmp_eq  i7 %j_7, i7 64" [hls_source/ecg_trained_classifier.cpp:73]   --->   Operation 86 'icmp' 'icmp_ln73' <Predicate = true> <Delay = 1.87> <CoreInst = "Cmp">   --->   Core 9 'Cmp' <Latency = 0> <II = 1> <Delay = 1.87> <FuncUnit> <Opcode : 'seteq' 'setne' 'setle' 'setge' 'setlt' 'setgt'> <InPorts = 2> <OutPorts = 1>
ST_1 : Operation 87 [1/1] (1.87ns)   --->   "%add_ln73 = add i7 %j_7, i7 1" [hls_source/ecg_trained_classifier.cpp:73]   --->   Operation 87 'add' 'add_ln73' <Predicate = true> <Delay = 1.87> <CoreInst = "Adder">   --->   Core 1 'Adder' <Latency = 0> <II = 1> <Delay = 1.87> <FuncUnit> <Opcode : 'add' 'sub'> <InPorts = 2> <OutPorts = 1>
ST_1 : Operation 88 [1/1] (0.00ns)   --->   "%br_ln73 = br i1 %icmp_ln73, void %for.body63.1.split_ifconv, void %for.end75.1_ifconv.exitStub" [hls_source/ecg_trained_classifier.cpp:73]   --->   Operation 88 'br' 'br_ln73' <Predicate = true> <Delay = 0.00>
ST_1 : Operation 89 [1/1] (0.00ns)   --->   "%trunc_ln73_3 = trunc i7 %j_7" [hls_source/ecg_trained_classifier.cpp:73]   --->   Operation 89 'trunc' 'trunc_ln73_3' <Predicate = (!icmp_ln73)> <Delay = 0.00>
ST_1 : Operation 90 [1/1] (0.00ns)   --->   "%add_ln75_4 = bitconcatenate i11 @_ssdm_op_BitConcatenate.i11.i6.i4.i1, i6 %trunc_ln73_3, i4 %tmp_112_read, i1 1" [hls_source/ecg_trained_classifier.cpp:75]   --->   Operation 90 'bitconcatenate' 'add_ln75_4' <Predicate = (!icmp_ln73)> <Delay = 0.00>
ST_1 : Operation 91 [1/1] (0.00ns)   --->   "%zext_ln75 = zext i11 %add_ln75_4" [hls_source/ecg_trained_classifier.cpp:75]   --->   Operation 91 'zext' 'zext_ln75' <Predicate = (!icmp_ln73)> <Delay = 0.00>
ST_1 : Operation 92 [1/1] (0.00ns)   --->   "%dense_2_weights_addr = getelementptr i32 %dense_2_weights, i64 0, i64 %zext_ln75" [hls_source/ecg_trained_classifier.cpp:75]   --->   Operation 92 'getelementptr' 'dense_2_weights_addr' <Predicate = (!icmp_ln73)> <Delay = 0.00>
ST_1 : Operation 93 [2/2] (3.25ns)   --->   "%dense_2_weights_load = load i11 %dense_2_weights_addr" [hls_source/ecg_trained_classifier.cpp:75]   --->   Operation 93 'load' 'dense_2_weights_load' <Predicate = (!icmp_ln73)> <Delay = 3.25> <CoreInst = "ROM">   --->   Core 94 'ROM' <Latency = 1> <II = 1> <Delay = 3.25> <Storage> <Opcode : 'load'> <Ports = 0> <Width = 32> <Depth = 2048> <ROM>
ST_1 : Operation 94 [1/1] (3.13ns)   --->   "%tmp_17 = sparsemux i16 @_ssdm_op_SparseMux.ap_auto.64i16.i16.i6, i6 0, i16 %hidden2_read, i6 1, i16 %hidden2_1_read, i6 2, i16 %hidden2_2_read, i6 3, i16 %hidden2_3_read, i6 4, i16 %hidden2_4_read, i6 5, i16 %hidden2_5_read, i6 6, i16 %hidden2_6_read, i6 7, i16 %hidden2_7_read, i6 8, i16 %hidden2_8_read, i6 9, i16 %hidden2_9_read, i6 10, i16 %hidden2_10_read, i6 11, i16 %hidden2_11_read, i6 12, i16 %hidden2_12_read, i6 13, i16 %hidden2_13_read, i6 14, i16 %hidden2_14_read, i6 15, i16 %hidden2_15_read, i6 16, i16 %hidden2_16_read, i6 17, i16 %hidden2_17_read, i6 18, i16 %hidden2_18_read, i6 19, i16 %hidden2_19_read, i6 20, i16 %hidden2_20_read, i6 21, i16 %hidden2_21_read, i6 22, i16 %hidden2_22_read, i6 23, i16 %hidden2_23_read, i6 24, i16 %hidden2_24_read, i6 25, i16 %hidden2_25_read, i6 26, i16 %hidden2_26_read, i6 27, i16 %hidden2_27_read, i6 28, i16 %hidden2_28_read, i6 29, i16 %hidden2_29_read, i6 30, i16 %hidden2_30_read, i6 31, i16 %hidden2_31_read, i6 32, i16 %hidden2_32_read, i6 33, i16 %hidden2_33_read, i6 34, i16 %hidden2_34_read, i6 35, i16 %hidden2_35_read, i6 36, i16 %hidden2_36_read, i6 37, i16 %hidden2_37_read, i6 38, i16 %hidden2_38_read, i6 39, i16 %hidden2_39_read, i6 40, i16 %hidden2_40_read, i6 41, i16 %hidden2_41_read, i6 42, i16 %hidden2_42_read, i6 43, i16 %hidden2_43_read, i6 44, i16 %hidden2_44_read, i6 45, i16 %hidden2_45_read, i6 46, i16 %hidden2_46_read, i6 47, i16 %hidden2_47_read, i6 48, i16 %hidden2_48_read, i6 49, i16 %hidden2_49_read, i6 50, i16 %hidden2_50_read, i6 51, i16 %hidden2_51_read, i6 52, i16 %hidden2_52_read, i6 53, i16 %hidden2_53_read, i6 54, i16 %hidden2_54_read, i6 55, i16 %hidden2_55_read, i6 56, i16 %hidden2_56_read, i6 57, i16 %hidden2_57_read, i6 58, i16 %hidden2_58_read, i6 59, i16 %hidden2_59_read, i6 60, i16 %hidden2_60_read, i6 61, i16 %hidden2_61_read, i6 62, i16 %hidden2_62_read, i6 63, i16 %hidden2_63_read, i16 0, i6 %trunc_ln73_3" [hls_source/ecg_trained_classifier.cpp:75]   --->   Operation 94 'sparsemux' 'tmp_17' <Predicate = (!icmp_ln73)> <Delay = 3.13> <CoreInst = "SparseMux">   --->   Core 132 'SparseMux' <Latency = 0> <II = 1> <Delay = 3.13> <FuncUnit> <Opcode : 'sparsemux'> <InPorts = 2> <OutPorts = 1>
ST_1 : Operation 95 [1/1] (1.58ns)   --->   "%store_ln73 = store i7 %add_ln73, i7 %j" [hls_source/ecg_trained_classifier.cpp:73]   --->   Operation 95 'store' 'store_ln73' <Predicate = (!icmp_ln73)> <Delay = 1.58>

State 2 <SV = 1> <Delay = 3.25>
ST_2 : Operation 96 [1/2] (3.25ns)   --->   "%dense_2_weights_load = load i11 %dense_2_weights_addr" [hls_source/ecg_trained_classifier.cpp:75]   --->   Operation 96 'load' 'dense_2_weights_load' <Predicate = (!icmp_ln73)> <Delay = 3.25> <CoreInst = "ROM">   --->   Core 94 'ROM' <Latency = 1> <II = 1> <Delay = 3.25> <Storage> <Opcode : 'load'> <Ports = 0> <Width = 32> <Depth = 2048> <ROM>

State 3 <SV = 2> <Delay = 4.43>
ST_3 : Operation 97 [2/2] (4.43ns)   --->   "%pf = fpext i32 %dense_2_weights_load" [hls_source/ecg_trained_classifier.cpp:75]   --->   Operation 97 'fpext' 'pf' <Predicate = (!icmp_ln73)> <Delay = 4.43> <CoreInst = "Float2Double">   --->   Core 64 'Float2Double' <Latency = 1> <II = 1> <Delay = 4.43> <FuncUnit> <Opcode : 'fpext'> <InPorts = 1> <OutPorts = 1>

State 4 <SV = 3> <Delay = 4.43>
ST_4 : Operation 98 [1/2] (4.43ns)   --->   "%pf = fpext i32 %dense_2_weights_load" [hls_source/ecg_trained_classifier.cpp:75]   --->   Operation 98 'fpext' 'pf' <Predicate = (!icmp_ln73)> <Delay = 4.43> <CoreInst = "Float2Double">   --->   Core 64 'Float2Double' <Latency = 1> <II = 1> <Delay = 4.43> <FuncUnit> <Opcode : 'fpext'> <InPorts = 1> <OutPorts = 1>
ST_4 : Operation 99 [1/1] (0.00ns)   --->   "%bitcast_ln716 = bitcast i64 %pf" [hls_source/ecg_trained_classifier.cpp:75]   --->   Operation 99 'bitcast' 'bitcast_ln716' <Predicate = (!icmp_ln73)> <Delay = 0.00>
ST_4 : Operation 100 [1/1] (0.00ns)   --->   "%trunc_ln75 = trunc i64 %bitcast_ln716" [hls_source/ecg_trained_classifier.cpp:75]   --->   Operation 100 'trunc' 'trunc_ln75' <Predicate = (!icmp_ln73)> <Delay = 0.00>
ST_4 : Operation 101 [1/1] (0.00ns)   --->   "%tmp = bitselect i1 @_ssdm_op_BitSelect.i1.i64.i32, i64 %bitcast_ln716, i32 63" [hls_source/ecg_trained_classifier.cpp:75]   --->   Operation 101 'bitselect' 'tmp' <Predicate = (!icmp_ln73)> <Delay = 0.00>
ST_4 : Operation 102 [1/1] (0.00ns)   --->   "%tmp_s = partselect i11 @_ssdm_op_PartSelect.i11.i64.i32.i32, i64 %bitcast_ln716, i32 52, i32 62" [hls_source/ecg_trained_classifier.cpp:75]   --->   Operation 102 'partselect' 'tmp_s' <Predicate = (!icmp_ln73)> <Delay = 0.00>
ST_4 : Operation 103 [1/1] (0.00ns)   --->   "%trunc_ln75_11 = trunc i64 %bitcast_ln716" [hls_source/ecg_trained_classifier.cpp:75]   --->   Operation 103 'trunc' 'trunc_ln75_11' <Predicate = (!icmp_ln73)> <Delay = 0.00>

State 5 <SV = 4> <Delay = 5.74>
ST_5 : Operation 104 [1/1] (0.00ns)   --->   "%zext_ln75_3 = zext i11 %tmp_s" [hls_source/ecg_trained_classifier.cpp:75]   --->   Operation 104 'zext' 'zext_ln75_3' <Predicate = (!icmp_ln73)> <Delay = 0.00>
ST_5 : Operation 105 [1/1] (0.00ns)   --->   "%zext_ln75_12_cast = bitconcatenate i53 @_ssdm_op_BitConcatenate.i53.i1.i52, i1 1, i52 %trunc_ln75_11" [hls_source/ecg_trained_classifier.cpp:75]   --->   Operation 105 'bitconcatenate' 'zext_ln75_12_cast' <Predicate = (!icmp_ln73)> <Delay = 0.00>
ST_5 : Operation 106 [1/1] (0.00ns)   --->   "%zext_ln75_9 = zext i53 %zext_ln75_12_cast" [hls_source/ecg_trained_classifier.cpp:75]   --->   Operation 106 'zext' 'zext_ln75_9' <Predicate = (!icmp_ln73)> <Delay = 0.00>
ST_5 : Operation 107 [1/1] (3.23ns)   --->   "%sub_ln75_3 = sub i54 0, i54 %zext_ln75_9" [hls_source/ecg_trained_classifier.cpp:75]   --->   Operation 107 'sub' 'sub_ln75_3' <Predicate = (!icmp_ln73 & tmp)> <Delay = 3.23> <CoreInst = "Adder">   --->   Core 1 'Adder' <Latency = 0> <II = 1> <Delay = 3.23> <FuncUnit> <Opcode : 'add' 'sub'> <InPorts = 2> <OutPorts = 1>
ST_5 : Operation 108 [1/1] (0.94ns)   --->   "%select_ln75_4 = select i1 %tmp, i54 %sub_ln75_3, i54 %zext_ln75_9" [hls_source/ecg_trained_classifier.cpp:75]   --->   Operation 108 'select' 'select_ln75_4' <Predicate = (!icmp_ln73)> <Delay = 0.94> <CoreInst = "Sel">   --->   Core 73 'Sel' <Latency = 0> <II = 1> <Delay = 0.94> <FuncUnit> <Opcode : 'select'> <InPorts = 3> <OutPorts = 1>
ST_5 : Operation 109 [1/1] (3.49ns)   --->   "%icmp_ln75_5 = icmp_eq  i63 %trunc_ln75, i63 0" [hls_source/ecg_trained_classifier.cpp:75]   --->   Operation 109 'icmp' 'icmp_ln75_5' <Predicate = (!icmp_ln73)> <Delay = 3.49> <CoreInst = "Cmp">   --->   Core 9 'Cmp' <Latency = 0> <II = 1> <Delay = 3.49> <FuncUnit> <Opcode : 'seteq' 'setne' 'setle' 'setge' 'setlt' 'setgt'> <InPorts = 2> <OutPorts = 1>
ST_5 : Operation 110 [1/1] (1.54ns)   --->   "%sub_ln75_4 = sub i12 1075, i12 %zext_ln75_3" [hls_source/ecg_trained_classifier.cpp:75]   --->   Operation 110 'sub' 'sub_ln75_4' <Predicate = (!icmp_ln73)> <Delay = 1.54> <CoreInst = "Adder">   --->   Core 1 'Adder' <Latency = 0> <II = 1> <Delay = 1.54> <FuncUnit> <Opcode : 'add' 'sub'> <InPorts = 2> <OutPorts = 1>
ST_5 : Operation 111 [1/1] (0.00ns)   --->   "%trunc_ln75_12 = trunc i12 %sub_ln75_4" [hls_source/ecg_trained_classifier.cpp:75]   --->   Operation 111 'trunc' 'trunc_ln75_12' <Predicate = (!icmp_ln73)> <Delay = 0.00>
ST_5 : Operation 112 [1/1] (1.54ns)   --->   "%icmp_ln75_6 = icmp_sgt  i12 %sub_ln75_4, i12 8" [hls_source/ecg_trained_classifier.cpp:75]   --->   Operation 112 'icmp' 'icmp_ln75_6' <Predicate = (!icmp_ln73)> <Delay = 1.54> <CoreInst = "Cmp">   --->   Core 9 'Cmp' <Latency = 0> <II = 1> <Delay = 1.54> <FuncUnit> <Opcode : 'seteq' 'setne' 'setle' 'setge' 'setlt' 'setgt'> <InPorts = 2> <OutPorts = 1>
ST_5 : Operation 113 [1/1] (1.63ns)   --->   "%add_ln75 = add i11 %trunc_ln75_12, i11 2040" [hls_source/ecg_trained_classifier.cpp:75]   --->   Operation 113 'add' 'add_ln75' <Predicate = (!icmp_ln73)> <Delay = 1.63> <CoreInst = "Adder">   --->   Core 1 'Adder' <Latency = 0> <II = 1> <Delay = 1.63> <FuncUnit> <Opcode : 'add' 'sub'> <InPorts = 2> <OutPorts = 1>
ST_5 : Operation 114 [1/1] (1.63ns)   --->   "%sub_ln75 = sub i11 8, i11 %trunc_ln75_12" [hls_source/ecg_trained_classifier.cpp:75]   --->   Operation 114 'sub' 'sub_ln75' <Predicate = (!icmp_ln73)> <Delay = 1.63> <CoreInst = "Adder">   --->   Core 1 'Adder' <Latency = 0> <II = 1> <Delay = 1.63> <FuncUnit> <Opcode : 'add' 'sub'> <InPorts = 2> <OutPorts = 1>
ST_5 : Operation 115 [1/1] (0.69ns)   --->   "%select_ln75_5 = select i1 %icmp_ln75_6, i11 %add_ln75, i11 %sub_ln75" [hls_source/ecg_trained_classifier.cpp:75]   --->   Operation 115 'select' 'select_ln75_5' <Predicate = (!icmp_ln73)> <Delay = 0.69> <CoreInst = "Sel">   --->   Core 73 'Sel' <Latency = 0> <II = 1> <Delay = 0.69> <FuncUnit> <Opcode : 'select'> <InPorts = 3> <OutPorts = 1>
ST_5 : Operation 116 [1/1] (1.54ns)   --->   "%icmp_ln75_7 = icmp_eq  i12 %sub_ln75_4, i12 8" [hls_source/ecg_trained_classifier.cpp:75]   --->   Operation 116 'icmp' 'icmp_ln75_7' <Predicate = (!icmp_ln73)> <Delay = 1.54> <CoreInst = "Cmp">   --->   Core 9 'Cmp' <Latency = 0> <II = 1> <Delay = 1.54> <FuncUnit> <Opcode : 'seteq' 'setne' 'setle' 'setge' 'setlt' 'setgt'> <InPorts = 2> <OutPorts = 1>
ST_5 : Operation 117 [1/1] (0.00ns)   --->   "%trunc_ln75_13 = trunc i54 %select_ln75_4" [hls_source/ecg_trained_classifier.cpp:75]   --->   Operation 117 'trunc' 'trunc_ln75_13' <Predicate = (!icmp_ln73)> <Delay = 0.00>
ST_5 : Operation 118 [1/1] (0.00ns)   --->   "%tmp_16 = partselect i7 @_ssdm_op_PartSelect.i7.i11.i32.i32, i11 %select_ln75_5, i32 4, i32 10" [hls_source/ecg_trained_classifier.cpp:75]   --->   Operation 118 'partselect' 'tmp_16' <Predicate = (!icmp_ln73)> <Delay = 0.00>
ST_5 : Operation 119 [1/1] (1.87ns)   --->   "%icmp_ln75 = icmp_eq  i7 %tmp_16, i7 0" [hls_source/ecg_trained_classifier.cpp:75]   --->   Operation 119 'icmp' 'icmp_ln75' <Predicate = (!icmp_ln73)> <Delay = 1.87> <CoreInst = "Cmp">   --->   Core 9 'Cmp' <Latency = 0> <II = 1> <Delay = 1.87> <FuncUnit> <Opcode : 'seteq' 'setne' 'setle' 'setge' 'setlt' 'setgt'> <InPorts = 2> <OutPorts = 1>

State 6 <SV = 5> <Delay = 5.60>
ST_6 : Operation 120 [1/1] (1.63ns)   --->   "%icmp_ln75_8 = icmp_ult  i11 %select_ln75_5, i11 54" [hls_source/ecg_trained_classifier.cpp:75]   --->   Operation 120 'icmp' 'icmp_ln75_8' <Predicate = (!icmp_ln73)> <Delay = 1.63> <CoreInst = "Cmp">   --->   Core 9 'Cmp' <Latency = 0> <II = 1> <Delay = 1.63> <FuncUnit> <Opcode : 'seteq' 'setne' 'setle' 'setge' 'setlt' 'setgt'> <InPorts = 2> <OutPorts = 1>
ST_6 : Operation 121 [1/1] (0.00ns)   --->   "%zext_ln75_5 = zext i11 %select_ln75_5" [hls_source/ecg_trained_classifier.cpp:75]   --->   Operation 121 'zext' 'zext_ln75_5' <Predicate = (!icmp_ln73)> <Delay = 0.00>
ST_6 : Operation 122 [1/1] (4.61ns)   --->   "%ashr_ln75 = ashr i54 %select_ln75_4, i54 %zext_ln75_5" [hls_source/ecg_trained_classifier.cpp:75]   --->   Operation 122 'ashr' 'ashr_ln75' <Predicate = (!icmp_ln73)> <Delay = 4.61> <CoreInst = "Shifter">   --->   Core 75 'Shifter' <Latency = 0> <II = 1> <Delay = 4.61> <FuncUnit> <Opcode : 'shl' 'lshr' 'ashr'> <InPorts = 2> <OutPorts = 1>
ST_6 : Operation 123 [1/1] (0.00ns) (grouped into LUT with out node select_ln75_6)   --->   "%trunc_ln75_14 = trunc i54 %ashr_ln75" [hls_source/ecg_trained_classifier.cpp:75]   --->   Operation 123 'trunc' 'trunc_ln75_14' <Predicate = (!icmp_ln73)> <Delay = 0.00>
ST_6 : Operation 124 [1/1] (0.00ns) (grouped into LUT with out node select_ln75_6)   --->   "%select_ln75 = select i1 %tmp, i16 65535, i16 0" [hls_source/ecg_trained_classifier.cpp:75]   --->   Operation 124 'select' 'select_ln75' <Predicate = (!icmp_ln73)> <Delay = 0.00> <CoreInst = "Sel">   --->   Core 73 'Sel' <Latency = 0> <II = 1> <Delay = 0.99> <FuncUnit> <Opcode : 'select'> <InPorts = 3> <OutPorts = 1>
ST_6 : Operation 125 [1/1] (0.99ns) (out node of the LUT)   --->   "%select_ln75_6 = select i1 %icmp_ln75_8, i16 %trunc_ln75_14, i16 %select_ln75" [hls_source/ecg_trained_classifier.cpp:75]   --->   Operation 125 'select' 'select_ln75_6' <Predicate = (!icmp_ln73)> <Delay = 0.99> <CoreInst = "Sel">   --->   Core 73 'Sel' <Latency = 0> <II = 1> <Delay = 0.80> <FuncUnit> <Opcode : 'select'> <InPorts = 3> <OutPorts = 1>
ST_6 : Operation 126 [1/1] (0.00ns)   --->   "%select_ln75_5cast = zext i11 %select_ln75_5" [hls_source/ecg_trained_classifier.cpp:75]   --->   Operation 126 'zext' 'select_ln75_5cast' <Predicate = (!icmp_ln73 & icmp_ln75)> <Delay = 0.00>
ST_6 : Operation 127 [1/1] (3.98ns)   --->   "%shl_ln75 = shl i16 %trunc_ln75_13, i16 %select_ln75_5cast" [hls_source/ecg_trained_classifier.cpp:75]   --->   Operation 127 'shl' 'shl_ln75' <Predicate = (!icmp_ln73 & icmp_ln75)> <Delay = 3.98> <CoreInst = "Shifter">   --->   Core 75 'Shifter' <Latency = 0> <II = 1> <Delay = 3.98> <FuncUnit> <Opcode : 'shl' 'lshr' 'ashr'> <InPorts = 2> <OutPorts = 1>
ST_6 : Operation 128 [1/1] (0.80ns)   --->   "%select_ln75_7 = select i1 %icmp_ln75, i16 %shl_ln75, i16 0" [hls_source/ecg_trained_classifier.cpp:75]   --->   Operation 128 'select' 'select_ln75_7' <Predicate = (!icmp_ln73)> <Delay = 0.80> <CoreInst = "Sel">   --->   Core 73 'Sel' <Latency = 0> <II = 1> <Delay = 0.80> <FuncUnit> <Opcode : 'select'> <InPorts = 3> <OutPorts = 1>

State 7 <SV = 6> <Delay = 3.73>
ST_7 : Operation 129 [1/1] (0.00ns) (grouped into LUT with out node and_ln75_2)   --->   "%xor_ln75_2 = xor i1 %icmp_ln75_5, i1 1" [hls_source/ecg_trained_classifier.cpp:75]   --->   Operation 129 'xor' 'xor_ln75_2' <Predicate = (!icmp_ln73)> <Delay = 0.00> <CoreInst = "LogicGate">   --->   Core 74 'LogicGate' <Latency = 0> <II = 1> <Delay = 0.97> <FuncUnit> <Opcode : 'and' 'or' 'xor'> <InPorts = 2> <OutPorts = 1>
ST_7 : Operation 130 [1/1] (0.97ns) (out node of the LUT)   --->   "%and_ln75_2 = and i1 %icmp_ln75_7, i1 %xor_ln75_2" [hls_source/ecg_trained_classifier.cpp:75]   --->   Operation 130 'and' 'and_ln75_2' <Predicate = (!icmp_ln73)> <Delay = 0.97> <CoreInst = "LogicGate">   --->   Core 74 'LogicGate' <Latency = 0> <II = 1> <Delay = 0.97> <FuncUnit> <Opcode : 'and' 'or' 'xor'> <InPorts = 2> <OutPorts = 1>
ST_7 : Operation 131 [1/1] (0.00ns) (grouped into LUT with out node and_ln75)   --->   "%or_ln75 = or i1 %icmp_ln75_5, i1 %icmp_ln75_7" [hls_source/ecg_trained_classifier.cpp:75]   --->   Operation 131 'or' 'or_ln75' <Predicate = (!icmp_ln73)> <Delay = 0.00> <CoreInst = "LogicGate">   --->   Core 74 'LogicGate' <Latency = 0> <II = 1> <Delay = 0.97> <FuncUnit> <Opcode : 'and' 'or' 'xor'> <InPorts = 2> <OutPorts = 1>
ST_7 : Operation 132 [1/1] (0.00ns) (grouped into LUT with out node and_ln75)   --->   "%xor_ln75 = xor i1 %or_ln75, i1 1" [hls_source/ecg_trained_classifier.cpp:75]   --->   Operation 132 'xor' 'xor_ln75' <Predicate = (!icmp_ln73)> <Delay = 0.00> <CoreInst = "LogicGate">   --->   Core 74 'LogicGate' <Latency = 0> <II = 1> <Delay = 0.97> <FuncUnit> <Opcode : 'and' 'or' 'xor'> <InPorts = 2> <OutPorts = 1>
ST_7 : Operation 133 [1/1] (0.97ns) (out node of the LUT)   --->   "%and_ln75 = and i1 %icmp_ln75_6, i1 %xor_ln75" [hls_source/ecg_trained_classifier.cpp:75]   --->   Operation 133 'and' 'and_ln75' <Predicate = (!icmp_ln73)> <Delay = 0.97> <CoreInst = "LogicGate">   --->   Core 74 'LogicGate' <Latency = 0> <II = 1> <Delay = 0.97> <FuncUnit> <Opcode : 'and' 'or' 'xor'> <InPorts = 2> <OutPorts = 1>
ST_7 : Operation 134 [1/1] (0.00ns)   --->   "%sel_tmp9 = bitconcatenate i3 @_ssdm_op_BitConcatenate.i3.i1.i1.i1, i1 %icmp_ln75_5, i1 %and_ln75_2, i1 %and_ln75" [hls_source/ecg_trained_classifier.cpp:75]   --->   Operation 134 'bitconcatenate' 'sel_tmp9' <Predicate = (!icmp_ln73)> <Delay = 0.00>
ST_7 : Operation 135 [1/1] (1.70ns)   --->   "%ref_tmp_i_i274_9 = sparsemux i16 @_ssdm_op_SparseMux.ap_auto.4i16.i16.i3, i3 4, i16 0, i3 2, i16 %trunc_ln75_13, i3 1, i16 %select_ln75_6, i3 0, i16 %select_ln75_7, i16 0, i3 %sel_tmp9" [hls_source/ecg_trained_classifier.cpp:75]   --->   Operation 135 'sparsemux' 'ref_tmp_i_i274_9' <Predicate = (!icmp_ln73)> <Delay = 1.70> <CoreInst = "SparseMux">   --->   Core 132 'SparseMux' <Latency = 0> <II = 1> <Delay = 1.70> <FuncUnit> <Opcode : 'sparsemux'> <InPorts = 2> <OutPorts = 1>
ST_7 : Operation 136 [1/1] (0.00ns)   --->   "%sext_ln75_5 = sext i16 %tmp_17" [hls_source/ecg_trained_classifier.cpp:75]   --->   Operation 136 'sext' 'sext_ln75_5' <Predicate = (!icmp_ln73)> <Delay = 0.00>
ST_7 : Operation 137 [1/1] (0.00ns)   --->   "%sext_ln75_6 = sext i16 %ref_tmp_i_i274_9" [hls_source/ecg_trained_classifier.cpp:75]   --->   Operation 137 'sext' 'sext_ln75_6' <Predicate = (!icmp_ln73)> <Delay = 0.00>
ST_7 : Operation 138 [3/3] (1.05ns) (grouped into DSP with root node sum_17)   --->   "%mul_ln75 = mul i32 %sext_ln75_5, i32 %sext_ln75_6" [hls_source/ecg_trained_classifier.cpp:75]   --->   Operation 138 'mul' 'mul_ln75' <Predicate = (!icmp_ln73)> <Delay = 1.05> <CoreInst = "DSP48">   --->   Core 116 'DSP48' <Latency = 3> <II = 1> <Delay = 2.15> <IPBlock> <Opcode : '' 'add' 'sub' 'mul' 'select'> <InPorts = 0> <OutPorts = 1> <Sync> <CReg>

State 8 <SV = 7> <Delay = 1.05>
ST_8 : Operation 139 [2/3] (1.05ns) (grouped into DSP with root node sum_17)   --->   "%mul_ln75 = mul i32 %sext_ln75_5, i32 %sext_ln75_6" [hls_source/ecg_trained_classifier.cpp:75]   --->   Operation 139 'mul' 'mul_ln75' <Predicate = (!icmp_ln73)> <Delay = 1.05> <CoreInst = "DSP48">   --->   Core 116 'DSP48' <Latency = 3> <II = 1> <Delay = 2.15> <IPBlock> <Opcode : '' 'add' 'sub' 'mul' 'select'> <InPorts = 0> <OutPorts = 1> <Sync> <CReg>

State 9 <SV = 8> <Delay = 2.10>
ST_9 : Operation 140 [1/1] (0.00ns)   --->   "%sum_16 = load i32 %sum" [hls_source/ecg_trained_classifier.cpp:73]   --->   Operation 140 'load' 'sum_16' <Predicate = true> <Delay = 0.00>
ST_9 : Operation 141 [1/1] (0.00ns)   --->   "%trunc_ln73 = trunc i32 %sum_16" [hls_source/ecg_trained_classifier.cpp:73]   --->   Operation 141 'trunc' 'trunc_ln73' <Predicate = true> <Delay = 0.00>
ST_9 : Operation 142 [1/3] (0.00ns) (grouped into DSP with root node sum_17)   --->   "%mul_ln75 = mul i32 %sext_ln75_5, i32 %sext_ln75_6" [hls_source/ecg_trained_classifier.cpp:75]   --->   Operation 142 'mul' 'mul_ln75' <Predicate = (!icmp_ln73)> <Delay = 0.00> <CoreInst = "DSP48">   --->   Core 116 'DSP48' <Latency = 3> <II = 1> <Delay = 2.15> <IPBlock> <Opcode : '' 'add' 'sub' 'mul' 'select'> <InPorts = 0> <OutPorts = 1> <Sync> <CReg>
ST_9 : Operation 143 [2/2] (2.10ns) (root node of the DSP)   --->   "%sum_17 = add i32 %mul_ln75, i32 %sum_16" [hls_source/ecg_trained_classifier.cpp:75]   --->   Operation 143 'add' 'sum_17' <Predicate = (!icmp_ln73)> <Delay = 2.10> <CoreInst = "DSP48">   --->   Core 116 'DSP48' <Latency = 3> <II = 1> <Delay = 2.15> <IPBlock> <Opcode : '' 'add' 'sub' 'mul' 'select'> <InPorts = 0> <OutPorts = 1> <Sync> <CReg>
ST_9 : Operation 150 [1/1] (0.00ns)   --->   "%write_ln73 = write void @_ssdm_op_Write.ap_auto.i24P0A, i24 %sum_26_out, i24 %trunc_ln73" [hls_source/ecg_trained_classifier.cpp:73]   --->   Operation 150 'write' 'write_ln73' <Predicate = (icmp_ln73)> <Delay = 0.00>
ST_9 : Operation 151 [1/1] (1.58ns)   --->   "%ret_ln0 = ret"   --->   Operation 151 'ret' 'ret_ln0' <Predicate = (icmp_ln73)> <Delay = 1.58>

State 10 <SV = 9> <Delay = 3.68>
ST_10 : Operation 144 [1/1] (0.00ns)   --->   "%specpipeline_ln74 = specpipeline void @_ssdm_op_SpecPipeline, i32 4294967295, i32 0, i32 0, i32 0, void @empty_0" [hls_source/ecg_trained_classifier.cpp:74]   --->   Operation 144 'specpipeline' 'specpipeline_ln74' <Predicate = true> <Delay = 0.00>
ST_10 : Operation 145 [1/1] (0.00ns)   --->   "%speclooptripcount_ln71 = speclooptripcount void @_ssdm_op_SpecLoopTripCount, i64 64, i64 64, i64 64" [hls_source/ecg_trained_classifier.cpp:71]   --->   Operation 145 'speclooptripcount' 'speclooptripcount_ln71' <Predicate = true> <Delay = 0.00>
ST_10 : Operation 146 [1/1] (0.00ns)   --->   "%specloopname_ln73 = specloopname void @_ssdm_op_SpecLoopName, void @empty_15" [hls_source/ecg_trained_classifier.cpp:73]   --->   Operation 146 'specloopname' 'specloopname_ln73' <Predicate = true> <Delay = 0.00>
ST_10 : Operation 147 [1/2] (2.10ns) (root node of the DSP)   --->   "%sum_17 = add i32 %mul_ln75, i32 %sum_16" [hls_source/ecg_trained_classifier.cpp:75]   --->   Operation 147 'add' 'sum_17' <Predicate = true> <Delay = 2.10> <CoreInst = "DSP48">   --->   Core 116 'DSP48' <Latency = 3> <II = 1> <Delay = 2.15> <IPBlock> <Opcode : '' 'add' 'sub' 'mul' 'select'> <InPorts = 0> <OutPorts = 1> <Sync> <CReg>
ST_10 : Operation 148 [1/1] (1.58ns)   --->   "%store_ln71 = store i32 %sum_17, i32 %sum" [hls_source/ecg_trained_classifier.cpp:71]   --->   Operation 148 'store' 'store_ln71' <Predicate = true> <Delay = 1.58>
ST_10 : Operation 149 [1/1] (0.00ns)   --->   "%br_ln73 = br void %for.body63.1" [hls_source/ecg_trained_classifier.cpp:73]   --->   Operation 149 'br' 'br_ln73' <Predicate = true> <Delay = 0.00>


============================================================
+ Verbose Summary: Timing violations
============================================================
Target clock period: 10.000ns, clock uncertainty: 2.700ns.

 <State 1>: 5.046ns
The critical path consists of the following:
	'store' operation 0 bit ('store_ln73', hls_source/ecg_trained_classifier.cpp:73) of constant 0 on local variable 'j', hls_source/ecg_trained_classifier.cpp:73 [138]  (1.588 ns)
	'load' operation 7 bit ('j', hls_source/ecg_trained_classifier.cpp:73) on local variable 'j', hls_source/ecg_trained_classifier.cpp:73 [143]  (0.000 ns)
	'icmp' operation 1 bit ('icmp_ln73', hls_source/ecg_trained_classifier.cpp:73) [145]  (1.870 ns)
	'store' operation 0 bit ('store_ln73', hls_source/ecg_trained_classifier.cpp:73) of variable 'add_ln73', hls_source/ecg_trained_classifier.cpp:73 on local variable 'j', hls_source/ecg_trained_classifier.cpp:73 [200]  (1.588 ns)

 <State 2>: 3.254ns
The critical path consists of the following:
	'load' operation 32 bit ('dense_2_weights_load', hls_source/ecg_trained_classifier.cpp:75) on array 'dense_2_weights' [156]  (3.254 ns)

 <State 3>: 4.436ns
The critical path consists of the following:
	'fpext' operation 64 bit ('pf', hls_source/ecg_trained_classifier.cpp:75) [157]  (4.436 ns)

 <State 4>: 4.436ns
The critical path consists of the following:
	'fpext' operation 64 bit ('pf', hls_source/ecg_trained_classifier.cpp:75) [157]  (4.436 ns)

 <State 5>: 5.748ns
The critical path consists of the following:
	'sub' operation 12 bit ('sub_ln75_4', hls_source/ecg_trained_classifier.cpp:75) [169]  (1.547 ns)
	'add' operation 11 bit ('add_ln75', hls_source/ecg_trained_classifier.cpp:75) [172]  (1.639 ns)
	'select' operation 11 bit ('select_ln75_5', hls_source/ecg_trained_classifier.cpp:75) [174]  (0.692 ns)
	'icmp' operation 1 bit ('icmp_ln75', hls_source/ecg_trained_classifier.cpp:75) [184]  (1.870 ns)

 <State 6>: 5.605ns
The critical path consists of the following:
	'ashr' operation 54 bit ('ashr_ln75', hls_source/ecg_trained_classifier.cpp:75) [179]  (4.612 ns)
	'select' operation 16 bit ('select_ln75_6', hls_source/ecg_trained_classifier.cpp:75) [182]  (0.993 ns)

 <State 7>: 3.735ns
The critical path consists of the following:
	'xor' operation 1 bit ('xor_ln75_2', hls_source/ecg_trained_classifier.cpp:75) [188]  (0.000 ns)
	'and' operation 1 bit ('and_ln75_2', hls_source/ecg_trained_classifier.cpp:75) [189]  (0.978 ns)
	'sparsemux' operation 16 bit ('ref_tmp_i_i274_9', hls_source/ecg_trained_classifier.cpp:75) [194]  (1.707 ns)
	'mul' operation 32 bit of DSP[199] ('mul_ln75', hls_source/ecg_trained_classifier.cpp:75) [198]  (1.050 ns)

 <State 8>: 1.050ns
The critical path consists of the following:
	'mul' operation 32 bit of DSP[199] ('mul_ln75', hls_source/ecg_trained_classifier.cpp:75) [198]  (1.050 ns)

 <State 9>: 2.100ns
The critical path consists of the following:
	'load' operation 32 bit ('sum', hls_source/ecg_trained_classifier.cpp:73) on local variable 'sum', hls_source/ecg_trained_classifier.cpp:71 [142]  (0.000 ns)
	'add' operation 32 bit of DSP[199] ('sum', hls_source/ecg_trained_classifier.cpp:75) [199]  (2.100 ns)

 <State 10>: 3.688ns
The critical path consists of the following:
	'add' operation 32 bit of DSP[199] ('sum', hls_source/ecg_trained_classifier.cpp:75) [199]  (2.100 ns)
	'store' operation 0 bit ('store_ln71', hls_source/ecg_trained_classifier.cpp:71) of variable 'sum', hls_source/ecg_trained_classifier.cpp:75 on local variable 'sum', hls_source/ecg_trained_classifier.cpp:71 [201]  (1.588 ns)


============================================================
+ Verbose Summary: Binding
============================================================
N/A
* FSMD analyzer results:
  - Output states:
 - Input state : 
  - Chain level:
	State 1
	State 2
	State 3
	State 4
	State 5
	State 6
	State 7
	State 8
	State 9
	State 10


============================================================
+ Verbose Summary: Datapath Resource usage 
============================================================
N/A
