

================================================================
== Vitis HLS Report for 'ecg_classify_trained_Pipeline_VITIS_LOOP_101_9'
================================================================
* Date:           Wed Jul 16 22:38:48 2025

* Version:        2024.1.2 (Build 5096458 on Sep  5 2024)
* Project:        ecg_fpga_project
* Solution:       solution1 (Vivado IP Flow Target)
* Product family: zynq
* Target device:  xc7z020-clg400-1


================================================================
== Performance Estimates
================================================================
+ Timing: 
    * Summary: 
    +--------+----------+----------+------------+
    |  Clock |  Target  | Estimated| Uncertainty|
    +--------+----------+----------+------------+
    |ap_clk  |  10.00 ns|  7.300 ns|     2.70 ns|
    +--------+----------+----------+------------+

+ Latency: 
    * Summary: 
    +---------+---------+-----------+-----------+-----+-----+-----------------------------------------------+
    |  Latency (cycles) |   Latency (absolute)  |  Interval |                    Pipeline                   |
    |   min   |   max   |    min    |    max    | min | max |                      Type                     |
    +---------+---------+-----------+-----------+-----+-----+-----------------------------------------------+
    |        8|        8|  80.000 ns|  80.000 ns|    6|    6|  loop auto-rewind stp(delay=0 clock cycles(s))|
    +---------+---------+-----------+-----------+-----+-----+-----------------------------------------------+

    + Detail: 
        * Instance: 
        N/A

        * Loop: 
        +--------------------+---------+---------+----------+-----------+-----------+------+----------+
        |                    |  Latency (cycles) | Iteration|  Initiation Interval  | Trip |          |
        |      Loop Name     |   min   |   max   |  Latency |  achieved |   target  | Count| Pipelined|
        +--------------------+---------+---------+----------+-----------+-----------+------+----------+
        |- VITIS_LOOP_101_9  |        6|        6|         3|          1|          1|     5|       yes|
        +--------------------+---------+---------+----------+-----------+-----------+------+----------+



================================================================
== Utilization Estimates
================================================================
* Summary: 
+-----------------+---------+-----+--------+-------+-----+
|       Name      | BRAM_18K| DSP |   FF   |  LUT  | URAM|
+-----------------+---------+-----+--------+-------+-----+
|DSP              |        -|    -|       -|      -|    -|
|Expression       |        -|    -|       0|     97|    -|
|FIFO             |        -|    -|       -|      -|    -|
|Instance         |        -|    -|       -|      -|    -|
|Memory           |        -|    -|       -|      -|    -|
|Multiplexer      |        -|    -|       0|     63|    -|
|Register         |        -|    -|      79|      -|    -|
+-----------------+---------+-----+--------+-------+-----+
|Total            |        0|    0|      79|    160|    0|
+-----------------+---------+-----+--------+-------+-----+
|Available        |      280|  220|  106400|  53200|    0|
+-----------------+---------+-----+--------+-------+-----+
|Utilization (%)  |        0|    0|      ~0|     ~0|    0|
+-----------------+---------+-----+--------+-------+-----+

+ Detail: 
    * Instance: 
    N/A

    * DSP: 
    N/A

    * Memory: 
    N/A

    * FIFO: 
    N/A

    * Expression: 
    +---------------------------+----------+----+---+----+------------+------------+
    |       Variable Name       | Operation| DSP| FF| LUT| Bitwidth P0| Bitwidth P1|
    +---------------------------+----------+----+---+----+------------+------------+
    |add_ln101_fu_116_p2        |         +|   0|  0|  11|           3|           1|
    |ap_block_pp0_stage0_01001  |       and|   0|  0|   2|           1|           1|
    |icmp_ln101_fu_110_p2       |      icmp|   0|  0|  11|           3|           3|
    |icmp_ln102_fu_139_p2       |      icmp|   0|  0|  23|          16|          16|
    |max_val_1_fu_155_p3        |    select|   0|  0|  16|           1|          16|
    |select_ln102_fu_147_p3     |    select|   0|  0|  32|           1|          32|
    |ap_enable_pp0              |       xor|   0|  0|   2|           1|           2|
    +---------------------------+----------+----+---+----+------------+------------+
    |Total                      |          |   0|  0|  97|          26|          71|
    +---------------------------+----------+----+---+----+------------+------------+

    * Multiplexer: 
    +-------------------------+----+-----------+-----+-----------+
    |           Name          | LUT| Input Size| Bits| Total Bits|
    +-------------------------+----+-----------+-----+-----------+
    |ap_done_int              |   9|          2|    1|          2|
    |ap_enable_reg_pp0_iter1  |   9|          2|    1|          2|
    |ap_sig_allocacmp_i_1     |   9|          2|    3|          6|
    |gmem1_blk_n_R            |   9|          2|    1|          2|
    |i120_01023_fu_56         |   9|          2|   32|         64|
    |i_fu_60                  |   9|          2|    3|          6|
    |max_val_fu_52            |   9|          2|   16|         32|
    +-------------------------+----+-----------+-----+-----------+
    |Total                    |  63|         14|   57|        114|
    +-------------------------+----+-----------+-----+-----------+

    * Register: 
    +----------------------------------+----+----+-----+-----------+
    |               Name               | FF | LUT| Bits| Const Bits|
    +----------------------------------+----+----+-----+-----------+
    |ap_CS_fsm                         |   1|   0|    1|          0|
    |ap_done_reg                       |   1|   0|    1|          0|
    |ap_enable_reg_pp0_iter1           |   1|   0|    1|          0|
    |ap_enable_reg_pp0_iter2           |   1|   0|    1|          0|
    |ap_loop_exit_ready_pp0_iter1_reg  |   1|   0|    1|          0|
    |gmem1_addr_read_reg_212           |  16|   0|   16|          0|
    |i120_01023_fu_56                  |  32|   0|   32|          0|
    |i_1_reg_203                       |   3|   0|    3|          0|
    |i_1_reg_203_pp0_iter1_reg         |   3|   0|    3|          0|
    |i_fu_60                           |   3|   0|    3|          0|
    |icmp_ln101_reg_208                |   1|   0|    1|          0|
    |max_val_fu_52                     |  16|   0|   16|          0|
    +----------------------------------+----+----+-----+-----------+
    |Total                             |  79|   0|   79|          0|
    +----------------------------------+----+----+-----+-----------+



================================================================
== Interface
================================================================
* Summary: 
+-----------------------+-----+-----+------------+------------------------------------------------+--------------+
|       RTL Ports       | Dir | Bits|  Protocol  |                  Source Object                 |    C Type    |
+-----------------------+-----+-----+------------+------------------------------------------------+--------------+
|ap_clk                 |   in|    1|  ap_ctrl_hs|  ecg_classify_trained_Pipeline_VITIS_LOOP_101_9|  return value|
|ap_rst                 |   in|    1|  ap_ctrl_hs|  ecg_classify_trained_Pipeline_VITIS_LOOP_101_9|  return value|
|ap_start               |   in|    1|  ap_ctrl_hs|  ecg_classify_trained_Pipeline_VITIS_LOOP_101_9|  return value|
|ap_done                |  out|    1|  ap_ctrl_hs|  ecg_classify_trained_Pipeline_VITIS_LOOP_101_9|  return value|
|ap_idle                |  out|    1|  ap_ctrl_hs|  ecg_classify_trained_Pipeline_VITIS_LOOP_101_9|  return value|
|ap_ready               |  out|    1|  ap_ctrl_hs|  ecg_classify_trained_Pipeline_VITIS_LOOP_101_9|  return value|
|m_axi_gmem1_AWVALID    |  out|    1|       m_axi|                                           gmem1|       pointer|
|m_axi_gmem1_AWREADY    |   in|    1|       m_axi|                                           gmem1|       pointer|
|m_axi_gmem1_AWADDR     |  out|   64|       m_axi|                                           gmem1|       pointer|
|m_axi_gmem1_AWID       |  out|    1|       m_axi|                                           gmem1|       pointer|
|m_axi_gmem1_AWLEN      |  out|   32|       m_axi|                                           gmem1|       pointer|
|m_axi_gmem1_AWSIZE     |  out|    3|       m_axi|                                           gmem1|       pointer|
|m_axi_gmem1_AWBURST    |  out|    2|       m_axi|                                           gmem1|       pointer|
|m_axi_gmem1_AWLOCK     |  out|    2|       m_axi|                                           gmem1|       pointer|
|m_axi_gmem1_AWCACHE    |  out|    4|       m_axi|                                           gmem1|       pointer|
|m_axi_gmem1_AWPROT     |  out|    3|       m_axi|                                           gmem1|       pointer|
|m_axi_gmem1_AWQOS      |  out|    4|       m_axi|                                           gmem1|       pointer|
|m_axi_gmem1_AWREGION   |  out|    4|       m_axi|                                           gmem1|       pointer|
|m_axi_gmem1_AWUSER     |  out|    1|       m_axi|                                           gmem1|       pointer|
|m_axi_gmem1_WVALID     |  out|    1|       m_axi|                                           gmem1|       pointer|
|m_axi_gmem1_WREADY     |   in|    1|       m_axi|                                           gmem1|       pointer|
|m_axi_gmem1_WDATA      |  out|   16|       m_axi|                                           gmem1|       pointer|
|m_axi_gmem1_WSTRB      |  out|    2|       m_axi|                                           gmem1|       pointer|
|m_axi_gmem1_WLAST      |  out|    1|       m_axi|                                           gmem1|       pointer|
|m_axi_gmem1_WID        |  out|    1|       m_axi|                                           gmem1|       pointer|
|m_axi_gmem1_WUSER      |  out|    1|       m_axi|                                           gmem1|       pointer|
|m_axi_gmem1_ARVALID    |  out|    1|       m_axi|                                           gmem1|       pointer|
|m_axi_gmem1_ARREADY    |   in|    1|       m_axi|                                           gmem1|       pointer|
|m_axi_gmem1_ARADDR     |  out|   64|       m_axi|                                           gmem1|       pointer|
|m_axi_gmem1_ARID       |  out|    1|       m_axi|                                           gmem1|       pointer|
|m_axi_gmem1_ARLEN      |  out|   32|       m_axi|                                           gmem1|       pointer|
|m_axi_gmem1_ARSIZE     |  out|    3|       m_axi|                                           gmem1|       pointer|
|m_axi_gmem1_ARBURST    |  out|    2|       m_axi|                                           gmem1|       pointer|
|m_axi_gmem1_ARLOCK     |  out|    2|       m_axi|                                           gmem1|       pointer|
|m_axi_gmem1_ARCACHE    |  out|    4|       m_axi|                                           gmem1|       pointer|
|m_axi_gmem1_ARPROT     |  out|    3|       m_axi|                                           gmem1|       pointer|
|m_axi_gmem1_ARQOS      |  out|    4|       m_axi|                                           gmem1|       pointer|
|m_axi_gmem1_ARREGION   |  out|    4|       m_axi|                                           gmem1|       pointer|
|m_axi_gmem1_ARUSER     |  out|    1|       m_axi|                                           gmem1|       pointer|
|m_axi_gmem1_RVALID     |   in|    1|       m_axi|                                           gmem1|       pointer|
|m_axi_gmem1_RREADY     |  out|    1|       m_axi|                                           gmem1|       pointer|
|m_axi_gmem1_RDATA      |   in|   16|       m_axi|                                           gmem1|       pointer|
|m_axi_gmem1_RLAST      |   in|    1|       m_axi|                                           gmem1|       pointer|
|m_axi_gmem1_RID        |   in|    1|       m_axi|                                           gmem1|       pointer|
|m_axi_gmem1_RFIFONUM   |   in|   10|       m_axi|                                           gmem1|       pointer|
|m_axi_gmem1_RUSER      |   in|    1|       m_axi|                                           gmem1|       pointer|
|m_axi_gmem1_RRESP      |   in|    2|       m_axi|                                           gmem1|       pointer|
|m_axi_gmem1_BVALID     |   in|    1|       m_axi|                                           gmem1|       pointer|
|m_axi_gmem1_BREADY     |  out|    1|       m_axi|                                           gmem1|       pointer|
|m_axi_gmem1_BRESP      |   in|    2|       m_axi|                                           gmem1|       pointer|
|m_axi_gmem1_BID        |   in|    1|       m_axi|                                           gmem1|       pointer|
|m_axi_gmem1_BUSER      |   in|    1|       m_axi|                                           gmem1|       pointer|
|output_r               |   in|   16|     ap_none|                                        output_r|        scalar|
|sext_ln94_1            |   in|   63|     ap_none|                                     sext_ln94_1|        scalar|
|i120_01023_out         |  out|   32|      ap_vld|                                  i120_01023_out|       pointer|
|i120_01023_out_ap_vld  |  out|    1|      ap_vld|                                  i120_01023_out|       pointer|
+-----------------------+-----+-----+------------+------------------------------------------------+--------------+

============================================================
+ Verbose Summary: Synthesis Manager
============================================================
InlineROM: 1
ExposeGlobal: 0
============================================================
+ Verbose Summary: CDFG Model
============================================================
IsTopModel: 0
ResetActiveHigh: 1
IsCombinational: 2
IsDatapathOnly: 2
HasWiredReturn: 1
HasMFsm: 2
HasVarLatency: 1
IsPipeline: 0
IsRtlPipelined: 0
IsInstanceOverlapped: 0
IsDontTouch: 0
HasImplIP: 0
IsGatedGlobalClock: 0

+ Individual pipeline summary: 
  * Pipeline-0: initiation interval (II) = 1, depth = 3


============================================================
+ Verbose Summary: Schedule
============================================================
* Number of FSM states : 3
* Pipeline : 1
  Pipeline-0 : II = 1, D = 3, States = { 1 2 3 }
* Dataflow Pipeline: 0

* FSM state transitions: 
1 --> 2 
2 --> 3 
3 --> 

* FSM state operations: 

State 1 <SV = 0> <Delay = 4.82>
ST_1 : Operation 6 [1/1] (0.00ns)   --->   "%max_val = alloca i32 1" [hls_source/ecg_trained_classifier.cpp:98]   --->   Operation 6 'alloca' 'max_val' <Predicate = true> <Delay = 0.00>
ST_1 : Operation 7 [1/1] (0.00ns)   --->   "%i120_01023 = alloca i32 1"   --->   Operation 7 'alloca' 'i120_01023' <Predicate = true> <Delay = 0.00>
ST_1 : Operation 8 [1/1] (0.00ns)   --->   "%i = alloca i32 1" [hls_source/ecg_trained_classifier.cpp:101]   --->   Operation 8 'alloca' 'i' <Predicate = true> <Delay = 0.00>
ST_1 : Operation 9 [1/1] (0.00ns)   --->   "%sext_ln94_1_read = read i63 @_ssdm_op_Read.ap_auto.i63, i63 %sext_ln94_1"   --->   Operation 9 'read' 'sext_ln94_1_read' <Predicate = true> <Delay = 0.00>
ST_1 : Operation 10 [1/1] (0.00ns)   --->   "%output_read = read i16 @_ssdm_op_Read.ap_auto.i16, i16 %output_r"   --->   Operation 10 'read' 'output_read' <Predicate = true> <Delay = 0.00>
ST_1 : Operation 11 [1/1] (0.00ns)   --->   "%sext_ln94_1_cast = sext i63 %sext_ln94_1_read"   --->   Operation 11 'sext' 'sext_ln94_1_cast' <Predicate = true> <Delay = 0.00>
ST_1 : Operation 12 [1/1] (0.00ns)   --->   "%specinterface_ln0 = specinterface void @_ssdm_op_SpecInterface, i16 %gmem1, void @empty, i32 0, i32 0, void @empty_0, i32 64, i32 0, void @empty_3, void @empty_2, void @empty_0, i32 16, i32 16, i32 16, i32 16, void @empty_0, void @empty_0, i32 4294967295, i32 0, i32 0"   --->   Operation 12 'specinterface' 'specinterface_ln0' <Predicate = true> <Delay = 0.00>
ST_1 : Operation 13 [1/1] (1.58ns)   --->   "%store_ln101 = store i3 1, i3 %i" [hls_source/ecg_trained_classifier.cpp:101]   --->   Operation 13 'store' 'store_ln101' <Predicate = true> <Delay = 1.58>
ST_1 : Operation 14 [1/1] (1.58ns)   --->   "%store_ln0 = store i32 0, i32 %i120_01023"   --->   Operation 14 'store' 'store_ln0' <Predicate = true> <Delay = 1.58>
ST_1 : Operation 15 [1/1] (1.58ns)   --->   "%store_ln98 = store i16 %output_read, i16 %max_val" [hls_source/ecg_trained_classifier.cpp:98]   --->   Operation 15 'store' 'store_ln98' <Predicate = true> <Delay = 1.58>
ST_1 : Operation 16 [1/1] (0.00ns)   --->   "%br_ln0 = br void %for.body124"   --->   Operation 16 'br' 'br_ln0' <Predicate = true> <Delay = 0.00>
ST_1 : Operation 17 [1/1] (0.00ns)   --->   "%i_1 = load i3 %i" [hls_source/ecg_trained_classifier.cpp:101]   --->   Operation 17 'load' 'i_1' <Predicate = true> <Delay = 0.00>
ST_1 : Operation 18 [1/1] (0.00ns)   --->   "%specbitsmap_ln0 = specbitsmap void @_ssdm_op_SpecBitsMap, i16 %gmem1"   --->   Operation 18 'specbitsmap' 'specbitsmap_ln0' <Predicate = true> <Delay = 0.00>
ST_1 : Operation 19 [1/1] (1.65ns)   --->   "%icmp_ln101 = icmp_eq  i3 %i_1, i3 6" [hls_source/ecg_trained_classifier.cpp:101]   --->   Operation 19 'icmp' 'icmp_ln101' <Predicate = true> <Delay = 1.65> <CoreInst = "Cmp">   --->   Core 9 'Cmp' <Latency = 0> <II = 1> <Delay = 1.65> <FuncUnit> <Opcode : 'seteq' 'setne' 'setle' 'setge' 'setlt' 'setgt'> <InPorts = 2> <OutPorts = 1>
ST_1 : Operation 20 [1/1] (0.00ns)   --->   "%br_ln101 = br i1 %icmp_ln101, void %for.body124.split, void %for.cond.cleanup123.exitStub" [hls_source/ecg_trained_classifier.cpp:101]   --->   Operation 20 'br' 'br_ln101' <Predicate = true> <Delay = 0.00>
ST_1 : Operation 21 [1/1] (1.65ns)   --->   "%add_ln101 = add i3 %i_1, i3 1" [hls_source/ecg_trained_classifier.cpp:101]   --->   Operation 21 'add' 'add_ln101' <Predicate = (!icmp_ln101)> <Delay = 1.65> <CoreInst = "Adder">   --->   Core 1 'Adder' <Latency = 0> <II = 1> <Delay = 1.65> <FuncUnit> <Opcode : 'add' 'sub'> <InPorts = 2> <OutPorts = 1>
ST_1 : Operation 22 [1/1] (1.58ns)   --->   "%store_ln101 = store i3 %add_ln101, i3 %i" [hls_source/ecg_trained_classifier.cpp:101]   --->   Operation 22 'store' 'store_ln101' <Predicate = (!icmp_ln101)> <Delay = 1.58>

State 2 <SV = 1> <Delay = 7.30>
ST_2 : Operation 23 [1/1] (0.00ns)   --->   "%gmem1_addr = getelementptr i16 %gmem1, i64 %sext_ln94_1_cast" [hls_source/ecg_trained_classifier.cpp:94]   --->   Operation 23 'getelementptr' 'gmem1_addr' <Predicate = true> <Delay = 0.00>
ST_2 : Operation 24 [1/1] (7.30ns)   --->   "%gmem1_addr_read = read i16 @_ssdm_op_Read.m_axi.p1i16, i64 %gmem1_addr" [hls_source/ecg_trained_classifier.cpp:102]   --->   Operation 24 'read' 'gmem1_addr_read' <Predicate = true> <Delay = 7.30> <CoreInst = "m_axi">   --->   Core 111 'm_axi' <Latency = 0> <II = 1> <Delay = 1.00> <Adapter> <Opcode : 'read' 'write' 'readreq' 'writereq' 'writeresp'>
ST_2 : Operation 37 [1/1] (0.00ns)   --->   "%i120_01023_load = load i32 %i120_01023"   --->   Operation 37 'load' 'i120_01023_load' <Predicate = (icmp_ln101)> <Delay = 0.00>
ST_2 : Operation 38 [1/1] (0.00ns)   --->   "%write_ln0 = write void @_ssdm_op_Write.ap_auto.i32P0A, i32 %i120_01023_out, i32 %i120_01023_load"   --->   Operation 38 'write' 'write_ln0' <Predicate = (icmp_ln101)> <Delay = 0.00>
ST_2 : Operation 39 [1/1] (1.58ns)   --->   "%ret_ln0 = ret"   --->   Operation 39 'ret' 'ret_ln0' <Predicate = (icmp_ln101)> <Delay = 1.58>

State 3 <SV = 2> <Delay = 4.47>
ST_3 : Operation 25 [1/1] (0.00ns)   --->   "%max_val_load = load i16 %max_val" [hls_source/ecg_trained_classifier.cpp:102]   --->   Operation 25 'load' 'max_val_load' <Predicate = true> <Delay = 0.00>
ST_3 : Operation 26 [1/1] (0.00ns)   --->   "%i120_01023_load_1 = load i32 %i120_01023" [hls_source/ecg_trained_classifier.cpp:102]   --->   Operation 26 'load' 'i120_01023_load_1' <Predicate = true> <Delay = 0.00>
ST_3 : Operation 27 [1/1] (0.00ns)   --->   "%specpipeline_ln98 = specpipeline void @_ssdm_op_SpecPipeline, i32 4294967295, i32 0, i32 0, i32 0, void @empty_0" [hls_source/ecg_trained_classifier.cpp:98]   --->   Operation 27 'specpipeline' 'specpipeline_ln98' <Predicate = true> <Delay = 0.00>
ST_3 : Operation 28 [1/1] (0.00ns)   --->   "%speclooptripcount_ln98 = speclooptripcount void @_ssdm_op_SpecLoopTripCount, i64 5, i64 5, i64 5" [hls_source/ecg_trained_classifier.cpp:98]   --->   Operation 28 'speclooptripcount' 'speclooptripcount_ln98' <Predicate = true> <Delay = 0.00>
ST_3 : Operation 29 [1/1] (0.00ns)   --->   "%specloopname_ln101 = specloopname void @_ssdm_op_SpecLoopName, void @empty_13" [hls_source/ecg_trained_classifier.cpp:101]   --->   Operation 29 'specloopname' 'specloopname_ln101' <Predicate = true> <Delay = 0.00>
ST_3 : Operation 30 [1/1] (2.07ns)   --->   "%icmp_ln102 = icmp_sgt  i16 %gmem1_addr_read, i16 %max_val_load" [hls_source/ecg_trained_classifier.cpp:102]   --->   Operation 30 'icmp' 'icmp_ln102' <Predicate = true> <Delay = 2.07> <CoreInst = "Cmp">   --->   Core 9 'Cmp' <Latency = 0> <II = 1> <Delay = 2.07> <FuncUnit> <Opcode : 'seteq' 'setne' 'setle' 'setge' 'setlt' 'setgt'> <InPorts = 2> <OutPorts = 1>
ST_3 : Operation 31 [1/1] (0.00ns)   --->   "%zext_ln102 = zext i3 %i_1" [hls_source/ecg_trained_classifier.cpp:102]   --->   Operation 31 'zext' 'zext_ln102' <Predicate = true> <Delay = 0.00>
ST_3 : Operation 32 [1/1] (0.69ns)   --->   "%select_ln102 = select i1 %icmp_ln102, i32 %zext_ln102, i32 %i120_01023_load_1" [hls_source/ecg_trained_classifier.cpp:102]   --->   Operation 32 'select' 'select_ln102' <Predicate = true> <Delay = 0.69> <CoreInst = "Sel">   --->   Core 73 'Sel' <Latency = 0> <II = 1> <Delay = 0.69> <FuncUnit> <Opcode : 'select'> <InPorts = 3> <OutPorts = 1>
ST_3 : Operation 33 [1/1] (0.80ns)   --->   "%max_val_1 = select i1 %icmp_ln102, i16 %gmem1_addr_read, i16 %max_val_load" [hls_source/ecg_trained_classifier.cpp:102]   --->   Operation 33 'select' 'max_val_1' <Predicate = true> <Delay = 0.80> <CoreInst = "Sel">   --->   Core 73 'Sel' <Latency = 0> <II = 1> <Delay = 0.80> <FuncUnit> <Opcode : 'select'> <InPorts = 3> <OutPorts = 1>
ST_3 : Operation 34 [1/1] (1.58ns)   --->   "%store_ln102 = store i32 %select_ln102, i32 %i120_01023" [hls_source/ecg_trained_classifier.cpp:102]   --->   Operation 34 'store' 'store_ln102' <Predicate = true> <Delay = 1.58>
ST_3 : Operation 35 [1/1] (1.58ns)   --->   "%store_ln98 = store i16 %max_val_1, i16 %max_val" [hls_source/ecg_trained_classifier.cpp:98]   --->   Operation 35 'store' 'store_ln98' <Predicate = true> <Delay = 1.58>
ST_3 : Operation 36 [1/1] (0.00ns)   --->   "%br_ln101 = br void %for.body124" [hls_source/ecg_trained_classifier.cpp:101]   --->   Operation 36 'br' 'br_ln101' <Predicate = true> <Delay = 0.00>


============================================================
+ Verbose Summary: Binding
============================================================
STG Binding: 
---------------- STG Properties BEGIN ----------------
- Is combinational: 0
- Is one-state seq: 0
- Is datapath-only: 0
- Is pipelined: 0
- Is top level: 0
Port [ Return ] is wired: 1; IO mode=ap_ctrl_hs:ce=0
Port [ output_r]:  wired=1; compound=0; hidden=0; nouse=0; global=0; static=0; extern=0; dir=0; type=0; pingpong=0; private_global=0; IO mode=ap_none:ce=0
Port [ gmem1]:  wired=1; compound=1; hidden=0; nouse=0; global=0; static=0; extern=0; dir=0; type=4; pingpong=0; private_global=0; IO mode=m_axi:ce=0
Port [ sext_ln94_1]:  wired=1; compound=0; hidden=0; nouse=0; global=0; static=0; extern=0; dir=0; type=0; pingpong=0; private_global=0; IO mode=ap_none:ce=0
Port [ i120_01023_out]:  wired=1; compound=0; hidden=0; nouse=0; global=0; static=0; extern=0; dir=1; type=0; pingpong=0; private_global=0; IO mode=ap_vld:ce=0
---------------- STG Properties END ------------------

---------------- Datapath Model BEGIN ----------------

<LifeTime>
<method=bitvector/>
max_val                (alloca           ) [ 0111]
i120_01023             (alloca           ) [ 0111]
i                      (alloca           ) [ 0100]
sext_ln94_1_read       (read             ) [ 0000]
output_read            (read             ) [ 0000]
sext_ln94_1_cast       (sext             ) [ 0110]
specinterface_ln0      (specinterface    ) [ 0000]
store_ln101            (store            ) [ 0000]
store_ln0              (store            ) [ 0000]
store_ln98             (store            ) [ 0000]
br_ln0                 (br               ) [ 0000]
i_1                    (load             ) [ 0111]
specbitsmap_ln0        (specbitsmap      ) [ 0000]
icmp_ln101             (icmp             ) [ 0110]
br_ln101               (br               ) [ 0000]
add_ln101              (add              ) [ 0000]
store_ln101            (store            ) [ 0000]
gmem1_addr             (getelementptr    ) [ 0000]
gmem1_addr_read        (read             ) [ 0101]
max_val_load           (load             ) [ 0000]
i120_01023_load_1      (load             ) [ 0000]
specpipeline_ln98      (specpipeline     ) [ 0000]
speclooptripcount_ln98 (speclooptripcount) [ 0000]
specloopname_ln101     (specloopname     ) [ 0000]
icmp_ln102             (icmp             ) [ 0000]
zext_ln102             (zext             ) [ 0000]
select_ln102           (select           ) [ 0000]
max_val_1              (select           ) [ 0000]
store_ln102            (store            ) [ 0000]
store_ln98             (store            ) [ 0000]
br_ln101               (br               ) [ 0000]
i120_01023_load        (load             ) [ 0000]
write_ln0              (write            ) [ 0000]
ret_ln0                (ret              ) [ 0000]
</LifeTime>

<model>

<comp_list>
<comp id="0" class="1000" name="output_r">
<pin_list>
<pin id="1" dir="1" index="0" bw="1" slack="0"/>
</pin_list>
<bind>
<StgValue><ssdm name="output_r"/></StgValue>
</bind>
</comp>

<comp id="2" class="1000" name="gmem1">
<pin_list>
<pin id="3" dir="1" index="0" bw="1" slack="0"/>
</pin_list>
<bind>
<StgValue><ssdm name="gmem1"/></StgValue>
</bind>
</comp>

<comp id="4" class="1000" name="sext_ln94_1">
<pin_list>
<pin id="5" dir="1" index="0" bw="1" slack="0"/>
</pin_list>
<bind>
<StgValue><ssdm name="sext_ln94_1"/></StgValue>
</bind>
</comp>

<comp id="6" class="1000" name="i120_01023_out">
<pin_list>
<pin id="7" dir="1" index="0" bw="1" slack="0"/>
</pin_list>
<bind>
<StgValue><ssdm name="i120_01023_out"/></StgValue>
</bind>
</comp>

<comp id="8" class="1001" name="const_8">
<pin_list>
<pin id="9" dir="1" index="0" bw="1" slack="0"/>
</pin_list>
<bind>
<StgValue><ssdm name=""/></StgValue>
</bind>
</comp>

<comp id="10" class="1001" name="const_10">
<pin_list>
<pin id="11" dir="1" index="0" bw="1" slack="0"/>
</pin_list>
<bind>
<StgValue><ssdm name="_ssdm_op_Read.ap_auto.i63"/></StgValue>
</bind>
</comp>

<comp id="12" class="1001" name="const_12">
<pin_list>
<pin id="13" dir="1" index="0" bw="1" slack="0"/>
</pin_list>
<bind>
<StgValue><ssdm name="_ssdm_op_Read.ap_auto.i16"/></StgValue>
</bind>
</comp>

<comp id="14" class="1001" name="const_14">
<pin_list>
<pin id="15" dir="1" index="0" bw="1" slack="2147483647"/>
</pin_list>
<bind>
<StgValue><ssdm name="_ssdm_op_SpecInterface"/></StgValue>
</bind>
</comp>

<comp id="16" class="1001" name="const_16">
<pin_list>
<pin id="17" dir="1" index="0" bw="1" slack="2147483647"/>
</pin_list>
<bind>
<StgValue><ssdm name="empty"/></StgValue>
</bind>
</comp>

<comp id="18" class="1001" name="const_18">
<pin_list>
<pin id="19" dir="1" index="0" bw="1" slack="0"/>
</pin_list>
<bind>
<StgValue><ssdm name=""/></StgValue>
</bind>
</comp>

<comp id="20" class="1001" name="const_20">
<pin_list>
<pin id="21" dir="1" index="0" bw="1" slack="2147483647"/>
</pin_list>
<bind>
<StgValue><ssdm name="empty_0"/></StgValue>
</bind>
</comp>

<comp id="22" class="1001" name="const_22">
<pin_list>
<pin id="23" dir="1" index="0" bw="1" slack="2147483647"/>
</pin_list>
<bind>
<StgValue><ssdm name=""/></StgValue>
</bind>
</comp>

<comp id="24" class="1001" name="const_24">
<pin_list>
<pin id="25" dir="1" index="0" bw="1" slack="2147483647"/>
</pin_list>
<bind>
<StgValue><ssdm name="empty_3"/></StgValue>
</bind>
</comp>

<comp id="26" class="1001" name="const_26">
<pin_list>
<pin id="27" dir="1" index="0" bw="1" slack="2147483647"/>
</pin_list>
<bind>
<StgValue><ssdm name="empty_2"/></StgValue>
</bind>
</comp>

<comp id="28" class="1001" name="const_28">
<pin_list>
<pin id="29" dir="1" index="0" bw="1" slack="2147483647"/>
</pin_list>
<bind>
<StgValue><ssdm name=""/></StgValue>
</bind>
</comp>

<comp id="30" class="1001" name="const_30">
<pin_list>
<pin id="31" dir="1" index="0" bw="1" slack="2147483647"/>
</pin_list>
<bind>
<StgValue><ssdm name=""/></StgValue>
</bind>
</comp>

<comp id="32" class="1001" name="const_32">
<pin_list>
<pin id="33" dir="1" index="0" bw="1" slack="0"/>
</pin_list>
<bind>
<StgValue><ssdm name=""/></StgValue>
</bind>
</comp>

<comp id="34" class="1001" name="const_34">
<pin_list>
<pin id="35" dir="1" index="0" bw="1" slack="2147483647"/>
</pin_list>
<bind>
<StgValue><ssdm name="_ssdm_op_SpecBitsMap"/></StgValue>
</bind>
</comp>

<comp id="36" class="1001" name="const_36">
<pin_list>
<pin id="37" dir="1" index="0" bw="1" slack="0"/>
</pin_list>
<bind>
<StgValue><ssdm name=""/></StgValue>
</bind>
</comp>

<comp id="38" class="1001" name="const_38">
<pin_list>
<pin id="39" dir="1" index="0" bw="1" slack="0"/>
</pin_list>
<bind>
<StgValue><ssdm name="_ssdm_op_Read.m_axi.p1i16"/></StgValue>
</bind>
</comp>

<comp id="40" class="1001" name="const_40">
<pin_list>
<pin id="41" dir="1" index="0" bw="1" slack="2147483647"/>
</pin_list>
<bind>
<StgValue><ssdm name="_ssdm_op_SpecPipeline"/></StgValue>
</bind>
</comp>

<comp id="42" class="1001" name="const_42">
<pin_list>
<pin id="43" dir="1" index="0" bw="1" slack="2147483647"/>
</pin_list>
<bind>
<StgValue><ssdm name="_ssdm_op_SpecLoopTripCount"/></StgValue>
</bind>
</comp>

<comp id="44" class="1001" name="const_44">
<pin_list>
<pin id="45" dir="1" index="0" bw="1" slack="2147483647"/>
</pin_list>
<bind>
<StgValue><ssdm name=""/></StgValue>
</bind>
</comp>

<comp id="46" class="1001" name="const_46">
<pin_list>
<pin id="47" dir="1" index="0" bw="1" slack="2147483647"/>
</pin_list>
<bind>
<StgValue><ssdm name="_ssdm_op_SpecLoopName"/></StgValue>
</bind>
</comp>

<comp id="48" class="1001" name="const_48">
<pin_list>
<pin id="49" dir="1" index="0" bw="1" slack="2147483647"/>
</pin_list>
<bind>
<StgValue><ssdm name="empty_13"/></StgValue>
</bind>
</comp>

<comp id="50" class="1001" name="const_50">
<pin_list>
<pin id="51" dir="1" index="0" bw="1" slack="0"/>
</pin_list>
<bind>
<StgValue><ssdm name="_ssdm_op_Write.ap_auto.i32P0A"/></StgValue>
</bind>
</comp>

<comp id="52" class="1004" name="max_val_fu_52">
<pin_list>
<pin id="53" dir="0" index="0" bw="1" slack="0"/>
<pin id="54" dir="1" index="1" bw="16" slack="0"/>
</pin_list>
<bind>
<opcode="alloca(26) " fcode="alloca"/>
<opset="max_val/1 "/>
</bind>
</comp>

<comp id="56" class="1004" name="i120_01023_fu_56">
<pin_list>
<pin id="57" dir="0" index="0" bw="1" slack="0"/>
<pin id="58" dir="1" index="1" bw="32" slack="0"/>
</pin_list>
<bind>
<opcode="alloca(26) " fcode="alloca"/>
<opset="i120_01023/1 "/>
</bind>
</comp>

<comp id="60" class="1004" name="i_fu_60">
<pin_list>
<pin id="61" dir="0" index="0" bw="1" slack="0"/>
<pin id="62" dir="1" index="1" bw="3" slack="0"/>
</pin_list>
<bind>
<opcode="alloca(26) " fcode="alloca"/>
<opset="i/1 "/>
</bind>
</comp>

<comp id="64" class="1004" name="sext_ln94_1_read_read_fu_64">
<pin_list>
<pin id="65" dir="0" index="0" bw="63" slack="0"/>
<pin id="66" dir="0" index="1" bw="63" slack="0"/>
<pin id="67" dir="1" index="2" bw="63" slack="0"/>
</pin_list>
<bind>
<opcode="read(1150) " fcode="read"/>
<opset="sext_ln94_1_read/1 "/>
</bind>
</comp>

<comp id="70" class="1004" name="output_read_read_fu_70">
<pin_list>
<pin id="71" dir="0" index="0" bw="16" slack="0"/>
<pin id="72" dir="0" index="1" bw="16" slack="0"/>
<pin id="73" dir="1" index="2" bw="16" slack="0"/>
</pin_list>
<bind>
<opcode="read(1150) " fcode="read"/>
<opset="output_read/1 "/>
</bind>
</comp>

<comp id="76" class="1004" name="gmem1_addr_read_read_fu_76">
<pin_list>
<pin id="77" dir="0" index="0" bw="16" slack="0"/>
<pin id="78" dir="0" index="1" bw="16" slack="0"/>
<pin id="79" dir="1" index="2" bw="16" slack="1"/>
</pin_list>
<bind>
<opcode="read(1150) " fcode="read"/>
<opset="gmem1_addr_read/2 "/>
</bind>
</comp>

<comp id="81" class="1004" name="write_ln0_write_fu_81">
<pin_list>
<pin id="82" dir="0" index="0" bw="0" slack="0"/>
<pin id="83" dir="0" index="1" bw="32" slack="0"/>
<pin id="84" dir="0" index="2" bw="32" slack="0"/>
<pin id="85" dir="1" index="3" bw="0" slack="2147483647"/>
</pin_list>
<bind>
<opcode="write(1151) " fcode="write"/>
<opset="write_ln0/2 "/>
</bind>
</comp>

<comp id="88" class="1004" name="sext_ln94_1_cast_fu_88">
<pin_list>
<pin id="89" dir="0" index="0" bw="63" slack="0"/>
<pin id="90" dir="1" index="1" bw="64" slack="1"/>
</pin_list>
<bind>
<opcode="sext(35) " fcode="sext"/>
<opset="sext_ln94_1_cast/1 "/>
</bind>
</comp>

<comp id="92" class="1004" name="store_ln101_store_fu_92">
<pin_list>
<pin id="93" dir="0" index="0" bw="1" slack="0"/>
<pin id="94" dir="0" index="1" bw="3" slack="0"/>
<pin id="95" dir="1" index="2" bw="0" slack="2147483647"/>
</pin_list>
<bind>
<opcode="store(28) " fcode="store"/>
<opset="store_ln101/1 "/>
</bind>
</comp>

<comp id="97" class="1004" name="store_ln0_store_fu_97">
<pin_list>
<pin id="98" dir="0" index="0" bw="1" slack="0"/>
<pin id="99" dir="0" index="1" bw="32" slack="0"/>
<pin id="100" dir="1" index="2" bw="0" slack="2147483647"/>
</pin_list>
<bind>
<opcode="store(28) " fcode="store"/>
<opset="store_ln0/1 "/>
</bind>
</comp>

<comp id="102" class="1004" name="store_ln98_store_fu_102">
<pin_list>
<pin id="103" dir="0" index="0" bw="16" slack="0"/>
<pin id="104" dir="0" index="1" bw="16" slack="0"/>
<pin id="105" dir="1" index="2" bw="0" slack="2147483647"/>
</pin_list>
<bind>
<opcode="store(28) " fcode="store"/>
<opset="store_ln98/1 "/>
</bind>
</comp>

<comp id="107" class="1004" name="i_1_load_fu_107">
<pin_list>
<pin id="108" dir="0" index="0" bw="3" slack="0"/>
<pin id="109" dir="1" index="1" bw="3" slack="0"/>
</pin_list>
<bind>
<opcode="load(27) " fcode="load"/>
<opset="i_1/1 "/>
</bind>
</comp>

<comp id="110" class="1004" name="icmp_ln101_fu_110">
<pin_list>
<pin id="111" dir="0" index="0" bw="3" slack="0"/>
<pin id="112" dir="0" index="1" bw="3" slack="0"/>
<pin id="113" dir="1" index="2" bw="1" slack="1"/>
</pin_list>
<bind>
<opcode="icmp(45) " fcode="icmp"/>
<opset="icmp_ln101/1 "/>
</bind>
</comp>

<comp id="116" class="1004" name="add_ln101_fu_116">
<pin_list>
<pin id="117" dir="0" index="0" bw="3" slack="0"/>
<pin id="118" dir="0" index="1" bw="1" slack="0"/>
<pin id="119" dir="1" index="2" bw="3" slack="0"/>
</pin_list>
<bind>
<opcode="add(8) " fcode="add"/>
<opset="add_ln101/1 "/>
</bind>
</comp>

<comp id="122" class="1004" name="store_ln101_store_fu_122">
<pin_list>
<pin id="123" dir="0" index="0" bw="3" slack="0"/>
<pin id="124" dir="0" index="1" bw="3" slack="0"/>
<pin id="125" dir="1" index="2" bw="0" slack="2147483647"/>
</pin_list>
<bind>
<opcode="store(28) " fcode="store"/>
<opset="store_ln101/1 "/>
</bind>
</comp>

<comp id="127" class="1004" name="gmem1_addr_fu_127">
<pin_list>
<pin id="128" dir="0" index="0" bw="64" slack="0"/>
<pin id="129" dir="0" index="1" bw="64" slack="1"/>
<pin id="130" dir="1" index="2" bw="64" slack="0"/>
</pin_list>
<bind>
<opcode="getelementptr(29) " fcode="getelementptr"/>
<opset="gmem1_addr/2 "/>
</bind>
</comp>

<comp id="133" class="1004" name="max_val_load_load_fu_133">
<pin_list>
<pin id="134" dir="0" index="0" bw="16" slack="2"/>
<pin id="135" dir="1" index="1" bw="16" slack="0"/>
</pin_list>
<bind>
<opcode="load(27) " fcode="load"/>
<opset="max_val_load/3 "/>
</bind>
</comp>

<comp id="136" class="1004" name="i120_01023_load_1_load_fu_136">
<pin_list>
<pin id="137" dir="0" index="0" bw="32" slack="2"/>
<pin id="138" dir="1" index="1" bw="32" slack="0"/>
</pin_list>
<bind>
<opcode="load(27) " fcode="load"/>
<opset="i120_01023_load_1/3 "/>
</bind>
</comp>

<comp id="139" class="1004" name="icmp_ln102_fu_139">
<pin_list>
<pin id="140" dir="0" index="0" bw="16" slack="1"/>
<pin id="141" dir="0" index="1" bw="16" slack="0"/>
<pin id="142" dir="1" index="2" bw="1" slack="0"/>
</pin_list>
<bind>
<opcode="icmp(45) " fcode="icmp"/>
<opset="icmp_ln102/3 "/>
</bind>
</comp>

<comp id="144" class="1004" name="zext_ln102_fu_144">
<pin_list>
<pin id="145" dir="0" index="0" bw="3" slack="2"/>
<pin id="146" dir="1" index="1" bw="32" slack="0"/>
</pin_list>
<bind>
<opcode="zext(34) " fcode="zext"/>
<opset="zext_ln102/3 "/>
</bind>
</comp>

<comp id="147" class="1004" name="select_ln102_fu_147">
<pin_list>
<pin id="148" dir="0" index="0" bw="1" slack="0"/>
<pin id="149" dir="0" index="1" bw="32" slack="0"/>
<pin id="150" dir="0" index="2" bw="32" slack="0"/>
<pin id="151" dir="1" index="3" bw="32" slack="0"/>
</pin_list>
<bind>
<opcode="select(49) " fcode="select"/>
<opset="select_ln102/3 "/>
</bind>
</comp>

<comp id="155" class="1004" name="max_val_1_fu_155">
<pin_list>
<pin id="156" dir="0" index="0" bw="1" slack="0"/>
<pin id="157" dir="0" index="1" bw="16" slack="1"/>
<pin id="158" dir="0" index="2" bw="16" slack="0"/>
<pin id="159" dir="1" index="3" bw="16" slack="0"/>
</pin_list>
<bind>
<opcode="select(49) " fcode="select"/>
<opset="max_val_1/3 "/>
</bind>
</comp>

<comp id="162" class="1004" name="store_ln102_store_fu_162">
<pin_list>
<pin id="163" dir="0" index="0" bw="32" slack="0"/>
<pin id="164" dir="0" index="1" bw="32" slack="2"/>
<pin id="165" dir="1" index="2" bw="0" slack="2147483647"/>
</pin_list>
<bind>
<opcode="store(28) " fcode="store"/>
<opset="store_ln102/3 "/>
</bind>
</comp>

<comp id="167" class="1004" name="store_ln98_store_fu_167">
<pin_list>
<pin id="168" dir="0" index="0" bw="16" slack="0"/>
<pin id="169" dir="0" index="1" bw="16" slack="2"/>
<pin id="170" dir="1" index="2" bw="0" slack="2147483647"/>
</pin_list>
<bind>
<opcode="store(28) " fcode="store"/>
<opset="store_ln98/3 "/>
</bind>
</comp>

<comp id="172" class="1004" name="i120_01023_load_load_fu_172">
<pin_list>
<pin id="173" dir="0" index="0" bw="32" slack="1"/>
<pin id="174" dir="1" index="1" bw="32" slack="0"/>
</pin_list>
<bind>
<opcode="load(27) " fcode="load"/>
<opset="i120_01023_load/2 "/>
</bind>
</comp>

<comp id="176" class="1005" name="max_val_reg_176">
<pin_list>
<pin id="177" dir="0" index="0" bw="16" slack="0"/>
<pin id="178" dir="1" index="1" bw="16" slack="0"/>
</pin_list>
<bind>
<opset="max_val "/>
</bind>
</comp>

<comp id="183" class="1005" name="i120_01023_reg_183">
<pin_list>
<pin id="184" dir="0" index="0" bw="32" slack="0"/>
<pin id="185" dir="1" index="1" bw="32" slack="0"/>
</pin_list>
<bind>
<opset="i120_01023 "/>
</bind>
</comp>

<comp id="191" class="1005" name="i_reg_191">
<pin_list>
<pin id="192" dir="0" index="0" bw="3" slack="0"/>
<pin id="193" dir="1" index="1" bw="3" slack="0"/>
</pin_list>
<bind>
<opset="i "/>
</bind>
</comp>

<comp id="198" class="1005" name="sext_ln94_1_cast_reg_198">
<pin_list>
<pin id="199" dir="0" index="0" bw="64" slack="1"/>
<pin id="200" dir="1" index="1" bw="64" slack="1"/>
</pin_list>
<bind>
<opset="sext_ln94_1_cast "/>
</bind>
</comp>

<comp id="203" class="1005" name="i_1_reg_203">
<pin_list>
<pin id="204" dir="0" index="0" bw="3" slack="2"/>
<pin id="205" dir="1" index="1" bw="3" slack="2"/>
</pin_list>
<bind>
<opset="i_1 "/>
</bind>
</comp>

<comp id="208" class="1005" name="icmp_ln101_reg_208">
<pin_list>
<pin id="209" dir="0" index="0" bw="1" slack="1"/>
<pin id="210" dir="1" index="1" bw="1" slack="2147483647"/>
</pin_list>
<bind>
<opset="icmp_ln101 "/>
</bind>
</comp>

<comp id="212" class="1005" name="gmem1_addr_read_reg_212">
<pin_list>
<pin id="213" dir="0" index="0" bw="16" slack="1"/>
<pin id="214" dir="1" index="1" bw="16" slack="1"/>
</pin_list>
<bind>
<opset="gmem1_addr_read "/>
</bind>
</comp>

</comp_list>

<net_list>
<net id="55"><net_src comp="8" pin="0"/><net_sink comp="52" pin=0"/></net>

<net id="59"><net_src comp="8" pin="0"/><net_sink comp="56" pin=0"/></net>

<net id="63"><net_src comp="8" pin="0"/><net_sink comp="60" pin=0"/></net>

<net id="68"><net_src comp="10" pin="0"/><net_sink comp="64" pin=0"/></net>

<net id="69"><net_src comp="4" pin="0"/><net_sink comp="64" pin=1"/></net>

<net id="74"><net_src comp="12" pin="0"/><net_sink comp="70" pin=0"/></net>

<net id="75"><net_src comp="0" pin="0"/><net_sink comp="70" pin=1"/></net>

<net id="80"><net_src comp="38" pin="0"/><net_sink comp="76" pin=0"/></net>

<net id="86"><net_src comp="50" pin="0"/><net_sink comp="81" pin=0"/></net>

<net id="87"><net_src comp="6" pin="0"/><net_sink comp="81" pin=1"/></net>

<net id="91"><net_src comp="64" pin="2"/><net_sink comp="88" pin=0"/></net>

<net id="96"><net_src comp="32" pin="0"/><net_sink comp="92" pin=0"/></net>

<net id="101"><net_src comp="18" pin="0"/><net_sink comp="97" pin=0"/></net>

<net id="106"><net_src comp="70" pin="2"/><net_sink comp="102" pin=0"/></net>

<net id="114"><net_src comp="107" pin="1"/><net_sink comp="110" pin=0"/></net>

<net id="115"><net_src comp="36" pin="0"/><net_sink comp="110" pin=1"/></net>

<net id="120"><net_src comp="107" pin="1"/><net_sink comp="116" pin=0"/></net>

<net id="121"><net_src comp="32" pin="0"/><net_sink comp="116" pin=1"/></net>

<net id="126"><net_src comp="116" pin="2"/><net_sink comp="122" pin=0"/></net>

<net id="131"><net_src comp="2" pin="0"/><net_sink comp="127" pin=0"/></net>

<net id="132"><net_src comp="127" pin="2"/><net_sink comp="76" pin=1"/></net>

<net id="143"><net_src comp="133" pin="1"/><net_sink comp="139" pin=1"/></net>

<net id="152"><net_src comp="139" pin="2"/><net_sink comp="147" pin=0"/></net>

<net id="153"><net_src comp="144" pin="1"/><net_sink comp="147" pin=1"/></net>

<net id="154"><net_src comp="136" pin="1"/><net_sink comp="147" pin=2"/></net>

<net id="160"><net_src comp="139" pin="2"/><net_sink comp="155" pin=0"/></net>

<net id="161"><net_src comp="133" pin="1"/><net_sink comp="155" pin=2"/></net>

<net id="166"><net_src comp="147" pin="3"/><net_sink comp="162" pin=0"/></net>

<net id="171"><net_src comp="155" pin="3"/><net_sink comp="167" pin=0"/></net>

<net id="175"><net_src comp="172" pin="1"/><net_sink comp="81" pin=2"/></net>

<net id="179"><net_src comp="52" pin="1"/><net_sink comp="176" pin=0"/></net>

<net id="180"><net_src comp="176" pin="1"/><net_sink comp="102" pin=1"/></net>

<net id="181"><net_src comp="176" pin="1"/><net_sink comp="133" pin=0"/></net>

<net id="182"><net_src comp="176" pin="1"/><net_sink comp="167" pin=1"/></net>

<net id="186"><net_src comp="56" pin="1"/><net_sink comp="183" pin=0"/></net>

<net id="187"><net_src comp="183" pin="1"/><net_sink comp="97" pin=1"/></net>

<net id="188"><net_src comp="183" pin="1"/><net_sink comp="136" pin=0"/></net>

<net id="189"><net_src comp="183" pin="1"/><net_sink comp="162" pin=1"/></net>

<net id="190"><net_src comp="183" pin="1"/><net_sink comp="172" pin=0"/></net>

<net id="194"><net_src comp="60" pin="1"/><net_sink comp="191" pin=0"/></net>

<net id="195"><net_src comp="191" pin="1"/><net_sink comp="92" pin=1"/></net>

<net id="196"><net_src comp="191" pin="1"/><net_sink comp="107" pin=0"/></net>

<net id="197"><net_src comp="191" pin="1"/><net_sink comp="122" pin=1"/></net>

<net id="201"><net_src comp="88" pin="1"/><net_sink comp="198" pin=0"/></net>

<net id="202"><net_src comp="198" pin="1"/><net_sink comp="127" pin=1"/></net>

<net id="206"><net_src comp="107" pin="1"/><net_sink comp="203" pin=0"/></net>

<net id="207"><net_src comp="203" pin="1"/><net_sink comp="144" pin=0"/></net>

<net id="211"><net_src comp="110" pin="2"/><net_sink comp="208" pin=0"/></net>

<net id="215"><net_src comp="76" pin="2"/><net_sink comp="212" pin=0"/></net>

<net id="216"><net_src comp="212" pin="1"/><net_sink comp="139" pin=0"/></net>

<net id="217"><net_src comp="212" pin="1"/><net_sink comp="155" pin=1"/></net>

</net_list>

</model> 
---------------- Datapath Model END ------------------

* FSMD analyzer results:
  - Output states:
	Port: gmem1 | {}
	Port: i120_01023_out | {2 }
 - Input state : 
	Port: ecg_classify_trained_Pipeline_VITIS_LOOP_101_9 : output_r | {1 }
	Port: ecg_classify_trained_Pipeline_VITIS_LOOP_101_9 : gmem1 | {2 }
	Port: ecg_classify_trained_Pipeline_VITIS_LOOP_101_9 : sext_ln94_1 | {1 }
  - Chain level:
	State 1
		store_ln101 : 1
		store_ln0 : 1
		i_1 : 1
		icmp_ln101 : 2
		br_ln101 : 3
		add_ln101 : 2
		store_ln101 : 3
	State 2
		gmem1_addr_read : 1
		write_ln0 : 1
	State 3
		icmp_ln102 : 1
		select_ln102 : 2
		max_val_1 : 2
		store_ln102 : 3
		store_ln98 : 3


============================================================
+ Verbose Summary: Datapath Resource usage 
============================================================

* Functional unit list:
|----------|-----------------------------|---------|---------|
| Operation|       Functional Unit       |    FF   |   LUT   |
|----------|-----------------------------|---------|---------|
|  select  |     select_ln102_fu_147     |    0    |    32   |
|          |       max_val_1_fu_155      |    0    |    16   |
|----------|-----------------------------|---------|---------|
|   icmp   |      icmp_ln101_fu_110      |    0    |    11   |
|          |      icmp_ln102_fu_139      |    0    |    23   |
|----------|-----------------------------|---------|---------|
|    add   |       add_ln101_fu_116      |    0    |    11   |
|----------|-----------------------------|---------|---------|
|          | sext_ln94_1_read_read_fu_64 |    0    |    0    |
|   read   |    output_read_read_fu_70   |    0    |    0    |
|          |  gmem1_addr_read_read_fu_76 |    0    |    0    |
|----------|-----------------------------|---------|---------|
|   write  |    write_ln0_write_fu_81    |    0    |    0    |
|----------|-----------------------------|---------|---------|
|   sext   |    sext_ln94_1_cast_fu_88   |    0    |    0    |
|----------|-----------------------------|---------|---------|
|   zext   |      zext_ln102_fu_144      |    0    |    0    |
|----------|-----------------------------|---------|---------|
|   Total  |                             |    0    |    93   |
|----------|-----------------------------|---------|---------|

Memories:
N/A

* Register list:
+------------------------+--------+
|                        |   FF   |
+------------------------+--------+
| gmem1_addr_read_reg_212|   16   |
|   i120_01023_reg_183   |   32   |
|       i_1_reg_203      |    3   |
|        i_reg_191       |    3   |
|   icmp_ln101_reg_208   |    1   |
|     max_val_reg_176    |   16   |
|sext_ln94_1_cast_reg_198|   64   |
+------------------------+--------+
|          Total         |   135  |
+------------------------+--------+

* Multiplexer (MUX) list: 
|--------|------|------|------|--------|
|  Comp  |  Pin | Size |  BW  | S x BW |
|--------|------|------|------|--------|
|  Total |      |      |      |    0   |
|--------|------|------|------|--------|



* Summary:
+-----------+--------+--------+
|           |   FF   |   LUT  |
+-----------+--------+--------+
|  Function |    0   |   93   |
|   Memory  |    -   |    -   |
|Multiplexer|    -   |    -   |
|  Register |   135  |    -   |
+-----------+--------+--------+
|   Total   |   135  |   93   |
+-----------+--------+--------+
