

================================================================
== Vitis HLS Report for 'ecg_classify_trained_Pipeline_VITIS_LOOP_101_9'
================================================================
* Date:           Wed Jul 16 22:38:41 2025

* Version:        2024.1.2 (Build 5096458 on Sep  5 2024)
* Project:        ecg_fpga_project
* Solution:       solution1 (Vivado IP Flow Target)
* Product family: zynq
* Target device:  xc7z020-clg400-1


================================================================
== Performance Estimates
================================================================
+ Timing: 
    * Summary: 
    +--------+----------+----------+------------+
    |  Clock |  Target  | Estimated| Uncertainty|
    +--------+----------+----------+------------+
    |ap_clk  |  10.00 ns|  7.300 ns|     2.70 ns|
    +--------+----------+----------+------------+

+ Latency: 
    * Summary: 
    +---------+---------+-----------+-----------+-----+-----+-----------------------------------------------+
    |  Latency (cycles) |   Latency (absolute)  |  Interval |                    Pipeline                   |
    |   min   |   max   |    min    |    max    | min | max |                      Type                     |
    +---------+---------+-----------+-----------+-----+-----+-----------------------------------------------+
    |        8|        8|  80.000 ns|  80.000 ns|    6|    6|  loop auto-rewind stp(delay=0 clock cycles(s))|
    +---------+---------+-----------+-----------+-----+-----+-----------------------------------------------+

    + Detail: 
        * Instance: 
        N/A

        * Loop: 
        +--------------------+---------+---------+----------+-----------+-----------+------+----------+
        |                    |  Latency (cycles) | Iteration|  Initiation Interval  | Trip |          |
        |      Loop Name     |   min   |   max   |  Latency |  achieved |   target  | Count| Pipelined|
        +--------------------+---------+---------+----------+-----------+-----------+------+----------+
        |- VITIS_LOOP_101_9  |        6|        6|         3|          1|          1|     5|       yes|
        +--------------------+---------+---------+----------+-----------+-----------+------+----------+

============================================================
+ Verbose Summary: Synthesis Manager
============================================================
InlineROM: 1
ExposeGlobal: 0
============================================================
+ Verbose Summary: CDFG Model
============================================================
IsTopModel: 0
ResetActiveHigh: 1
IsCombinational: 0
IsDatapathOnly: 0
HasWiredReturn: 1
HasMFsm: 2
HasVarLatency: 1
IsPipeline: 0
IsRtlPipelined: 0
IsInstanceOverlapped: 0
IsDontTouch: 0
HasImplIP: 0
IsGatedGlobalClock: 0

+ Individual pipeline summary: 
  * Pipeline-0: initiation interval (II) = 1, depth = 3


============================================================
+ Verbose Summary: Schedule
============================================================
* Number of FSM states : 3
* Pipeline : 1
  Pipeline-0 : II = 1, D = 3, States = { 1 2 3 }
* Dataflow Pipeline: 0

* FSM state transitions: 
1 --> 2 
2 --> 3 
3 --> 

* FSM state operations: 

State 1 <SV = 0> <Delay = 4.82>
ST_1 : Operation 6 [1/1] (0.00ns)   --->   "%max_val = alloca i32 1" [hls_source/ecg_trained_classifier.cpp:98]   --->   Operation 6 'alloca' 'max_val' <Predicate = true> <Delay = 0.00>
ST_1 : Operation 7 [1/1] (0.00ns)   --->   "%i120_01023 = alloca i32 1"   --->   Operation 7 'alloca' 'i120_01023' <Predicate = true> <Delay = 0.00>
ST_1 : Operation 8 [1/1] (0.00ns)   --->   "%i = alloca i32 1" [hls_source/ecg_trained_classifier.cpp:101]   --->   Operation 8 'alloca' 'i' <Predicate = true> <Delay = 0.00>
ST_1 : Operation 9 [1/1] (0.00ns)   --->   "%sext_ln94_1_read = read i63 @_ssdm_op_Read.ap_auto.i63, i63 %sext_ln94_1"   --->   Operation 9 'read' 'sext_ln94_1_read' <Predicate = true> <Delay = 0.00>
ST_1 : Operation 10 [1/1] (0.00ns)   --->   "%output_read = read i16 @_ssdm_op_Read.ap_auto.i16, i16 %output_r"   --->   Operation 10 'read' 'output_read' <Predicate = true> <Delay = 0.00>
ST_1 : Operation 11 [1/1] (0.00ns)   --->   "%sext_ln94_1_cast = sext i63 %sext_ln94_1_read"   --->   Operation 11 'sext' 'sext_ln94_1_cast' <Predicate = true> <Delay = 0.00>
ST_1 : Operation 12 [1/1] (0.00ns)   --->   "%specinterface_ln0 = specinterface void @_ssdm_op_SpecInterface, i16 %gmem1, void @empty, i32 0, i32 0, void @empty_0, i32 64, i32 0, void @empty_3, void @empty_2, void @empty_0, i32 16, i32 16, i32 16, i32 16, void @empty_0, void @empty_0, i32 4294967295, i32 0, i32 0"   --->   Operation 12 'specinterface' 'specinterface_ln0' <Predicate = true> <Delay = 0.00>
ST_1 : Operation 13 [1/1] (1.58ns)   --->   "%store_ln101 = store i3 1, i3 %i" [hls_source/ecg_trained_classifier.cpp:101]   --->   Operation 13 'store' 'store_ln101' <Predicate = true> <Delay = 1.58>
ST_1 : Operation 14 [1/1] (1.58ns)   --->   "%store_ln0 = store i32 0, i32 %i120_01023"   --->   Operation 14 'store' 'store_ln0' <Predicate = true> <Delay = 1.58>
ST_1 : Operation 15 [1/1] (1.58ns)   --->   "%store_ln98 = store i16 %output_read, i16 %max_val" [hls_source/ecg_trained_classifier.cpp:98]   --->   Operation 15 'store' 'store_ln98' <Predicate = true> <Delay = 1.58>
ST_1 : Operation 16 [1/1] (0.00ns)   --->   "%br_ln0 = br void %for.body124"   --->   Operation 16 'br' 'br_ln0' <Predicate = true> <Delay = 0.00>
ST_1 : Operation 17 [1/1] (0.00ns)   --->   "%i_1 = load i3 %i" [hls_source/ecg_trained_classifier.cpp:101]   --->   Operation 17 'load' 'i_1' <Predicate = true> <Delay = 0.00>
ST_1 : Operation 18 [1/1] (0.00ns)   --->   "%specbitsmap_ln0 = specbitsmap void @_ssdm_op_SpecBitsMap, i16 %gmem1"   --->   Operation 18 'specbitsmap' 'specbitsmap_ln0' <Predicate = true> <Delay = 0.00>
ST_1 : Operation 19 [1/1] (1.65ns)   --->   "%icmp_ln101 = icmp_eq  i3 %i_1, i3 6" [hls_source/ecg_trained_classifier.cpp:101]   --->   Operation 19 'icmp' 'icmp_ln101' <Predicate = true> <Delay = 1.65> <CoreInst = "Cmp">   --->   Core 9 'Cmp' <Latency = 0> <II = 1> <Delay = 1.65> <FuncUnit> <Opcode : 'seteq' 'setne' 'setle' 'setge' 'setlt' 'setgt'> <InPorts = 2> <OutPorts = 1>
ST_1 : Operation 20 [1/1] (0.00ns)   --->   "%br_ln101 = br i1 %icmp_ln101, void %for.body124.split, void %for.cond.cleanup123.exitStub" [hls_source/ecg_trained_classifier.cpp:101]   --->   Operation 20 'br' 'br_ln101' <Predicate = true> <Delay = 0.00>
ST_1 : Operation 21 [1/1] (1.65ns)   --->   "%add_ln101 = add i3 %i_1, i3 1" [hls_source/ecg_trained_classifier.cpp:101]   --->   Operation 21 'add' 'add_ln101' <Predicate = (!icmp_ln101)> <Delay = 1.65> <CoreInst = "Adder">   --->   Core 1 'Adder' <Latency = 0> <II = 1> <Delay = 1.65> <FuncUnit> <Opcode : 'add' 'sub'> <InPorts = 2> <OutPorts = 1>
ST_1 : Operation 22 [1/1] (1.58ns)   --->   "%store_ln101 = store i3 %add_ln101, i3 %i" [hls_source/ecg_trained_classifier.cpp:101]   --->   Operation 22 'store' 'store_ln101' <Predicate = (!icmp_ln101)> <Delay = 1.58>

State 2 <SV = 1> <Delay = 7.30>
ST_2 : Operation 23 [1/1] (0.00ns)   --->   "%gmem1_addr = getelementptr i16 %gmem1, i64 %sext_ln94_1_cast" [hls_source/ecg_trained_classifier.cpp:94]   --->   Operation 23 'getelementptr' 'gmem1_addr' <Predicate = true> <Delay = 0.00>
ST_2 : Operation 24 [1/1] (7.30ns)   --->   "%gmem1_addr_read = read i16 @_ssdm_op_Read.m_axi.p1i16, i16 %gmem1_addr" [hls_source/ecg_trained_classifier.cpp:102]   --->   Operation 24 'read' 'gmem1_addr_read' <Predicate = true> <Delay = 7.30> <CoreInst = "m_axi">   --->   Core 111 'm_axi' <Latency = 0> <II = 1> <Delay = 1.00> <Adapter> <Opcode : 'read' 'write' 'readreq' 'writereq' 'writeresp'>
ST_2 : Operation 37 [1/1] (0.00ns)   --->   "%i120_01023_load = load i32 %i120_01023"   --->   Operation 37 'load' 'i120_01023_load' <Predicate = (icmp_ln101)> <Delay = 0.00>
ST_2 : Operation 38 [1/1] (0.00ns)   --->   "%write_ln0 = write void @_ssdm_op_Write.ap_auto.i32P0A, i32 %i120_01023_out, i32 %i120_01023_load"   --->   Operation 38 'write' 'write_ln0' <Predicate = (icmp_ln101)> <Delay = 0.00>
ST_2 : Operation 39 [1/1] (1.58ns)   --->   "%ret_ln0 = ret"   --->   Operation 39 'ret' 'ret_ln0' <Predicate = (icmp_ln101)> <Delay = 1.58>

State 3 <SV = 2> <Delay = 4.47>
ST_3 : Operation 25 [1/1] (0.00ns)   --->   "%max_val_load = load i16 %max_val" [hls_source/ecg_trained_classifier.cpp:102]   --->   Operation 25 'load' 'max_val_load' <Predicate = true> <Delay = 0.00>
ST_3 : Operation 26 [1/1] (0.00ns)   --->   "%i120_01023_load_1 = load i32 %i120_01023" [hls_source/ecg_trained_classifier.cpp:102]   --->   Operation 26 'load' 'i120_01023_load_1' <Predicate = true> <Delay = 0.00>
ST_3 : Operation 27 [1/1] (0.00ns)   --->   "%specpipeline_ln98 = specpipeline void @_ssdm_op_SpecPipeline, i32 4294967295, i32 0, i32 0, i32 0, void @empty_0" [hls_source/ecg_trained_classifier.cpp:98]   --->   Operation 27 'specpipeline' 'specpipeline_ln98' <Predicate = true> <Delay = 0.00>
ST_3 : Operation 28 [1/1] (0.00ns)   --->   "%speclooptripcount_ln98 = speclooptripcount void @_ssdm_op_SpecLoopTripCount, i64 5, i64 5, i64 5" [hls_source/ecg_trained_classifier.cpp:98]   --->   Operation 28 'speclooptripcount' 'speclooptripcount_ln98' <Predicate = true> <Delay = 0.00>
ST_3 : Operation 29 [1/1] (0.00ns)   --->   "%specloopname_ln101 = specloopname void @_ssdm_op_SpecLoopName, void @empty_13" [hls_source/ecg_trained_classifier.cpp:101]   --->   Operation 29 'specloopname' 'specloopname_ln101' <Predicate = true> <Delay = 0.00>
ST_3 : Operation 30 [1/1] (2.07ns)   --->   "%icmp_ln102 = icmp_sgt  i16 %gmem1_addr_read, i16 %max_val_load" [hls_source/ecg_trained_classifier.cpp:102]   --->   Operation 30 'icmp' 'icmp_ln102' <Predicate = true> <Delay = 2.07> <CoreInst = "Cmp">   --->   Core 9 'Cmp' <Latency = 0> <II = 1> <Delay = 2.07> <FuncUnit> <Opcode : 'seteq' 'setne' 'setle' 'setge' 'setlt' 'setgt'> <InPorts = 2> <OutPorts = 1>
ST_3 : Operation 31 [1/1] (0.00ns)   --->   "%zext_ln102 = zext i3 %i_1" [hls_source/ecg_trained_classifier.cpp:102]   --->   Operation 31 'zext' 'zext_ln102' <Predicate = true> <Delay = 0.00>
ST_3 : Operation 32 [1/1] (0.69ns)   --->   "%select_ln102 = select i1 %icmp_ln102, i32 %zext_ln102, i32 %i120_01023_load_1" [hls_source/ecg_trained_classifier.cpp:102]   --->   Operation 32 'select' 'select_ln102' <Predicate = true> <Delay = 0.69> <CoreInst = "Sel">   --->   Core 73 'Sel' <Latency = 0> <II = 1> <Delay = 0.69> <FuncUnit> <Opcode : 'select'> <InPorts = 3> <OutPorts = 1>
ST_3 : Operation 33 [1/1] (0.80ns)   --->   "%max_val_1 = select i1 %icmp_ln102, i16 %gmem1_addr_read, i16 %max_val_load" [hls_source/ecg_trained_classifier.cpp:102]   --->   Operation 33 'select' 'max_val_1' <Predicate = true> <Delay = 0.80> <CoreInst = "Sel">   --->   Core 73 'Sel' <Latency = 0> <II = 1> <Delay = 0.80> <FuncUnit> <Opcode : 'select'> <InPorts = 3> <OutPorts = 1>
ST_3 : Operation 34 [1/1] (1.58ns)   --->   "%store_ln102 = store i32 %select_ln102, i32 %i120_01023" [hls_source/ecg_trained_classifier.cpp:102]   --->   Operation 34 'store' 'store_ln102' <Predicate = true> <Delay = 1.58>
ST_3 : Operation 35 [1/1] (1.58ns)   --->   "%store_ln98 = store i16 %max_val_1, i16 %max_val" [hls_source/ecg_trained_classifier.cpp:98]   --->   Operation 35 'store' 'store_ln98' <Predicate = true> <Delay = 1.58>
ST_3 : Operation 36 [1/1] (0.00ns)   --->   "%br_ln101 = br void %for.body124" [hls_source/ecg_trained_classifier.cpp:101]   --->   Operation 36 'br' 'br_ln101' <Predicate = true> <Delay = 0.00>


============================================================
+ Verbose Summary: Timing violations
============================================================
Target clock period: 10.000ns, clock uncertainty: 2.700ns.

 <State 1>: 4.826ns
The critical path consists of the following:
	'store' operation 0 bit ('store_ln101', hls_source/ecg_trained_classifier.cpp:101) of constant 1 on local variable 'i', hls_source/ecg_trained_classifier.cpp:101 [12]  (1.588 ns)
	'load' operation 3 bit ('i', hls_source/ecg_trained_classifier.cpp:101) on local variable 'i', hls_source/ecg_trained_classifier.cpp:101 [17]  (0.000 ns)
	'icmp' operation 1 bit ('icmp_ln101', hls_source/ecg_trained_classifier.cpp:101) [19]  (1.650 ns)
	'store' operation 0 bit ('store_ln101', hls_source/ecg_trained_classifier.cpp:101) of variable 'add_ln101', hls_source/ecg_trained_classifier.cpp:101 on local variable 'i', hls_source/ecg_trained_classifier.cpp:101 [34]  (1.588 ns)

 <State 2>: 7.300ns
The critical path consists of the following:
	'getelementptr' operation 16 bit ('gmem1_addr', hls_source/ecg_trained_classifier.cpp:94) [24]  (0.000 ns)
	bus read operation ('gmem1_addr_read', hls_source/ecg_trained_classifier.cpp:102) on port 'gmem1' (hls_source/ecg_trained_classifier.cpp:102) [28]  (7.300 ns)

 <State 3>: 4.470ns
The critical path consists of the following:
	'load' operation 16 bit ('max_val_load', hls_source/ecg_trained_classifier.cpp:102) on local variable 'max_val', hls_source/ecg_trained_classifier.cpp:98 [22]  (0.000 ns)
	'icmp' operation 1 bit ('icmp_ln102', hls_source/ecg_trained_classifier.cpp:102) [29]  (2.077 ns)
	'select' operation 16 bit ('max_val', hls_source/ecg_trained_classifier.cpp:102) [32]  (0.805 ns)
	'store' operation 0 bit ('store_ln98', hls_source/ecg_trained_classifier.cpp:98) of variable 'max_val', hls_source/ecg_trained_classifier.cpp:102 on local variable 'max_val', hls_source/ecg_trained_classifier.cpp:98 [36]  (1.588 ns)


============================================================
+ Verbose Summary: Binding
============================================================
N/A
* FSMD analyzer results:
  - Output states:
 - Input state : 
  - Chain level:
	State 1
	State 2
	State 3


============================================================
+ Verbose Summary: Datapath Resource usage 
============================================================
N/A
