

================================================================
== Vitis HLS Report for 'ecg_classify_trained_Pipeline_VITIS_LOOP_88_811'
================================================================
* Date:           Wed Jul 16 22:38:40 2025

* Version:        2024.1.2 (Build 5096458 on Sep  5 2024)
* Project:        ecg_fpga_project
* Solution:       solution1 (Vivado IP Flow Target)
* Product family: zynq
* Target device:  xc7z020-clg400-1


================================================================
== Performance Estimates
================================================================
+ Timing: 
    * Summary: 
    +--------+----------+----------+------------+
    |  Clock |  Target  | Estimated| Uncertainty|
    +--------+----------+----------+------------+
    |ap_clk  |  10.00 ns|  5.748 ns|     2.70 ns|
    +--------+----------+----------+------------+

+ Latency: 
    * Summary: 
    +---------+---------+----------+----------+-----+-----+-----------------------------------------------+
    |  Latency (cycles) |  Latency (absolute) |  Interval |                    Pipeline                   |
    |   min   |   max   |    min   |    max   | min | max |                      Type                     |
    +---------+---------+----------+----------+-----+-----+-----------------------------------------------+
    |       43|       43|  0.430 us|  0.430 us|   33|   33|  loop auto-rewind stp(delay=0 clock cycles(s))|
    +---------+---------+----------+----------+-----+-----+-----------------------------------------------+

    + Detail: 
        * Instance: 
        N/A

        * Loop: 
        +-------------------+---------+---------+----------+-----------+-----------+------+----------+
        |                   |  Latency (cycles) | Iteration|  Initiation Interval  | Trip |          |
        |     Loop Name     |   min   |   max   |  Latency |  achieved |   target  | Count| Pipelined|
        +-------------------+---------+---------+----------+-----------+-----------+------+----------+
        |- VITIS_LOOP_88_8  |       41|       41|        11|          1|          1|    32|       yes|
        +-------------------+---------+---------+----------+-----------+-----------+------+----------+

============================================================
+ Verbose Summary: Synthesis Manager
============================================================
InlineROM: 1
ExposeGlobal: 0
============================================================
+ Verbose Summary: CDFG Model
============================================================
IsTopModel: 0
ResetActiveHigh: 1
IsCombinational: 0
IsDatapathOnly: 0
HasWiredReturn: 1
HasMFsm: 2
HasVarLatency: 1
IsPipeline: 0
IsRtlPipelined: 0
IsInstanceOverlapped: 0
IsDontTouch: 0
HasImplIP: 0
IsGatedGlobalClock: 0

+ Individual pipeline summary: 
  * Pipeline-0: initiation interval (II) = 1, depth = 11


============================================================
+ Verbose Summary: Schedule
============================================================
* Number of FSM states : 11
* Pipeline : 1
  Pipeline-0 : II = 1, D = 11, States = { 1 2 3 4 5 6 7 8 9 10 11 }
* Dataflow Pipeline: 0

* FSM state transitions: 
1 --> 2 
2 --> 3 
3 --> 4 
4 --> 5 
5 --> 6 
6 --> 7 
7 --> 8 
8 --> 9 
9 --> 10 
10 --> 11 
11 --> 

* FSM state operations: 

State 1 <SV = 0> <Delay = 5.25>
ST_1 : Operation 14 [1/1] (0.00ns)   --->   "%sum = alloca i32 1" [hls_source/ecg_trained_classifier.cpp:86]   --->   Operation 14 'alloca' 'sum' <Predicate = true> <Delay = 0.00>
ST_1 : Operation 15 [1/1] (0.00ns)   --->   "%j = alloca i32 1" [hls_source/ecg_trained_classifier.cpp:88]   --->   Operation 15 'alloca' 'j' <Predicate = true> <Delay = 0.00>
ST_1 : Operation 16 [1/1] (0.00ns)   --->   "%hidden3_31_read = read i16 @_ssdm_op_Read.ap_auto.i16, i16 %hidden3_31"   --->   Operation 16 'read' 'hidden3_31_read' <Predicate = true> <Delay = 0.00>
ST_1 : Operation 17 [1/1] (0.00ns)   --->   "%hidden3_30_read = read i16 @_ssdm_op_Read.ap_auto.i16, i16 %hidden3_30"   --->   Operation 17 'read' 'hidden3_30_read' <Predicate = true> <Delay = 0.00>
ST_1 : Operation 18 [1/1] (0.00ns)   --->   "%hidden3_29_read = read i16 @_ssdm_op_Read.ap_auto.i16, i16 %hidden3_29"   --->   Operation 18 'read' 'hidden3_29_read' <Predicate = true> <Delay = 0.00>
ST_1 : Operation 19 [1/1] (0.00ns)   --->   "%hidden3_28_read = read i16 @_ssdm_op_Read.ap_auto.i16, i16 %hidden3_28"   --->   Operation 19 'read' 'hidden3_28_read' <Predicate = true> <Delay = 0.00>
ST_1 : Operation 20 [1/1] (0.00ns)   --->   "%hidden3_27_read = read i16 @_ssdm_op_Read.ap_auto.i16, i16 %hidden3_27"   --->   Operation 20 'read' 'hidden3_27_read' <Predicate = true> <Delay = 0.00>
ST_1 : Operation 21 [1/1] (0.00ns)   --->   "%hidden3_26_read = read i16 @_ssdm_op_Read.ap_auto.i16, i16 %hidden3_26"   --->   Operation 21 'read' 'hidden3_26_read' <Predicate = true> <Delay = 0.00>
ST_1 : Operation 22 [1/1] (0.00ns)   --->   "%hidden3_25_read = read i16 @_ssdm_op_Read.ap_auto.i16, i16 %hidden3_25"   --->   Operation 22 'read' 'hidden3_25_read' <Predicate = true> <Delay = 0.00>
ST_1 : Operation 23 [1/1] (0.00ns)   --->   "%hidden3_24_read = read i16 @_ssdm_op_Read.ap_auto.i16, i16 %hidden3_24"   --->   Operation 23 'read' 'hidden3_24_read' <Predicate = true> <Delay = 0.00>
ST_1 : Operation 24 [1/1] (0.00ns)   --->   "%hidden3_23_read = read i16 @_ssdm_op_Read.ap_auto.i16, i16 %hidden3_23"   --->   Operation 24 'read' 'hidden3_23_read' <Predicate = true> <Delay = 0.00>
ST_1 : Operation 25 [1/1] (0.00ns)   --->   "%hidden3_22_read = read i16 @_ssdm_op_Read.ap_auto.i16, i16 %hidden3_22"   --->   Operation 25 'read' 'hidden3_22_read' <Predicate = true> <Delay = 0.00>
ST_1 : Operation 26 [1/1] (0.00ns)   --->   "%hidden3_21_read = read i16 @_ssdm_op_Read.ap_auto.i16, i16 %hidden3_21"   --->   Operation 26 'read' 'hidden3_21_read' <Predicate = true> <Delay = 0.00>
ST_1 : Operation 27 [1/1] (0.00ns)   --->   "%hidden3_20_read = read i16 @_ssdm_op_Read.ap_auto.i16, i16 %hidden3_20"   --->   Operation 27 'read' 'hidden3_20_read' <Predicate = true> <Delay = 0.00>
ST_1 : Operation 28 [1/1] (0.00ns)   --->   "%hidden3_19_read = read i16 @_ssdm_op_Read.ap_auto.i16, i16 %hidden3_19"   --->   Operation 28 'read' 'hidden3_19_read' <Predicate = true> <Delay = 0.00>
ST_1 : Operation 29 [1/1] (0.00ns)   --->   "%hidden3_18_read = read i16 @_ssdm_op_Read.ap_auto.i16, i16 %hidden3_18"   --->   Operation 29 'read' 'hidden3_18_read' <Predicate = true> <Delay = 0.00>
ST_1 : Operation 30 [1/1] (0.00ns)   --->   "%hidden3_17_read = read i16 @_ssdm_op_Read.ap_auto.i16, i16 %hidden3_17"   --->   Operation 30 'read' 'hidden3_17_read' <Predicate = true> <Delay = 0.00>
ST_1 : Operation 31 [1/1] (0.00ns)   --->   "%hidden3_16_read = read i16 @_ssdm_op_Read.ap_auto.i16, i16 %hidden3_16"   --->   Operation 31 'read' 'hidden3_16_read' <Predicate = true> <Delay = 0.00>
ST_1 : Operation 32 [1/1] (0.00ns)   --->   "%hidden3_15_read = read i16 @_ssdm_op_Read.ap_auto.i16, i16 %hidden3_15"   --->   Operation 32 'read' 'hidden3_15_read' <Predicate = true> <Delay = 0.00>
ST_1 : Operation 33 [1/1] (0.00ns)   --->   "%hidden3_14_read = read i16 @_ssdm_op_Read.ap_auto.i16, i16 %hidden3_14"   --->   Operation 33 'read' 'hidden3_14_read' <Predicate = true> <Delay = 0.00>
ST_1 : Operation 34 [1/1] (0.00ns)   --->   "%hidden3_13_read = read i16 @_ssdm_op_Read.ap_auto.i16, i16 %hidden3_13"   --->   Operation 34 'read' 'hidden3_13_read' <Predicate = true> <Delay = 0.00>
ST_1 : Operation 35 [1/1] (0.00ns)   --->   "%hidden3_12_read = read i16 @_ssdm_op_Read.ap_auto.i16, i16 %hidden3_12"   --->   Operation 35 'read' 'hidden3_12_read' <Predicate = true> <Delay = 0.00>
ST_1 : Operation 36 [1/1] (0.00ns)   --->   "%hidden3_11_read = read i16 @_ssdm_op_Read.ap_auto.i16, i16 %hidden3_11"   --->   Operation 36 'read' 'hidden3_11_read' <Predicate = true> <Delay = 0.00>
ST_1 : Operation 37 [1/1] (0.00ns)   --->   "%hidden3_10_read = read i16 @_ssdm_op_Read.ap_auto.i16, i16 %hidden3_10"   --->   Operation 37 'read' 'hidden3_10_read' <Predicate = true> <Delay = 0.00>
ST_1 : Operation 38 [1/1] (0.00ns)   --->   "%hidden3_9_read = read i16 @_ssdm_op_Read.ap_auto.i16, i16 %hidden3_9"   --->   Operation 38 'read' 'hidden3_9_read' <Predicate = true> <Delay = 0.00>
ST_1 : Operation 39 [1/1] (0.00ns)   --->   "%hidden3_8_read = read i16 @_ssdm_op_Read.ap_auto.i16, i16 %hidden3_8"   --->   Operation 39 'read' 'hidden3_8_read' <Predicate = true> <Delay = 0.00>
ST_1 : Operation 40 [1/1] (0.00ns)   --->   "%hidden3_7_read = read i16 @_ssdm_op_Read.ap_auto.i16, i16 %hidden3_7"   --->   Operation 40 'read' 'hidden3_7_read' <Predicate = true> <Delay = 0.00>
ST_1 : Operation 41 [1/1] (0.00ns)   --->   "%hidden3_6_read = read i16 @_ssdm_op_Read.ap_auto.i16, i16 %hidden3_6"   --->   Operation 41 'read' 'hidden3_6_read' <Predicate = true> <Delay = 0.00>
ST_1 : Operation 42 [1/1] (0.00ns)   --->   "%hidden3_5_read = read i16 @_ssdm_op_Read.ap_auto.i16, i16 %hidden3_5"   --->   Operation 42 'read' 'hidden3_5_read' <Predicate = true> <Delay = 0.00>
ST_1 : Operation 43 [1/1] (0.00ns)   --->   "%hidden3_4_read = read i16 @_ssdm_op_Read.ap_auto.i16, i16 %hidden3_4"   --->   Operation 43 'read' 'hidden3_4_read' <Predicate = true> <Delay = 0.00>
ST_1 : Operation 44 [1/1] (0.00ns)   --->   "%hidden3_3_read = read i16 @_ssdm_op_Read.ap_auto.i16, i16 %hidden3_3"   --->   Operation 44 'read' 'hidden3_3_read' <Predicate = true> <Delay = 0.00>
ST_1 : Operation 45 [1/1] (0.00ns)   --->   "%hidden3_2_read = read i16 @_ssdm_op_Read.ap_auto.i16, i16 %hidden3_2"   --->   Operation 45 'read' 'hidden3_2_read' <Predicate = true> <Delay = 0.00>
ST_1 : Operation 46 [1/1] (0.00ns)   --->   "%hidden3_1_read = read i16 @_ssdm_op_Read.ap_auto.i16, i16 %hidden3_1"   --->   Operation 46 'read' 'hidden3_1_read' <Predicate = true> <Delay = 0.00>
ST_1 : Operation 47 [1/1] (0.00ns)   --->   "%hidden3_read = read i16 @_ssdm_op_Read.ap_auto.i16, i16 %hidden3"   --->   Operation 47 'read' 'hidden3_read' <Predicate = true> <Delay = 0.00>
ST_1 : Operation 48 [1/1] (1.58ns)   --->   "%store_ln88 = store i6 0, i6 %j" [hls_source/ecg_trained_classifier.cpp:88]   --->   Operation 48 'store' 'store_ln88' <Predicate = true> <Delay = 1.58>
ST_1 : Operation 49 [1/1] (1.58ns)   --->   "%store_ln86 = store i32 4294896128, i32 %sum" [hls_source/ecg_trained_classifier.cpp:86]   --->   Operation 49 'store' 'store_ln86' <Predicate = true> <Delay = 1.58>
ST_1 : Operation 50 [1/1] (0.00ns)   --->   "%br_ln0 = br void %for.body96.2"   --->   Operation 50 'br' 'br_ln0' <Predicate = true> <Delay = 0.00>
ST_1 : Operation 51 [1/1] (0.00ns)   --->   "%j_4 = load i6 %j" [hls_source/ecg_trained_classifier.cpp:88]   --->   Operation 51 'load' 'j_4' <Predicate = true> <Delay = 0.00>
ST_1 : Operation 52 [1/1] (1.82ns)   --->   "%icmp_ln88 = icmp_eq  i6 %j_4, i6 32" [hls_source/ecg_trained_classifier.cpp:88]   --->   Operation 52 'icmp' 'icmp_ln88' <Predicate = true> <Delay = 1.82> <CoreInst = "Cmp">   --->   Core 9 'Cmp' <Latency = 0> <II = 1> <Delay = 1.82> <FuncUnit> <Opcode : 'seteq' 'setne' 'setle' 'setge' 'setlt' 'setgt'> <InPorts = 2> <OutPorts = 1>
ST_1 : Operation 53 [1/1] (1.82ns)   --->   "%add_ln88 = add i6 %j_4, i6 1" [hls_source/ecg_trained_classifier.cpp:88]   --->   Operation 53 'add' 'add_ln88' <Predicate = true> <Delay = 1.82> <CoreInst = "Adder">   --->   Core 1 'Adder' <Latency = 0> <II = 1> <Delay = 1.82> <FuncUnit> <Opcode : 'add' 'sub'> <InPorts = 2> <OutPorts = 1>
ST_1 : Operation 54 [1/1] (0.00ns)   --->   "%br_ln88 = br i1 %icmp_ln88, void %for.body96.2.split_ifconv, void %for.end108.2.exitStub" [hls_source/ecg_trained_classifier.cpp:88]   --->   Operation 54 'br' 'br_ln88' <Predicate = true> <Delay = 0.00>
ST_1 : Operation 55 [1/1] (0.00ns)   --->   "%trunc_ln88_4 = trunc i6 %j_4" [hls_source/ecg_trained_classifier.cpp:88]   --->   Operation 55 'trunc' 'trunc_ln88_4' <Predicate = (!icmp_ln88)> <Delay = 0.00>
ST_1 : Operation 56 [1/1] (0.00ns)   --->   "%p_shl = bitconcatenate i8 @_ssdm_op_BitConcatenate.i8.i5.i3, i5 %trunc_ln88_4, i3 0" [hls_source/ecg_trained_classifier.cpp:90]   --->   Operation 56 'bitconcatenate' 'p_shl' <Predicate = (!icmp_ln88)> <Delay = 0.00>
ST_1 : Operation 57 [1/1] (0.00ns)   --->   "%tmp = bitconcatenate i7 @_ssdm_op_BitConcatenate.i7.i6.i1, i6 %j_4, i1 0" [hls_source/ecg_trained_classifier.cpp:90]   --->   Operation 57 'bitconcatenate' 'tmp' <Predicate = (!icmp_ln88)> <Delay = 0.00>
ST_1 : Operation 58 [1/1] (0.00ns)   --->   "%zext_ln90 = zext i7 %tmp" [hls_source/ecg_trained_classifier.cpp:90]   --->   Operation 58 'zext' 'zext_ln90' <Predicate = (!icmp_ln88)> <Delay = 0.00>
ST_1 : Operation 59 [1/1] (0.00ns) (grouped into TernaryAdder)   --->   "%sub_ln90 = sub i8 %p_shl, i8 %zext_ln90" [hls_source/ecg_trained_classifier.cpp:90]   --->   Operation 59 'sub' 'sub_ln90' <Predicate = (!icmp_ln88)> <Delay = 0.00> <CoreInst = "TAddSub">   --->   Core 10 'TAddSub' <Latency = 0> <II = 1> <Delay = 1.83> <IPBlock> <Opcode : '' 'add' 'sub'> <InPorts = 3> <OutPorts = 1> <Sync> <CReg>
ST_1 : Operation 60 [1/1] (3.66ns) (root node of TernaryAdder)   --->   "%add_ln90_4 = add i8 %sub_ln90, i8 2" [hls_source/ecg_trained_classifier.cpp:90]   --->   Operation 60 'add' 'add_ln90_4' <Predicate = (!icmp_ln88)> <Delay = 3.66> <CoreInst = "TAddSub">   --->   Core 10 'TAddSub' <Latency = 0> <II = 1> <Delay = 1.83> <IPBlock> <Opcode : '' 'add' 'sub'> <InPorts = 3> <OutPorts = 1> <Sync> <CReg>
ST_1 : Operation 61 [1/1] (3.20ns)   --->   "%tmp_9 = sparsemux i16 @_ssdm_op_SparseMux.ap_auto.32i16.i16.i5, i5 0, i16 %hidden3_read, i5 1, i16 %hidden3_1_read, i5 2, i16 %hidden3_2_read, i5 3, i16 %hidden3_3_read, i5 4, i16 %hidden3_4_read, i5 5, i16 %hidden3_5_read, i5 6, i16 %hidden3_6_read, i5 7, i16 %hidden3_7_read, i5 8, i16 %hidden3_8_read, i5 9, i16 %hidden3_9_read, i5 10, i16 %hidden3_10_read, i5 11, i16 %hidden3_11_read, i5 12, i16 %hidden3_12_read, i5 13, i16 %hidden3_13_read, i5 14, i16 %hidden3_14_read, i5 15, i16 %hidden3_15_read, i5 16, i16 %hidden3_16_read, i5 17, i16 %hidden3_17_read, i5 18, i16 %hidden3_18_read, i5 19, i16 %hidden3_19_read, i5 20, i16 %hidden3_20_read, i5 21, i16 %hidden3_21_read, i5 22, i16 %hidden3_22_read, i5 23, i16 %hidden3_23_read, i5 24, i16 %hidden3_24_read, i5 25, i16 %hidden3_25_read, i5 26, i16 %hidden3_26_read, i5 27, i16 %hidden3_27_read, i5 28, i16 %hidden3_28_read, i5 29, i16 %hidden3_29_read, i5 30, i16 %hidden3_30_read, i5 31, i16 %hidden3_31_read, i16 0, i5 %trunc_ln88_4" [hls_source/ecg_trained_classifier.cpp:90]   --->   Operation 61 'sparsemux' 'tmp_9' <Predicate = (!icmp_ln88)> <Delay = 3.20> <CoreInst = "SparseMux">   --->   Core 132 'SparseMux' <Latency = 0> <II = 1> <Delay = 3.20> <FuncUnit> <Opcode : 'sparsemux'> <InPorts = 2> <OutPorts = 1>
ST_1 : Operation 62 [1/1] (1.58ns)   --->   "%store_ln88 = store i6 %add_ln88, i6 %j" [hls_source/ecg_trained_classifier.cpp:88]   --->   Operation 62 'store' 'store_ln88' <Predicate = (!icmp_ln88)> <Delay = 1.58>

State 2 <SV = 1> <Delay = 3.25>
ST_2 : Operation 63 [1/1] (0.00ns)   --->   "%zext_ln90_15 = zext i8 %add_ln90_4" [hls_source/ecg_trained_classifier.cpp:90]   --->   Operation 63 'zext' 'zext_ln90_15' <Predicate = (!icmp_ln88)> <Delay = 0.00>
ST_2 : Operation 64 [1/1] (0.00ns)   --->   "%dense_3_weights_addr = getelementptr i32 %dense_3_weights, i64 0, i64 %zext_ln90_15" [hls_source/ecg_trained_classifier.cpp:90]   --->   Operation 64 'getelementptr' 'dense_3_weights_addr' <Predicate = (!icmp_ln88)> <Delay = 0.00>
ST_2 : Operation 65 [2/2] (3.25ns)   --->   "%dense_3_weights_load = load i8 %dense_3_weights_addr" [hls_source/ecg_trained_classifier.cpp:90]   --->   Operation 65 'load' 'dense_3_weights_load' <Predicate = (!icmp_ln88)> <Delay = 3.25> <CoreInst = "ROM">   --->   Core 94 'ROM' <Latency = 1> <II = 1> <Delay = 3.25> <Storage> <Opcode : 'load'> <Ports = 0> <Width = 32> <Depth = 192> <ROM>

State 3 <SV = 2> <Delay = 3.25>
ST_3 : Operation 66 [1/2] (3.25ns)   --->   "%dense_3_weights_load = load i8 %dense_3_weights_addr" [hls_source/ecg_trained_classifier.cpp:90]   --->   Operation 66 'load' 'dense_3_weights_load' <Predicate = (!icmp_ln88)> <Delay = 3.25> <CoreInst = "ROM">   --->   Core 94 'ROM' <Latency = 1> <II = 1> <Delay = 3.25> <Storage> <Opcode : 'load'> <Ports = 0> <Width = 32> <Depth = 192> <ROM>

State 4 <SV = 3> <Delay = 4.43>
ST_4 : Operation 67 [2/2] (4.43ns)   --->   "%pf = fpext i32 %dense_3_weights_load" [hls_source/ecg_trained_classifier.cpp:90]   --->   Operation 67 'fpext' 'pf' <Predicate = (!icmp_ln88)> <Delay = 4.43> <CoreInst = "Float2Double">   --->   Core 64 'Float2Double' <Latency = 1> <II = 1> <Delay = 4.43> <FuncUnit> <Opcode : 'fpext'> <InPorts = 1> <OutPorts = 1>

State 5 <SV = 4> <Delay = 4.43>
ST_5 : Operation 68 [1/2] (4.43ns)   --->   "%pf = fpext i32 %dense_3_weights_load" [hls_source/ecg_trained_classifier.cpp:90]   --->   Operation 68 'fpext' 'pf' <Predicate = (!icmp_ln88)> <Delay = 4.43> <CoreInst = "Float2Double">   --->   Core 64 'Float2Double' <Latency = 1> <II = 1> <Delay = 4.43> <FuncUnit> <Opcode : 'fpext'> <InPorts = 1> <OutPorts = 1>
ST_5 : Operation 69 [1/1] (0.00ns)   --->   "%bitcast_ln716 = bitcast i64 %pf" [hls_source/ecg_trained_classifier.cpp:90]   --->   Operation 69 'bitcast' 'bitcast_ln716' <Predicate = (!icmp_ln88)> <Delay = 0.00>
ST_5 : Operation 70 [1/1] (0.00ns)   --->   "%trunc_ln90 = trunc i64 %bitcast_ln716" [hls_source/ecg_trained_classifier.cpp:90]   --->   Operation 70 'trunc' 'trunc_ln90' <Predicate = (!icmp_ln88)> <Delay = 0.00>
ST_5 : Operation 71 [1/1] (0.00ns)   --->   "%tmp_7 = bitselect i1 @_ssdm_op_BitSelect.i1.i64.i32, i64 %bitcast_ln716, i32 63" [hls_source/ecg_trained_classifier.cpp:90]   --->   Operation 71 'bitselect' 'tmp_7' <Predicate = (!icmp_ln88)> <Delay = 0.00>
ST_5 : Operation 72 [1/1] (0.00ns)   --->   "%tmp_s = partselect i11 @_ssdm_op_PartSelect.i11.i64.i32.i32, i64 %bitcast_ln716, i32 52, i32 62" [hls_source/ecg_trained_classifier.cpp:90]   --->   Operation 72 'partselect' 'tmp_s' <Predicate = (!icmp_ln88)> <Delay = 0.00>
ST_5 : Operation 73 [1/1] (0.00ns)   --->   "%trunc_ln90_16 = trunc i64 %bitcast_ln716" [hls_source/ecg_trained_classifier.cpp:90]   --->   Operation 73 'trunc' 'trunc_ln90_16' <Predicate = (!icmp_ln88)> <Delay = 0.00>

State 6 <SV = 5> <Delay = 5.74>
ST_6 : Operation 74 [1/1] (0.00ns)   --->   "%zext_ln90_5 = zext i11 %tmp_s" [hls_source/ecg_trained_classifier.cpp:90]   --->   Operation 74 'zext' 'zext_ln90_5' <Predicate = (!icmp_ln88)> <Delay = 0.00>
ST_6 : Operation 75 [1/1] (0.00ns)   --->   "%zext_ln90_21_cast = bitconcatenate i53 @_ssdm_op_BitConcatenate.i53.i1.i52, i1 1, i52 %trunc_ln90_16" [hls_source/ecg_trained_classifier.cpp:90]   --->   Operation 75 'bitconcatenate' 'zext_ln90_21_cast' <Predicate = (!icmp_ln88)> <Delay = 0.00>
ST_6 : Operation 76 [1/1] (0.00ns)   --->   "%zext_ln90_16 = zext i53 %zext_ln90_21_cast" [hls_source/ecg_trained_classifier.cpp:90]   --->   Operation 76 'zext' 'zext_ln90_16' <Predicate = (!icmp_ln88)> <Delay = 0.00>
ST_6 : Operation 77 [1/1] (3.23ns)   --->   "%sub_ln90_6 = sub i54 0, i54 %zext_ln90_16" [hls_source/ecg_trained_classifier.cpp:90]   --->   Operation 77 'sub' 'sub_ln90_6' <Predicate = (!icmp_ln88 & tmp_7)> <Delay = 3.23> <CoreInst = "Adder">   --->   Core 1 'Adder' <Latency = 0> <II = 1> <Delay = 3.23> <FuncUnit> <Opcode : 'add' 'sub'> <InPorts = 2> <OutPorts = 1>
ST_6 : Operation 78 [1/1] (0.94ns)   --->   "%select_ln90_6 = select i1 %tmp_7, i54 %sub_ln90_6, i54 %zext_ln90_16" [hls_source/ecg_trained_classifier.cpp:90]   --->   Operation 78 'select' 'select_ln90_6' <Predicate = (!icmp_ln88)> <Delay = 0.94> <CoreInst = "Sel">   --->   Core 73 'Sel' <Latency = 0> <II = 1> <Delay = 0.94> <FuncUnit> <Opcode : 'select'> <InPorts = 3> <OutPorts = 1>
ST_6 : Operation 79 [1/1] (3.49ns)   --->   "%icmp_ln90_8 = icmp_eq  i63 %trunc_ln90, i63 0" [hls_source/ecg_trained_classifier.cpp:90]   --->   Operation 79 'icmp' 'icmp_ln90_8' <Predicate = (!icmp_ln88)> <Delay = 3.49> <CoreInst = "Cmp">   --->   Core 9 'Cmp' <Latency = 0> <II = 1> <Delay = 3.49> <FuncUnit> <Opcode : 'seteq' 'setne' 'setle' 'setge' 'setlt' 'setgt'> <InPorts = 2> <OutPorts = 1>
ST_6 : Operation 80 [1/1] (1.54ns)   --->   "%sub_ln90_7 = sub i12 1075, i12 %zext_ln90_5" [hls_source/ecg_trained_classifier.cpp:90]   --->   Operation 80 'sub' 'sub_ln90_7' <Predicate = (!icmp_ln88)> <Delay = 1.54> <CoreInst = "Adder">   --->   Core 1 'Adder' <Latency = 0> <II = 1> <Delay = 1.54> <FuncUnit> <Opcode : 'add' 'sub'> <InPorts = 2> <OutPorts = 1>
ST_6 : Operation 81 [1/1] (0.00ns)   --->   "%trunc_ln90_17 = trunc i12 %sub_ln90_7" [hls_source/ecg_trained_classifier.cpp:90]   --->   Operation 81 'trunc' 'trunc_ln90_17' <Predicate = (!icmp_ln88)> <Delay = 0.00>
ST_6 : Operation 82 [1/1] (1.54ns)   --->   "%icmp_ln90_9 = icmp_sgt  i12 %sub_ln90_7, i12 8" [hls_source/ecg_trained_classifier.cpp:90]   --->   Operation 82 'icmp' 'icmp_ln90_9' <Predicate = (!icmp_ln88)> <Delay = 1.54> <CoreInst = "Cmp">   --->   Core 9 'Cmp' <Latency = 0> <II = 1> <Delay = 1.54> <FuncUnit> <Opcode : 'seteq' 'setne' 'setle' 'setge' 'setlt' 'setgt'> <InPorts = 2> <OutPorts = 1>
ST_6 : Operation 83 [1/1] (1.63ns)   --->   "%add_ln90_5 = add i11 %trunc_ln90_17, i11 2040" [hls_source/ecg_trained_classifier.cpp:90]   --->   Operation 83 'add' 'add_ln90_5' <Predicate = (!icmp_ln88)> <Delay = 1.63> <CoreInst = "Adder">   --->   Core 1 'Adder' <Latency = 0> <II = 1> <Delay = 1.63> <FuncUnit> <Opcode : 'add' 'sub'> <InPorts = 2> <OutPorts = 1>
ST_6 : Operation 84 [1/1] (1.63ns)   --->   "%sub_ln90_8 = sub i11 8, i11 %trunc_ln90_17" [hls_source/ecg_trained_classifier.cpp:90]   --->   Operation 84 'sub' 'sub_ln90_8' <Predicate = (!icmp_ln88)> <Delay = 1.63> <CoreInst = "Adder">   --->   Core 1 'Adder' <Latency = 0> <II = 1> <Delay = 1.63> <FuncUnit> <Opcode : 'add' 'sub'> <InPorts = 2> <OutPorts = 1>
ST_6 : Operation 85 [1/1] (0.69ns)   --->   "%select_ln90_7 = select i1 %icmp_ln90_9, i11 %add_ln90_5, i11 %sub_ln90_8" [hls_source/ecg_trained_classifier.cpp:90]   --->   Operation 85 'select' 'select_ln90_7' <Predicate = (!icmp_ln88)> <Delay = 0.69> <CoreInst = "Sel">   --->   Core 73 'Sel' <Latency = 0> <II = 1> <Delay = 0.69> <FuncUnit> <Opcode : 'select'> <InPorts = 3> <OutPorts = 1>
ST_6 : Operation 86 [1/1] (1.54ns)   --->   "%icmp_ln90_10 = icmp_eq  i12 %sub_ln90_7, i12 8" [hls_source/ecg_trained_classifier.cpp:90]   --->   Operation 86 'icmp' 'icmp_ln90_10' <Predicate = (!icmp_ln88)> <Delay = 1.54> <CoreInst = "Cmp">   --->   Core 9 'Cmp' <Latency = 0> <II = 1> <Delay = 1.54> <FuncUnit> <Opcode : 'seteq' 'setne' 'setle' 'setge' 'setlt' 'setgt'> <InPorts = 2> <OutPorts = 1>
ST_6 : Operation 87 [1/1] (0.00ns)   --->   "%trunc_ln90_18 = trunc i54 %select_ln90_6" [hls_source/ecg_trained_classifier.cpp:90]   --->   Operation 87 'trunc' 'trunc_ln90_18' <Predicate = (!icmp_ln88)> <Delay = 0.00>
ST_6 : Operation 88 [1/1] (0.00ns)   --->   "%tmp_8 = partselect i7 @_ssdm_op_PartSelect.i7.i11.i32.i32, i11 %select_ln90_7, i32 4, i32 10" [hls_source/ecg_trained_classifier.cpp:90]   --->   Operation 88 'partselect' 'tmp_8' <Predicate = (!icmp_ln88)> <Delay = 0.00>
ST_6 : Operation 89 [1/1] (1.87ns)   --->   "%icmp_ln90_13 = icmp_eq  i7 %tmp_8, i7 0" [hls_source/ecg_trained_classifier.cpp:90]   --->   Operation 89 'icmp' 'icmp_ln90_13' <Predicate = (!icmp_ln88)> <Delay = 1.87> <CoreInst = "Cmp">   --->   Core 9 'Cmp' <Latency = 0> <II = 1> <Delay = 1.87> <FuncUnit> <Opcode : 'seteq' 'setne' 'setle' 'setge' 'setlt' 'setgt'> <InPorts = 2> <OutPorts = 1>
ST_6 : Operation 90 [1/1] (0.00ns) (grouped into LUT with out node and_ln90_4)   --->   "%or_ln90 = or i1 %icmp_ln90_8, i1 %icmp_ln90_10" [hls_source/ecg_trained_classifier.cpp:90]   --->   Operation 90 'or' 'or_ln90' <Predicate = (!icmp_ln88)> <Delay = 0.00> <CoreInst = "LogicGate">   --->   Core 74 'LogicGate' <Latency = 0> <II = 1> <Delay = 0.97> <FuncUnit> <Opcode : 'and' 'or' 'xor'> <InPorts = 2> <OutPorts = 1>
ST_6 : Operation 91 [1/1] (0.00ns) (grouped into LUT with out node and_ln90_4)   --->   "%xor_ln90_4 = xor i1 %or_ln90, i1 1" [hls_source/ecg_trained_classifier.cpp:90]   --->   Operation 91 'xor' 'xor_ln90_4' <Predicate = (!icmp_ln88)> <Delay = 0.00> <CoreInst = "LogicGate">   --->   Core 74 'LogicGate' <Latency = 0> <II = 1> <Delay = 0.97> <FuncUnit> <Opcode : 'and' 'or' 'xor'> <InPorts = 2> <OutPorts = 1>
ST_6 : Operation 92 [1/1] (0.97ns) (out node of the LUT)   --->   "%and_ln90_4 = and i1 %icmp_ln90_9, i1 %xor_ln90_4" [hls_source/ecg_trained_classifier.cpp:90]   --->   Operation 92 'and' 'and_ln90_4' <Predicate = (!icmp_ln88)> <Delay = 0.97> <CoreInst = "LogicGate">   --->   Core 74 'LogicGate' <Latency = 0> <II = 1> <Delay = 0.97> <FuncUnit> <Opcode : 'and' 'or' 'xor'> <InPorts = 2> <OutPorts = 1>

State 7 <SV = 6> <Delay = 5.60>
ST_7 : Operation 93 [1/1] (1.63ns)   --->   "%icmp_ln90 = icmp_ult  i11 %select_ln90_7, i11 54" [hls_source/ecg_trained_classifier.cpp:90]   --->   Operation 93 'icmp' 'icmp_ln90' <Predicate = (!icmp_ln88)> <Delay = 1.63> <CoreInst = "Cmp">   --->   Core 9 'Cmp' <Latency = 0> <II = 1> <Delay = 1.63> <FuncUnit> <Opcode : 'seteq' 'setne' 'setle' 'setge' 'setlt' 'setgt'> <InPorts = 2> <OutPorts = 1>
ST_7 : Operation 94 [1/1] (0.00ns)   --->   "%zext_ln90_10 = zext i11 %select_ln90_7" [hls_source/ecg_trained_classifier.cpp:90]   --->   Operation 94 'zext' 'zext_ln90_10' <Predicate = (!icmp_ln88)> <Delay = 0.00>
ST_7 : Operation 95 [1/1] (4.61ns)   --->   "%ashr_ln90 = ashr i54 %select_ln90_6, i54 %zext_ln90_10" [hls_source/ecg_trained_classifier.cpp:90]   --->   Operation 95 'ashr' 'ashr_ln90' <Predicate = (!icmp_ln88)> <Delay = 4.61> <CoreInst = "Shifter">   --->   Core 75 'Shifter' <Latency = 0> <II = 1> <Delay = 4.61> <FuncUnit> <Opcode : 'shl' 'lshr' 'ashr'> <InPorts = 2> <OutPorts = 1>
ST_7 : Operation 96 [1/1] (0.00ns) (grouped into LUT with out node select_ln90_12)   --->   "%trunc_ln90_19 = trunc i54 %ashr_ln90" [hls_source/ecg_trained_classifier.cpp:90]   --->   Operation 96 'trunc' 'trunc_ln90_19' <Predicate = (!icmp_ln88)> <Delay = 0.00>
ST_7 : Operation 97 [1/1] (0.00ns) (grouped into LUT with out node select_ln90_12)   --->   "%select_ln90 = select i1 %tmp_7, i16 65535, i16 0" [hls_source/ecg_trained_classifier.cpp:90]   --->   Operation 97 'select' 'select_ln90' <Predicate = (!icmp_ln88)> <Delay = 0.00> <CoreInst = "Sel">   --->   Core 73 'Sel' <Latency = 0> <II = 1> <Delay = 0.99> <FuncUnit> <Opcode : 'select'> <InPorts = 3> <OutPorts = 1>
ST_7 : Operation 98 [1/1] (0.99ns) (out node of the LUT)   --->   "%select_ln90_12 = select i1 %icmp_ln90, i16 %trunc_ln90_19, i16 %select_ln90" [hls_source/ecg_trained_classifier.cpp:90]   --->   Operation 98 'select' 'select_ln90_12' <Predicate = (!icmp_ln88)> <Delay = 0.99> <CoreInst = "Sel">   --->   Core 73 'Sel' <Latency = 0> <II = 1> <Delay = 0.80> <FuncUnit> <Opcode : 'select'> <InPorts = 3> <OutPorts = 1>
ST_7 : Operation 99 [1/1] (0.00ns)   --->   "%select_ln90_7cast = zext i11 %select_ln90_7" [hls_source/ecg_trained_classifier.cpp:90]   --->   Operation 99 'zext' 'select_ln90_7cast' <Predicate = (!icmp_ln88 & icmp_ln90_13)> <Delay = 0.00>
ST_7 : Operation 100 [1/1] (3.98ns)   --->   "%shl_ln90 = shl i16 %trunc_ln90_18, i16 %select_ln90_7cast" [hls_source/ecg_trained_classifier.cpp:90]   --->   Operation 100 'shl' 'shl_ln90' <Predicate = (!icmp_ln88 & icmp_ln90_13)> <Delay = 3.98> <CoreInst = "Shifter">   --->   Core 75 'Shifter' <Latency = 0> <II = 1> <Delay = 3.98> <FuncUnit> <Opcode : 'shl' 'lshr' 'ashr'> <InPorts = 2> <OutPorts = 1>
ST_7 : Operation 101 [1/1] (0.80ns)   --->   "%select_ln90_13 = select i1 %icmp_ln90_13, i16 %shl_ln90, i16 0" [hls_source/ecg_trained_classifier.cpp:90]   --->   Operation 101 'select' 'select_ln90_13' <Predicate = (!icmp_ln88)> <Delay = 0.80> <CoreInst = "Sel">   --->   Core 73 'Sel' <Latency = 0> <II = 1> <Delay = 0.80> <FuncUnit> <Opcode : 'select'> <InPorts = 3> <OutPorts = 1>

State 8 <SV = 7> <Delay = 3.73>
ST_8 : Operation 102 [1/1] (0.00ns) (grouped into LUT with out node and_ln90)   --->   "%xor_ln90 = xor i1 %icmp_ln90_8, i1 1" [hls_source/ecg_trained_classifier.cpp:90]   --->   Operation 102 'xor' 'xor_ln90' <Predicate = (!icmp_ln88)> <Delay = 0.00> <CoreInst = "LogicGate">   --->   Core 74 'LogicGate' <Latency = 0> <II = 1> <Delay = 0.97> <FuncUnit> <Opcode : 'and' 'or' 'xor'> <InPorts = 2> <OutPorts = 1>
ST_8 : Operation 103 [1/1] (0.97ns) (out node of the LUT)   --->   "%and_ln90 = and i1 %icmp_ln90_10, i1 %xor_ln90" [hls_source/ecg_trained_classifier.cpp:90]   --->   Operation 103 'and' 'and_ln90' <Predicate = (!icmp_ln88)> <Delay = 0.97> <CoreInst = "LogicGate">   --->   Core 74 'LogicGate' <Latency = 0> <II = 1> <Delay = 0.97> <FuncUnit> <Opcode : 'and' 'or' 'xor'> <InPorts = 2> <OutPorts = 1>
ST_8 : Operation 104 [1/1] (0.00ns)   --->   "%sel_tmp = bitconcatenate i3 @_ssdm_op_BitConcatenate.i3.i1.i1.i1, i1 %icmp_ln90_8, i1 %and_ln90, i1 %and_ln90_4" [hls_source/ecg_trained_classifier.cpp:90]   --->   Operation 104 'bitconcatenate' 'sel_tmp' <Predicate = (!icmp_ln88)> <Delay = 0.00>
ST_8 : Operation 105 [1/1] (1.70ns)   --->   "%ref_tmp_i_i30_s = sparsemux i16 @_ssdm_op_SparseMux.ap_auto.4i16.i16.i3, i3 4, i16 0, i3 2, i16 %trunc_ln90_18, i3 1, i16 %select_ln90_12, i3 0, i16 %select_ln90_13, i16 0, i3 %sel_tmp" [hls_source/ecg_trained_classifier.cpp:90]   --->   Operation 105 'sparsemux' 'ref_tmp_i_i30_s' <Predicate = (!icmp_ln88)> <Delay = 1.70> <CoreInst = "SparseMux">   --->   Core 132 'SparseMux' <Latency = 0> <II = 1> <Delay = 1.70> <FuncUnit> <Opcode : 'sparsemux'> <InPorts = 2> <OutPorts = 1>
ST_8 : Operation 106 [1/1] (0.00ns)   --->   "%sext_ln90_7 = sext i16 %tmp_9" [hls_source/ecg_trained_classifier.cpp:90]   --->   Operation 106 'sext' 'sext_ln90_7' <Predicate = (!icmp_ln88)> <Delay = 0.00>
ST_8 : Operation 107 [1/1] (0.00ns)   --->   "%sext_ln90_8 = sext i16 %ref_tmp_i_i30_s" [hls_source/ecg_trained_classifier.cpp:90]   --->   Operation 107 'sext' 'sext_ln90_8' <Predicate = (!icmp_ln88)> <Delay = 0.00>
ST_8 : Operation 108 [3/3] (1.05ns) (grouped into DSP with root node sum_8)   --->   "%mul_ln90 = mul i32 %sext_ln90_7, i32 %sext_ln90_8" [hls_source/ecg_trained_classifier.cpp:90]   --->   Operation 108 'mul' 'mul_ln90' <Predicate = (!icmp_ln88)> <Delay = 1.05> <CoreInst = "DSP48">   --->   Core 116 'DSP48' <Latency = 3> <II = 1> <Delay = 2.15> <IPBlock> <Opcode : '' 'add' 'sub' 'mul' 'select'> <InPorts = 0> <OutPorts = 1> <Sync> <CReg>

State 9 <SV = 8> <Delay = 1.05>
ST_9 : Operation 109 [2/3] (1.05ns) (grouped into DSP with root node sum_8)   --->   "%mul_ln90 = mul i32 %sext_ln90_7, i32 %sext_ln90_8" [hls_source/ecg_trained_classifier.cpp:90]   --->   Operation 109 'mul' 'mul_ln90' <Predicate = (!icmp_ln88)> <Delay = 1.05> <CoreInst = "DSP48">   --->   Core 116 'DSP48' <Latency = 3> <II = 1> <Delay = 2.15> <IPBlock> <Opcode : '' 'add' 'sub' 'mul' 'select'> <InPorts = 0> <OutPorts = 1> <Sync> <CReg>

State 10 <SV = 9> <Delay = 2.10>
ST_10 : Operation 110 [1/1] (0.00ns)   --->   "%sum_7 = load i32 %sum" [hls_source/ecg_trained_classifier.cpp:88]   --->   Operation 110 'load' 'sum_7' <Predicate = true> <Delay = 0.00>
ST_10 : Operation 111 [1/1] (0.00ns)   --->   "%trunc_ln88 = trunc i32 %sum_7" [hls_source/ecg_trained_classifier.cpp:88]   --->   Operation 111 'trunc' 'trunc_ln88' <Predicate = true> <Delay = 0.00>
ST_10 : Operation 112 [1/3] (0.00ns) (grouped into DSP with root node sum_8)   --->   "%mul_ln90 = mul i32 %sext_ln90_7, i32 %sext_ln90_8" [hls_source/ecg_trained_classifier.cpp:90]   --->   Operation 112 'mul' 'mul_ln90' <Predicate = (!icmp_ln88)> <Delay = 0.00> <CoreInst = "DSP48">   --->   Core 116 'DSP48' <Latency = 3> <II = 1> <Delay = 2.15> <IPBlock> <Opcode : '' 'add' 'sub' 'mul' 'select'> <InPorts = 0> <OutPorts = 1> <Sync> <CReg>
ST_10 : Operation 113 [2/2] (2.10ns) (root node of the DSP)   --->   "%sum_8 = add i32 %mul_ln90, i32 %sum_7" [hls_source/ecg_trained_classifier.cpp:90]   --->   Operation 113 'add' 'sum_8' <Predicate = (!icmp_ln88)> <Delay = 2.10> <CoreInst = "DSP48">   --->   Core 116 'DSP48' <Latency = 3> <II = 1> <Delay = 2.15> <IPBlock> <Opcode : '' 'add' 'sub' 'mul' 'select'> <InPorts = 0> <OutPorts = 1> <Sync> <CReg>
ST_10 : Operation 120 [1/1] (0.00ns)   --->   "%write_ln88 = write void @_ssdm_op_Write.ap_auto.i24P0A, i24 %sum_11_out, i24 %trunc_ln88" [hls_source/ecg_trained_classifier.cpp:88]   --->   Operation 120 'write' 'write_ln88' <Predicate = (icmp_ln88)> <Delay = 0.00>
ST_10 : Operation 121 [1/1] (1.58ns)   --->   "%ret_ln0 = ret"   --->   Operation 121 'ret' 'ret_ln0' <Predicate = (icmp_ln88)> <Delay = 1.58>

State 11 <SV = 10> <Delay = 3.68>
ST_11 : Operation 114 [1/1] (0.00ns)   --->   "%specpipeline_ln89 = specpipeline void @_ssdm_op_SpecPipeline, i32 4294967295, i32 0, i32 0, i32 0, void @empty_0" [hls_source/ecg_trained_classifier.cpp:89]   --->   Operation 114 'specpipeline' 'specpipeline_ln89' <Predicate = true> <Delay = 0.00>
ST_11 : Operation 115 [1/1] (0.00ns)   --->   "%speclooptripcount_ln86 = speclooptripcount void @_ssdm_op_SpecLoopTripCount, i64 32, i64 32, i64 32" [hls_source/ecg_trained_classifier.cpp:86]   --->   Operation 115 'speclooptripcount' 'speclooptripcount_ln86' <Predicate = true> <Delay = 0.00>
ST_11 : Operation 116 [1/1] (0.00ns)   --->   "%specloopname_ln88 = specloopname void @_ssdm_op_SpecLoopName, void @empty_14" [hls_source/ecg_trained_classifier.cpp:88]   --->   Operation 116 'specloopname' 'specloopname_ln88' <Predicate = true> <Delay = 0.00>
ST_11 : Operation 117 [1/2] (2.10ns) (root node of the DSP)   --->   "%sum_8 = add i32 %mul_ln90, i32 %sum_7" [hls_source/ecg_trained_classifier.cpp:90]   --->   Operation 117 'add' 'sum_8' <Predicate = true> <Delay = 2.10> <CoreInst = "DSP48">   --->   Core 116 'DSP48' <Latency = 3> <II = 1> <Delay = 2.15> <IPBlock> <Opcode : '' 'add' 'sub' 'mul' 'select'> <InPorts = 0> <OutPorts = 1> <Sync> <CReg>
ST_11 : Operation 118 [1/1] (1.58ns)   --->   "%store_ln86 = store i32 %sum_8, i32 %sum" [hls_source/ecg_trained_classifier.cpp:86]   --->   Operation 118 'store' 'store_ln86' <Predicate = true> <Delay = 1.58>
ST_11 : Operation 119 [1/1] (0.00ns)   --->   "%br_ln88 = br void %for.body96.2" [hls_source/ecg_trained_classifier.cpp:88]   --->   Operation 119 'br' 'br_ln88' <Predicate = true> <Delay = 0.00>


============================================================
+ Verbose Summary: Timing violations
============================================================
Target clock period: 10.000ns, clock uncertainty: 2.700ns.

 <State 1>: 5.257ns
The critical path consists of the following:
	'store' operation 0 bit ('store_ln88', hls_source/ecg_trained_classifier.cpp:88) of constant 0 on local variable 'j', hls_source/ecg_trained_classifier.cpp:88 [69]  (1.588 ns)
	'load' operation 6 bit ('j', hls_source/ecg_trained_classifier.cpp:88) on local variable 'j', hls_source/ecg_trained_classifier.cpp:88 [74]  (0.000 ns)
	'sub' operation 8 bit ('sub_ln90', hls_source/ecg_trained_classifier.cpp:90) [87]  (0.000 ns)
	'add' operation 8 bit ('add_ln90_4', hls_source/ecg_trained_classifier.cpp:90) [88]  (3.669 ns)

 <State 2>: 3.254ns
The critical path consists of the following:
	'getelementptr' operation 8 bit ('dense_3_weights_addr', hls_source/ecg_trained_classifier.cpp:90) [90]  (0.000 ns)
	'load' operation 32 bit ('dense_3_weights_load', hls_source/ecg_trained_classifier.cpp:90) on array 'dense_3_weights' [91]  (3.254 ns)

 <State 3>: 3.254ns
The critical path consists of the following:
	'load' operation 32 bit ('dense_3_weights_load', hls_source/ecg_trained_classifier.cpp:90) on array 'dense_3_weights' [91]  (3.254 ns)

 <State 4>: 4.436ns
The critical path consists of the following:
	'fpext' operation 64 bit ('pf', hls_source/ecg_trained_classifier.cpp:90) [92]  (4.436 ns)

 <State 5>: 4.436ns
The critical path consists of the following:
	'fpext' operation 64 bit ('pf', hls_source/ecg_trained_classifier.cpp:90) [92]  (4.436 ns)

 <State 6>: 5.748ns
The critical path consists of the following:
	'sub' operation 12 bit ('sub_ln90_7', hls_source/ecg_trained_classifier.cpp:90) [104]  (1.547 ns)
	'add' operation 11 bit ('add_ln90_5', hls_source/ecg_trained_classifier.cpp:90) [107]  (1.639 ns)
	'select' operation 11 bit ('select_ln90_7', hls_source/ecg_trained_classifier.cpp:90) [109]  (0.692 ns)
	'icmp' operation 1 bit ('icmp_ln90_13', hls_source/ecg_trained_classifier.cpp:90) [119]  (1.870 ns)

 <State 7>: 5.605ns
The critical path consists of the following:
	'ashr' operation 54 bit ('ashr_ln90', hls_source/ecg_trained_classifier.cpp:90) [114]  (4.612 ns)
	'select' operation 16 bit ('select_ln90_12', hls_source/ecg_trained_classifier.cpp:90) [117]  (0.993 ns)

 <State 8>: 3.735ns
The critical path consists of the following:
	'xor' operation 1 bit ('xor_ln90', hls_source/ecg_trained_classifier.cpp:90) [123]  (0.000 ns)
	'and' operation 1 bit ('and_ln90', hls_source/ecg_trained_classifier.cpp:90) [124]  (0.978 ns)
	'sparsemux' operation 16 bit ('ref_tmp_i_i30_s', hls_source/ecg_trained_classifier.cpp:90) [129]  (1.707 ns)
	'mul' operation 32 bit of DSP[134] ('mul_ln90', hls_source/ecg_trained_classifier.cpp:90) [133]  (1.050 ns)

 <State 9>: 1.050ns
The critical path consists of the following:
	'mul' operation 32 bit of DSP[134] ('mul_ln90', hls_source/ecg_trained_classifier.cpp:90) [133]  (1.050 ns)

 <State 10>: 2.100ns
The critical path consists of the following:
	'load' operation 32 bit ('sum', hls_source/ecg_trained_classifier.cpp:88) on local variable 'sum', hls_source/ecg_trained_classifier.cpp:86 [73]  (0.000 ns)
	'add' operation 32 bit of DSP[134] ('sum', hls_source/ecg_trained_classifier.cpp:90) [134]  (2.100 ns)

 <State 11>: 3.688ns
The critical path consists of the following:
	'add' operation 32 bit of DSP[134] ('sum', hls_source/ecg_trained_classifier.cpp:90) [134]  (2.100 ns)
	'store' operation 0 bit ('store_ln86', hls_source/ecg_trained_classifier.cpp:86) of variable 'sum', hls_source/ecg_trained_classifier.cpp:90 on local variable 'sum', hls_source/ecg_trained_classifier.cpp:86 [136]  (1.588 ns)


============================================================
+ Verbose Summary: Binding
============================================================
N/A
* FSMD analyzer results:
  - Output states:
 - Input state : 
  - Chain level:
	State 1
	State 2
	State 3
	State 4
	State 5
	State 6
	State 7
	State 8
	State 9
	State 10
	State 11


============================================================
+ Verbose Summary: Datapath Resource usage 
============================================================
N/A
