

================================================================
== Vitis HLS Report for 'ecg_classify_trained_Pipeline_VITIS_LOOP_57_45'
================================================================
* Date:           Wed Jul 16 22:38:39 2025

* Version:        2024.1.2 (Build 5096458 on Sep  5 2024)
* Project:        ecg_fpga_project
* Solution:       solution1 (Vivado IP Flow Target)
* Product family: zynq
* Target device:  xc7z020-clg400-1


================================================================
== Performance Estimates
================================================================
+ Timing: 
    * Summary: 
    +--------+----------+----------+------------+
    |  Clock |  Target  | Estimated| Uncertainty|
    +--------+----------+----------+------------+
    |ap_clk  |  10.00 ns|  5.819 ns|     2.70 ns|
    +--------+----------+----------+------------+

+ Latency: 
    * Summary: 
    +---------+---------+----------+----------+-----+-----+-----------------------------------------------+
    |  Latency (cycles) |  Latency (absolute) |  Interval |                    Pipeline                   |
    |   min   |   max   |    min   |    max   | min | max |                      Type                     |
    +---------+---------+----------+----------+-----+-----+-----------------------------------------------+
    |      138|      138|  1.380 us|  1.380 us|  129|  129|  loop auto-rewind stp(delay=0 clock cycles(s))|
    +---------+---------+----------+----------+-----+-----+-----------------------------------------------+

    + Detail: 
        * Instance: 
        N/A

        * Loop: 
        +-------------------+---------+---------+----------+-----------+-----------+------+----------+
        |                   |  Latency (cycles) | Iteration|  Initiation Interval  | Trip |          |
        |     Loop Name     |   min   |   max   |  Latency |  achieved |   target  | Count| Pipelined|
        +-------------------+---------+---------+----------+-----------+-----------+------+----------+
        |- VITIS_LOOP_57_4  |      136|      136|        10|          1|          1|   128|       yes|
        +-------------------+---------+---------+----------+-----------+-----------+------+----------+

============================================================
+ Verbose Summary: Synthesis Manager
============================================================
InlineROM: 1
ExposeGlobal: 0
============================================================
+ Verbose Summary: CDFG Model
============================================================
IsTopModel: 0
ResetActiveHigh: 1
IsCombinational: 0
IsDatapathOnly: 0
HasWiredReturn: 1
HasMFsm: 2
HasVarLatency: 1
IsPipeline: 0
IsRtlPipelined: 0
IsInstanceOverlapped: 0
IsDontTouch: 0
HasImplIP: 0
IsGatedGlobalClock: 0

+ Individual pipeline summary: 
  * Pipeline-0: initiation interval (II) = 1, depth = 10


============================================================
+ Verbose Summary: Schedule
============================================================
* Number of FSM states : 10
* Pipeline : 1
  Pipeline-0 : II = 1, D = 10, States = { 1 2 3 4 5 6 7 8 9 10 }
* Dataflow Pipeline: 0

* FSM state transitions: 
1 --> 2 
2 --> 3 
3 --> 4 
4 --> 5 
5 --> 6 
6 --> 7 
7 --> 8 
8 --> 9 
9 --> 10 
10 --> 

* FSM state operations: 

State 1 <SV = 0> <Delay = 5.81>
ST_1 : Operation 13 [1/1] (0.00ns)   --->   "%sum = alloca i32 1" [hls_source/ecg_trained_classifier.cpp:55]   --->   Operation 13 'alloca' 'sum' <Predicate = true> <Delay = 0.00>
ST_1 : Operation 14 [1/1] (0.00ns)   --->   "%j = alloca i32 1" [hls_source/ecg_trained_classifier.cpp:57]   --->   Operation 14 'alloca' 'j' <Predicate = true> <Delay = 0.00>
ST_1 : Operation 15 [1/1] (0.00ns)   --->   "%hidden1_127_read = read i16 @_ssdm_op_Read.ap_auto.i16, i16 %hidden1_127"   --->   Operation 15 'read' 'hidden1_127_read' <Predicate = true> <Delay = 0.00>
ST_1 : Operation 16 [1/1] (0.00ns)   --->   "%hidden1_126_read = read i16 @_ssdm_op_Read.ap_auto.i16, i16 %hidden1_126"   --->   Operation 16 'read' 'hidden1_126_read' <Predicate = true> <Delay = 0.00>
ST_1 : Operation 17 [1/1] (0.00ns)   --->   "%hidden1_125_read = read i16 @_ssdm_op_Read.ap_auto.i16, i16 %hidden1_125"   --->   Operation 17 'read' 'hidden1_125_read' <Predicate = true> <Delay = 0.00>
ST_1 : Operation 18 [1/1] (0.00ns)   --->   "%hidden1_124_read = read i16 @_ssdm_op_Read.ap_auto.i16, i16 %hidden1_124"   --->   Operation 18 'read' 'hidden1_124_read' <Predicate = true> <Delay = 0.00>
ST_1 : Operation 19 [1/1] (0.00ns)   --->   "%hidden1_123_read = read i16 @_ssdm_op_Read.ap_auto.i16, i16 %hidden1_123"   --->   Operation 19 'read' 'hidden1_123_read' <Predicate = true> <Delay = 0.00>
ST_1 : Operation 20 [1/1] (0.00ns)   --->   "%hidden1_122_read = read i16 @_ssdm_op_Read.ap_auto.i16, i16 %hidden1_122"   --->   Operation 20 'read' 'hidden1_122_read' <Predicate = true> <Delay = 0.00>
ST_1 : Operation 21 [1/1] (0.00ns)   --->   "%hidden1_121_read = read i16 @_ssdm_op_Read.ap_auto.i16, i16 %hidden1_121"   --->   Operation 21 'read' 'hidden1_121_read' <Predicate = true> <Delay = 0.00>
ST_1 : Operation 22 [1/1] (0.00ns)   --->   "%hidden1_120_read = read i16 @_ssdm_op_Read.ap_auto.i16, i16 %hidden1_120"   --->   Operation 22 'read' 'hidden1_120_read' <Predicate = true> <Delay = 0.00>
ST_1 : Operation 23 [1/1] (0.00ns)   --->   "%hidden1_119_read = read i16 @_ssdm_op_Read.ap_auto.i16, i16 %hidden1_119"   --->   Operation 23 'read' 'hidden1_119_read' <Predicate = true> <Delay = 0.00>
ST_1 : Operation 24 [1/1] (0.00ns)   --->   "%hidden1_118_read = read i16 @_ssdm_op_Read.ap_auto.i16, i16 %hidden1_118"   --->   Operation 24 'read' 'hidden1_118_read' <Predicate = true> <Delay = 0.00>
ST_1 : Operation 25 [1/1] (0.00ns)   --->   "%hidden1_117_read = read i16 @_ssdm_op_Read.ap_auto.i16, i16 %hidden1_117"   --->   Operation 25 'read' 'hidden1_117_read' <Predicate = true> <Delay = 0.00>
ST_1 : Operation 26 [1/1] (0.00ns)   --->   "%hidden1_116_read = read i16 @_ssdm_op_Read.ap_auto.i16, i16 %hidden1_116"   --->   Operation 26 'read' 'hidden1_116_read' <Predicate = true> <Delay = 0.00>
ST_1 : Operation 27 [1/1] (0.00ns)   --->   "%hidden1_115_read = read i16 @_ssdm_op_Read.ap_auto.i16, i16 %hidden1_115"   --->   Operation 27 'read' 'hidden1_115_read' <Predicate = true> <Delay = 0.00>
ST_1 : Operation 28 [1/1] (0.00ns)   --->   "%hidden1_114_read = read i16 @_ssdm_op_Read.ap_auto.i16, i16 %hidden1_114"   --->   Operation 28 'read' 'hidden1_114_read' <Predicate = true> <Delay = 0.00>
ST_1 : Operation 29 [1/1] (0.00ns)   --->   "%hidden1_113_read = read i16 @_ssdm_op_Read.ap_auto.i16, i16 %hidden1_113"   --->   Operation 29 'read' 'hidden1_113_read' <Predicate = true> <Delay = 0.00>
ST_1 : Operation 30 [1/1] (0.00ns)   --->   "%hidden1_112_read = read i16 @_ssdm_op_Read.ap_auto.i16, i16 %hidden1_112"   --->   Operation 30 'read' 'hidden1_112_read' <Predicate = true> <Delay = 0.00>
ST_1 : Operation 31 [1/1] (0.00ns)   --->   "%hidden1_111_read = read i16 @_ssdm_op_Read.ap_auto.i16, i16 %hidden1_111"   --->   Operation 31 'read' 'hidden1_111_read' <Predicate = true> <Delay = 0.00>
ST_1 : Operation 32 [1/1] (0.00ns)   --->   "%hidden1_110_read = read i16 @_ssdm_op_Read.ap_auto.i16, i16 %hidden1_110"   --->   Operation 32 'read' 'hidden1_110_read' <Predicate = true> <Delay = 0.00>
ST_1 : Operation 33 [1/1] (0.00ns)   --->   "%hidden1_109_read = read i16 @_ssdm_op_Read.ap_auto.i16, i16 %hidden1_109"   --->   Operation 33 'read' 'hidden1_109_read' <Predicate = true> <Delay = 0.00>
ST_1 : Operation 34 [1/1] (0.00ns)   --->   "%hidden1_108_read = read i16 @_ssdm_op_Read.ap_auto.i16, i16 %hidden1_108"   --->   Operation 34 'read' 'hidden1_108_read' <Predicate = true> <Delay = 0.00>
ST_1 : Operation 35 [1/1] (0.00ns)   --->   "%hidden1_107_read = read i16 @_ssdm_op_Read.ap_auto.i16, i16 %hidden1_107"   --->   Operation 35 'read' 'hidden1_107_read' <Predicate = true> <Delay = 0.00>
ST_1 : Operation 36 [1/1] (0.00ns)   --->   "%hidden1_106_read = read i16 @_ssdm_op_Read.ap_auto.i16, i16 %hidden1_106"   --->   Operation 36 'read' 'hidden1_106_read' <Predicate = true> <Delay = 0.00>
ST_1 : Operation 37 [1/1] (0.00ns)   --->   "%hidden1_105_read = read i16 @_ssdm_op_Read.ap_auto.i16, i16 %hidden1_105"   --->   Operation 37 'read' 'hidden1_105_read' <Predicate = true> <Delay = 0.00>
ST_1 : Operation 38 [1/1] (0.00ns)   --->   "%hidden1_104_read = read i16 @_ssdm_op_Read.ap_auto.i16, i16 %hidden1_104"   --->   Operation 38 'read' 'hidden1_104_read' <Predicate = true> <Delay = 0.00>
ST_1 : Operation 39 [1/1] (0.00ns)   --->   "%hidden1_103_read = read i16 @_ssdm_op_Read.ap_auto.i16, i16 %hidden1_103"   --->   Operation 39 'read' 'hidden1_103_read' <Predicate = true> <Delay = 0.00>
ST_1 : Operation 40 [1/1] (0.00ns)   --->   "%hidden1_102_read = read i16 @_ssdm_op_Read.ap_auto.i16, i16 %hidden1_102"   --->   Operation 40 'read' 'hidden1_102_read' <Predicate = true> <Delay = 0.00>
ST_1 : Operation 41 [1/1] (0.00ns)   --->   "%hidden1_101_read = read i16 @_ssdm_op_Read.ap_auto.i16, i16 %hidden1_101"   --->   Operation 41 'read' 'hidden1_101_read' <Predicate = true> <Delay = 0.00>
ST_1 : Operation 42 [1/1] (0.00ns)   --->   "%hidden1_100_read = read i16 @_ssdm_op_Read.ap_auto.i16, i16 %hidden1_100"   --->   Operation 42 'read' 'hidden1_100_read' <Predicate = true> <Delay = 0.00>
ST_1 : Operation 43 [1/1] (0.00ns)   --->   "%hidden1_99_read = read i16 @_ssdm_op_Read.ap_auto.i16, i16 %hidden1_99"   --->   Operation 43 'read' 'hidden1_99_read' <Predicate = true> <Delay = 0.00>
ST_1 : Operation 44 [1/1] (0.00ns)   --->   "%hidden1_98_read = read i16 @_ssdm_op_Read.ap_auto.i16, i16 %hidden1_98"   --->   Operation 44 'read' 'hidden1_98_read' <Predicate = true> <Delay = 0.00>
ST_1 : Operation 45 [1/1] (0.00ns)   --->   "%hidden1_97_read = read i16 @_ssdm_op_Read.ap_auto.i16, i16 %hidden1_97"   --->   Operation 45 'read' 'hidden1_97_read' <Predicate = true> <Delay = 0.00>
ST_1 : Operation 46 [1/1] (0.00ns)   --->   "%hidden1_96_read = read i16 @_ssdm_op_Read.ap_auto.i16, i16 %hidden1_96"   --->   Operation 46 'read' 'hidden1_96_read' <Predicate = true> <Delay = 0.00>
ST_1 : Operation 47 [1/1] (0.00ns)   --->   "%hidden1_95_read = read i16 @_ssdm_op_Read.ap_auto.i16, i16 %hidden1_95"   --->   Operation 47 'read' 'hidden1_95_read' <Predicate = true> <Delay = 0.00>
ST_1 : Operation 48 [1/1] (0.00ns)   --->   "%hidden1_94_read = read i16 @_ssdm_op_Read.ap_auto.i16, i16 %hidden1_94"   --->   Operation 48 'read' 'hidden1_94_read' <Predicate = true> <Delay = 0.00>
ST_1 : Operation 49 [1/1] (0.00ns)   --->   "%hidden1_93_read = read i16 @_ssdm_op_Read.ap_auto.i16, i16 %hidden1_93"   --->   Operation 49 'read' 'hidden1_93_read' <Predicate = true> <Delay = 0.00>
ST_1 : Operation 50 [1/1] (0.00ns)   --->   "%hidden1_92_read = read i16 @_ssdm_op_Read.ap_auto.i16, i16 %hidden1_92"   --->   Operation 50 'read' 'hidden1_92_read' <Predicate = true> <Delay = 0.00>
ST_1 : Operation 51 [1/1] (0.00ns)   --->   "%hidden1_91_read = read i16 @_ssdm_op_Read.ap_auto.i16, i16 %hidden1_91"   --->   Operation 51 'read' 'hidden1_91_read' <Predicate = true> <Delay = 0.00>
ST_1 : Operation 52 [1/1] (0.00ns)   --->   "%hidden1_90_read = read i16 @_ssdm_op_Read.ap_auto.i16, i16 %hidden1_90"   --->   Operation 52 'read' 'hidden1_90_read' <Predicate = true> <Delay = 0.00>
ST_1 : Operation 53 [1/1] (0.00ns)   --->   "%hidden1_89_read = read i16 @_ssdm_op_Read.ap_auto.i16, i16 %hidden1_89"   --->   Operation 53 'read' 'hidden1_89_read' <Predicate = true> <Delay = 0.00>
ST_1 : Operation 54 [1/1] (0.00ns)   --->   "%hidden1_88_read = read i16 @_ssdm_op_Read.ap_auto.i16, i16 %hidden1_88"   --->   Operation 54 'read' 'hidden1_88_read' <Predicate = true> <Delay = 0.00>
ST_1 : Operation 55 [1/1] (0.00ns)   --->   "%hidden1_87_read = read i16 @_ssdm_op_Read.ap_auto.i16, i16 %hidden1_87"   --->   Operation 55 'read' 'hidden1_87_read' <Predicate = true> <Delay = 0.00>
ST_1 : Operation 56 [1/1] (0.00ns)   --->   "%hidden1_86_read = read i16 @_ssdm_op_Read.ap_auto.i16, i16 %hidden1_86"   --->   Operation 56 'read' 'hidden1_86_read' <Predicate = true> <Delay = 0.00>
ST_1 : Operation 57 [1/1] (0.00ns)   --->   "%hidden1_85_read = read i16 @_ssdm_op_Read.ap_auto.i16, i16 %hidden1_85"   --->   Operation 57 'read' 'hidden1_85_read' <Predicate = true> <Delay = 0.00>
ST_1 : Operation 58 [1/1] (0.00ns)   --->   "%hidden1_84_read = read i16 @_ssdm_op_Read.ap_auto.i16, i16 %hidden1_84"   --->   Operation 58 'read' 'hidden1_84_read' <Predicate = true> <Delay = 0.00>
ST_1 : Operation 59 [1/1] (0.00ns)   --->   "%hidden1_83_read = read i16 @_ssdm_op_Read.ap_auto.i16, i16 %hidden1_83"   --->   Operation 59 'read' 'hidden1_83_read' <Predicate = true> <Delay = 0.00>
ST_1 : Operation 60 [1/1] (0.00ns)   --->   "%hidden1_82_read = read i16 @_ssdm_op_Read.ap_auto.i16, i16 %hidden1_82"   --->   Operation 60 'read' 'hidden1_82_read' <Predicate = true> <Delay = 0.00>
ST_1 : Operation 61 [1/1] (0.00ns)   --->   "%hidden1_81_read = read i16 @_ssdm_op_Read.ap_auto.i16, i16 %hidden1_81"   --->   Operation 61 'read' 'hidden1_81_read' <Predicate = true> <Delay = 0.00>
ST_1 : Operation 62 [1/1] (0.00ns)   --->   "%hidden1_80_read = read i16 @_ssdm_op_Read.ap_auto.i16, i16 %hidden1_80"   --->   Operation 62 'read' 'hidden1_80_read' <Predicate = true> <Delay = 0.00>
ST_1 : Operation 63 [1/1] (0.00ns)   --->   "%hidden1_79_read = read i16 @_ssdm_op_Read.ap_auto.i16, i16 %hidden1_79"   --->   Operation 63 'read' 'hidden1_79_read' <Predicate = true> <Delay = 0.00>
ST_1 : Operation 64 [1/1] (0.00ns)   --->   "%hidden1_78_read = read i16 @_ssdm_op_Read.ap_auto.i16, i16 %hidden1_78"   --->   Operation 64 'read' 'hidden1_78_read' <Predicate = true> <Delay = 0.00>
ST_1 : Operation 65 [1/1] (0.00ns)   --->   "%hidden1_77_read = read i16 @_ssdm_op_Read.ap_auto.i16, i16 %hidden1_77"   --->   Operation 65 'read' 'hidden1_77_read' <Predicate = true> <Delay = 0.00>
ST_1 : Operation 66 [1/1] (0.00ns)   --->   "%hidden1_76_read = read i16 @_ssdm_op_Read.ap_auto.i16, i16 %hidden1_76"   --->   Operation 66 'read' 'hidden1_76_read' <Predicate = true> <Delay = 0.00>
ST_1 : Operation 67 [1/1] (0.00ns)   --->   "%hidden1_75_read = read i16 @_ssdm_op_Read.ap_auto.i16, i16 %hidden1_75"   --->   Operation 67 'read' 'hidden1_75_read' <Predicate = true> <Delay = 0.00>
ST_1 : Operation 68 [1/1] (0.00ns)   --->   "%hidden1_74_read = read i16 @_ssdm_op_Read.ap_auto.i16, i16 %hidden1_74"   --->   Operation 68 'read' 'hidden1_74_read' <Predicate = true> <Delay = 0.00>
ST_1 : Operation 69 [1/1] (0.00ns)   --->   "%hidden1_73_read = read i16 @_ssdm_op_Read.ap_auto.i16, i16 %hidden1_73"   --->   Operation 69 'read' 'hidden1_73_read' <Predicate = true> <Delay = 0.00>
ST_1 : Operation 70 [1/1] (0.00ns)   --->   "%hidden1_72_read = read i16 @_ssdm_op_Read.ap_auto.i16, i16 %hidden1_72"   --->   Operation 70 'read' 'hidden1_72_read' <Predicate = true> <Delay = 0.00>
ST_1 : Operation 71 [1/1] (0.00ns)   --->   "%hidden1_71_read = read i16 @_ssdm_op_Read.ap_auto.i16, i16 %hidden1_71"   --->   Operation 71 'read' 'hidden1_71_read' <Predicate = true> <Delay = 0.00>
ST_1 : Operation 72 [1/1] (0.00ns)   --->   "%hidden1_70_read = read i16 @_ssdm_op_Read.ap_auto.i16, i16 %hidden1_70"   --->   Operation 72 'read' 'hidden1_70_read' <Predicate = true> <Delay = 0.00>
ST_1 : Operation 73 [1/1] (0.00ns)   --->   "%hidden1_69_read = read i16 @_ssdm_op_Read.ap_auto.i16, i16 %hidden1_69"   --->   Operation 73 'read' 'hidden1_69_read' <Predicate = true> <Delay = 0.00>
ST_1 : Operation 74 [1/1] (0.00ns)   --->   "%hidden1_68_read = read i16 @_ssdm_op_Read.ap_auto.i16, i16 %hidden1_68"   --->   Operation 74 'read' 'hidden1_68_read' <Predicate = true> <Delay = 0.00>
ST_1 : Operation 75 [1/1] (0.00ns)   --->   "%hidden1_67_read = read i16 @_ssdm_op_Read.ap_auto.i16, i16 %hidden1_67"   --->   Operation 75 'read' 'hidden1_67_read' <Predicate = true> <Delay = 0.00>
ST_1 : Operation 76 [1/1] (0.00ns)   --->   "%hidden1_66_read = read i16 @_ssdm_op_Read.ap_auto.i16, i16 %hidden1_66"   --->   Operation 76 'read' 'hidden1_66_read' <Predicate = true> <Delay = 0.00>
ST_1 : Operation 77 [1/1] (0.00ns)   --->   "%hidden1_65_read = read i16 @_ssdm_op_Read.ap_auto.i16, i16 %hidden1_65"   --->   Operation 77 'read' 'hidden1_65_read' <Predicate = true> <Delay = 0.00>
ST_1 : Operation 78 [1/1] (0.00ns)   --->   "%hidden1_64_read = read i16 @_ssdm_op_Read.ap_auto.i16, i16 %hidden1_64"   --->   Operation 78 'read' 'hidden1_64_read' <Predicate = true> <Delay = 0.00>
ST_1 : Operation 79 [1/1] (0.00ns)   --->   "%hidden1_63_read = read i16 @_ssdm_op_Read.ap_auto.i16, i16 %hidden1_63"   --->   Operation 79 'read' 'hidden1_63_read' <Predicate = true> <Delay = 0.00>
ST_1 : Operation 80 [1/1] (0.00ns)   --->   "%hidden1_62_read = read i16 @_ssdm_op_Read.ap_auto.i16, i16 %hidden1_62"   --->   Operation 80 'read' 'hidden1_62_read' <Predicate = true> <Delay = 0.00>
ST_1 : Operation 81 [1/1] (0.00ns)   --->   "%hidden1_61_read = read i16 @_ssdm_op_Read.ap_auto.i16, i16 %hidden1_61"   --->   Operation 81 'read' 'hidden1_61_read' <Predicate = true> <Delay = 0.00>
ST_1 : Operation 82 [1/1] (0.00ns)   --->   "%hidden1_60_read = read i16 @_ssdm_op_Read.ap_auto.i16, i16 %hidden1_60"   --->   Operation 82 'read' 'hidden1_60_read' <Predicate = true> <Delay = 0.00>
ST_1 : Operation 83 [1/1] (0.00ns)   --->   "%hidden1_59_read = read i16 @_ssdm_op_Read.ap_auto.i16, i16 %hidden1_59"   --->   Operation 83 'read' 'hidden1_59_read' <Predicate = true> <Delay = 0.00>
ST_1 : Operation 84 [1/1] (0.00ns)   --->   "%hidden1_58_read = read i16 @_ssdm_op_Read.ap_auto.i16, i16 %hidden1_58"   --->   Operation 84 'read' 'hidden1_58_read' <Predicate = true> <Delay = 0.00>
ST_1 : Operation 85 [1/1] (0.00ns)   --->   "%hidden1_57_read = read i16 @_ssdm_op_Read.ap_auto.i16, i16 %hidden1_57"   --->   Operation 85 'read' 'hidden1_57_read' <Predicate = true> <Delay = 0.00>
ST_1 : Operation 86 [1/1] (0.00ns)   --->   "%hidden1_56_read = read i16 @_ssdm_op_Read.ap_auto.i16, i16 %hidden1_56"   --->   Operation 86 'read' 'hidden1_56_read' <Predicate = true> <Delay = 0.00>
ST_1 : Operation 87 [1/1] (0.00ns)   --->   "%hidden1_55_read = read i16 @_ssdm_op_Read.ap_auto.i16, i16 %hidden1_55"   --->   Operation 87 'read' 'hidden1_55_read' <Predicate = true> <Delay = 0.00>
ST_1 : Operation 88 [1/1] (0.00ns)   --->   "%hidden1_54_read = read i16 @_ssdm_op_Read.ap_auto.i16, i16 %hidden1_54"   --->   Operation 88 'read' 'hidden1_54_read' <Predicate = true> <Delay = 0.00>
ST_1 : Operation 89 [1/1] (0.00ns)   --->   "%hidden1_53_read = read i16 @_ssdm_op_Read.ap_auto.i16, i16 %hidden1_53"   --->   Operation 89 'read' 'hidden1_53_read' <Predicate = true> <Delay = 0.00>
ST_1 : Operation 90 [1/1] (0.00ns)   --->   "%hidden1_52_read = read i16 @_ssdm_op_Read.ap_auto.i16, i16 %hidden1_52"   --->   Operation 90 'read' 'hidden1_52_read' <Predicate = true> <Delay = 0.00>
ST_1 : Operation 91 [1/1] (0.00ns)   --->   "%hidden1_51_read = read i16 @_ssdm_op_Read.ap_auto.i16, i16 %hidden1_51"   --->   Operation 91 'read' 'hidden1_51_read' <Predicate = true> <Delay = 0.00>
ST_1 : Operation 92 [1/1] (0.00ns)   --->   "%hidden1_50_read = read i16 @_ssdm_op_Read.ap_auto.i16, i16 %hidden1_50"   --->   Operation 92 'read' 'hidden1_50_read' <Predicate = true> <Delay = 0.00>
ST_1 : Operation 93 [1/1] (0.00ns)   --->   "%hidden1_49_read = read i16 @_ssdm_op_Read.ap_auto.i16, i16 %hidden1_49"   --->   Operation 93 'read' 'hidden1_49_read' <Predicate = true> <Delay = 0.00>
ST_1 : Operation 94 [1/1] (0.00ns)   --->   "%hidden1_48_read = read i16 @_ssdm_op_Read.ap_auto.i16, i16 %hidden1_48"   --->   Operation 94 'read' 'hidden1_48_read' <Predicate = true> <Delay = 0.00>
ST_1 : Operation 95 [1/1] (0.00ns)   --->   "%hidden1_47_read = read i16 @_ssdm_op_Read.ap_auto.i16, i16 %hidden1_47"   --->   Operation 95 'read' 'hidden1_47_read' <Predicate = true> <Delay = 0.00>
ST_1 : Operation 96 [1/1] (0.00ns)   --->   "%hidden1_46_read = read i16 @_ssdm_op_Read.ap_auto.i16, i16 %hidden1_46"   --->   Operation 96 'read' 'hidden1_46_read' <Predicate = true> <Delay = 0.00>
ST_1 : Operation 97 [1/1] (0.00ns)   --->   "%hidden1_45_read = read i16 @_ssdm_op_Read.ap_auto.i16, i16 %hidden1_45"   --->   Operation 97 'read' 'hidden1_45_read' <Predicate = true> <Delay = 0.00>
ST_1 : Operation 98 [1/1] (0.00ns)   --->   "%hidden1_44_read = read i16 @_ssdm_op_Read.ap_auto.i16, i16 %hidden1_44"   --->   Operation 98 'read' 'hidden1_44_read' <Predicate = true> <Delay = 0.00>
ST_1 : Operation 99 [1/1] (0.00ns)   --->   "%hidden1_43_read = read i16 @_ssdm_op_Read.ap_auto.i16, i16 %hidden1_43"   --->   Operation 99 'read' 'hidden1_43_read' <Predicate = true> <Delay = 0.00>
ST_1 : Operation 100 [1/1] (0.00ns)   --->   "%hidden1_42_read = read i16 @_ssdm_op_Read.ap_auto.i16, i16 %hidden1_42"   --->   Operation 100 'read' 'hidden1_42_read' <Predicate = true> <Delay = 0.00>
ST_1 : Operation 101 [1/1] (0.00ns)   --->   "%hidden1_41_read = read i16 @_ssdm_op_Read.ap_auto.i16, i16 %hidden1_41"   --->   Operation 101 'read' 'hidden1_41_read' <Predicate = true> <Delay = 0.00>
ST_1 : Operation 102 [1/1] (0.00ns)   --->   "%hidden1_40_read = read i16 @_ssdm_op_Read.ap_auto.i16, i16 %hidden1_40"   --->   Operation 102 'read' 'hidden1_40_read' <Predicate = true> <Delay = 0.00>
ST_1 : Operation 103 [1/1] (0.00ns)   --->   "%hidden1_39_read = read i16 @_ssdm_op_Read.ap_auto.i16, i16 %hidden1_39"   --->   Operation 103 'read' 'hidden1_39_read' <Predicate = true> <Delay = 0.00>
ST_1 : Operation 104 [1/1] (0.00ns)   --->   "%hidden1_38_read = read i16 @_ssdm_op_Read.ap_auto.i16, i16 %hidden1_38"   --->   Operation 104 'read' 'hidden1_38_read' <Predicate = true> <Delay = 0.00>
ST_1 : Operation 105 [1/1] (0.00ns)   --->   "%hidden1_37_read = read i16 @_ssdm_op_Read.ap_auto.i16, i16 %hidden1_37"   --->   Operation 105 'read' 'hidden1_37_read' <Predicate = true> <Delay = 0.00>
ST_1 : Operation 106 [1/1] (0.00ns)   --->   "%hidden1_36_read = read i16 @_ssdm_op_Read.ap_auto.i16, i16 %hidden1_36"   --->   Operation 106 'read' 'hidden1_36_read' <Predicate = true> <Delay = 0.00>
ST_1 : Operation 107 [1/1] (0.00ns)   --->   "%hidden1_35_read = read i16 @_ssdm_op_Read.ap_auto.i16, i16 %hidden1_35"   --->   Operation 107 'read' 'hidden1_35_read' <Predicate = true> <Delay = 0.00>
ST_1 : Operation 108 [1/1] (0.00ns)   --->   "%hidden1_34_read = read i16 @_ssdm_op_Read.ap_auto.i16, i16 %hidden1_34"   --->   Operation 108 'read' 'hidden1_34_read' <Predicate = true> <Delay = 0.00>
ST_1 : Operation 109 [1/1] (0.00ns)   --->   "%hidden1_33_read = read i16 @_ssdm_op_Read.ap_auto.i16, i16 %hidden1_33"   --->   Operation 109 'read' 'hidden1_33_read' <Predicate = true> <Delay = 0.00>
ST_1 : Operation 110 [1/1] (0.00ns)   --->   "%hidden1_32_read = read i16 @_ssdm_op_Read.ap_auto.i16, i16 %hidden1_32"   --->   Operation 110 'read' 'hidden1_32_read' <Predicate = true> <Delay = 0.00>
ST_1 : Operation 111 [1/1] (0.00ns)   --->   "%hidden1_31_read = read i16 @_ssdm_op_Read.ap_auto.i16, i16 %hidden1_31"   --->   Operation 111 'read' 'hidden1_31_read' <Predicate = true> <Delay = 0.00>
ST_1 : Operation 112 [1/1] (0.00ns)   --->   "%hidden1_30_read = read i16 @_ssdm_op_Read.ap_auto.i16, i16 %hidden1_30"   --->   Operation 112 'read' 'hidden1_30_read' <Predicate = true> <Delay = 0.00>
ST_1 : Operation 113 [1/1] (0.00ns)   --->   "%hidden1_29_read = read i16 @_ssdm_op_Read.ap_auto.i16, i16 %hidden1_29"   --->   Operation 113 'read' 'hidden1_29_read' <Predicate = true> <Delay = 0.00>
ST_1 : Operation 114 [1/1] (0.00ns)   --->   "%hidden1_28_read = read i16 @_ssdm_op_Read.ap_auto.i16, i16 %hidden1_28"   --->   Operation 114 'read' 'hidden1_28_read' <Predicate = true> <Delay = 0.00>
ST_1 : Operation 115 [1/1] (0.00ns)   --->   "%hidden1_27_read = read i16 @_ssdm_op_Read.ap_auto.i16, i16 %hidden1_27"   --->   Operation 115 'read' 'hidden1_27_read' <Predicate = true> <Delay = 0.00>
ST_1 : Operation 116 [1/1] (0.00ns)   --->   "%hidden1_26_read = read i16 @_ssdm_op_Read.ap_auto.i16, i16 %hidden1_26"   --->   Operation 116 'read' 'hidden1_26_read' <Predicate = true> <Delay = 0.00>
ST_1 : Operation 117 [1/1] (0.00ns)   --->   "%hidden1_25_read = read i16 @_ssdm_op_Read.ap_auto.i16, i16 %hidden1_25"   --->   Operation 117 'read' 'hidden1_25_read' <Predicate = true> <Delay = 0.00>
ST_1 : Operation 118 [1/1] (0.00ns)   --->   "%hidden1_24_read = read i16 @_ssdm_op_Read.ap_auto.i16, i16 %hidden1_24"   --->   Operation 118 'read' 'hidden1_24_read' <Predicate = true> <Delay = 0.00>
ST_1 : Operation 119 [1/1] (0.00ns)   --->   "%hidden1_23_read = read i16 @_ssdm_op_Read.ap_auto.i16, i16 %hidden1_23"   --->   Operation 119 'read' 'hidden1_23_read' <Predicate = true> <Delay = 0.00>
ST_1 : Operation 120 [1/1] (0.00ns)   --->   "%hidden1_22_read = read i16 @_ssdm_op_Read.ap_auto.i16, i16 %hidden1_22"   --->   Operation 120 'read' 'hidden1_22_read' <Predicate = true> <Delay = 0.00>
ST_1 : Operation 121 [1/1] (0.00ns)   --->   "%hidden1_21_read = read i16 @_ssdm_op_Read.ap_auto.i16, i16 %hidden1_21"   --->   Operation 121 'read' 'hidden1_21_read' <Predicate = true> <Delay = 0.00>
ST_1 : Operation 122 [1/1] (0.00ns)   --->   "%hidden1_20_read = read i16 @_ssdm_op_Read.ap_auto.i16, i16 %hidden1_20"   --->   Operation 122 'read' 'hidden1_20_read' <Predicate = true> <Delay = 0.00>
ST_1 : Operation 123 [1/1] (0.00ns)   --->   "%hidden1_19_read = read i16 @_ssdm_op_Read.ap_auto.i16, i16 %hidden1_19"   --->   Operation 123 'read' 'hidden1_19_read' <Predicate = true> <Delay = 0.00>
ST_1 : Operation 124 [1/1] (0.00ns)   --->   "%hidden1_18_read = read i16 @_ssdm_op_Read.ap_auto.i16, i16 %hidden1_18"   --->   Operation 124 'read' 'hidden1_18_read' <Predicate = true> <Delay = 0.00>
ST_1 : Operation 125 [1/1] (0.00ns)   --->   "%hidden1_17_read = read i16 @_ssdm_op_Read.ap_auto.i16, i16 %hidden1_17"   --->   Operation 125 'read' 'hidden1_17_read' <Predicate = true> <Delay = 0.00>
ST_1 : Operation 126 [1/1] (0.00ns)   --->   "%hidden1_16_read = read i16 @_ssdm_op_Read.ap_auto.i16, i16 %hidden1_16"   --->   Operation 126 'read' 'hidden1_16_read' <Predicate = true> <Delay = 0.00>
ST_1 : Operation 127 [1/1] (0.00ns)   --->   "%hidden1_15_read = read i16 @_ssdm_op_Read.ap_auto.i16, i16 %hidden1_15"   --->   Operation 127 'read' 'hidden1_15_read' <Predicate = true> <Delay = 0.00>
ST_1 : Operation 128 [1/1] (0.00ns)   --->   "%hidden1_14_read = read i16 @_ssdm_op_Read.ap_auto.i16, i16 %hidden1_14"   --->   Operation 128 'read' 'hidden1_14_read' <Predicate = true> <Delay = 0.00>
ST_1 : Operation 129 [1/1] (0.00ns)   --->   "%hidden1_13_read = read i16 @_ssdm_op_Read.ap_auto.i16, i16 %hidden1_13"   --->   Operation 129 'read' 'hidden1_13_read' <Predicate = true> <Delay = 0.00>
ST_1 : Operation 130 [1/1] (0.00ns)   --->   "%hidden1_12_read = read i16 @_ssdm_op_Read.ap_auto.i16, i16 %hidden1_12"   --->   Operation 130 'read' 'hidden1_12_read' <Predicate = true> <Delay = 0.00>
ST_1 : Operation 131 [1/1] (0.00ns)   --->   "%hidden1_11_read = read i16 @_ssdm_op_Read.ap_auto.i16, i16 %hidden1_11"   --->   Operation 131 'read' 'hidden1_11_read' <Predicate = true> <Delay = 0.00>
ST_1 : Operation 132 [1/1] (0.00ns)   --->   "%hidden1_10_read = read i16 @_ssdm_op_Read.ap_auto.i16, i16 %hidden1_10"   --->   Operation 132 'read' 'hidden1_10_read' <Predicate = true> <Delay = 0.00>
ST_1 : Operation 133 [1/1] (0.00ns)   --->   "%hidden1_9_read = read i16 @_ssdm_op_Read.ap_auto.i16, i16 %hidden1_9"   --->   Operation 133 'read' 'hidden1_9_read' <Predicate = true> <Delay = 0.00>
ST_1 : Operation 134 [1/1] (0.00ns)   --->   "%hidden1_8_read = read i16 @_ssdm_op_Read.ap_auto.i16, i16 %hidden1_8"   --->   Operation 134 'read' 'hidden1_8_read' <Predicate = true> <Delay = 0.00>
ST_1 : Operation 135 [1/1] (0.00ns)   --->   "%hidden1_7_read = read i16 @_ssdm_op_Read.ap_auto.i16, i16 %hidden1_7"   --->   Operation 135 'read' 'hidden1_7_read' <Predicate = true> <Delay = 0.00>
ST_1 : Operation 136 [1/1] (0.00ns)   --->   "%hidden1_6_read = read i16 @_ssdm_op_Read.ap_auto.i16, i16 %hidden1_6"   --->   Operation 136 'read' 'hidden1_6_read' <Predicate = true> <Delay = 0.00>
ST_1 : Operation 137 [1/1] (0.00ns)   --->   "%hidden1_5_read = read i16 @_ssdm_op_Read.ap_auto.i16, i16 %hidden1_5"   --->   Operation 137 'read' 'hidden1_5_read' <Predicate = true> <Delay = 0.00>
ST_1 : Operation 138 [1/1] (0.00ns)   --->   "%hidden1_4_read = read i16 @_ssdm_op_Read.ap_auto.i16, i16 %hidden1_4"   --->   Operation 138 'read' 'hidden1_4_read' <Predicate = true> <Delay = 0.00>
ST_1 : Operation 139 [1/1] (0.00ns)   --->   "%hidden1_3_read = read i16 @_ssdm_op_Read.ap_auto.i16, i16 %hidden1_3"   --->   Operation 139 'read' 'hidden1_3_read' <Predicate = true> <Delay = 0.00>
ST_1 : Operation 140 [1/1] (0.00ns)   --->   "%hidden1_2_read = read i16 @_ssdm_op_Read.ap_auto.i16, i16 %hidden1_2"   --->   Operation 140 'read' 'hidden1_2_read' <Predicate = true> <Delay = 0.00>
ST_1 : Operation 141 [1/1] (0.00ns)   --->   "%hidden1_1_read = read i16 @_ssdm_op_Read.ap_auto.i16, i16 %hidden1_1"   --->   Operation 141 'read' 'hidden1_1_read' <Predicate = true> <Delay = 0.00>
ST_1 : Operation 142 [1/1] (0.00ns)   --->   "%hidden1_read = read i16 @_ssdm_op_Read.ap_auto.i16, i16 %hidden1"   --->   Operation 142 'read' 'hidden1_read' <Predicate = true> <Delay = 0.00>
ST_1 : Operation 143 [1/1] (0.00ns)   --->   "%tmp_120_read = read i4 @_ssdm_op_Read.ap_auto.i4, i4 %tmp_120"   --->   Operation 143 'read' 'tmp_120_read' <Predicate = true> <Delay = 0.00>
ST_1 : Operation 144 [1/1] (0.00ns)   --->   "%sext_ln55_8_read = read i24 @_ssdm_op_Read.ap_auto.i24, i24 %sext_ln55_8"   --->   Operation 144 'read' 'sext_ln55_8_read' <Predicate = true> <Delay = 0.00>
ST_1 : Operation 145 [1/1] (0.00ns)   --->   "%sext_ln55_8_cast = sext i24 %sext_ln55_8_read"   --->   Operation 145 'sext' 'sext_ln55_8_cast' <Predicate = true> <Delay = 0.00>
ST_1 : Operation 146 [1/1] (1.58ns)   --->   "%store_ln57 = store i8 0, i8 %j" [hls_source/ecg_trained_classifier.cpp:57]   --->   Operation 146 'store' 'store_ln57' <Predicate = true> <Delay = 1.58>
ST_1 : Operation 147 [1/1] (1.58ns)   --->   "%store_ln55 = store i32 %sext_ln55_8_cast, i32 %sum" [hls_source/ecg_trained_classifier.cpp:55]   --->   Operation 147 'store' 'store_ln55' <Predicate = true> <Delay = 1.58>
ST_1 : Operation 148 [1/1] (0.00ns)   --->   "%br_ln0 = br void %for.body30.2"   --->   Operation 148 'br' 'br_ln0' <Predicate = true> <Delay = 0.00>
ST_1 : Operation 149 [1/1] (0.00ns)   --->   "%j_9 = load i8 %j" [hls_source/ecg_trained_classifier.cpp:57]   --->   Operation 149 'load' 'j_9' <Predicate = true> <Delay = 0.00>
ST_1 : Operation 150 [1/1] (1.91ns)   --->   "%icmp_ln57 = icmp_eq  i8 %j_9, i8 128" [hls_source/ecg_trained_classifier.cpp:57]   --->   Operation 150 'icmp' 'icmp_ln57' <Predicate = true> <Delay = 1.91> <CoreInst = "Cmp">   --->   Core 9 'Cmp' <Latency = 0> <II = 1> <Delay = 1.91> <FuncUnit> <Opcode : 'seteq' 'setne' 'setle' 'setge' 'setlt' 'setgt'> <InPorts = 2> <OutPorts = 1>
ST_1 : Operation 151 [1/1] (1.91ns)   --->   "%add_ln57 = add i8 %j_9, i8 1" [hls_source/ecg_trained_classifier.cpp:57]   --->   Operation 151 'add' 'add_ln57' <Predicate = true> <Delay = 1.91> <CoreInst = "Adder">   --->   Core 1 'Adder' <Latency = 0> <II = 1> <Delay = 1.91> <FuncUnit> <Opcode : 'add' 'sub'> <InPorts = 2> <OutPorts = 1>
ST_1 : Operation 152 [1/1] (0.00ns)   --->   "%br_ln57 = br i1 %icmp_ln57, void %for.body30.2.split_ifconv, void %for.end42.2.exitStub" [hls_source/ecg_trained_classifier.cpp:57]   --->   Operation 152 'br' 'br_ln57' <Predicate = true> <Delay = 0.00>
ST_1 : Operation 153 [1/1] (0.00ns)   --->   "%trunc_ln57_2 = trunc i8 %j_9" [hls_source/ecg_trained_classifier.cpp:57]   --->   Operation 153 'trunc' 'trunc_ln57_2' <Predicate = (!icmp_ln57)> <Delay = 0.00>
ST_1 : Operation 154 [1/1] (0.00ns)   --->   "%add_ln59_8 = bitconcatenate i13 @_ssdm_op_BitConcatenate.i13.i7.i4.i2, i7 %trunc_ln57_2, i4 %tmp_120_read, i2 2" [hls_source/ecg_trained_classifier.cpp:59]   --->   Operation 154 'bitconcatenate' 'add_ln59_8' <Predicate = (!icmp_ln57)> <Delay = 0.00>
ST_1 : Operation 155 [1/1] (0.00ns)   --->   "%zext_ln59 = zext i13 %add_ln59_8" [hls_source/ecg_trained_classifier.cpp:59]   --->   Operation 155 'zext' 'zext_ln59' <Predicate = (!icmp_ln57)> <Delay = 0.00>
ST_1 : Operation 156 [1/1] (0.00ns)   --->   "%dense_1_weights_addr = getelementptr i32 %dense_1_weights, i64 0, i64 %zext_ln59" [hls_source/ecg_trained_classifier.cpp:59]   --->   Operation 156 'getelementptr' 'dense_1_weights_addr' <Predicate = (!icmp_ln57)> <Delay = 0.00>
ST_1 : Operation 157 [2/2] (3.25ns)   --->   "%dense_1_weights_load = load i13 %dense_1_weights_addr" [hls_source/ecg_trained_classifier.cpp:59]   --->   Operation 157 'load' 'dense_1_weights_load' <Predicate = (!icmp_ln57)> <Delay = 3.25> <CoreInst = "ROM">   --->   Core 94 'ROM' <Latency = 1> <II = 1> <Delay = 3.25> <Storage> <Opcode : 'load'> <Ports = 0> <Width = 32> <Depth = 8192> <ROM>
ST_1 : Operation 158 [1/1] (4.23ns)   --->   "%tmp_20 = sparsemux i16 @_ssdm_op_SparseMux.ap_auto.128i16.i16.i7, i7 0, i16 %hidden1_read, i7 1, i16 %hidden1_1_read, i7 2, i16 %hidden1_2_read, i7 3, i16 %hidden1_3_read, i7 4, i16 %hidden1_4_read, i7 5, i16 %hidden1_5_read, i7 6, i16 %hidden1_6_read, i7 7, i16 %hidden1_7_read, i7 8, i16 %hidden1_8_read, i7 9, i16 %hidden1_9_read, i7 10, i16 %hidden1_10_read, i7 11, i16 %hidden1_11_read, i7 12, i16 %hidden1_12_read, i7 13, i16 %hidden1_13_read, i7 14, i16 %hidden1_14_read, i7 15, i16 %hidden1_15_read, i7 16, i16 %hidden1_16_read, i7 17, i16 %hidden1_17_read, i7 18, i16 %hidden1_18_read, i7 19, i16 %hidden1_19_read, i7 20, i16 %hidden1_20_read, i7 21, i16 %hidden1_21_read, i7 22, i16 %hidden1_22_read, i7 23, i16 %hidden1_23_read, i7 24, i16 %hidden1_24_read, i7 25, i16 %hidden1_25_read, i7 26, i16 %hidden1_26_read, i7 27, i16 %hidden1_27_read, i7 28, i16 %hidden1_28_read, i7 29, i16 %hidden1_29_read, i7 30, i16 %hidden1_30_read, i7 31, i16 %hidden1_31_read, i7 32, i16 %hidden1_32_read, i7 33, i16 %hidden1_33_read, i7 34, i16 %hidden1_34_read, i7 35, i16 %hidden1_35_read, i7 36, i16 %hidden1_36_read, i7 37, i16 %hidden1_37_read, i7 38, i16 %hidden1_38_read, i7 39, i16 %hidden1_39_read, i7 40, i16 %hidden1_40_read, i7 41, i16 %hidden1_41_read, i7 42, i16 %hidden1_42_read, i7 43, i16 %hidden1_43_read, i7 44, i16 %hidden1_44_read, i7 45, i16 %hidden1_45_read, i7 46, i16 %hidden1_46_read, i7 47, i16 %hidden1_47_read, i7 48, i16 %hidden1_48_read, i7 49, i16 %hidden1_49_read, i7 50, i16 %hidden1_50_read, i7 51, i16 %hidden1_51_read, i7 52, i16 %hidden1_52_read, i7 53, i16 %hidden1_53_read, i7 54, i16 %hidden1_54_read, i7 55, i16 %hidden1_55_read, i7 56, i16 %hidden1_56_read, i7 57, i16 %hidden1_57_read, i7 58, i16 %hidden1_58_read, i7 59, i16 %hidden1_59_read, i7 60, i16 %hidden1_60_read, i7 61, i16 %hidden1_61_read, i7 62, i16 %hidden1_62_read, i7 63, i16 %hidden1_63_read, i7 64, i16 %hidden1_64_read, i7 65, i16 %hidden1_65_read, i7 66, i16 %hidden1_66_read, i7 67, i16 %hidden1_67_read, i7 68, i16 %hidden1_68_read, i7 69, i16 %hidden1_69_read, i7 70, i16 %hidden1_70_read, i7 71, i16 %hidden1_71_read, i7 72, i16 %hidden1_72_read, i7 73, i16 %hidden1_73_read, i7 74, i16 %hidden1_74_read, i7 75, i16 %hidden1_75_read, i7 76, i16 %hidden1_76_read, i7 77, i16 %hidden1_77_read, i7 78, i16 %hidden1_78_read, i7 79, i16 %hidden1_79_read, i7 80, i16 %hidden1_80_read, i7 81, i16 %hidden1_81_read, i7 82, i16 %hidden1_82_read, i7 83, i16 %hidden1_83_read, i7 84, i16 %hidden1_84_read, i7 85, i16 %hidden1_85_read, i7 86, i16 %hidden1_86_read, i7 87, i16 %hidden1_87_read, i7 88, i16 %hidden1_88_read, i7 89, i16 %hidden1_89_read, i7 90, i16 %hidden1_90_read, i7 91, i16 %hidden1_91_read, i7 92, i16 %hidden1_92_read, i7 93, i16 %hidden1_93_read, i7 94, i16 %hidden1_94_read, i7 95, i16 %hidden1_95_read, i7 96, i16 %hidden1_96_read, i7 97, i16 %hidden1_97_read, i7 98, i16 %hidden1_98_read, i7 99, i16 %hidden1_99_read, i7 100, i16 %hidden1_100_read, i7 101, i16 %hidden1_101_read, i7 102, i16 %hidden1_102_read, i7 103, i16 %hidden1_103_read, i7 104, i16 %hidden1_104_read, i7 105, i16 %hidden1_105_read, i7 106, i16 %hidden1_106_read, i7 107, i16 %hidden1_107_read, i7 108, i16 %hidden1_108_read, i7 109, i16 %hidden1_109_read, i7 110, i16 %hidden1_110_read, i7 111, i16 %hidden1_111_read, i7 112, i16 %hidden1_112_read, i7 113, i16 %hidden1_113_read, i7 114, i16 %hidden1_114_read, i7 115, i16 %hidden1_115_read, i7 116, i16 %hidden1_116_read, i7 117, i16 %hidden1_117_read, i7 118, i16 %hidden1_118_read, i7 119, i16 %hidden1_119_read, i7 120, i16 %hidden1_120_read, i7 121, i16 %hidden1_121_read, i7 122, i16 %hidden1_122_read, i7 123, i16 %hidden1_123_read, i7 124, i16 %hidden1_124_read, i7 125, i16 %hidden1_125_read, i7 126, i16 %hidden1_126_read, i7 127, i16 %hidden1_127_read, i16 0, i7 %trunc_ln57_2" [hls_source/ecg_trained_classifier.cpp:59]   --->   Operation 158 'sparsemux' 'tmp_20' <Predicate = (!icmp_ln57)> <Delay = 4.23> <CoreInst = "SparseMux">   --->   Core 132 'SparseMux' <Latency = 0> <II = 1> <Delay = 4.23> <FuncUnit> <Opcode : 'sparsemux'> <InPorts = 2> <OutPorts = 1>
ST_1 : Operation 159 [1/1] (1.58ns)   --->   "%store_ln57 = store i8 %add_ln57, i8 %j" [hls_source/ecg_trained_classifier.cpp:57]   --->   Operation 159 'store' 'store_ln57' <Predicate = (!icmp_ln57)> <Delay = 1.58>

State 2 <SV = 1> <Delay = 3.25>
ST_2 : Operation 160 [1/2] (3.25ns)   --->   "%dense_1_weights_load = load i13 %dense_1_weights_addr" [hls_source/ecg_trained_classifier.cpp:59]   --->   Operation 160 'load' 'dense_1_weights_load' <Predicate = (!icmp_ln57)> <Delay = 3.25> <CoreInst = "ROM">   --->   Core 94 'ROM' <Latency = 1> <II = 1> <Delay = 3.25> <Storage> <Opcode : 'load'> <Ports = 0> <Width = 32> <Depth = 8192> <ROM>

State 3 <SV = 2> <Delay = 4.43>
ST_3 : Operation 161 [2/2] (4.43ns)   --->   "%pf = fpext i32 %dense_1_weights_load" [hls_source/ecg_trained_classifier.cpp:59]   --->   Operation 161 'fpext' 'pf' <Predicate = (!icmp_ln57)> <Delay = 4.43> <CoreInst = "Float2Double">   --->   Core 64 'Float2Double' <Latency = 1> <II = 1> <Delay = 4.43> <FuncUnit> <Opcode : 'fpext'> <InPorts = 1> <OutPorts = 1>

State 4 <SV = 3> <Delay = 4.43>
ST_4 : Operation 162 [1/2] (4.43ns)   --->   "%pf = fpext i32 %dense_1_weights_load" [hls_source/ecg_trained_classifier.cpp:59]   --->   Operation 162 'fpext' 'pf' <Predicate = (!icmp_ln57)> <Delay = 4.43> <CoreInst = "Float2Double">   --->   Core 64 'Float2Double' <Latency = 1> <II = 1> <Delay = 4.43> <FuncUnit> <Opcode : 'fpext'> <InPorts = 1> <OutPorts = 1>
ST_4 : Operation 163 [1/1] (0.00ns)   --->   "%bitcast_ln716 = bitcast i64 %pf" [hls_source/ecg_trained_classifier.cpp:59]   --->   Operation 163 'bitcast' 'bitcast_ln716' <Predicate = (!icmp_ln57)> <Delay = 0.00>
ST_4 : Operation 164 [1/1] (0.00ns)   --->   "%trunc_ln59 = trunc i64 %bitcast_ln716" [hls_source/ecg_trained_classifier.cpp:59]   --->   Operation 164 'trunc' 'trunc_ln59' <Predicate = (!icmp_ln57)> <Delay = 0.00>
ST_4 : Operation 165 [1/1] (0.00ns)   --->   "%tmp = bitselect i1 @_ssdm_op_BitSelect.i1.i64.i32, i64 %bitcast_ln716, i32 63" [hls_source/ecg_trained_classifier.cpp:59]   --->   Operation 165 'bitselect' 'tmp' <Predicate = (!icmp_ln57)> <Delay = 0.00>
ST_4 : Operation 166 [1/1] (0.00ns)   --->   "%tmp_s = partselect i11 @_ssdm_op_PartSelect.i11.i64.i32.i32, i64 %bitcast_ln716, i32 52, i32 62" [hls_source/ecg_trained_classifier.cpp:59]   --->   Operation 166 'partselect' 'tmp_s' <Predicate = (!icmp_ln57)> <Delay = 0.00>
ST_4 : Operation 167 [1/1] (0.00ns)   --->   "%trunc_ln59_6 = trunc i64 %bitcast_ln716" [hls_source/ecg_trained_classifier.cpp:59]   --->   Operation 167 'trunc' 'trunc_ln59_6' <Predicate = (!icmp_ln57)> <Delay = 0.00>

State 5 <SV = 4> <Delay = 5.74>
ST_5 : Operation 168 [1/1] (0.00ns)   --->   "%zext_ln59_5 = zext i11 %tmp_s" [hls_source/ecg_trained_classifier.cpp:59]   --->   Operation 168 'zext' 'zext_ln59_5' <Predicate = (!icmp_ln57)> <Delay = 0.00>
ST_5 : Operation 169 [1/1] (0.00ns)   --->   "%zext_ln59_15_cast = bitconcatenate i53 @_ssdm_op_BitConcatenate.i53.i1.i52, i1 1, i52 %trunc_ln59_6" [hls_source/ecg_trained_classifier.cpp:59]   --->   Operation 169 'bitconcatenate' 'zext_ln59_15_cast' <Predicate = (!icmp_ln57)> <Delay = 0.00>
ST_5 : Operation 170 [1/1] (0.00ns)   --->   "%zext_ln59_6 = zext i53 %zext_ln59_15_cast" [hls_source/ecg_trained_classifier.cpp:59]   --->   Operation 170 'zext' 'zext_ln59_6' <Predicate = (!icmp_ln57)> <Delay = 0.00>
ST_5 : Operation 171 [1/1] (3.23ns)   --->   "%sub_ln59 = sub i54 0, i54 %zext_ln59_6" [hls_source/ecg_trained_classifier.cpp:59]   --->   Operation 171 'sub' 'sub_ln59' <Predicate = (!icmp_ln57 & tmp)> <Delay = 3.23> <CoreInst = "Adder">   --->   Core 1 'Adder' <Latency = 0> <II = 1> <Delay = 3.23> <FuncUnit> <Opcode : 'add' 'sub'> <InPorts = 2> <OutPorts = 1>
ST_5 : Operation 172 [1/1] (0.94ns)   --->   "%select_ln59 = select i1 %tmp, i54 %sub_ln59, i54 %zext_ln59_6" [hls_source/ecg_trained_classifier.cpp:59]   --->   Operation 172 'select' 'select_ln59' <Predicate = (!icmp_ln57)> <Delay = 0.94> <CoreInst = "Sel">   --->   Core 73 'Sel' <Latency = 0> <II = 1> <Delay = 0.94> <FuncUnit> <Opcode : 'select'> <InPorts = 3> <OutPorts = 1>
ST_5 : Operation 173 [1/1] (3.49ns)   --->   "%icmp_ln59 = icmp_eq  i63 %trunc_ln59, i63 0" [hls_source/ecg_trained_classifier.cpp:59]   --->   Operation 173 'icmp' 'icmp_ln59' <Predicate = (!icmp_ln57)> <Delay = 3.49> <CoreInst = "Cmp">   --->   Core 9 'Cmp' <Latency = 0> <II = 1> <Delay = 3.49> <FuncUnit> <Opcode : 'seteq' 'setne' 'setle' 'setge' 'setlt' 'setgt'> <InPorts = 2> <OutPorts = 1>
ST_5 : Operation 174 [1/1] (1.54ns)   --->   "%sub_ln59_3 = sub i12 1075, i12 %zext_ln59_5" [hls_source/ecg_trained_classifier.cpp:59]   --->   Operation 174 'sub' 'sub_ln59_3' <Predicate = (!icmp_ln57)> <Delay = 1.54> <CoreInst = "Adder">   --->   Core 1 'Adder' <Latency = 0> <II = 1> <Delay = 1.54> <FuncUnit> <Opcode : 'add' 'sub'> <InPorts = 2> <OutPorts = 1>
ST_5 : Operation 175 [1/1] (0.00ns)   --->   "%trunc_ln59_7 = trunc i12 %sub_ln59_3" [hls_source/ecg_trained_classifier.cpp:59]   --->   Operation 175 'trunc' 'trunc_ln59_7' <Predicate = (!icmp_ln57)> <Delay = 0.00>
ST_5 : Operation 176 [1/1] (1.54ns)   --->   "%icmp_ln59_5 = icmp_sgt  i12 %sub_ln59_3, i12 8" [hls_source/ecg_trained_classifier.cpp:59]   --->   Operation 176 'icmp' 'icmp_ln59_5' <Predicate = (!icmp_ln57)> <Delay = 1.54> <CoreInst = "Cmp">   --->   Core 9 'Cmp' <Latency = 0> <II = 1> <Delay = 1.54> <FuncUnit> <Opcode : 'seteq' 'setne' 'setle' 'setge' 'setlt' 'setgt'> <InPorts = 2> <OutPorts = 1>
ST_5 : Operation 177 [1/1] (1.63ns)   --->   "%add_ln59 = add i11 %trunc_ln59_7, i11 2040" [hls_source/ecg_trained_classifier.cpp:59]   --->   Operation 177 'add' 'add_ln59' <Predicate = (!icmp_ln57)> <Delay = 1.63> <CoreInst = "Adder">   --->   Core 1 'Adder' <Latency = 0> <II = 1> <Delay = 1.63> <FuncUnit> <Opcode : 'add' 'sub'> <InPorts = 2> <OutPorts = 1>
ST_5 : Operation 178 [1/1] (1.63ns)   --->   "%sub_ln59_4 = sub i11 8, i11 %trunc_ln59_7" [hls_source/ecg_trained_classifier.cpp:59]   --->   Operation 178 'sub' 'sub_ln59_4' <Predicate = (!icmp_ln57)> <Delay = 1.63> <CoreInst = "Adder">   --->   Core 1 'Adder' <Latency = 0> <II = 1> <Delay = 1.63> <FuncUnit> <Opcode : 'add' 'sub'> <InPorts = 2> <OutPorts = 1>
ST_5 : Operation 179 [1/1] (0.69ns)   --->   "%select_ln59_5 = select i1 %icmp_ln59_5, i11 %add_ln59, i11 %sub_ln59_4" [hls_source/ecg_trained_classifier.cpp:59]   --->   Operation 179 'select' 'select_ln59_5' <Predicate = (!icmp_ln57)> <Delay = 0.69> <CoreInst = "Sel">   --->   Core 73 'Sel' <Latency = 0> <II = 1> <Delay = 0.69> <FuncUnit> <Opcode : 'select'> <InPorts = 3> <OutPorts = 1>
ST_5 : Operation 180 [1/1] (1.54ns)   --->   "%icmp_ln59_6 = icmp_eq  i12 %sub_ln59_3, i12 8" [hls_source/ecg_trained_classifier.cpp:59]   --->   Operation 180 'icmp' 'icmp_ln59_6' <Predicate = (!icmp_ln57)> <Delay = 1.54> <CoreInst = "Cmp">   --->   Core 9 'Cmp' <Latency = 0> <II = 1> <Delay = 1.54> <FuncUnit> <Opcode : 'seteq' 'setne' 'setle' 'setge' 'setlt' 'setgt'> <InPorts = 2> <OutPorts = 1>
ST_5 : Operation 181 [1/1] (0.00ns)   --->   "%trunc_ln59_8 = trunc i54 %select_ln59" [hls_source/ecg_trained_classifier.cpp:59]   --->   Operation 181 'trunc' 'trunc_ln59_8' <Predicate = (!icmp_ln57)> <Delay = 0.00>
ST_5 : Operation 182 [1/1] (0.00ns)   --->   "%tmp_19 = partselect i7 @_ssdm_op_PartSelect.i7.i11.i32.i32, i11 %select_ln59_5, i32 4, i32 10" [hls_source/ecg_trained_classifier.cpp:59]   --->   Operation 182 'partselect' 'tmp_19' <Predicate = (!icmp_ln57)> <Delay = 0.00>
ST_5 : Operation 183 [1/1] (1.87ns)   --->   "%icmp_ln59_8 = icmp_eq  i7 %tmp_19, i7 0" [hls_source/ecg_trained_classifier.cpp:59]   --->   Operation 183 'icmp' 'icmp_ln59_8' <Predicate = (!icmp_ln57)> <Delay = 1.87> <CoreInst = "Cmp">   --->   Core 9 'Cmp' <Latency = 0> <II = 1> <Delay = 1.87> <FuncUnit> <Opcode : 'seteq' 'setne' 'setle' 'setge' 'setlt' 'setgt'> <InPorts = 2> <OutPorts = 1>
ST_5 : Operation 184 [1/1] (0.00ns) (grouped into LUT with out node and_ln59_2)   --->   "%or_ln59 = or i1 %icmp_ln59, i1 %icmp_ln59_6" [hls_source/ecg_trained_classifier.cpp:59]   --->   Operation 184 'or' 'or_ln59' <Predicate = (!icmp_ln57)> <Delay = 0.00> <CoreInst = "LogicGate">   --->   Core 74 'LogicGate' <Latency = 0> <II = 1> <Delay = 0.97> <FuncUnit> <Opcode : 'and' 'or' 'xor'> <InPorts = 2> <OutPorts = 1>
ST_5 : Operation 185 [1/1] (0.00ns) (grouped into LUT with out node and_ln59_2)   --->   "%xor_ln59_2 = xor i1 %or_ln59, i1 1" [hls_source/ecg_trained_classifier.cpp:59]   --->   Operation 185 'xor' 'xor_ln59_2' <Predicate = (!icmp_ln57)> <Delay = 0.00> <CoreInst = "LogicGate">   --->   Core 74 'LogicGate' <Latency = 0> <II = 1> <Delay = 0.97> <FuncUnit> <Opcode : 'and' 'or' 'xor'> <InPorts = 2> <OutPorts = 1>
ST_5 : Operation 186 [1/1] (0.97ns) (out node of the LUT)   --->   "%and_ln59_2 = and i1 %icmp_ln59_5, i1 %xor_ln59_2" [hls_source/ecg_trained_classifier.cpp:59]   --->   Operation 186 'and' 'and_ln59_2' <Predicate = (!icmp_ln57)> <Delay = 0.97> <CoreInst = "LogicGate">   --->   Core 74 'LogicGate' <Latency = 0> <II = 1> <Delay = 0.97> <FuncUnit> <Opcode : 'and' 'or' 'xor'> <InPorts = 2> <OutPorts = 1>

State 6 <SV = 5> <Delay = 5.60>
ST_6 : Operation 187 [1/1] (1.63ns)   --->   "%icmp_ln59_7 = icmp_ult  i11 %select_ln59_5, i11 54" [hls_source/ecg_trained_classifier.cpp:59]   --->   Operation 187 'icmp' 'icmp_ln59_7' <Predicate = (!icmp_ln57)> <Delay = 1.63> <CoreInst = "Cmp">   --->   Core 9 'Cmp' <Latency = 0> <II = 1> <Delay = 1.63> <FuncUnit> <Opcode : 'seteq' 'setne' 'setle' 'setge' 'setlt' 'setgt'> <InPorts = 2> <OutPorts = 1>
ST_6 : Operation 188 [1/1] (0.00ns)   --->   "%zext_ln59_8 = zext i11 %select_ln59_5" [hls_source/ecg_trained_classifier.cpp:59]   --->   Operation 188 'zext' 'zext_ln59_8' <Predicate = (!icmp_ln57)> <Delay = 0.00>
ST_6 : Operation 189 [1/1] (4.61ns)   --->   "%ashr_ln59 = ashr i54 %select_ln59, i54 %zext_ln59_8" [hls_source/ecg_trained_classifier.cpp:59]   --->   Operation 189 'ashr' 'ashr_ln59' <Predicate = (!icmp_ln57)> <Delay = 4.61> <CoreInst = "Shifter">   --->   Core 75 'Shifter' <Latency = 0> <II = 1> <Delay = 4.61> <FuncUnit> <Opcode : 'shl' 'lshr' 'ashr'> <InPorts = 2> <OutPorts = 1>
ST_6 : Operation 190 [1/1] (0.00ns) (grouped into LUT with out node select_ln59_7)   --->   "%trunc_ln59_9 = trunc i54 %ashr_ln59" [hls_source/ecg_trained_classifier.cpp:59]   --->   Operation 190 'trunc' 'trunc_ln59_9' <Predicate = (!icmp_ln57)> <Delay = 0.00>
ST_6 : Operation 191 [1/1] (0.00ns) (grouped into LUT with out node select_ln59_7)   --->   "%select_ln59_6 = select i1 %tmp, i16 65535, i16 0" [hls_source/ecg_trained_classifier.cpp:59]   --->   Operation 191 'select' 'select_ln59_6' <Predicate = (!icmp_ln57)> <Delay = 0.00> <CoreInst = "Sel">   --->   Core 73 'Sel' <Latency = 0> <II = 1> <Delay = 0.99> <FuncUnit> <Opcode : 'select'> <InPorts = 3> <OutPorts = 1>
ST_6 : Operation 192 [1/1] (0.99ns) (out node of the LUT)   --->   "%select_ln59_7 = select i1 %icmp_ln59_7, i16 %trunc_ln59_9, i16 %select_ln59_6" [hls_source/ecg_trained_classifier.cpp:59]   --->   Operation 192 'select' 'select_ln59_7' <Predicate = (!icmp_ln57)> <Delay = 0.99> <CoreInst = "Sel">   --->   Core 73 'Sel' <Latency = 0> <II = 1> <Delay = 0.80> <FuncUnit> <Opcode : 'select'> <InPorts = 3> <OutPorts = 1>
ST_6 : Operation 193 [1/1] (0.00ns)   --->   "%select_ln59_5cast = zext i11 %select_ln59_5" [hls_source/ecg_trained_classifier.cpp:59]   --->   Operation 193 'zext' 'select_ln59_5cast' <Predicate = (!icmp_ln57 & icmp_ln59_8)> <Delay = 0.00>
ST_6 : Operation 194 [1/1] (3.98ns)   --->   "%shl_ln59 = shl i16 %trunc_ln59_8, i16 %select_ln59_5cast" [hls_source/ecg_trained_classifier.cpp:59]   --->   Operation 194 'shl' 'shl_ln59' <Predicate = (!icmp_ln57 & icmp_ln59_8)> <Delay = 3.98> <CoreInst = "Shifter">   --->   Core 75 'Shifter' <Latency = 0> <II = 1> <Delay = 3.98> <FuncUnit> <Opcode : 'shl' 'lshr' 'ashr'> <InPorts = 2> <OutPorts = 1>
ST_6 : Operation 195 [1/1] (0.80ns)   --->   "%select_ln59_8 = select i1 %icmp_ln59_8, i16 %shl_ln59, i16 0" [hls_source/ecg_trained_classifier.cpp:59]   --->   Operation 195 'select' 'select_ln59_8' <Predicate = (!icmp_ln57)> <Delay = 0.80> <CoreInst = "Sel">   --->   Core 73 'Sel' <Latency = 0> <II = 1> <Delay = 0.80> <FuncUnit> <Opcode : 'select'> <InPorts = 3> <OutPorts = 1>

State 7 <SV = 6> <Delay = 3.73>
ST_7 : Operation 196 [1/1] (0.00ns) (grouped into LUT with out node and_ln59)   --->   "%xor_ln59 = xor i1 %icmp_ln59, i1 1" [hls_source/ecg_trained_classifier.cpp:59]   --->   Operation 196 'xor' 'xor_ln59' <Predicate = (!icmp_ln57)> <Delay = 0.00> <CoreInst = "LogicGate">   --->   Core 74 'LogicGate' <Latency = 0> <II = 1> <Delay = 0.97> <FuncUnit> <Opcode : 'and' 'or' 'xor'> <InPorts = 2> <OutPorts = 1>
ST_7 : Operation 197 [1/1] (0.97ns) (out node of the LUT)   --->   "%and_ln59 = and i1 %icmp_ln59_6, i1 %xor_ln59" [hls_source/ecg_trained_classifier.cpp:59]   --->   Operation 197 'and' 'and_ln59' <Predicate = (!icmp_ln57)> <Delay = 0.97> <CoreInst = "LogicGate">   --->   Core 74 'LogicGate' <Latency = 0> <II = 1> <Delay = 0.97> <FuncUnit> <Opcode : 'and' 'or' 'xor'> <InPorts = 2> <OutPorts = 1>
ST_7 : Operation 198 [1/1] (0.00ns)   --->   "%sel_tmp = bitconcatenate i3 @_ssdm_op_BitConcatenate.i3.i1.i1.i1, i1 %icmp_ln59, i1 %and_ln59, i1 %and_ln59_2" [hls_source/ecg_trained_classifier.cpp:59]   --->   Operation 198 'bitconcatenate' 'sel_tmp' <Predicate = (!icmp_ln57)> <Delay = 0.00>
ST_7 : Operation 199 [1/1] (1.70ns)   --->   "%ref_tmp_i_i312_s = sparsemux i16 @_ssdm_op_SparseMux.ap_auto.4i16.i16.i3, i3 4, i16 0, i3 2, i16 %trunc_ln59_8, i3 1, i16 %select_ln59_7, i3 0, i16 %select_ln59_8, i16 0, i3 %sel_tmp" [hls_source/ecg_trained_classifier.cpp:59]   --->   Operation 199 'sparsemux' 'ref_tmp_i_i312_s' <Predicate = (!icmp_ln57)> <Delay = 1.70> <CoreInst = "SparseMux">   --->   Core 132 'SparseMux' <Latency = 0> <II = 1> <Delay = 1.70> <FuncUnit> <Opcode : 'sparsemux'> <InPorts = 2> <OutPorts = 1>
ST_7 : Operation 200 [1/1] (0.00ns)   --->   "%sext_ln59_3 = sext i16 %tmp_20" [hls_source/ecg_trained_classifier.cpp:59]   --->   Operation 200 'sext' 'sext_ln59_3' <Predicate = (!icmp_ln57)> <Delay = 0.00>
ST_7 : Operation 201 [1/1] (0.00ns)   --->   "%sext_ln59_4 = sext i16 %ref_tmp_i_i312_s" [hls_source/ecg_trained_classifier.cpp:59]   --->   Operation 201 'sext' 'sext_ln59_4' <Predicate = (!icmp_ln57)> <Delay = 0.00>
ST_7 : Operation 202 [3/3] (1.05ns) (grouped into DSP with root node sum_22)   --->   "%mul_ln59 = mul i32 %sext_ln59_3, i32 %sext_ln59_4" [hls_source/ecg_trained_classifier.cpp:59]   --->   Operation 202 'mul' 'mul_ln59' <Predicate = (!icmp_ln57)> <Delay = 1.05> <CoreInst = "DSP48">   --->   Core 116 'DSP48' <Latency = 3> <II = 1> <Delay = 2.15> <IPBlock> <Opcode : '' 'add' 'sub' 'mul' 'select'> <InPorts = 0> <OutPorts = 1> <Sync> <CReg>

State 8 <SV = 7> <Delay = 1.05>
ST_8 : Operation 203 [2/3] (1.05ns) (grouped into DSP with root node sum_22)   --->   "%mul_ln59 = mul i32 %sext_ln59_3, i32 %sext_ln59_4" [hls_source/ecg_trained_classifier.cpp:59]   --->   Operation 203 'mul' 'mul_ln59' <Predicate = (!icmp_ln57)> <Delay = 1.05> <CoreInst = "DSP48">   --->   Core 116 'DSP48' <Latency = 3> <II = 1> <Delay = 2.15> <IPBlock> <Opcode : '' 'add' 'sub' 'mul' 'select'> <InPorts = 0> <OutPorts = 1> <Sync> <CReg>

State 9 <SV = 8> <Delay = 2.10>
ST_9 : Operation 204 [1/1] (0.00ns)   --->   "%sum_21 = load i32 %sum" [hls_source/ecg_trained_classifier.cpp:57]   --->   Operation 204 'load' 'sum_21' <Predicate = true> <Delay = 0.00>
ST_9 : Operation 205 [1/1] (0.00ns)   --->   "%trunc_ln57 = trunc i32 %sum_21" [hls_source/ecg_trained_classifier.cpp:57]   --->   Operation 205 'trunc' 'trunc_ln57' <Predicate = true> <Delay = 0.00>
ST_9 : Operation 206 [1/3] (0.00ns) (grouped into DSP with root node sum_22)   --->   "%mul_ln59 = mul i32 %sext_ln59_3, i32 %sext_ln59_4" [hls_source/ecg_trained_classifier.cpp:59]   --->   Operation 206 'mul' 'mul_ln59' <Predicate = (!icmp_ln57)> <Delay = 0.00> <CoreInst = "DSP48">   --->   Core 116 'DSP48' <Latency = 3> <II = 1> <Delay = 2.15> <IPBlock> <Opcode : '' 'add' 'sub' 'mul' 'select'> <InPorts = 0> <OutPorts = 1> <Sync> <CReg>
ST_9 : Operation 207 [2/2] (2.10ns) (root node of the DSP)   --->   "%sum_22 = add i32 %mul_ln59, i32 %sum_21" [hls_source/ecg_trained_classifier.cpp:59]   --->   Operation 207 'add' 'sum_22' <Predicate = (!icmp_ln57)> <Delay = 2.10> <CoreInst = "DSP48">   --->   Core 116 'DSP48' <Latency = 3> <II = 1> <Delay = 2.15> <IPBlock> <Opcode : '' 'add' 'sub' 'mul' 'select'> <InPorts = 0> <OutPorts = 1> <Sync> <CReg>
ST_9 : Operation 214 [1/1] (0.00ns)   --->   "%write_ln57 = write void @_ssdm_op_Write.ap_auto.i24P0A, i24 %sum_41_out, i24 %trunc_ln57" [hls_source/ecg_trained_classifier.cpp:57]   --->   Operation 214 'write' 'write_ln57' <Predicate = (icmp_ln57)> <Delay = 0.00>
ST_9 : Operation 215 [1/1] (1.58ns)   --->   "%ret_ln0 = ret"   --->   Operation 215 'ret' 'ret_ln0' <Predicate = (icmp_ln57)> <Delay = 1.58>

State 10 <SV = 9> <Delay = 3.68>
ST_10 : Operation 208 [1/1] (0.00ns)   --->   "%specpipeline_ln58 = specpipeline void @_ssdm_op_SpecPipeline, i32 4294967295, i32 0, i32 0, i32 0, void @empty_0" [hls_source/ecg_trained_classifier.cpp:58]   --->   Operation 208 'specpipeline' 'specpipeline_ln58' <Predicate = true> <Delay = 0.00>
ST_10 : Operation 209 [1/1] (0.00ns)   --->   "%speclooptripcount_ln55 = speclooptripcount void @_ssdm_op_SpecLoopTripCount, i64 128, i64 128, i64 128" [hls_source/ecg_trained_classifier.cpp:55]   --->   Operation 209 'speclooptripcount' 'speclooptripcount_ln55' <Predicate = true> <Delay = 0.00>
ST_10 : Operation 210 [1/1] (0.00ns)   --->   "%specloopname_ln57 = specloopname void @_ssdm_op_SpecLoopName, void @empty_17" [hls_source/ecg_trained_classifier.cpp:57]   --->   Operation 210 'specloopname' 'specloopname_ln57' <Predicate = true> <Delay = 0.00>
ST_10 : Operation 211 [1/2] (2.10ns) (root node of the DSP)   --->   "%sum_22 = add i32 %mul_ln59, i32 %sum_21" [hls_source/ecg_trained_classifier.cpp:59]   --->   Operation 211 'add' 'sum_22' <Predicate = true> <Delay = 2.10> <CoreInst = "DSP48">   --->   Core 116 'DSP48' <Latency = 3> <II = 1> <Delay = 2.15> <IPBlock> <Opcode : '' 'add' 'sub' 'mul' 'select'> <InPorts = 0> <OutPorts = 1> <Sync> <CReg>
ST_10 : Operation 212 [1/1] (1.58ns)   --->   "%store_ln55 = store i32 %sum_22, i32 %sum" [hls_source/ecg_trained_classifier.cpp:55]   --->   Operation 212 'store' 'store_ln55' <Predicate = true> <Delay = 1.58>
ST_10 : Operation 213 [1/1] (0.00ns)   --->   "%br_ln57 = br void %for.body30.2" [hls_source/ecg_trained_classifier.cpp:57]   --->   Operation 213 'br' 'br_ln57' <Predicate = true> <Delay = 0.00>


============================================================
+ Verbose Summary: Timing violations
============================================================
Target clock period: 10.000ns, clock uncertainty: 2.700ns.

 <State 1>: 5.819ns
The critical path consists of the following:
	'store' operation 0 bit ('store_ln57', hls_source/ecg_trained_classifier.cpp:57) of constant 0 on local variable 'j', hls_source/ecg_trained_classifier.cpp:57 [266]  (1.588 ns)
	'load' operation 8 bit ('j', hls_source/ecg_trained_classifier.cpp:57) on local variable 'j', hls_source/ecg_trained_classifier.cpp:57 [271]  (0.000 ns)
	'sparsemux' operation 16 bit ('tmp_20', hls_source/ecg_trained_classifier.cpp:59) [323]  (4.231 ns)

 <State 2>: 3.254ns
The critical path consists of the following:
	'load' operation 32 bit ('dense_1_weights_load', hls_source/ecg_trained_classifier.cpp:59) on array 'dense_1_weights' [284]  (3.254 ns)

 <State 3>: 4.436ns
The critical path consists of the following:
	'fpext' operation 64 bit ('pf', hls_source/ecg_trained_classifier.cpp:59) [285]  (4.436 ns)

 <State 4>: 4.436ns
The critical path consists of the following:
	'fpext' operation 64 bit ('pf', hls_source/ecg_trained_classifier.cpp:59) [285]  (4.436 ns)

 <State 5>: 5.748ns
The critical path consists of the following:
	'sub' operation 12 bit ('sub_ln59_3', hls_source/ecg_trained_classifier.cpp:59) [297]  (1.547 ns)
	'add' operation 11 bit ('add_ln59', hls_source/ecg_trained_classifier.cpp:59) [300]  (1.639 ns)
	'select' operation 11 bit ('select_ln59_5', hls_source/ecg_trained_classifier.cpp:59) [302]  (0.692 ns)
	'icmp' operation 1 bit ('icmp_ln59_8', hls_source/ecg_trained_classifier.cpp:59) [312]  (1.870 ns)

 <State 6>: 5.605ns
The critical path consists of the following:
	'ashr' operation 54 bit ('ashr_ln59', hls_source/ecg_trained_classifier.cpp:59) [307]  (4.612 ns)
	'select' operation 16 bit ('select_ln59_7', hls_source/ecg_trained_classifier.cpp:59) [310]  (0.993 ns)

 <State 7>: 3.735ns
The critical path consists of the following:
	'xor' operation 1 bit ('xor_ln59', hls_source/ecg_trained_classifier.cpp:59) [316]  (0.000 ns)
	'and' operation 1 bit ('and_ln59', hls_source/ecg_trained_classifier.cpp:59) [317]  (0.978 ns)
	'sparsemux' operation 16 bit ('ref_tmp_i_i312_s', hls_source/ecg_trained_classifier.cpp:59) [322]  (1.707 ns)
	'mul' operation 32 bit of DSP[327] ('mul_ln59', hls_source/ecg_trained_classifier.cpp:59) [326]  (1.050 ns)

 <State 8>: 1.050ns
The critical path consists of the following:
	'mul' operation 32 bit of DSP[327] ('mul_ln59', hls_source/ecg_trained_classifier.cpp:59) [326]  (1.050 ns)

 <State 9>: 2.100ns
The critical path consists of the following:
	'load' operation 32 bit ('sum', hls_source/ecg_trained_classifier.cpp:57) on local variable 'sum', hls_source/ecg_trained_classifier.cpp:55 [270]  (0.000 ns)
	'add' operation 32 bit of DSP[327] ('sum', hls_source/ecg_trained_classifier.cpp:59) [327]  (2.100 ns)

 <State 10>: 3.688ns
The critical path consists of the following:
	'add' operation 32 bit of DSP[327] ('sum', hls_source/ecg_trained_classifier.cpp:59) [327]  (2.100 ns)
	'store' operation 0 bit ('store_ln55', hls_source/ecg_trained_classifier.cpp:55) of variable 'sum', hls_source/ecg_trained_classifier.cpp:59 on local variable 'sum', hls_source/ecg_trained_classifier.cpp:55 [329]  (1.588 ns)


============================================================
+ Verbose Summary: Binding
============================================================
N/A
* FSMD analyzer results:
  - Output states:
 - Input state : 
  - Chain level:
	State 1
	State 2
	State 3
	State 4
	State 5
	State 6
	State 7
	State 8
	State 9
	State 10


============================================================
+ Verbose Summary: Datapath Resource usage 
============================================================
N/A
