================================================================
== Design Size Report
================================================================

* Total Instructions per Compilation Phase
+---------------+-----------------------------+--------------+----------------------------------------------------------------------------------------+
| Phase         | Step                        | Instructions | Description                                                                            |
+---------------+-----------------------------+--------------+----------------------------------------------------------------------------------------+
| Compile/Link  |                             | 5,714        | After all functions are compiled and linked into a single design                       |
|               |                             |              |                                                                                        |
| Unroll/Inline |                             |              | After user unroll and inline pragmas are applied                                       |
|               | (1) unroll                  | 4,031        | user unroll pragmas are applied                                                        |
|               | (2) simplification          | 2,830        | simplification of applied user unroll pragmas                                          |
|               | (3) inline                  | 2,371        | user inline pragmas are applied                                                        |
|               | (4) simplification          | 1,749        | simplification of applied user inline pragmas                                          |
|               |                             |              |                                                                                        |
| Array/Struct  |                             |              | After user array partition and struct aggregate/disaggregate pragmas are applied       |
|               | (1) array partition         | 3,666        | user array partition pragmas are applied                                               |
|               | (2) simplification          | 2,397        | simplification of applied user array partition & struct aggregate/disaggregate pragmas |
|               | (3) aggregate/disaggregate  | 2,397        | user struct aggregate/disaggregate pragmas are applied                                 |
|               | (4) array reshape           | 2,397        | apply array reshape pragmas                                                            |
|               | (5) access patterns         | 2,677        | array access pattern optmizations                                                      |
|               |                             |              |                                                                                        |
| Performance   |                             |              | After transformations are applied to meet performance pragma targets                   |
|               | (1) loop simplification     | 2,684        | loop and instruction simplification                                                    |
|               | (2) parallelization         | 2,441        | loops are unrolled or pipelined to meet performance targets                            |
|               | (3) array partition         | 2,441        | arrays are partitioned to meet performance targets                                     |
|               | (4) simplification          | 2,441        | simplification of design after performance transformations                             |
|               |                             |              |                                                                                        |
| HW Transforms |                             |              | After hardware transfomations                                                          |
|               | (1) lowering                | 2,460        | initial conversion to HW specific instructions                                         |
|               | (2) optimizations           | 2,535        | high level synthesis optimizations                                                     |
+---------------+-----------------------------+--------------+----------------------------------------------------------------------------------------+

* Instructions per Function for each Compilation Phase
+------------------------+-------------------------------+----------------+---------------+--------------+-------------+---------------+
| Function               | Location                      | Compile/Link   | Unroll/Inline | Array/Struct | Performance | HW Transforms |
+------------------------+-------------------------------+----------------+---------------+--------------+-------------+---------------+
| + ecg_classify_trained | ecg_trained_classifier.cpp:23 | 5,714          | 1,749         | 2,677        | 2,441       | 2,535         |
|    relu                | ecg_trained_classifier.cpp:18 |  378 (3 calls) |               |              |             |               |
+------------------------+-------------------------------+----------------+---------------+--------------+-------------+---------------+

* Design Size Message Settings
+---------------------------------------------+--------+------------------------------------------------------------------+
| Message Setting                             | Value  | Description                                                      |
+---------------------------------------------+--------+------------------------------------------------------------------+
| config_compile -design_size_maximum_warning | 100000 | Show a warning when total design instructions exceeds this value |
+---------------------------------------------+--------+------------------------------------------------------------------+


